<?xml version="1.0" encoding="UTF-8"?>
<testsuites name="Create Loan Manually Test Suite" time="26" tests="1" failures="0" errors="0">
   <testsuite name="Create Loan Manually Test Suite" tests="1" failures="0" errors="0" time="26" timestamp="2018-05-30 18:40:42" hostname="KalyaniK - KALYANIK.talentica-all.com" id="Test Suites/Create Loan Manually Test Suite">
      <properties>
         <property name="deviceName" value=""/>
         <property name="devicePlatform" value=""/>
         <property name="logFolder" value="D:\\1_Roostify\\Automation\\Roo_Core\\Reports\\Create Loan Manually Test Suite\\20180530_184039"/>
         <property name="logFiles" value="D:\\1_Roostify\\Automation\\Roo_Core\\Reports\\Create Loan Manually Test Suite\\20180530_184039\\execution0.log"/>
         <property name="attachments" value=""/>
         <property name="hostName" value="KalyaniK - KALYANIK.talentica-all.com"/>
         <property name="os" value="Windows 7 64bit"/>
         <property name="katalonVersion" value="5.4.1.1"/>
         <property name="browser" value="Firefox 47.0"/>
         <property name="hostAddress" value="172.19.19.84"/>
         <property name="sessionId" value="9060ab52-d6ce-40cd-8833-3ab2c73fba4b"/>
         <property name="seleniumVersion" value="3.7.1"/>
         <property name="proxyInformation" value="ProxyInformation{proxyOption=NO_PROXY, proxyServerType=HTTP, password=, proxyServerAddress=, proxyServerPort=0}"/>
         <property name="platform" value="Windows 7"/>
      </properties>
      <testcase name="Test Cases/Admin Dashboard/Create Loan Manually" classname="Test Cases/Admin Dashboard/Create Loan Manually" status="PASSED">
         <system-out><![CDATA[2018-05-30 18:40:57 - [TEST_CASE][PASSED] - Test Cases/Admin Dashboard/Create Loan Manually: Test Cases/Admin Dashboard/Create Loan Manually

2018-05-30 18:40:57 - [TEST_STEP][PASSED] - Start listener action : sampleBeforeTestCase: Invoke 'com.kms.katalon.core.annotation.BeforeTestCase' method: 'TestListeners.sampleBeforeTestCase(...)' completed.

2018-05-30 18:40:57 - [TEST_STEP][PASSED] - Statement - println(testCaseContext.getTestCaseId()): null

2018-05-30 18:40:57 - [TEST_STEP][PASSED] - Statement - println(testCaseContext.getTestCaseVariables()): Invoke 'com.kms.katalon.core.annotation.BeforeTestCase' method: 'TestListeners.sampleBeforeTestCase(...)' completed.

2018-05-30 18:40:58 - [TEST_STEP][PASSED] - Statement - FirstName = "kaly12": null

2018-05-30 18:40:58 - [TEST_STEP][PASSED] - Statement - LastName = "kachi": null

2018-05-30 18:40:58 - [TEST_STEP][PASSED] - callTestCase: Call Test Case 'Test Cases/Common/Sign In' successfully

2018-05-30 18:40:58 - [TEST_CASE][PASSED] - Test Cases/Common/Sign In: Test Cases/Common/Sign In

2018-05-30 18:40:58 - [TEST_STEP][PASSED] - setText: Text 'kkachhi+admin@roostify.com' is set on object 'Object Repository/Sign In/input_useremail'

2018-05-30 18:40:58 - [MESSAGE][PASSED] - Text 'kkachhi+admin@roostify.com' is set on object 'Object Repository/Sign In/input_useremail'

2018-05-30 18:40:58 - [TEST_STEP][PASSED] - setText: Text 'Kal@3333' is set on object 'Object Repository/Sign In/input_userpassword'

2018-05-30 18:40:59 - [MESSAGE][PASSED] - Text 'Kal@3333' is set on object 'Object Repository/Sign In/input_userpassword'

2018-05-30 18:40:59 - [TEST_STEP][PASSED] - click: Object: 'Object Repository/Sign In/button_Sign in' is clicked on

2018-05-30 18:41:04 - [MESSAGE][PASSED] - Object: 'Object Repository/Sign In/button_Sign in' is clicked on

2018-05-30 18:41:04 - [TEST_STEP][NOT_RUN] - Statement - fullName = com.kms.katalon.core.webui.keyword.WebUiBuiltInKeywords.concatenate([AdminFirstName, " ", AdminLastName], STOP_ON_FAILURE): NOT_RUN: Statement - fullName = com.kms.katalon.core.webui.keyword.WebUiBuiltInKeywords.concatenate([AdminFirstName, " ", AdminLastName], STOP_ON_FAILURE)

2018-05-30 18:41:04 - [MESSAGE][NOT_RUN] - NOT_RUN: Statement - fullName = com.kms.katalon.core.webui.keyword.WebUiBuiltInKeywords.concatenate([AdminFirstName, " ", AdminLastName], STOP_ON_FAILURE)

2018-05-30 18:41:04 - [TEST_STEP][PASSED] - verifyElementText: Actual text and expected text of test object 'Object Repository/Admin Settings/Admin settings dropdown/Profile dropdown' are matched.

2018-05-30 18:41:04 - [MESSAGE][PASSED] - Actual text and expected text of test object 'Object Repository/Admin Settings/Admin settings dropdown/Profile dropdown' are matched.

2018-05-30 18:41:04 - [MESSAGE][PASSED] - Call Test Case 'Test Cases/Common/Sign In' successfully

2018-05-30 18:41:04 - [TEST_STEP][PASSED] - click: Object: 'Object Repository/Admin Dashboard/Create Loan Manually/img' is clicked on

2018-05-30 18:41:04 - [MESSAGE][PASSED] - Object: 'Object Repository/Admin Dashboard/Create Loan Manually/img' is clicked on

2018-05-30 18:41:04 - [TEST_STEP][PASSED] - waitForElementVisible: Object 'Object Repository/Admin Dashboard/Create Loan Manually/input_email' is visible

2018-05-30 18:41:05 - [MESSAGE][PASSED] - Object 'Object Repository/Admin Dashboard/Create Loan Manually/input_email' is visible

2018-05-30 18:41:05 - [TEST_STEP][PASSED] - setText: Text 'kkachhi+test12@roostify.com' is set on object 'Object Repository/Admin Dashboard/Create Loan Manually/input_email'

2018-05-30 18:41:05 - [MESSAGE][PASSED] - Text 'kkachhi+test12@roostify.com' is set on object 'Object Repository/Admin Dashboard/Create Loan Manually/input_email'

2018-05-30 18:41:05 - [TEST_STEP][PASSED] - setText: Text 'kaly12' is set on object 'Object Repository/Admin Dashboard/Create Loan Manually/input_first_name'

2018-05-30 18:41:06 - [MESSAGE][PASSED] - Text 'kaly12' is set on object 'Object Repository/Admin Dashboard/Create Loan Manually/input_first_name'

2018-05-30 18:41:06 - [TEST_STEP][PASSED] - setText: Text 'kachi' is set on object 'Object Repository/Admin Dashboard/Create Loan Manually/input_last_name'

2018-05-30 18:41:06 - [MESSAGE][PASSED] - Text 'kachi' is set on object 'Object Repository/Admin Dashboard/Create Loan Manually/input_last_name'

2018-05-30 18:41:06 - [TEST_STEP][PASSED] - waitForElementVisible: Object 'Object Repository/Admin Dashboard/Create Loan Manually/input_commit' is visible

2018-05-30 18:41:06 - [MESSAGE][PASSED] - Object 'Object Repository/Admin Dashboard/Create Loan Manually/input_commit' is visible

2018-05-30 18:41:06 - [TEST_STEP][PASSED] - click: Object: 'Object Repository/Admin Dashboard/Create Loan Manually/input_commit' is clicked on

2018-05-30 18:41:06 - [MESSAGE][PASSED] - Object: 'Object Repository/Admin Dashboard/Create Loan Manually/input_commit' is clicked on

2018-05-30 18:41:06 - [TEST_STEP][PASSED] - verifyElementPresent: Object 'Object Repository/Admin Dashboard/Create Loan Manually/Loan created successfully msg' is present

2018-05-30 18:41:06 - [MESSAGE][PASSED] - Object 'Object Repository/Admin Dashboard/Create Loan Manually/Loan created successfully msg' is present

2018-05-30 18:41:06 - [TEST_STEP][PASSED] - verifyElementPresent: Object 'Object Repository/Admin Dashboard/Create Loan Manually/Created Loan' is present

2018-05-30 18:41:06 - [MESSAGE][PASSED] - Object 'Object Repository/Admin Dashboard/Create Loan Manually/Created Loan' is present

2018-05-30 18:41:06 - [TEST_STEP][PASSED] - Start listener action : sampleAfterTestCase: Invoke 'com.kms.katalon.core.annotation.AfterTestCase' method: 'TestListeners.sampleAfterTestCase(...)' completed.

2018-05-30 18:41:06 - [TEST_STEP][PASSED] - Statement - println(testCaseContext.getTestCaseId()): null

2018-05-30 18:41:06 - [TEST_STEP][PASSED] - Statement - println(testCaseContext.getTestCaseStatus()): Invoke 'com.kms.katalon.core.annotation.AfterTestCase' method: 'TestListeners.sampleAfterTestCase(...)' completed.]]></system-out>
         <system-err><![CDATA[]]></system-err>
      </testcase>
      <system-out><![CDATA[2018-05-30 18:40:42 - [TEST_SUITE][PASSED] - Create Loan Manually Test Suite: Test Cases/Admin Dashboard/Create Loan Manually]]></system-out>
      <system-err><![CDATA[]]></system-err>
   </testsuite>
</testsuites>
