<?xml version="1.0" encoding="UTF-8"?>
<testsuites name="Test Suite-Borrower Submit Loan Application (Admin Invite)" time="146" tests="0" failures="1" errors="0">
   <testsuite name="Test Suite-Borrower Submit Loan Application (Admin Invite)" tests="0" failures="1" errors="0" time="146" timestamp="2018-07-18 16:46:34" hostname="KalyaniK - KALYANIK.talentica-all.com" id="Test Suites/Test Suite-Borrower Submit Loan Application (Admin Invite)">
      <properties>
         <property name="deviceName" value=""/>
         <property name="devicePlatform" value=""/>
         <property name="logFolder" value="D:\\1_Roostify\\Automation\\Roo_Core\\Reports\\Test Suite-Borrower Submit Loan Application (Admin Invite)\\20180718_164629"/>
         <property name="logFiles" value="D:\\1_Roostify\\Automation\\Roo_Core\\Reports\\Test Suite-Borrower Submit Loan Application (Admin Invite)\\20180718_164629\\execution0.log"/>
         <property name="attachments" value="D:\\1_Roostify\\Automation\\Roo_Core\\Reports\\Test Suite-Borrower Submit Loan Application (Admin Invite)\\20180718_164629\\1531912625872.png, D:\\1_Roostify\\Automation\\Roo_Core\\Reports\\Test Suite-Borrower Submit Loan Application (Admin Invite)\\20180718_164629\\1531912678215.png, D:\\1_Roostify\\Automation\\Roo_Core\\Reports\\Test Suite-Borrower Submit Loan Application (Admin Invite)\\20180718_164629\\1531912679730.png"/>
         <property name="hostName" value="KalyaniK - KALYANIK.talentica-all.com"/>
         <property name="os" value="Windows 7 64bit"/>
         <property name="katalonVersion" value="5.4.1.1"/>
         <property name="browser" value="Firefox 47.0"/>
         <property name="hostAddress" value="172.19.19.84"/>
         <property name="sessionId" value="13d9a873-8f0f-473c-a19e-ac49e20913a6"/>
         <property name="seleniumVersion" value="3.7.1"/>
         <property name="proxyInformation" value="ProxyInformation{proxyOption=NO_PROXY, proxyServerType=HTTP, password=, proxyServerAddress=, proxyServerPort=0}"/>
         <property name="platform" value="Windows 7"/>
      </properties>
      <testcase name="Test Cases/Loan Submission/Borrower Submit Loan Application (Admin Invite)" classname="Test Cases/Loan Submission/Borrower Submit Loan Application (Admin Invite)" status="FAILED">
         <failure type="FAILED" message="Unable to click on object 'Object Repository/Common/Page_Gmail/Mail' (Root cause: org.openqa.selenium.ElementNotVisibleException: Element is not currently visible and so may not be interacted with
Command duration or timeout: 0 milliseconds)"/>
         <system-out><![CDATA[2018-07-18 16:46:34 - [TEST_CASE][FAILED] - Test Cases/Loan Submission/Borrower Submit Loan Application (Admin Invite): Test Cases/Loan Submission/Borrower Submit Loan Application (Admin Invite) FAILED because (of) Unable to click on object 'Object Repository/Common/Page_Gmail/Mail' (Root cause: org.openqa.selenium.ElementNotVisibleException: Element is not currently visible and so may not be interacted with
Command duration or timeout: 0 milliseconds)

2018-07-18 16:46:35 - [TEST_STEP][PASSED] - Start listener action : sampleBeforeTestCase: Invoke 'com.kms.katalon.core.annotation.BeforeTestCase' method: 'TestListeners.sampleBeforeTestCase(...)' completed.

2018-07-18 16:46:35 - [TEST_STEP][PASSED] - Statement - println(testCaseContext.getTestCaseId()): null

2018-07-18 16:46:35 - [TEST_STEP][PASSED] - Statement - println(testCaseContext.getTestCaseVariables()): Invoke 'com.kms.katalon.core.annotation.BeforeTestCase' method: 'TestListeners.sampleBeforeTestCase(...)' completed.

2018-07-18 16:46:35 - [TEST_STEP][PASSED] - callTestCase: Call Test Case 'Test Cases/Admin Dashboard/Verify Admin is able to Invite Borrower' successfully

2018-07-18 16:46:35 - [TEST_CASE][PASSED] - Test Cases/Admin Dashboard/Verify Admin is able to Invite Borrower: Test Cases/Admin Dashboard/Verify Admin is able to Invite Borrower

2018-07-18 16:46:35 - [TEST_STEP][PASSED] - com.common.util.LoginHelper.LoginWithAdmin: com.common.util.LoginHelper.LoginWithAdmin is PASSED

2018-07-18 16:46:56 - [MESSAGE][PASSED] - Browser is opened with url: 'https://roostify-blueprint-dev.herokuapp.com/users/sign_in?a=blueprintdev'

2018-07-18 16:46:56 - [MESSAGE][PASSED] - Current window maximized

2018-07-18 16:46:56 - [MESSAGE][PASSED] - Wait for page load successfully

2018-07-18 16:46:57 - [MESSAGE][PASSED] - Text 'kkachhi+admin@roostify.com' is set on object 'Object Repository/Common/Sign In/input_useremail'

2018-07-18 16:46:57 - [MESSAGE][PASSED] - Text 'Kal@3333' is set on object 'Object Repository/Common/Sign In/input_userpassword'

2018-07-18 16:46:58 - [MESSAGE][PASSED] - Object: 'Object Repository/Common/Sign In/button_Sign in' is clicked on

2018-07-18 16:47:06 - [MESSAGE][WARNING] - com.kms.katalon.core.webui.exception.WebElementNotFoundException: Web element with id: 'Object Repository/Common/Sign In/div_Login_Popup' located by 'By.xpath: //div[@id = 'tutorial-borrower' and (text() = concat('

Application portal tutorial overlay





✕

Now, for some homework!



This space provides a secure way to:

  Complete critical tasks, like signing and providing documents
  Get updates about your loan’s progress
  
Communicate with your mortgage team and other folks you invite to participate


Together with your team, you’ll be moving your loan closer to the finish line.
Don’t worry, you’ll be notified by email of activity while you’re away.





Next







✕

Add Your Documents Online




The Tasks tab tells you what information or action we still need from you.
This is where you' , "'" , 'll provide the documents we need to process your loan, and sign important documents from us.


Click on a task to get started, and follow the directions to upload your documents.





Next







✕

Stay Up-to-Date




As your loan progresses through the key stages, you' , "'" , 'll see the latest activity posted in your Stream.


You can comment on activities, post a question or add another person like your Realtor to the transaction.
To add people, just click Invite a Collaborator.





Next







✕

We' , "'" , 're Here to Help




Your mortgage team can help answer questions you have along the way.
Use the Stream and the Chat to get in touch with us at any time.
We' , "'" , 're looking forward to working with you!





Done





') or . = concat('

Application portal tutorial overlay





✕

Now, for some homework!



This space provides a secure way to:

  Complete critical tasks, like signing and providing documents
  Get updates about your loan’s progress
  
Communicate with your mortgage team and other folks you invite to participate


Together with your team, you’ll be moving your loan closer to the finish line.
Don’t worry, you’ll be notified by email of activity while you’re away.





Next







✕

Add Your Documents Online




The Tasks tab tells you what information or action we still need from you.
This is where you' , "'" , 'll provide the documents we need to process your loan, and sign important documents from us.


Click on a task to get started, and follow the directions to upload your documents.





Next







✕

Stay Up-to-Date




As your loan progresses through the key stages, you' , "'" , 'll see the latest activity posted in your Stream.


You can comment on activities, post a question or add another person like your Realtor to the transaction.
To add people, just click Invite a Collaborator.





Next







✕

We' , "'" , 're Here to Help




Your mortgage team can help answer questions you have along the way.
Use the Stream and the Chat to get in touch with us at any time.
We' , "'" , 're looking forward to working with you!





Done





'))]' not found
[[ATTACHMENT|D:\\1_Roostify\\Automation\\Roo_Core\\Reports\\Test Suite-Borrower Submit Loan Application (Admin Invite)\\20180718_164629\\1531912625872.png]]

2018-07-18 16:47:06 - [MESSAGE][PASSED] - Object 'Object Repository/Common/Sign In/text_Dashboard Name' is present

2018-07-18 16:47:06 - [MESSAGE][PASSED] - Object 'Object Repository/Common/Sign In/text_Dashboard Name' is present

2018-07-18 16:47:06 - [MESSAGE][PASSED] - com.common.util.LoginHelper.LoginWithAdmin is PASSED

2018-07-18 16:47:06 - [TEST_STEP][PASSED] - waitForElementClickable: Object 'Object Repository/Admin Dashboard/Invite Borrower/tab_Invite Borrower' is clickable

2018-07-18 16:47:06 - [MESSAGE][PASSED] - Object 'Object Repository/Admin Dashboard/Invite Borrower/tab_Invite Borrower' is clickable

2018-07-18 16:47:06 - [TEST_STEP][PASSED] - click: Object: 'Object Repository/Admin Dashboard/Invite Borrower/tab_Invite Borrower' is clicked on

2018-07-18 16:47:06 - [MESSAGE][PASSED] - Object: 'Object Repository/Admin Dashboard/Invite Borrower/tab_Invite Borrower' is clicked on

2018-07-18 16:47:06 - [TEST_STEP][PASSED] - waitForElementVisible: Object 'Object Repository/Admin Dashboard/Invite Borrower/input_User Email' is visible

2018-07-18 16:47:07 - [MESSAGE][PASSED] - Object 'Object Repository/Admin Dashboard/Invite Borrower/input_User Email' is visible

2018-07-18 16:47:07 - [TEST_STEP][PASSED] - setText: Text 'kkachhi+test22@roostify.com' is set on object 'Object Repository/Admin Dashboard/Invite Borrower/input_User Email'

2018-07-18 16:47:07 - [MESSAGE][PASSED] - Text 'kkachhi+test22@roostify.com' is set on object 'Object Repository/Admin Dashboard/Invite Borrower/input_User Email'

2018-07-18 16:47:07 - [TEST_STEP][PASSED] - click: Object: 'Object Repository/Admin Dashboard/Invite Borrower/button_Invite' is clicked on

2018-07-18 16:47:14 - [MESSAGE][PASSED] - Object: 'Object Repository/Admin Dashboard/Invite Borrower/button_Invite' is clicked on

2018-07-18 16:47:14 - [MESSAGE][PASSED] - Call Test Case 'Test Cases/Admin Dashboard/Verify Admin is able to Invite Borrower' successfully

2018-07-18 16:47:14 - [TEST_STEP][PASSED] - callTestCase: Call Test Case 'Test Cases/Common/Gmail Login' successfully

2018-07-18 16:47:14 - [TEST_CASE][PASSED] - Test Cases/Common/Gmail Login: Test Cases/Common/Gmail Login

2018-07-18 16:47:14 - [TEST_STEP][PASSED] - openBrowser: Browser is opened with url: 'gmail.com'

2018-07-18 16:47:14 - [MESSAGE][WARNING] - A browser is already opened. Closing browser and opening a new one

2018-07-18 16:47:33 - [MESSAGE][PASSED] - Browser is opened with url: 'gmail.com'

2018-07-18 16:47:33 - [TEST_STEP][PASSED] - setText: Text 'kkachhi@roostify.com' is set on object 'Object Repository/Common/Page_Gmail/input_email'

2018-07-18 16:47:33 - [MESSAGE][PASSED] - Text 'kkachhi@roostify.com' is set on object 'Object Repository/Common/Page_Gmail/input_email'

2018-07-18 16:47:33 - [TEST_STEP][PASSED] - click: Object: 'Object Repository/Common/Page_Gmail/Next button email' is clicked on

2018-07-18 16:47:34 - [MESSAGE][PASSED] - Object: 'Object Repository/Common/Page_Gmail/Next button email' is clicked on

2018-07-18 16:47:34 - [TEST_STEP][PASSED] - waitForPageLoad: Wait for page load successfully

2018-07-18 16:47:34 - [MESSAGE][PASSED] - Wait for page load successfully

2018-07-18 16:47:34 - [TEST_STEP][PASSED] - waitForElementClickable: Object 'Object Repository/Common/Page_Gmail/input_password' is clickable

2018-07-18 16:47:35 - [MESSAGE][PASSED] - Object 'Object Repository/Common/Page_Gmail/input_password' is clickable

2018-07-18 16:47:35 - [TEST_STEP][PASSED] - setText: Text 'gmail pwd' is set on object 'Object Repository/Common/Page_Gmail/input_password'

2018-07-18 16:47:35 - [MESSAGE][PASSED] - Text 'gmail pwd' is set on object 'Object Repository/Common/Page_Gmail/input_password'

2018-07-18 16:47:35 - [TEST_STEP][PASSED] - waitForElementClickable: Object 'Object Repository/Common/Page_Gmail/Next button pwd' is clickable

2018-07-18 16:47:35 - [MESSAGE][PASSED] - Object 'Object Repository/Common/Page_Gmail/Next button pwd' is clickable

2018-07-18 16:47:35 - [TEST_STEP][PASSED] - click: Object: 'Object Repository/Common/Page_Gmail/Next button pwd' is clicked on

2018-07-18 16:47:36 - [MESSAGE][PASSED] - Object: 'Object Repository/Common/Page_Gmail/Next button pwd' is clicked on

2018-07-18 16:47:36 - [TEST_STEP][PASSED] - waitForPageLoad: Wait for page load successfully

2018-07-18 16:47:36 - [MESSAGE][PASSED] - Wait for page load successfully

2018-07-18 16:47:36 - [MESSAGE][PASSED] - Call Test Case 'Test Cases/Common/Gmail Login' successfully

2018-07-18 16:47:36 - [TEST_STEP][PASSED] - waitForElementPresent: Object 'Object Repository/Common/Page_Gmail/Search input box' is not present after 3 second(s)

2018-07-18 16:47:39 - [MESSAGE][WARNING] - Object 'Object Repository/Common/Page_Gmail/Search input box' is not present after 3 second(s)

2018-07-18 16:47:39 - [TEST_STEP][PASSED] - setText: Text 'invites you to start a home loan application' is set on object 'Object Repository/Common/Page_Gmail/Search input box'

2018-07-18 16:47:57 - [MESSAGE][PASSED] - Text 'invites you to start a home loan application' is set on object 'Object Repository/Common/Page_Gmail/Search input box'

2018-07-18 16:47:57 - [TEST_STEP][PASSED] - click: Object: 'Object Repository/Common/Page_Gmail/Search icon' is clicked on

2018-07-18 16:47:58 - [MESSAGE][PASSED] - Object: 'Object Repository/Common/Page_Gmail/Search icon' is clicked on

2018-07-18 16:47:58 - [TEST_STEP][PASSED] - takeScreenshot: Taking screenshot successfully

2018-07-18 16:47:58 - [MESSAGE][PASSED] - Taking screenshot successfully
[[ATTACHMENT|D:\\1_Roostify\\Automation\\Roo_Core\\Reports\\Test Suite-Borrower Submit Loan Application (Admin Invite)\\20180718_164629\\1531912678215.png]]

2018-07-18 16:47:58 - [TEST_STEP][PASSED] - waitForElementVisible: Object 'Object Repository/Common/Page_Gmail/Mail' is visible

2018-07-18 16:47:58 - [MESSAGE][PASSED] - Object 'Object Repository/Common/Page_Gmail/Mail' is visible

2018-07-18 16:47:58 - [TEST_STEP][FAILED] - click: Unable to click on object 'Object Repository/Common/Page_Gmail/Mail' (Root cause: org.openqa.selenium.ElementNotVisibleException: Element is not currently visible and so may not be interacted with
Command duration or timeout: 0 milliseconds)

2018-07-18 16:48:01 - [MESSAGE][FAILED] - Unable to click on object 'Object Repository/Common/Page_Gmail/Mail' (Root cause: org.openqa.selenium.ElementNotVisibleException: Element is not currently visible and so may not be interacted with
Command duration or timeout: 0 milliseconds)
[[ATTACHMENT|D:\\1_Roostify\\Automation\\Roo_Core\\Reports\\Test Suite-Borrower Submit Loan Application (Admin Invite)\\20180718_164629\\1531912679730.png]]

2018-07-18 16:48:01 - [TEST_STEP][FAILED] - click: Unable to click on object 'Object Repository/Common/Page_Gmail/Start Application' (Root cause: org.openqa.selenium.WebDriverException: org.apache.http.conn.HttpHostConnectException: Connect to localhost:3287 [localhost/127.0.0.1] failed: Connection refused: connect
Build info: version: '3.7.1', revision: '8a0099a', time: '2017-11-06T21:07:36.161Z'
System info: host: 'KALYANIK', ip: '172.19.19.84', os.name: 'Windows 7', os.arch: 'amd64', os.version: '6.1', java.version: '1.8.0_102'
Driver info: driver.version: RemoteWebDriver)

2018-07-18 16:48:34 - [MESSAGE][WARNING] - Cannot take screenshot

2018-07-18 16:48:34 - [MESSAGE][FAILED] - Unable to click on object 'Object Repository/Common/Page_Gmail/Start Application' (Root cause: org.openqa.selenium.WebDriverException: org.apache.http.conn.HttpHostConnectException: Connect to localhost:3287 [localhost/127.0.0.1] failed: Connection refused: connect
Build info: version: '3.7.1', revision: '8a0099a', time: '2017-11-06T21:07:36.161Z'
System info: host: 'KALYANIK', ip: '172.19.19.84', os.name: 'Windows 7', os.arch: 'amd64', os.version: '6.1', java.version: '1.8.0_102'
Driver info: driver.version: RemoteWebDriver)

2018-07-18 16:48:34 - [TEST_STEP][FAILED] - switchToWindowIndex: Unable to switch to window with index: '1' (Root cause: org.openqa.selenium.WebDriverException: org.apache.http.conn.HttpHostConnectException: Connect to localhost:3287 [localhost/127.0.0.1] failed: Connection refused: connect
Build info: version: '3.7.1', revision: '8a0099a', time: '2017-11-06T21:07:36.161Z'
System info: host: 'KALYANIK', ip: '172.19.19.84', os.name: 'Windows 7', os.arch: 'amd64', os.version: '6.1', java.version: '1.8.0_102'
Driver info: driver.version: RemoteWebDriver)

2018-07-18 16:48:36 - [MESSAGE][WARNING] - Cannot take screenshot

2018-07-18 16:48:36 - [MESSAGE][FAILED] - Unable to switch to window with index: '1' (Root cause: org.openqa.selenium.WebDriverException: org.apache.http.conn.HttpHostConnectException: Connect to localhost:3287 [localhost/127.0.0.1] failed: Connection refused: connect
Build info: version: '3.7.1', revision: '8a0099a', time: '2017-11-06T21:07:36.161Z'
System info: host: 'KALYANIK', ip: '172.19.19.84', os.name: 'Windows 7', os.arch: 'amd64', os.version: '6.1', java.version: '1.8.0_102'
Driver info: driver.version: RemoteWebDriver)

2018-07-18 16:48:36 - [TEST_STEP][FAILED] - waitForPageLoad: Unable to wait for page load (Root cause: org.openqa.selenium.WebDriverException: org.apache.http.conn.HttpHostConnectException: Connect to localhost:3287 [localhost/127.0.0.1] failed: Connection refused: connect
Build info: version: '3.7.1', revision: '8a0099a', time: '2017-11-06T21:07:36.161Z'
System info: host: 'KALYANIK', ip: '172.19.19.84', os.name: 'Windows 7', os.arch: 'amd64', os.version: '6.1', java.version: '1.8.0_102'
Driver info: driver.version: RemoteWebDriver)

2018-07-18 16:48:38 - [MESSAGE][WARNING] - Cannot take screenshot

2018-07-18 16:48:38 - [MESSAGE][FAILED] - Unable to wait for page load (Root cause: org.openqa.selenium.WebDriverException: org.apache.http.conn.HttpHostConnectException: Connect to localhost:3287 [localhost/127.0.0.1] failed: Connection refused: connect
Build info: version: '3.7.1', revision: '8a0099a', time: '2017-11-06T21:07:36.161Z'
System info: host: 'KALYANIK', ip: '172.19.19.84', os.name: 'Windows 7', os.arch: 'amd64', os.version: '6.1', java.version: '1.8.0_102'
Driver info: driver.version: RemoteWebDriver)

2018-07-18 16:48:38 - [TEST_STEP][FAILED] - refresh: Unable to refresh page (Root cause: org.openqa.selenium.WebDriverException: org.apache.http.conn.HttpHostConnectException: Connect to localhost:3287 [localhost/127.0.0.1] failed: Connection refused: connect
Build info: version: '3.7.1', revision: '8a0099a', time: '2017-11-06T21:07:36.161Z'
System info: host: 'KALYANIK', ip: '172.19.19.84', os.name: 'Windows 7', os.arch: 'amd64', os.version: '6.1', java.version: '1.8.0_102'
Driver info: driver.version: RemoteWebDriver)

2018-07-18 16:48:40 - [MESSAGE][WARNING] - Cannot take screenshot

2018-07-18 16:48:40 - [MESSAGE][FAILED] - Unable to refresh page (Root cause: org.openqa.selenium.WebDriverException: org.apache.http.conn.HttpHostConnectException: Connect to localhost:3287 [localhost/127.0.0.1] failed: Connection refused: connect
Build info: version: '3.7.1', revision: '8a0099a', time: '2017-11-06T21:07:36.161Z'
System info: host: 'KALYANIK', ip: '172.19.19.84', os.name: 'Windows 7', os.arch: 'amd64', os.version: '6.1', java.version: '1.8.0_102'
Driver info: driver.version: RemoteWebDriver)

2018-07-18 16:48:40 - [TEST_STEP][FAILED] - waitForPageLoad: Unable to wait for page load (Root cause: org.openqa.selenium.WebDriverException: org.apache.http.conn.HttpHostConnectException: Connect to localhost:3287 [localhost/127.0.0.1] failed: Connection refused: connect
Build info: version: '3.7.1', revision: '8a0099a', time: '2017-11-06T21:07:36.161Z'
System info: host: 'KALYANIK', ip: '172.19.19.84', os.name: 'Windows 7', os.arch: 'amd64', os.version: '6.1', java.version: '1.8.0_102'
Driver info: driver.version: RemoteWebDriver)

2018-07-18 16:48:42 - [MESSAGE][WARNING] - Cannot take screenshot

2018-07-18 16:48:42 - [MESSAGE][FAILED] - Unable to wait for page load (Root cause: org.openqa.selenium.WebDriverException: org.apache.http.conn.HttpHostConnectException: Connect to localhost:3287 [localhost/127.0.0.1] failed: Connection refused: connect
Build info: version: '3.7.1', revision: '8a0099a', time: '2017-11-06T21:07:36.161Z'
System info: host: 'KALYANIK', ip: '172.19.19.84', os.name: 'Windows 7', os.arch: 'amd64', os.version: '6.1', java.version: '1.8.0_102'
Driver info: driver.version: RemoteWebDriver)

2018-07-18 16:48:42 - [TEST_STEP][FAILED] - callTestCase: Unable to call Test Case with id 'Test Cases/Common/Sign Up' (Root cause: Call Test Case 'Test Cases/Common/Sign Up' failed)

2018-07-18 16:48:42 - [TEST_CASE][FAILED] - Test Cases/Common/Sign Up: Test Cases/Common/Sign Up FAILED because (of) Unable to wait for page load (Root cause: org.openqa.selenium.WebDriverException: org.apache.http.conn.HttpHostConnectException: Connect to localhost:3287 [localhost/127.0.0.1] failed: Connection refused: connect
Build info: version: '3.7.1', revision: '8a0099a', time: '2017-11-06T21:07:36.161Z'
System info: host: 'KALYANIK', ip: '172.19.19.84', os.name: 'Windows 7', os.arch: 'amd64', os.version: '6.1', java.version: '1.8.0_102'
Driver info: driver.version: RemoteWebDriver)

2018-07-18 16:48:42 - [TEST_STEP][FAILED] - waitForPageLoad: Unable to wait for page load (Root cause: org.openqa.selenium.WebDriverException: org.apache.http.conn.HttpHostConnectException: Connect to localhost:3287 [localhost/127.0.0.1] failed: Connection refused: connect
Build info: version: '3.7.1', revision: '8a0099a', time: '2017-11-06T21:07:36.161Z'
System info: host: 'KALYANIK', ip: '172.19.19.84', os.name: 'Windows 7', os.arch: 'amd64', os.version: '6.1', java.version: '1.8.0_102'
Driver info: driver.version: RemoteWebDriver)

2018-07-18 16:48:44 - [MESSAGE][WARNING] - Cannot take screenshot

2018-07-18 16:48:44 - [MESSAGE][FAILED] - Unable to wait for page load (Root cause: org.openqa.selenium.WebDriverException: org.apache.http.conn.HttpHostConnectException: Connect to localhost:3287 [localhost/127.0.0.1] failed: Connection refused: connect
Build info: version: '3.7.1', revision: '8a0099a', time: '2017-11-06T21:07:36.161Z'
System info: host: 'KALYANIK', ip: '172.19.19.84', os.name: 'Windows 7', os.arch: 'amd64', os.version: '6.1', java.version: '1.8.0_102'
Driver info: driver.version: RemoteWebDriver)

2018-07-18 16:48:44 - [TEST_STEP][FAILED] - setText: Unable to set text 'Kaly2' of object 'Object Repository/Common/Sign Up/input_userfirst_name' (Root cause: org.openqa.selenium.WebDriverException: org.apache.http.conn.HttpHostConnectException: Connect to localhost:3287 [localhost/127.0.0.1] failed: Connection refused: connect
Build info: version: '3.7.1', revision: '8a0099a', time: '2017-11-06T21:07:36.161Z'
System info: host: 'KALYANIK', ip: '172.19.19.84', os.name: 'Windows 7', os.arch: 'amd64', os.version: '6.1', java.version: '1.8.0_102'
Driver info: driver.version: RemoteWebDriver)

2018-07-18 16:48:46 - [MESSAGE][WARNING] - Cannot take screenshot

2018-07-18 16:48:46 - [MESSAGE][FAILED] - Unable to set text 'Kaly2' of object 'Object Repository/Common/Sign Up/input_userfirst_name' (Root cause: org.openqa.selenium.WebDriverException: org.apache.http.conn.HttpHostConnectException: Connect to localhost:3287 [localhost/127.0.0.1] failed: Connection refused: connect
Build info: version: '3.7.1', revision: '8a0099a', time: '2017-11-06T21:07:36.161Z'
System info: host: 'KALYANIK', ip: '172.19.19.84', os.name: 'Windows 7', os.arch: 'amd64', os.version: '6.1', java.version: '1.8.0_102'
Driver info: driver.version: RemoteWebDriver)

2018-07-18 16:48:46 - [TEST_STEP][FAILED] - setText: Unable to set text 'Kachhi' of object 'Object Repository/Common/Sign Up/input_userlast_name' (Root cause: org.openqa.selenium.WebDriverException: org.apache.http.conn.HttpHostConnectException: Connect to localhost:3287 [localhost/127.0.0.1] failed: Connection refused: connect
Build info: version: '3.7.1', revision: '8a0099a', time: '2017-11-06T21:07:36.161Z'
System info: host: 'KALYANIK', ip: '172.19.19.84', os.name: 'Windows 7', os.arch: 'amd64', os.version: '6.1', java.version: '1.8.0_102'
Driver info: driver.version: RemoteWebDriver)

2018-07-18 16:48:48 - [MESSAGE][WARNING] - Cannot take screenshot

2018-07-18 16:48:48 - [MESSAGE][FAILED] - Unable to set text 'Kachhi' of object 'Object Repository/Common/Sign Up/input_userlast_name' (Root cause: org.openqa.selenium.WebDriverException: org.apache.http.conn.HttpHostConnectException: Connect to localhost:3287 [localhost/127.0.0.1] failed: Connection refused: connect
Build info: version: '3.7.1', revision: '8a0099a', time: '2017-11-06T21:07:36.161Z'
System info: host: 'KALYANIK', ip: '172.19.19.84', os.name: 'Windows 7', os.arch: 'amd64', os.version: '6.1', java.version: '1.8.0_102'
Driver info: driver.version: RemoteWebDriver)

2018-07-18 16:48:48 - [TEST_STEP][FAILED] - setText: Unable to set text 'kkachhi+test22@roostify.com' of object 'Object Repository/Common/Sign Up/input_User email' (Root cause: org.openqa.selenium.WebDriverException: org.apache.http.conn.HttpHostConnectException: Connect to localhost:3287 [localhost/127.0.0.1] failed: Connection refused: connect
Build info: version: '3.7.1', revision: '8a0099a', time: '2017-11-06T21:07:36.161Z'
System info: host: 'KALYANIK', ip: '172.19.19.84', os.name: 'Windows 7', os.arch: 'amd64', os.version: '6.1', java.version: '1.8.0_102'
Driver info: driver.version: RemoteWebDriver)

2018-07-18 16:48:50 - [MESSAGE][WARNING] - Cannot take screenshot

2018-07-18 16:48:50 - [MESSAGE][FAILED] - Unable to set text 'kkachhi+test22@roostify.com' of object 'Object Repository/Common/Sign Up/input_User email' (Root cause: org.openqa.selenium.WebDriverException: org.apache.http.conn.HttpHostConnectException: Connect to localhost:3287 [localhost/127.0.0.1] failed: Connection refused: connect
Build info: version: '3.7.1', revision: '8a0099a', time: '2017-11-06T21:07:36.161Z'
System info: host: 'KALYANIK', ip: '172.19.19.84', os.name: 'Windows 7', os.arch: 'amd64', os.version: '6.1', java.version: '1.8.0_102'
Driver info: driver.version: RemoteWebDriver)

2018-07-18 16:48:50 - [TEST_STEP][FAILED] - setText: Unable to set text 'Kal@3333' of object 'Object Repository/Common/Sign Up/input_userpassword' (Root cause: org.openqa.selenium.WebDriverException: org.apache.http.conn.HttpHostConnectException: Connect to localhost:3287 [localhost/127.0.0.1] failed: Connection refused: connect
Build info: version: '3.7.1', revision: '8a0099a', time: '2017-11-06T21:07:36.161Z'
System info: host: 'KALYANIK', ip: '172.19.19.84', os.name: 'Windows 7', os.arch: 'amd64', os.version: '6.1', java.version: '1.8.0_102'
Driver info: driver.version: RemoteWebDriver)

2018-07-18 16:48:52 - [MESSAGE][WARNING] - Cannot take screenshot

2018-07-18 16:48:52 - [MESSAGE][FAILED] - Unable to set text 'Kal@3333' of object 'Object Repository/Common/Sign Up/input_userpassword' (Root cause: org.openqa.selenium.WebDriverException: org.apache.http.conn.HttpHostConnectException: Connect to localhost:3287 [localhost/127.0.0.1] failed: Connection refused: connect
Build info: version: '3.7.1', revision: '8a0099a', time: '2017-11-06T21:07:36.161Z'
System info: host: 'KALYANIK', ip: '172.19.19.84', os.name: 'Windows 7', os.arch: 'amd64', os.version: '6.1', java.version: '1.8.0_102'
Driver info: driver.version: RemoteWebDriver)

2018-07-18 16:48:52 - [TEST_STEP][FAILED] - click: Unable to click on object 'Object Repository/Common/Sign Up/input_TermsnConditions_check' (Root cause: org.openqa.selenium.WebDriverException: org.apache.http.conn.HttpHostConnectException: Connect to localhost:3287 [localhost/127.0.0.1] failed: Connection refused: connect
Build info: version: '3.7.1', revision: '8a0099a', time: '2017-11-06T21:07:36.161Z'
System info: host: 'KALYANIK', ip: '172.19.19.84', os.name: 'Windows 7', os.arch: 'amd64', os.version: '6.1', java.version: '1.8.0_102'
Driver info: driver.version: RemoteWebDriver)

2018-07-18 16:48:54 - [MESSAGE][WARNING] - Cannot take screenshot

2018-07-18 16:48:54 - [MESSAGE][FAILED] - Unable to click on object 'Object Repository/Common/Sign Up/input_TermsnConditions_check' (Root cause: org.openqa.selenium.WebDriverException: org.apache.http.conn.HttpHostConnectException: Connect to localhost:3287 [localhost/127.0.0.1] failed: Connection refused: connect
Build info: version: '3.7.1', revision: '8a0099a', time: '2017-11-06T21:07:36.161Z'
System info: host: 'KALYANIK', ip: '172.19.19.84', os.name: 'Windows 7', os.arch: 'amd64', os.version: '6.1', java.version: '1.8.0_102'
Driver info: driver.version: RemoteWebDriver)

2018-07-18 16:48:54 - [TEST_STEP][FAILED] - click: Unable to click on object 'Object Repository/Common/Sign Up/button_Start Application' (Root cause: org.openqa.selenium.WebDriverException: org.apache.http.conn.HttpHostConnectException: Connect to localhost:3287 [localhost/127.0.0.1] failed: Connection refused: connect
Build info: version: '3.7.1', revision: '8a0099a', time: '2017-11-06T21:07:36.161Z'
System info: host: 'KALYANIK', ip: '172.19.19.84', os.name: 'Windows 7', os.arch: 'amd64', os.version: '6.1', java.version: '1.8.0_102'
Driver info: driver.version: RemoteWebDriver)

2018-07-18 16:48:56 - [MESSAGE][WARNING] - Cannot take screenshot

2018-07-18 16:48:56 - [MESSAGE][FAILED] - Unable to click on object 'Object Repository/Common/Sign Up/button_Start Application' (Root cause: org.openqa.selenium.WebDriverException: org.apache.http.conn.HttpHostConnectException: Connect to localhost:3287 [localhost/127.0.0.1] failed: Connection refused: connect
Build info: version: '3.7.1', revision: '8a0099a', time: '2017-11-06T21:07:36.161Z'
System info: host: 'KALYANIK', ip: '172.19.19.84', os.name: 'Windows 7', os.arch: 'amd64', os.version: '6.1', java.version: '1.8.0_102'
Driver info: driver.version: RemoteWebDriver)

2018-07-18 16:48:56 - [TEST_STEP][FAILED] - Statement - dashboardName = com.kms.katalon.core.webui.keyword.WebUiBuiltInKeywords.getText(com.kms.katalon.core.testobject.ObjectRepository.findTestObject(Common/Sign In/text_Dashboard Name)): Unable to get text of object 'Object Repository/Common/Sign In/text_Dashboard Name' (Root cause: org.openqa.selenium.WebDriverException: org.apache.http.conn.HttpHostConnectException: Connect to localhost:3287 [localhost/127.0.0.1] failed: Connection refused: connect
Build info: version: '3.7.1', revision: '8a0099a', time: '2017-11-06T21:07:36.161Z'
System info: host: 'KALYANIK', ip: '172.19.19.84', os.name: 'Windows 7', os.arch: 'amd64', os.version: '6.1', java.version: '1.8.0_102'
Driver info: driver.version: RemoteWebDriver)

2018-07-18 16:48:58 - [MESSAGE][WARNING] - Cannot take screenshot

2018-07-18 16:48:58 - [MESSAGE][FAILED] - Unable to get text of object 'Object Repository/Common/Sign In/text_Dashboard Name' (Root cause: org.openqa.selenium.WebDriverException: org.apache.http.conn.HttpHostConnectException: Connect to localhost:3287 [localhost/127.0.0.1] failed: Connection refused: connect
Build info: version: '3.7.1', revision: '8a0099a', time: '2017-11-06T21:07:36.161Z'
System info: host: 'KALYANIK', ip: '172.19.19.84', os.name: 'Windows 7', os.arch: 'amd64', os.version: '6.1', java.version: '1.8.0_102'
Driver info: driver.version: RemoteWebDriver)

2018-07-18 16:48:58 - [TEST_STEP][PASSED] - Statement - fullName = com.kms.katalon.core.webui.keyword.WebUiBuiltInKeywords.concatenate([FirstName, " ", LastName], STOP_ON_FAILURE): Concatenated string array: '['Kaly2',' ','Kachhi']' into 'Kaly2 Kachhi'

2018-07-18 16:48:58 - [MESSAGE][PASSED] - Concatenated string array: '['Kaly2',' ','Kachhi']' into 'Kaly2 Kachhi'

2018-07-18 16:48:58 - [TEST_STEP][FAILED] - verifyMatch: Unable to verify match between actual text 'null' and expected text 'Kaly2 Kachhi' using regular expression (Root cause: java.lang.NullPointerException)

2018-07-18 16:48:58 - [MESSAGE][FAILED] - Unable to verify match between actual text 'null' and expected text 'Kaly2 Kachhi' using regular expression (Root cause: java.lang.NullPointerException)

2018-07-18 16:48:58 - [MESSAGE][FAILED] - Unable to call Test Case with id 'Test Cases/Common/Sign Up' (Root cause: Call Test Case 'Test Cases/Common/Sign Up' failed)

2018-07-18 16:48:58 - [TEST_STEP][PASSED] - Start listener action : sampleAfterTestCase: Invoke 'com.kms.katalon.core.annotation.AfterTestCase' method: 'TestListeners.sampleAfterTestCase(...)' completed.

2018-07-18 16:48:58 - [TEST_STEP][PASSED] - Statement - println(testCaseContext.getTestCaseId()): null

2018-07-18 16:48:58 - [TEST_STEP][PASSED] - Statement - println(testCaseContext.getTestCaseStatus()): Invoke 'com.kms.katalon.core.annotation.AfterTestCase' method: 'TestListeners.sampleAfterTestCase(...)' completed.]]></system-out>
         <system-err><![CDATA[2018-07-18 16:46:34 - [TEST_CASE][FAILED] - Test Cases/Loan Submission/Borrower Submit Loan Application (Admin Invite): Test Cases/Loan Submission/Borrower Submit Loan Application (Admin Invite) FAILED because (of) Unable to click on object 'Object Repository/Common/Page_Gmail/Mail' (Root cause: org.openqa.selenium.ElementNotVisibleException: Element is not currently visible and so may not be interacted with
Command duration or timeout: 0 milliseconds)]]></system-err>
      </testcase>
      <system-out><![CDATA[2018-07-18 16:46:34 - [TEST_SUITE][INCOMPLETE] - Test Suite-Borrower Submit Loan Application (Admin Invite): null]]></system-out>
      <system-err><![CDATA[2018-07-18 16:46:34 - [TEST_SUITE][INCOMPLETE] - Test Suite-Borrower Submit Loan Application (Admin Invite): null]]></system-err>
   </testsuite>
</testsuites>
