{"devicePlatform":"","logFolder":"D:\\1_Roostify\\Automation\\Roo_Core\\Reports\\Copy referral Link Test Suite\\20180531_105426","runData":{"hostName":"KalyaniK - KALYANIK.talentica-all.com","os":"Windows 7 64bit","katalonVersion":"5.4.1.1","browser":"IE 11","hostAddress":"172.19.19.84","sessionId":"83b19565-d7c2-4482-9863-957ad2d7a048","seleniumVersion":"3.7.1","proxyInformation":"ProxyInformation{proxyOption\u003dNO_PROXY, proxyServerType\u003dHTTP, password\u003d, proxyServerAddress\u003d, proxyServerPort\u003d0}","platform":"Windows 7"},"type":"TEST_SUITE","name":"Copy referral Link Test Suite","id":"Test Suites/Copy referral Link Test Suite","source":"","message":"Test Cases/Admin Dashboard/Copy Referral Link FAILED because (of) Unable to set text \u0027kkachhi+admin@roostify.com\u0027 of object \u0027Object Repository/Sign In/input_useremail\u0027 (Root cause: org.openqa.selenium.NoSuchWindowException: Unable to find elements on closed window\nBuild info: version: \u00273.7.1\u0027, revision: \u00278a0099a\u0027, time: \u00272017-11-06T21:07:36.161Z\u0027\nSystem info: host: \u0027KALYANIK\u0027, ip: \u0027172.19.19.84\u0027, os.name: \u0027Windows 7\u0027, os.arch: \u0027amd64\u0027, os.version: \u00276.1\u0027, java.version: \u00271.8.0_102\u0027\nDriver info: com.kms.katalon.selenium.driver.CInternetExplorerDriver\nCapabilities {acceptInsecureCerts: false, browserName: internet explorer, browserVersion: 11, javascriptEnabled: true, pageLoadStrategy: normal, platform: WINDOWS, platformName: WINDOWS, se:ieOptions: {browserAttachTimeout: 0, elementScrollBehavior: 0, enablePersistentHover: true, ie.browserCommandLineSwitches: , ie.ensureCleanSession: false, ie.fileUploadDialogTimeout: 3000, ie.forceCreateProcessApi: false, ignoreProtectedModeSettings: false, ignoreZoomSetting: false, initialBrowserUrl: http://localhost:1119/, nativeEvents: true, requireWindowFocus: false}, setWindowRect: true}\nSession ID: 83b19565-d7c2-4482-9863-957ad2d7a048\n*** Element info: {Using\u003dxpath, value\u003d//input[@placeholder \u003d \u0027Email\u0027 and @type \u003d \u0027text\u0027 and @name \u003d \u0027user[email]\u0027 and @id \u003d \u0027user_email\u0027]})","description":"","startTime":1527744268454,"endTime":1527744302671,"childRecords":[{"isOptional":false,"type":"TEST_CASE","name":"Test Cases/Admin Dashboard/Copy Referral Link","id":"Test Cases/Admin Dashboard/Copy Referral Link","source":"D:\\\\1_Roostify\\\\Automation\\\\Roo_Core\\\\Test Cases\\\\Admin Dashboard\\\\Copy Referral Link.tc","message":"Test Cases/Admin Dashboard/Copy Referral Link FAILED because (of) Unable to set text \u0027kkachhi+admin@roostify.com\u0027 of object \u0027Object Repository/Sign In/input_useremail\u0027 (Root cause: org.openqa.selenium.NoSuchWindowException: Unable to find elements on closed window\nBuild info: version: \u00273.7.1\u0027, revision: \u00278a0099a\u0027, time: \u00272017-11-06T21:07:36.161Z\u0027\nSystem info: host: \u0027KALYANIK\u0027, ip: \u0027172.19.19.84\u0027, os.name: \u0027Windows 7\u0027, os.arch: \u0027amd64\u0027, os.version: \u00276.1\u0027, java.version: \u00271.8.0_102\u0027\nDriver info: com.kms.katalon.selenium.driver.CInternetExplorerDriver\nCapabilities {acceptInsecureCerts: false, browserName: internet explorer, browserVersion: 11, javascriptEnabled: true, pageLoadStrategy: normal, platform: WINDOWS, platformName: WINDOWS, se:ieOptions: {browserAttachTimeout: 0, elementScrollBehavior: 0, enablePersistentHover: true, ie.browserCommandLineSwitches: , ie.ensureCleanSession: false, ie.fileUploadDialogTimeout: 3000, ie.forceCreateProcessApi: false, ignoreProtectedModeSettings: false, ignoreZoomSetting: false, initialBrowserUrl: http://localhost:1119/, nativeEvents: true, requireWindowFocus: false}, setWindowRect: true}\nSession ID: 83b19565-d7c2-4482-9863-957ad2d7a048\n*** Element info: {Using\u003dxpath, value\u003d//input[@placeholder \u003d \u0027Email\u0027 and @type \u003d \u0027text\u0027 and @name \u003d \u0027user[email]\u0027 and @id \u003d \u0027user_email\u0027]})","description":"","startTime":1527744273129,"endTime":1527744302107,"childRecords":[{"testStatus":{"stackTrace":"","statusValue":"INFO"},"type":"MESSAGE","name":"","message":"Evaluating variables for test case","startTime":1527744273146,"endTime":0,"childRecords":[],"interuppted":false},{"index":-1,"isIgnoredIfFailed":false,"type":"TEST_STEP","name":"Start listener action : sampleBeforeTestCase","message":"Invoke \u0027com.kms.katalon.core.annotation.BeforeTestCase\u0027 method: \u0027TestListeners.sampleBeforeTestCase(...)\u0027 completed.","description":"","startTime":1527744273148,"endTime":1527744273154,"childRecords":[{"index":1,"isIgnoredIfFailed":false,"type":"TEST_STEP","name":"Statement - println(testCaseContext.getTestCaseId())","description":"","startTime":1527744273149,"endTime":1527744273152,"childRecords":[],"interuppted":false},{"index":2,"isIgnoredIfFailed":false,"type":"TEST_STEP","name":"Statement - println(testCaseContext.getTestCaseVariables())","message":"Invoke \u0027com.kms.katalon.core.annotation.BeforeTestCase\u0027 method: \u0027TestListeners.sampleBeforeTestCase(...)\u0027 completed.","description":"","startTime":1527744273153,"endTime":1527744273154,"childRecords":[],"interuppted":false}],"interuppted":false},{"index":1,"isIgnoredIfFailed":false,"type":"TEST_STEP","name":"callTestCase","message":"Unable to call Test Case with id \u0027Test Cases/Common/Sign In\u0027 (Root cause: Call Test Case \u0027Test Cases/Common/Sign In\u0027 failed)","description":"","startTime":1527744273358,"endTime":1527744299989,"childRecords":[{"isOptional":false,"type":"TEST_CASE","name":"Test Cases/Common/Sign In","id":"Test Cases/Common/Sign In","source":"D:\\\\1_Roostify\\\\Automation\\\\Roo_Core\\\\Test Cases\\\\Common\\\\Sign In.tc","message":"Test Cases/Common/Sign In FAILED because (of) Unable to set text \u0027kkachhi+admin@roostify.com\u0027 of object \u0027Object Repository/Sign In/input_useremail\u0027 (Root cause: org.openqa.selenium.NoSuchWindowException: Unable to find elements on closed window\nBuild info: version: \u00273.7.1\u0027, revision: \u00278a0099a\u0027, time: \u00272017-11-06T21:07:36.161Z\u0027\nSystem info: host: \u0027KALYANIK\u0027, ip: \u0027172.19.19.84\u0027, os.name: \u0027Windows 7\u0027, os.arch: \u0027amd64\u0027, os.version: \u00276.1\u0027, java.version: \u00271.8.0_102\u0027\nDriver info: com.kms.katalon.selenium.driver.CInternetExplorerDriver\nCapabilities {acceptInsecureCerts: false, browserName: internet explorer, browserVersion: 11, javascriptEnabled: true, pageLoadStrategy: normal, platform: WINDOWS, platformName: WINDOWS, se:ieOptions: {browserAttachTimeout: 0, elementScrollBehavior: 0, enablePersistentHover: true, ie.browserCommandLineSwitches: , ie.ensureCleanSession: false, ie.fileUploadDialogTimeout: 3000, ie.forceCreateProcessApi: false, ignoreProtectedModeSettings: false, ignoreZoomSetting: false, initialBrowserUrl: http://localhost:1119/, nativeEvents: true, requireWindowFocus: false}, setWindowRect: true}\nSession ID: 83b19565-d7c2-4482-9863-957ad2d7a048\n*** Element info: {Using\u003dxpath, value\u003d//input[@placeholder \u003d \u0027Email\u0027 and @type \u003d \u0027text\u0027 and @name \u003d \u0027user[email]\u0027 and @id \u003d \u0027user_email\u0027]})","description":"","startTime":1527744273478,"endTime":1527744299986,"childRecords":[{"testStatus":{"stackTrace":"","statusValue":"INFO"},"type":"MESSAGE","name":"","message":"Evaluating variables for test case","startTime":1527744273491,"endTime":0,"childRecords":[],"interuppted":false},{"testStatus":{"stackTrace":"","statusValue":"INFO"},"type":"MESSAGE","name":"","message":"Variable \u0027email\u0027 is set to kkachhi+admin@roostify.com","startTime":1527744273492,"endTime":0,"childRecords":[],"interuppted":false},{"testStatus":{"stackTrace":"","statusValue":"INFO"},"type":"MESSAGE","name":"","message":"Variable \u0027password\u0027 is set to Kal@3333","startTime":1527744273497,"endTime":0,"childRecords":[],"interuppted":false},{"index":1,"isIgnoredIfFailed":false,"type":"TEST_STEP","name":"setText","message":"Unable to set text \u0027kkachhi+admin@roostify.com\u0027 of object \u0027Object Repository/Sign In/input_useremail\u0027 (Root cause: org.openqa.selenium.NoSuchWindowException: Unable to find elements on closed window\nBuild info: version: \u00273.7.1\u0027, revision: \u00278a0099a\u0027, time: \u00272017-11-06T21:07:36.161Z\u0027\nSystem info: host: \u0027KALYANIK\u0027, ip: \u0027172.19.19.84\u0027, os.name: \u0027Windows 7\u0027, os.arch: \u0027amd64\u0027, os.version: \u00276.1\u0027, java.version: \u00271.8.0_102\u0027\nDriver info: com.kms.katalon.selenium.driver.CInternetExplorerDriver\nCapabilities {acceptInsecureCerts: false, browserName: internet explorer, browserVersion: 11, javascriptEnabled: true, pageLoadStrategy: normal, platform: WINDOWS, platformName: WINDOWS, se:ieOptions: {browserAttachTimeout: 0, elementScrollBehavior: 0, enablePersistentHover: true, ie.browserCommandLineSwitches: , ie.ensureCleanSession: false, ie.fileUploadDialogTimeout: 3000, ie.forceCreateProcessApi: false, ignoreProtectedModeSettings: false, ignoreZoomSetting: false, initialBrowserUrl: http://localhost:1119/, nativeEvents: true, requireWindowFocus: false}, setWindowRect: true}\nSession ID: 83b19565-d7c2-4482-9863-957ad2d7a048\n*** Element info: {Using\u003dxpath, value\u003d//input[@placeholder \u003d \u0027Email\u0027 and @type \u003d \u0027text\u0027 and @name \u003d \u0027user[email]\u0027 and @id \u003d \u0027user_email\u0027]})","description":"","startTime":1527744273608,"endTime":1527744299985,"childRecords":[{"testStatus":{"stackTrace":"","statusValue":"WARNING"},"type":"MESSAGE","name":"","message":"Cannot take screenshot","startTime":1527744299983,"endTime":0,"childRecords":[],"interuppted":false},{"testStatus":{"stackTrace":"","statusValue":"FAILED"},"type":"MESSAGE","name":"","message":"Unable to set text \u0027kkachhi+admin@roostify.com\u0027 of object \u0027Object Repository/Sign In/input_useremail\u0027 (Root cause: org.openqa.selenium.NoSuchWindowException: Unable to find elements on closed window\nBuild info: version: \u00273.7.1\u0027, revision: \u00278a0099a\u0027, time: \u00272017-11-06T21:07:36.161Z\u0027\nSystem info: host: \u0027KALYANIK\u0027, ip: \u0027172.19.19.84\u0027, os.name: \u0027Windows 7\u0027, os.arch: \u0027amd64\u0027, os.version: \u00276.1\u0027, java.version: \u00271.8.0_102\u0027\nDriver info: com.kms.katalon.selenium.driver.CInternetExplorerDriver\nCapabilities {acceptInsecureCerts: false, browserName: internet explorer, browserVersion: 11, javascriptEnabled: true, pageLoadStrategy: normal, platform: WINDOWS, platformName: WINDOWS, se:ieOptions: {browserAttachTimeout: 0, elementScrollBehavior: 0, enablePersistentHover: true, ie.browserCommandLineSwitches: , ie.ensureCleanSession: false, ie.fileUploadDialogTimeout: 3000, ie.forceCreateProcessApi: false, ignoreProtectedModeSettings: false, ignoreZoomSetting: false, initialBrowserUrl: http://localhost:1119/, nativeEvents: true, requireWindowFocus: false}, setWindowRect: true}\nSession ID: 83b19565-d7c2-4482-9863-957ad2d7a048\n*** Element info: {Using\u003dxpath, value\u003d//input[@placeholder \u003d \u0027Email\u0027 and @type \u003d \u0027text\u0027 and @name \u003d \u0027user[email]\u0027 and @id \u003d \u0027user_email\u0027]})","startTime":1527744299984,"endTime":0,"childRecords":[],"interuppted":false}],"interuppted":false},{"testStatus":{"stackTrace":"","statusValue":"FAILED"},"type":"MESSAGE","name":"","message":"Test Cases/Common/Sign In FAILED because (of) Unable to set text \u0027kkachhi+admin@roostify.com\u0027 of object \u0027Object Repository/Sign In/input_useremail\u0027 (Root cause: org.openqa.selenium.NoSuchWindowException: Unable to find elements on closed window\nBuild info: version: \u00273.7.1\u0027, revision: \u00278a0099a\u0027, time: \u00272017-11-06T21:07:36.161Z\u0027\nSystem info: host: \u0027KALYANIK\u0027, ip: \u0027172.19.19.84\u0027, os.name: \u0027Windows 7\u0027, os.arch: \u0027amd64\u0027, os.version: \u00276.1\u0027, java.version: \u00271.8.0_102\u0027\nDriver info: com.kms.katalon.selenium.driver.CInternetExplorerDriver\nCapabilities {acceptInsecureCerts: false, browserName: internet explorer, browserVersion: 11, javascriptEnabled: true, pageLoadStrategy: normal, platform: WINDOWS, platformName: WINDOWS, se:ieOptions: {browserAttachTimeout: 0, elementScrollBehavior: 0, enablePersistentHover: true, ie.browserCommandLineSwitches: , ie.ensureCleanSession: false, ie.fileUploadDialogTimeout: 3000, ie.forceCreateProcessApi: false, ignoreProtectedModeSettings: false, ignoreZoomSetting: false, initialBrowserUrl: http://localhost:1119/, nativeEvents: true, requireWindowFocus: false}, setWindowRect: true}\nSession ID: 83b19565-d7c2-4482-9863-957ad2d7a048\n*** Element info: {Using\u003dxpath, value\u003d//input[@placeholder \u003d \u0027Email\u0027 and @type \u003d \u0027text\u0027 and @name \u003d \u0027user[email]\u0027 and @id \u003d \u0027user_email\u0027]})","startTime":1527744299985,"endTime":0,"childRecords":[],"interuppted":false}],"interuppted":false},{"testStatus":{"stackTrace":"","statusValue":"FAILED"},"type":"MESSAGE","name":"","message":"Unable to call Test Case with id \u0027Test Cases/Common/Sign In\u0027 (Root cause: Call Test Case \u0027Test Cases/Common/Sign In\u0027 failed)","startTime":1527744299989,"endTime":0,"childRecords":[],"interuppted":false}],"interuppted":false},{"testStatus":{"stackTrace":"","statusValue":"FAILED"},"type":"MESSAGE","name":"","message":"Test Cases/Admin Dashboard/Copy Referral Link FAILED because (of) Unable to set text \u0027kkachhi+admin@roostify.com\u0027 of object \u0027Object Repository/Sign In/input_useremail\u0027 (Root cause: org.openqa.selenium.NoSuchWindowException: Unable to find elements on closed window\nBuild info: version: \u00273.7.1\u0027, revision: \u00278a0099a\u0027, time: \u00272017-11-06T21:07:36.161Z\u0027\nSystem info: host: \u0027KALYANIK\u0027, ip: \u0027172.19.19.84\u0027, os.name: \u0027Windows 7\u0027, os.arch: \u0027amd64\u0027, os.version: \u00276.1\u0027, java.version: \u00271.8.0_102\u0027\nDriver info: com.kms.katalon.selenium.driver.CInternetExplorerDriver\nCapabilities {acceptInsecureCerts: false, browserName: internet explorer, browserVersion: 11, javascriptEnabled: true, pageLoadStrategy: normal, platform: WINDOWS, platformName: WINDOWS, se:ieOptions: {browserAttachTimeout: 0, elementScrollBehavior: 0, enablePersistentHover: true, ie.browserCommandLineSwitches: , ie.ensureCleanSession: false, ie.fileUploadDialogTimeout: 3000, ie.forceCreateProcessApi: false, ignoreProtectedModeSettings: false, ignoreZoomSetting: false, initialBrowserUrl: http://localhost:1119/, nativeEvents: true, requireWindowFocus: false}, setWindowRect: true}\nSession ID: 83b19565-d7c2-4482-9863-957ad2d7a048\n*** Element info: {Using\u003dxpath, value\u003d//input[@placeholder \u003d \u0027Email\u0027 and @type \u003d \u0027text\u0027 and @name \u003d \u0027user[email]\u0027 and @id \u003d \u0027user_email\u0027]})","startTime":1527744299990,"endTime":0,"childRecords":[],"interuppted":false},{"index":-1,"isIgnoredIfFailed":false,"type":"TEST_STEP","name":"Start listener action : sampleAfterTestCase","message":"Invoke \u0027com.kms.katalon.core.annotation.AfterTestCase\u0027 method: \u0027TestListeners.sampleAfterTestCase(...)\u0027 completed.","description":"","startTime":1527744300022,"endTime":1527744300030,"childRecords":[{"index":1,"isIgnoredIfFailed":false,"type":"TEST_STEP","name":"Statement - println(testCaseContext.getTestCaseId())","description":"","startTime":1527744300024,"endTime":1527744300027,"childRecords":[],"interuppted":false},{"index":2,"isIgnoredIfFailed":false,"type":"TEST_STEP","name":"Statement - println(testCaseContext.getTestCaseStatus())","message":"Invoke \u0027com.kms.katalon.core.annotation.AfterTestCase\u0027 method: \u0027TestListeners.sampleAfterTestCase(...)\u0027 completed.","description":"","startTime":1527744300028,"endTime":1527744300030,"childRecords":[],"interuppted":false}],"interuppted":false}],"interuppted":false}],"interuppted":false}