{"devicePlatform":"","logFolder":"D:\\1_Roostify\\Automation\\Roo_Core\\Reports\\Copy referral Link Test Suite\\20180604_122443","runData":{"hostName":"KalyaniK - KALYANIK.talentica-all.com","os":"Windows 7 64bit","katalonVersion":"5.4.1.1","browser":"Chrome 66.0.3359.181","hostAddress":"172.19.19.84","sessionId":"235072cffdd58846ed6320a00e7690e6","seleniumVersion":"3.7.1","proxyInformation":"ProxyInformation{proxyOption\u003dNO_PROXY, proxyServerType\u003dHTTP, password\u003d, proxyServerAddress\u003d, proxyServerPort\u003d0}","platform":"Windows 7"},"type":"TEST_SUITE","name":"Copy referral Link Test Suite","id":"Test Suites/Copy referral Link Test Suite","source":"","message":"Test Cases/Admin Dashboard/Verify Admin is able to Copy Referral Link FAILED because (of) Verify element text of test object \u0027Object Repository/Admin Settings/Admin settings dropdown/Profile dropdown\u0027 FAILED. (Root cause: com.kms.katalon.core.webui.exception.WebElementNotFoundException: Web element with id: \u0027Object Repository/Admin Settings/Admin settings dropdown/Profile dropdown\u0027 located by \u0027By.xpath: //span[@aria-label \u003d \u0027Access Account Settings\u0027]\u0027 not found)","description":"","startTime":1528095285262,"endTime":1528095344003,"childRecords":[{"isOptional":false,"type":"TEST_CASE","name":"Test Cases/Admin Dashboard/Verify Admin is able to Copy Referral Link","id":"Test Cases/Admin Dashboard/Verify Admin is able to Copy Referral Link","source":"D:\\\\1_Roostify\\\\Automation\\\\Roo_Core\\\\Test Cases\\\\Admin Dashboard\\\\Verify Admin is able to Copy Referral Link.tc","message":"Test Cases/Admin Dashboard/Verify Admin is able to Copy Referral Link FAILED because (of) Verify element text of test object \u0027Object Repository/Admin Settings/Admin settings dropdown/Profile dropdown\u0027 FAILED. (Root cause: com.kms.katalon.core.webui.exception.WebElementNotFoundException: Web element with id: \u0027Object Repository/Admin Settings/Admin settings dropdown/Profile dropdown\u0027 located by \u0027By.xpath: //span[@aria-label \u003d \u0027Access Account Settings\u0027]\u0027 not found)","description":"","startTime":1528095297463,"endTime":1528095343979,"childRecords":[{"testStatus":{"stackTrace":"","statusValue":"INFO"},"type":"MESSAGE","name":"","message":"Evaluating variables for test case","startTime":1528095297504,"endTime":0,"childRecords":[],"interuppted":false},{"index":-1,"isIgnoredIfFailed":false,"type":"TEST_STEP","name":"Start listener action : sampleBeforeTestCase","message":"Current window maximized","description":"","startTime":1528095297506,"endTime":1528095307844,"childRecords":[{"index":1,"isIgnoredIfFailed":false,"type":"TEST_STEP","name":"Statement - println(testCaseContext.getTestCaseId())","description":"","startTime":1528095297507,"endTime":1528095297510,"childRecords":[],"interuppted":false},{"index":2,"isIgnoredIfFailed":false,"type":"TEST_STEP","name":"Statement - println(testCaseContext.getTestCaseVariables())","description":"","startTime":1528095297511,"endTime":1528095297512,"childRecords":[],"interuppted":false},{"index":3,"isIgnoredIfFailed":false,"type":"TEST_STEP","name":"openBrowser","message":"Browser is opened with url: \u0027https://roostify-navy-test.herokuapp.com/\u0027","description":"","startTime":1528095297512,"endTime":1528095307713,"childRecords":[{"testStatus":{"stackTrace":"","statusValue":"WARNING"},"type":"MESSAGE","name":"","message":"A browser is already opened. Closing browser and opening a new one","startTime":1528095297513,"endTime":0,"childRecords":[],"interuppted":false},{"testStatus":{"stackTrace":"","statusValue":"PASSED"},"type":"MESSAGE","name":"","message":"Browser is opened with url: \u0027https://roostify-navy-test.herokuapp.com/\u0027","startTime":1528095307711,"endTime":0,"childRecords":[],"interuppted":false}],"interuppted":false},{"index":4,"isIgnoredIfFailed":false,"type":"TEST_STEP","name":"maximizeWindow","message":"Current window maximized","description":"","startTime":1528095307714,"endTime":1528095307843,"childRecords":[{"testStatus":{"stackTrace":"","statusValue":"PASSED"},"type":"MESSAGE","name":"","message":"Current window maximized","startTime":1528095307843,"endTime":0,"childRecords":[],"interuppted":false}],"interuppted":false}],"interuppted":false},{"attachment":"1528095340730.png","index":1,"isIgnoredIfFailed":false,"type":"TEST_STEP","name":"com.common.util.LoginHelper.LoginWithAdmin","message":"Verify element text of test object \u0027Object Repository/Admin Settings/Admin settings dropdown/Profile dropdown\u0027 FAILED. (Root cause: com.kms.katalon.core.webui.exception.WebElementNotFoundException: Web element with id: \u0027Object Repository/Admin Settings/Admin settings dropdown/Profile dropdown\u0027 located by \u0027By.xpath: //span[@aria-label \u003d \u0027Access Account Settings\u0027]\u0027 not found)","description":"","startTime":1528095308341,"endTime":1528095341018,"childRecords":[{"testStatus":{"stackTrace":"","statusValue":"PASSED"},"type":"MESSAGE","name":"","message":"Wait for page load successfully","startTime":1528095308442,"endTime":0,"childRecords":[],"interuppted":false},{"testStatus":{"stackTrace":"","statusValue":"PASSED"},"type":"MESSAGE","name":"","message":"Text \u0027kkachhi+admin@roostify.com\u0027 is set on object \u0027Object Repository/Sign In/input_useremail\u0027","startTime":1528095308822,"endTime":0,"childRecords":[],"interuppted":false},{"testStatus":{"stackTrace":"","statusValue":"PASSED"},"type":"MESSAGE","name":"","message":"Text \u0027Kal@3333\u0027 is set on object \u0027Object Repository/Sign In/input_userpassword\u0027","startTime":1528095308955,"endTime":0,"childRecords":[],"interuppted":false},{"testStatus":{"stackTrace":"","statusValue":"PASSED"},"type":"MESSAGE","name":"","message":"Object: \u0027Object Repository/Sign In/button_Sign in\u0027 is clicked on","startTime":1528095309051,"endTime":0,"childRecords":[],"interuppted":false},{"testStatus":{"stackTrace":"","statusValue":"FAILED"},"attachment":"1528095340440.png","type":"MESSAGE","name":"","message":"com.kms.katalon.core.webui.exception.WebElementNotFoundException: Web element with id: \u0027Object Repository/Admin Settings/Admin settings dropdown/Profile dropdown\u0027 located by \u0027By.xpath: //span[@aria-label \u003d \u0027Access Account Settings\u0027]\u0027 not found","startTime":1528095340730,"endTime":0,"childRecords":[],"interuppted":false},{"testStatus":{"stackTrace":"","statusValue":"FAILED"},"attachment":"1528095340730.png","type":"MESSAGE","name":"","message":"Verify element text of test object \u0027Object Repository/Admin Settings/Admin settings dropdown/Profile dropdown\u0027 FAILED. (Root cause: com.kms.katalon.core.webui.exception.WebElementNotFoundException: Web element with id: \u0027Object Repository/Admin Settings/Admin settings dropdown/Profile dropdown\u0027 located by \u0027By.xpath: //span[@aria-label \u003d \u0027Access Account Settings\u0027]\u0027 not found)","startTime":1528095341016,"endTime":0,"childRecords":[],"interuppted":false},{"testStatus":{"stackTrace":"","statusValue":"FAILED"},"type":"MESSAGE","name":"","message":"Verify element text of test object \u0027Object Repository/Admin Settings/Admin settings dropdown/Profile dropdown\u0027 FAILED. (Root cause: com.kms.katalon.core.webui.exception.WebElementNotFoundException: Web element with id: \u0027Object Repository/Admin Settings/Admin settings dropdown/Profile dropdown\u0027 located by \u0027By.xpath: //span[@aria-label \u003d \u0027Access Account Settings\u0027]\u0027 not found)","startTime":1528095341017,"endTime":0,"childRecords":[],"interuppted":false}],"interuppted":false},{"testStatus":{"stackTrace":"","statusValue":"FAILED"},"type":"MESSAGE","name":"","message":"Test Cases/Admin Dashboard/Verify Admin is able to Copy Referral Link FAILED because (of) Verify element text of test object \u0027Object Repository/Admin Settings/Admin settings dropdown/Profile dropdown\u0027 FAILED. (Root cause: com.kms.katalon.core.webui.exception.WebElementNotFoundException: Web element with id: \u0027Object Repository/Admin Settings/Admin settings dropdown/Profile dropdown\u0027 located by \u0027By.xpath: //span[@aria-label \u003d \u0027Access Account Settings\u0027]\u0027 not found)","startTime":1528095341018,"endTime":0,"childRecords":[],"interuppted":false},{"index":-1,"isIgnoredIfFailed":false,"type":"TEST_STEP","name":"Start listener action : sampleAfterTestCase","message":"Browser is closed","description":"","startTime":1528095341020,"endTime":1528095341929,"childRecords":[{"index":1,"isIgnoredIfFailed":false,"type":"TEST_STEP","name":"Statement - println(testCaseContext.getTestCaseId())","description":"","startTime":1528095341020,"endTime":1528095341023,"childRecords":[],"interuppted":false},{"index":2,"isIgnoredIfFailed":false,"type":"TEST_STEP","name":"Statement - println(testCaseContext.getTestCaseStatus())","description":"","startTime":1528095341056,"endTime":1528095341058,"childRecords":[],"interuppted":false},{"index":3,"isIgnoredIfFailed":false,"type":"TEST_STEP","name":"closeBrowser","message":"Browser is closed","description":"","startTime":1528095341059,"endTime":1528095341929,"childRecords":[{"testStatus":{"stackTrace":"","statusValue":"PASSED"},"type":"MESSAGE","name":"","message":"Browser is closed","startTime":1528095341928,"endTime":0,"childRecords":[],"interuppted":false}],"interuppted":false}],"interuppted":false}],"interuppted":false}],"interuppted":false}