<?xml version="1.0" encoding="UTF-8"?>
<testsuites name="Copy referral Link Test Suite" time="58" tests="0" failures="1" errors="0">
   <testsuite name="Copy referral Link Test Suite" tests="0" failures="1" errors="0" time="58" timestamp="2018-06-04 12:24:45" hostname="KalyaniK - KALYANIK.talentica-all.com" id="Test Suites/Copy referral Link Test Suite">
      <properties>
         <property name="deviceName" value=""/>
         <property name="devicePlatform" value=""/>
         <property name="logFolder" value="D:\\1_Roostify\\Automation\\Roo_Core\\Reports\\Copy referral Link Test Suite\\20180604_122443"/>
         <property name="logFiles" value="D:\\1_Roostify\\Automation\\Roo_Core\\Reports\\Copy referral Link Test Suite\\20180604_122443\\execution0.log"/>
         <property name="attachments" value="D:\\1_Roostify\\Automation\\Roo_Core\\Reports\\Copy referral Link Test Suite\\20180604_122443\\1528095340440.png, D:\\1_Roostify\\Automation\\Roo_Core\\Reports\\Copy referral Link Test Suite\\20180604_122443\\1528095340730.png"/>
         <property name="hostName" value="KalyaniK - KALYANIK.talentica-all.com"/>
         <property name="os" value="Windows 7 64bit"/>
         <property name="katalonVersion" value="5.4.1.1"/>
         <property name="browser" value="Chrome 66.0.3359.181"/>
         <property name="hostAddress" value="172.19.19.84"/>
         <property name="sessionId" value="235072cffdd58846ed6320a00e7690e6"/>
         <property name="seleniumVersion" value="3.7.1"/>
         <property name="proxyInformation" value="ProxyInformation{proxyOption=NO_PROXY, proxyServerType=HTTP, password=, proxyServerAddress=, proxyServerPort=0}"/>
         <property name="platform" value="Windows 7"/>
      </properties>
      <testcase name="Test Cases/Admin Dashboard/Verify Admin is able to Copy Referral Link" classname="Test Cases/Admin Dashboard/Verify Admin is able to Copy Referral Link" status="FAILED">
         <failure type="FAILED" message="Verify element text of test object 'Object Repository/Admin Settings/Admin settings dropdown/Profile dropdown' FAILED. (Root cause: com.kms.katalon.core.webui.exception.WebElementNotFoundException: Web element with id: 'Object Repository/Admin Settings/Admin settings dropdown/Profile dropdown' located by 'By.xpath: //span[@aria-label = 'Access Account Settings']' not found)"/>
         <system-out><![CDATA[2018-06-04 12:24:57 - [TEST_CASE][FAILED] - Test Cases/Admin Dashboard/Verify Admin is able to Copy Referral Link: Test Cases/Admin Dashboard/Verify Admin is able to Copy Referral Link FAILED because (of) Verify element text of test object 'Object Repository/Admin Settings/Admin settings dropdown/Profile dropdown' FAILED. (Root cause: com.kms.katalon.core.webui.exception.WebElementNotFoundException: Web element with id: 'Object Repository/Admin Settings/Admin settings dropdown/Profile dropdown' located by 'By.xpath: //span[@aria-label = 'Access Account Settings']' not found)

2018-06-04 12:24:57 - [TEST_STEP][PASSED] - Start listener action : sampleBeforeTestCase: Current window maximized

2018-06-04 12:24:57 - [TEST_STEP][PASSED] - Statement - println(testCaseContext.getTestCaseId()): null

2018-06-04 12:24:57 - [TEST_STEP][PASSED] - Statement - println(testCaseContext.getTestCaseVariables()): null

2018-06-04 12:24:57 - [TEST_STEP][PASSED] - openBrowser: Browser is opened with url: 'https://roostify-navy-test.herokuapp.com/'

2018-06-04 12:24:57 - [MESSAGE][WARNING] - A browser is already opened. Closing browser and opening a new one

2018-06-04 12:25:07 - [MESSAGE][PASSED] - Browser is opened with url: 'https://roostify-navy-test.herokuapp.com/'

2018-06-04 12:25:07 - [TEST_STEP][PASSED] - maximizeWindow: Current window maximized

2018-06-04 12:25:07 - [MESSAGE][PASSED] - Current window maximized

2018-06-04 12:25:08 - [TEST_STEP][FAILED] - com.common.util.LoginHelper.LoginWithAdmin: Verify element text of test object 'Object Repository/Admin Settings/Admin settings dropdown/Profile dropdown' FAILED. (Root cause: com.kms.katalon.core.webui.exception.WebElementNotFoundException: Web element with id: 'Object Repository/Admin Settings/Admin settings dropdown/Profile dropdown' located by 'By.xpath: //span[@aria-label = 'Access Account Settings']' not found)

2018-06-04 12:25:08 - [MESSAGE][PASSED] - Wait for page load successfully

2018-06-04 12:25:08 - [MESSAGE][PASSED] - Text 'kkachhi+admin@roostify.com' is set on object 'Object Repository/Sign In/input_useremail'

2018-06-04 12:25:08 - [MESSAGE][PASSED] - Text 'Kal@3333' is set on object 'Object Repository/Sign In/input_userpassword'

2018-06-04 12:25:09 - [MESSAGE][PASSED] - Object: 'Object Repository/Sign In/button_Sign in' is clicked on

2018-06-04 12:25:40 - [MESSAGE][FAILED] - com.kms.katalon.core.webui.exception.WebElementNotFoundException: Web element with id: 'Object Repository/Admin Settings/Admin settings dropdown/Profile dropdown' located by 'By.xpath: //span[@aria-label = 'Access Account Settings']' not found
[[ATTACHMENT|D:\\1_Roostify\\Automation\\Roo_Core\\Reports\\Copy referral Link Test Suite\\20180604_122443\\1528095340440.png]]

2018-06-04 12:25:41 - [MESSAGE][FAILED] - Verify element text of test object 'Object Repository/Admin Settings/Admin settings dropdown/Profile dropdown' FAILED. (Root cause: com.kms.katalon.core.webui.exception.WebElementNotFoundException: Web element with id: 'Object Repository/Admin Settings/Admin settings dropdown/Profile dropdown' located by 'By.xpath: //span[@aria-label = 'Access Account Settings']' not found)
[[ATTACHMENT|D:\\1_Roostify\\Automation\\Roo_Core\\Reports\\Copy referral Link Test Suite\\20180604_122443\\1528095340730.png]]

2018-06-04 12:25:41 - [MESSAGE][FAILED] - Verify element text of test object 'Object Repository/Admin Settings/Admin settings dropdown/Profile dropdown' FAILED. (Root cause: com.kms.katalon.core.webui.exception.WebElementNotFoundException: Web element with id: 'Object Repository/Admin Settings/Admin settings dropdown/Profile dropdown' located by 'By.xpath: //span[@aria-label = 'Access Account Settings']' not found)

2018-06-04 12:25:41 - [TEST_STEP][PASSED] - Start listener action : sampleAfterTestCase: Browser is closed

2018-06-04 12:25:41 - [TEST_STEP][PASSED] - Statement - println(testCaseContext.getTestCaseId()): null

2018-06-04 12:25:41 - [TEST_STEP][PASSED] - Statement - println(testCaseContext.getTestCaseStatus()): null

2018-06-04 12:25:41 - [TEST_STEP][PASSED] - closeBrowser: Browser is closed

2018-06-04 12:25:41 - [MESSAGE][PASSED] - Browser is closed]]></system-out>
         <system-err><![CDATA[2018-06-04 12:24:57 - [TEST_CASE][FAILED] - Test Cases/Admin Dashboard/Verify Admin is able to Copy Referral Link: Test Cases/Admin Dashboard/Verify Admin is able to Copy Referral Link FAILED because (of) Verify element text of test object 'Object Repository/Admin Settings/Admin settings dropdown/Profile dropdown' FAILED. (Root cause: com.kms.katalon.core.webui.exception.WebElementNotFoundException: Web element with id: 'Object Repository/Admin Settings/Admin settings dropdown/Profile dropdown' located by 'By.xpath: //span[@aria-label = 'Access Account Settings']' not found)]]></system-err>
      </testcase>
      <system-out><![CDATA[2018-06-04 12:24:45 - [TEST_SUITE][FAILED] - Copy referral Link Test Suite: Test Cases/Admin Dashboard/Verify Admin is able to Copy Referral Link FAILED because (of) Verify element text of test object 'Object Repository/Admin Settings/Admin settings dropdown/Profile dropdown' FAILED. (Root cause: com.kms.katalon.core.webui.exception.WebElementNotFoundException: Web element with id: 'Object Repository/Admin Settings/Admin settings dropdown/Profile dropdown' located by 'By.xpath: //span[@aria-label = 'Access Account Settings']' not found)]]></system-out>
      <system-err><![CDATA[2018-06-04 12:24:45 - [TEST_SUITE][FAILED] - Copy referral Link Test Suite: Test Cases/Admin Dashboard/Verify Admin is able to Copy Referral Link FAILED because (of) Verify element text of test object 'Object Repository/Admin Settings/Admin settings dropdown/Profile dropdown' FAILED. (Root cause: com.kms.katalon.core.webui.exception.WebElementNotFoundException: Web element with id: 'Object Repository/Admin Settings/Admin settings dropdown/Profile dropdown' located by 'By.xpath: //span[@aria-label = 'Access Account Settings']' not found)]]></system-err>
   </testsuite>
</testsuites>
