{"devicePlatform":"","logFolder":"D:\\1_Roostify\\Automation\\Roo_Core\\Reports\\Invite Borrower Test Suite\\20180530_183905","runData":{"hostName":"KalyaniK - KALYANIK.talentica-all.com","hostAddress":"172.19.19.84","os":"Windows 7 64bit","katalonVersion":"5.4.1.1"},"type":"TEST_SUITE","name":"Invite Borrower Test Suite","id":"Test Suites/Invite Borrower Test Suite","source":"","message":"Test Cases/Admin Dashboard/Invite Borrower FAILED because (of) Unable to set text \u0027kkachhi+admin@roostify.com\u0027 of object \u0027Object Repository/Sign In/input_useremail\u0027 (Root cause: com.kms.katalon.core.webui.exception.BrowserNotOpenedException: Browser is not opened\nBuild info: version: \u00273.7.1\u0027, revision: \u00278a0099a\u0027, time: \u00272017-11-06T21:07:36.161Z\u0027\nSystem info: host: \u0027KALYANIK\u0027, ip: \u0027172.19.19.84\u0027, os.name: \u0027Windows 7\u0027, os.arch: \u0027amd64\u0027, os.version: \u00276.1\u0027, java.version: \u00271.8.0_102\u0027\nDriver info: driver.version: unknown)","description":"","startTime":1527685748640,"endTime":1527685754827,"childRecords":[{"isOptional":false,"type":"TEST_CASE","name":"Test Cases/Admin Dashboard/Invite Borrower","id":"Test Cases/Admin Dashboard/Invite Borrower","source":"D:\\\\1_Roostify\\\\Automation\\\\Roo_Core\\\\Test Cases\\\\Admin Dashboard\\\\Invite Borrower.tc","message":"Test Cases/Admin Dashboard/Invite Borrower FAILED because (of) Unable to set text \u0027kkachhi+admin@roostify.com\u0027 of object \u0027Object Repository/Sign In/input_useremail\u0027 (Root cause: com.kms.katalon.core.webui.exception.BrowserNotOpenedException: Browser is not opened\nBuild info: version: \u00273.7.1\u0027, revision: \u00278a0099a\u0027, time: \u00272017-11-06T21:07:36.161Z\u0027\nSystem info: host: \u0027KALYANIK\u0027, ip: \u0027172.19.19.84\u0027, os.name: \u0027Windows 7\u0027, os.arch: \u0027amd64\u0027, os.version: \u00276.1\u0027, java.version: \u00271.8.0_102\u0027\nDriver info: driver.version: unknown)","description":"","startTime":1527685751635,"endTime":1527685754255,"childRecords":[{"testStatus":{"stackTrace":"","statusValue":"INFO"},"type":"MESSAGE","name":"","message":"Evaluating variables for test case","startTime":1527685751658,"endTime":0,"childRecords":[],"interuppted":false},{"index":-1,"isIgnoredIfFailed":false,"type":"TEST_STEP","name":"Start listener action : sampleBeforeTestCase","message":"Invoke \u0027com.kms.katalon.core.annotation.BeforeTestCase\u0027 method: \u0027TestListeners.sampleBeforeTestCase(...)\u0027 completed.","description":"","startTime":1527685751661,"endTime":1527685751685,"childRecords":[{"index":1,"isIgnoredIfFailed":false,"type":"TEST_STEP","name":"Statement - println(testCaseContext.getTestCaseId())","description":"","startTime":1527685751664,"endTime":1527685751682,"childRecords":[],"interuppted":false},{"index":2,"isIgnoredIfFailed":false,"type":"TEST_STEP","name":"Statement - println(testCaseContext.getTestCaseVariables())","message":"Invoke \u0027com.kms.katalon.core.annotation.BeforeTestCase\u0027 method: \u0027TestListeners.sampleBeforeTestCase(...)\u0027 completed.","description":"","startTime":1527685751683,"endTime":1527685751685,"childRecords":[],"interuppted":false}],"interuppted":false},{"index":1,"isIgnoredIfFailed":false,"type":"TEST_STEP","name":"callTestCase","message":"Unable to call Test Case with id \u0027Test Cases/Common/Sign In\u0027 (Root cause: Call Test Case \u0027Test Cases/Common/Sign In\u0027 failed)","description":"","startTime":1527685751912,"endTime":1527685752218,"childRecords":[{"isOptional":false,"type":"TEST_CASE","name":"Test Cases/Common/Sign In","id":"Test Cases/Common/Sign In","source":"D:\\\\1_Roostify\\\\Automation\\\\Roo_Core\\\\Test Cases\\\\Common\\\\Sign In.tc","message":"Test Cases/Common/Sign In FAILED because (of) Unable to set text \u0027kkachhi+admin@roostify.com\u0027 of object \u0027Object Repository/Sign In/input_useremail\u0027 (Root cause: com.kms.katalon.core.webui.exception.BrowserNotOpenedException: Browser is not opened\nBuild info: version: \u00273.7.1\u0027, revision: \u00278a0099a\u0027, time: \u00272017-11-06T21:07:36.161Z\u0027\nSystem info: host: \u0027KALYANIK\u0027, ip: \u0027172.19.19.84\u0027, os.name: \u0027Windows 7\u0027, os.arch: \u0027amd64\u0027, os.version: \u00276.1\u0027, java.version: \u00271.8.0_102\u0027\nDriver info: driver.version: unknown)","description":"","startTime":1527685752024,"endTime":1527685752215,"childRecords":[{"testStatus":{"stackTrace":"","statusValue":"INFO"},"type":"MESSAGE","name":"","message":"Evaluating variables for test case","startTime":1527685752033,"endTime":0,"childRecords":[],"interuppted":false},{"testStatus":{"stackTrace":"","statusValue":"INFO"},"type":"MESSAGE","name":"","message":"Variable \u0027email\u0027 is set to kkachhi+admin@roostify.com","startTime":1527685752034,"endTime":0,"childRecords":[],"interuppted":false},{"testStatus":{"stackTrace":"","statusValue":"INFO"},"type":"MESSAGE","name":"","message":"Variable \u0027password\u0027 is set to Kal@3333","startTime":1527685752034,"endTime":0,"childRecords":[],"interuppted":false},{"index":1,"isIgnoredIfFailed":false,"type":"TEST_STEP","name":"setText","message":"Unable to set text \u0027kkachhi+admin@roostify.com\u0027 of object \u0027Object Repository/Sign In/input_useremail\u0027 (Root cause: com.kms.katalon.core.webui.exception.BrowserNotOpenedException: Browser is not opened\nBuild info: version: \u00273.7.1\u0027, revision: \u00278a0099a\u0027, time: \u00272017-11-06T21:07:36.161Z\u0027\nSystem info: host: \u0027KALYANIK\u0027, ip: \u0027172.19.19.84\u0027, os.name: \u0027Windows 7\u0027, os.arch: \u0027amd64\u0027, os.version: \u00276.1\u0027, java.version: \u00271.8.0_102\u0027\nDriver info: driver.version: unknown)","description":"","startTime":1527685752152,"endTime":1527685752212,"childRecords":[{"testStatus":{"stackTrace":"","statusValue":"WARNING"},"type":"MESSAGE","name":"","message":"Cannot take screenshot","startTime":1527685752211,"endTime":0,"childRecords":[],"interuppted":false},{"testStatus":{"stackTrace":"","statusValue":"FAILED"},"type":"MESSAGE","name":"","message":"Unable to set text \u0027kkachhi+admin@roostify.com\u0027 of object \u0027Object Repository/Sign In/input_useremail\u0027 (Root cause: com.kms.katalon.core.webui.exception.BrowserNotOpenedException: Browser is not opened\nBuild info: version: \u00273.7.1\u0027, revision: \u00278a0099a\u0027, time: \u00272017-11-06T21:07:36.161Z\u0027\nSystem info: host: \u0027KALYANIK\u0027, ip: \u0027172.19.19.84\u0027, os.name: \u0027Windows 7\u0027, os.arch: \u0027amd64\u0027, os.version: \u00276.1\u0027, java.version: \u00271.8.0_102\u0027\nDriver info: driver.version: unknown)","startTime":1527685752211,"endTime":0,"childRecords":[],"interuppted":false}],"interuppted":false},{"testStatus":{"stackTrace":"","statusValue":"FAILED"},"type":"MESSAGE","name":"","message":"Test Cases/Common/Sign In FAILED because (of) Unable to set text \u0027kkachhi+admin@roostify.com\u0027 of object \u0027Object Repository/Sign In/input_useremail\u0027 (Root cause: com.kms.katalon.core.webui.exception.BrowserNotOpenedException: Browser is not opened\nBuild info: version: \u00273.7.1\u0027, revision: \u00278a0099a\u0027, time: \u00272017-11-06T21:07:36.161Z\u0027\nSystem info: host: \u0027KALYANIK\u0027, ip: \u0027172.19.19.84\u0027, os.name: \u0027Windows 7\u0027, os.arch: \u0027amd64\u0027, os.version: \u00276.1\u0027, java.version: \u00271.8.0_102\u0027\nDriver info: driver.version: unknown)","startTime":1527685752213,"endTime":0,"childRecords":[],"interuppted":false}],"interuppted":false},{"testStatus":{"stackTrace":"","statusValue":"FAILED"},"type":"MESSAGE","name":"","message":"Unable to call Test Case with id \u0027Test Cases/Common/Sign In\u0027 (Root cause: Call Test Case \u0027Test Cases/Common/Sign In\u0027 failed)","startTime":1527685752218,"endTime":0,"childRecords":[],"interuppted":false}],"interuppted":false},{"testStatus":{"stackTrace":"","statusValue":"FAILED"},"type":"MESSAGE","name":"","message":"Test Cases/Admin Dashboard/Invite Borrower FAILED because (of) Unable to set text \u0027kkachhi+admin@roostify.com\u0027 of object \u0027Object Repository/Sign In/input_useremail\u0027 (Root cause: com.kms.katalon.core.webui.exception.BrowserNotOpenedException: Browser is not opened\nBuild info: version: \u00273.7.1\u0027, revision: \u00278a0099a\u0027, time: \u00272017-11-06T21:07:36.161Z\u0027\nSystem info: host: \u0027KALYANIK\u0027, ip: \u0027172.19.19.84\u0027, os.name: \u0027Windows 7\u0027, os.arch: \u0027amd64\u0027, os.version: \u00276.1\u0027, java.version: \u00271.8.0_102\u0027\nDriver info: driver.version: unknown)","startTime":1527685752218,"endTime":0,"childRecords":[],"interuppted":false},{"index":-1,"isIgnoredIfFailed":false,"type":"TEST_STEP","name":"Start listener action : sampleAfterTestCase","message":"Invoke \u0027com.kms.katalon.core.annotation.AfterTestCase\u0027 method: \u0027TestListeners.sampleAfterTestCase(...)\u0027 completed.","description":"","startTime":1527685752222,"endTime":1527685752229,"childRecords":[{"index":1,"isIgnoredIfFailed":false,"type":"TEST_STEP","name":"Statement - println(testCaseContext.getTestCaseId())","description":"","startTime":1527685752223,"endTime":1527685752225,"childRecords":[],"interuppted":false},{"index":2,"isIgnoredIfFailed":false,"type":"TEST_STEP","name":"Statement - println(testCaseContext.getTestCaseStatus())","message":"Invoke \u0027com.kms.katalon.core.annotation.AfterTestCase\u0027 method: \u0027TestListeners.sampleAfterTestCase(...)\u0027 completed.","description":"","startTime":1527685752225,"endTime":1527685752228,"childRecords":[],"interuppted":false}],"interuppted":false}],"interuppted":false}],"interuppted":false}