<?xml version="1.0" encoding="UTF-8"?>
<testsuites name="Create Loan Manually Test Suite" time="134" tests="1" failures="1" errors="0">
   <testsuite name="Create Loan Manually Test Suite" tests="1" failures="1" errors="0" time="134" timestamp="2018-06-12 17:05:27" hostname="KalyaniK - KALYANIK.talentica-all.com" id="Test Suites/Create Loan Manually Test Suite">
      <properties>
         <property name="deviceName" value=""/>
         <property name="devicePlatform" value=""/>
         <property name="logFolder" value="D:\\1_Roostify\\Automation\\Roo_Core\\Reports\\Create Loan Manually Test Suite\\20180612_170525"/>
         <property name="logFiles" value="D:\\1_Roostify\\Automation\\Roo_Core\\Reports\\Create Loan Manually Test Suite\\20180612_170525\\execution0.log"/>
         <property name="attachments" value="D:\\1_Roostify\\Automation\\Roo_Core\\Reports\\Create Loan Manually Test Suite\\20180612_170525\\1528803345495.png, D:\\1_Roostify\\Automation\\Roo_Core\\Reports\\Create Loan Manually Test Suite\\20180612_170525\\1528803365523.png, D:\\1_Roostify\\Automation\\Roo_Core\\Reports\\Create Loan Manually Test Suite\\20180612_170525\\1528803389933.png, D:\\1_Roostify\\Automation\\Roo_Core\\Reports\\Create Loan Manually Test Suite\\20180612_170525\\1528803459097.png"/>
         <property name="hostName" value="KalyaniK - KALYANIK.talentica-all.com"/>
         <property name="os" value="Windows 7 64bit"/>
         <property name="katalonVersion" value="5.4.1.1"/>
         <property name="browser" value="Chrome 67.0.3396.79"/>
         <property name="hostAddress" value="172.19.19.84"/>
         <property name="sessionId" value="50ef83bed8859761aae4c90f606d6d7c"/>
         <property name="seleniumVersion" value="3.7.1"/>
         <property name="proxyInformation" value="ProxyInformation{proxyOption=NO_PROXY, proxyServerType=HTTP, password=, proxyServerAddress=, proxyServerPort=0}"/>
         <property name="platform" value="Windows 7"/>
      </properties>
      <testcase name="Test Cases/Admin Dashboard/Verify Admin is able to Create Loan Manually" classname="Test Cases/Admin Dashboard/Verify Admin is able to Create Loan Manually" status="PASSED">
         <system-out><![CDATA[2018-06-12 17:05:27 - [TEST_CASE][PASSED] - Test Cases/Admin Dashboard/Verify Admin is able to Create Loan Manually: Test Cases/Admin Dashboard/Verify Admin is able to Create Loan Manually

2018-06-12 17:05:27 - [TEST_STEP][PASSED] - Start listener action : sampleBeforeTestCase: Current window maximized

2018-06-12 17:05:27 - [TEST_STEP][PASSED] - Statement - println(testCaseContext.getTestCaseId()): null

2018-06-12 17:05:27 - [TEST_STEP][PASSED] - Statement - println(testCaseContext.getTestCaseVariables()): null

2018-06-12 17:05:27 - [TEST_STEP][PASSED] - openBrowser: Browser is opened with url: 'https://dev.roostify.com'

2018-06-12 17:05:38 - [MESSAGE][PASSED] - Browser is opened with url: 'https://dev.roostify.com'

2018-06-12 17:05:38 - [TEST_STEP][PASSED] - maximizeWindow: Current window maximized

2018-06-12 17:05:38 - [MESSAGE][PASSED] - Current window maximized

2018-06-12 17:05:38 - [TEST_STEP][PASSED] - Statement - FirstName = "kaly2": null

2018-06-12 17:05:38 - [TEST_STEP][PASSED] - Statement - LastName = "kachi": null

2018-06-12 17:05:38 - [TEST_STEP][PASSED] - com.common.util.LoginHelper.LoginWithAdmin: com.common.util.LoginHelper.LoginWithAdmin is PASSED

2018-06-12 17:05:38 - [MESSAGE][PASSED] - Wait for page load successfully

2018-06-12 17:05:39 - [MESSAGE][PASSED] - Text 'kkachhi+admin1@roostify.com' is set on object 'Object Repository/Common/Sign In/input_useremail'

2018-06-12 17:05:39 - [MESSAGE][PASSED] - Text 'Kal@3333' is set on object 'Object Repository/Common/Sign In/input_userpassword'

2018-06-12 17:05:39 - [MESSAGE][PASSED] - Object: 'Object Repository/Common/Sign In/button_Sign in' is clicked on

2018-06-12 17:05:45 - [MESSAGE][WARNING] - com.kms.katalon.core.webui.exception.WebElementNotFoundException: Web element with id: 'Object Repository/Common/Sign In/div_Login_Popup' located by 'By.xpath: //div[@id = 'tutorial-borrower' and (text() = concat('

Application portal tutorial overlay





✕

Now, for some homework!



This space provides a secure way to:

  Complete critical tasks, like signing and providing documents
  Get updates about your loan’s progress
  
Communicate with your mortgage team and other folks you invite to participate


Together with your team, you’ll be moving your loan closer to the finish line.
Don’t worry, you’ll be notified by email of activity while you’re away.





Next







✕

Add Your Documents Online




The Tasks tab tells you what information or action we still need from you.
This is where you' , "'" , 'll provide the documents we need to process your loan, and sign important documents from us.


Click on a task to get started, and follow the directions to upload your documents.





Next







✕

Stay Up-to-Date




As your loan progresses through the key stages, you' , "'" , 'll see the latest activity posted in your Stream.


You can comment on activities, post a question or add another person like your Realtor to the transaction.
To add people, just click Invite a Collaborator.





Next







✕

We' , "'" , 're Here to Help




Your mortgage team can help answer questions you have along the way.
Use the Stream and the Chat to get in touch with us at any time.
We' , "'" , 're looking forward to working with you!





Done





') or . = concat('

Application portal tutorial overlay





✕

Now, for some homework!



This space provides a secure way to:

  Complete critical tasks, like signing and providing documents
  Get updates about your loan’s progress
  
Communicate with your mortgage team and other folks you invite to participate


Together with your team, you’ll be moving your loan closer to the finish line.
Don’t worry, you’ll be notified by email of activity while you’re away.





Next







✕

Add Your Documents Online




The Tasks tab tells you what information or action we still need from you.
This is where you' , "'" , 'll provide the documents we need to process your loan, and sign important documents from us.


Click on a task to get started, and follow the directions to upload your documents.





Next







✕

Stay Up-to-Date




As your loan progresses through the key stages, you' , "'" , 'll see the latest activity posted in your Stream.


You can comment on activities, post a question or add another person like your Realtor to the transaction.
To add people, just click Invite a Collaborator.





Next







✕

We' , "'" , 're Here to Help




Your mortgage team can help answer questions you have along the way.
Use the Stream and the Chat to get in touch with us at any time.
We' , "'" , 're looking forward to working with you!





Done





'))]' not found
[[ATTACHMENT|D:\\1_Roostify\\Automation\\Roo_Core\\Reports\\Create Loan Manually Test Suite\\20180612_170525\\1528803345495.png]]

2018-06-12 17:05:45 - [MESSAGE][PASSED] - Object 'Object Repository/Common/Sign In/text_Dashboard Name' is present

2018-06-12 17:05:45 - [MESSAGE][PASSED] - Text of object 'Object Repository/Common/Sign In/text_Dashboard Name' is: 'Kalyani Admin'

2018-06-12 17:05:45 - [MESSAGE][PASSED] - Concatenated string array: '['Kalyani',' ','Admin']' into 'Kalyani Admin'

2018-06-12 17:05:45 - [MESSAGE][PASSED] - Actual text 'Kalyani Admin' and expected text 'Kalyani Admin' are matched  using regular expression

2018-06-12 17:05:45 - [MESSAGE][PASSED] - com.common.util.LoginHelper.LoginWithAdmin is PASSED

2018-06-12 17:05:45 - [TEST_STEP][PASSED] - click: Object: 'Object Repository/Admin Dashboard/Create Loan Manually/tab_Add Loan Manually' is clicked on

2018-06-12 17:05:45 - [MESSAGE][PASSED] - Object: 'Object Repository/Admin Dashboard/Create Loan Manually/tab_Add Loan Manually' is clicked on

2018-06-12 17:05:45 - [TEST_STEP][PASSED] - waitForElementVisible: Object 'Object Repository/Admin Dashboard/Create Loan Manually/input_email' is visible

2018-06-12 17:05:46 - [MESSAGE][PASSED] - Object 'Object Repository/Admin Dashboard/Create Loan Manually/input_email' is visible

2018-06-12 17:05:46 - [TEST_STEP][PASSED] - setText: Text 'kkachhi+test3@roostify.com' is set on object 'Object Repository/Admin Dashboard/Create Loan Manually/input_email'

2018-06-12 17:05:46 - [MESSAGE][PASSED] - Text 'kkachhi+test3@roostify.com' is set on object 'Object Repository/Admin Dashboard/Create Loan Manually/input_email'

2018-06-12 17:05:46 - [TEST_STEP][PASSED] - setText: Text 'kaly2' is set on object 'Object Repository/Admin Dashboard/Create Loan Manually/input_first_name'

2018-06-12 17:05:46 - [MESSAGE][PASSED] - Text 'kaly2' is set on object 'Object Repository/Admin Dashboard/Create Loan Manually/input_first_name'

2018-06-12 17:05:46 - [TEST_STEP][PASSED] - setText: Text 'kachi' is set on object 'Object Repository/Admin Dashboard/Create Loan Manually/input_last_name'

2018-06-12 17:05:46 - [MESSAGE][PASSED] - Text 'kachi' is set on object 'Object Repository/Admin Dashboard/Create Loan Manually/input_last_name'

2018-06-12 17:05:46 - [TEST_STEP][PASSED] - waitForElementVisible: Object 'Object Repository/Admin Dashboard/Create Loan Manually/button_create' is visible

2018-06-12 17:05:46 - [MESSAGE][PASSED] - Object 'Object Repository/Admin Dashboard/Create Loan Manually/button_create' is visible

2018-06-12 17:05:46 - [TEST_STEP][PASSED] - click: Object: 'Object Repository/Admin Dashboard/Create Loan Manually/button_create' is clicked on

2018-06-12 17:05:47 - [MESSAGE][PASSED] - Object: 'Object Repository/Admin Dashboard/Create Loan Manually/button_create' is clicked on

2018-06-12 17:05:47 - [TEST_STEP][PASSED] - verifyElementPresent: Object 'Object Repository/Admin Dashboard/Create Loan Manually/msg_Loan created successfully' is present

2018-06-12 17:05:47 - [MESSAGE][PASSED] - Object 'Object Repository/Admin Dashboard/Create Loan Manually/msg_Loan created successfully' is present

2018-06-12 17:05:47 - [TEST_STEP][PASSED] - Start listener action : sampleAfterTestCase: Invoke 'com.kms.katalon.core.annotation.AfterTestCase' method: 'TestListeners.sampleAfterTestCase(...)' completed.

2018-06-12 17:05:47 - [TEST_STEP][PASSED] - Statement - println(testCaseContext.getTestCaseId()): null

2018-06-12 17:05:47 - [TEST_STEP][PASSED] - Statement - println(testCaseContext.getTestCaseStatus()): Invoke 'com.kms.katalon.core.annotation.AfterTestCase' method: 'TestListeners.sampleAfterTestCase(...)' completed.]]></system-out>
         <system-err><![CDATA[]]></system-err>
      </testcase>
      <testcase name="Test Cases/Admin Dashboard/Verify Admin is able to Invite Borrower" classname="Test Cases/Admin Dashboard/Verify Admin is able to Invite Borrower" status="FAILED">
         <failure type="FAILED" message="Unable to click on object 'Object Repository/Complete Loan Details/Declarations/button_Save and return to review' (Root cause: com.kms.katalon.core.webui.exception.WebElementNotFoundException: Web element with id: 'Object Repository/Complete Loan Details/Declarations/button_Save and return to review' located by 'By.xpath: .//*[@id='loan_application_form']/div[10]/div[5]/div[4]/button[2]' not found)"/>
         <system-out><![CDATA[2018-06-12 17:05:49 - [TEST_CASE][FAILED] - Test Cases/Admin Dashboard/Verify Admin is able to Invite Borrower: Test Cases/Admin Dashboard/Verify Admin is able to Invite Borrower FAILED because (of) Unable to click on object 'Object Repository/Complete Loan Details/Declarations/button_Save and return to review' (Root cause: com.kms.katalon.core.webui.exception.WebElementNotFoundException: Web element with id: 'Object Repository/Complete Loan Details/Declarations/button_Save and return to review' located by 'By.xpath: .//*[@id='loan_application_form']/div[10]/div[5]/div[4]/button[2]' not found)

2018-06-12 17:05:49 - [TEST_STEP][PASSED] - Start listener action : sampleBeforeTestCase: Current window maximized

2018-06-12 17:05:49 - [TEST_STEP][PASSED] - Statement - println(testCaseContext.getTestCaseId()): null

2018-06-12 17:05:49 - [TEST_STEP][PASSED] - Statement - println(testCaseContext.getTestCaseVariables()): null

2018-06-12 17:05:49 - [TEST_STEP][PASSED] - openBrowser: Browser is opened with url: 'https://dev.roostify.com'

2018-06-12 17:05:49 - [MESSAGE][WARNING] - A browser is already opened. Closing browser and opening a new one

2018-06-12 17:05:58 - [MESSAGE][PASSED] - Browser is opened with url: 'https://dev.roostify.com'

2018-06-12 17:05:58 - [TEST_STEP][PASSED] - maximizeWindow: Current window maximized

2018-06-12 17:05:59 - [MESSAGE][PASSED] - Current window maximized

2018-06-12 17:05:59 - [TEST_STEP][PASSED] - com.common.util.LoginHelper.LoginWithAdmin: com.common.util.LoginHelper.LoginWithAdmin is PASSED

2018-06-12 17:05:59 - [MESSAGE][PASSED] - Wait for page load successfully

2018-06-12 17:05:59 - [MESSAGE][PASSED] - Text 'kkachhi+admin1@roostify.com' is set on object 'Object Repository/Common/Sign In/input_useremail'

2018-06-12 17:05:59 - [MESSAGE][PASSED] - Text 'Kal@3333' is set on object 'Object Repository/Common/Sign In/input_userpassword'

2018-06-12 17:05:59 - [MESSAGE][PASSED] - Object: 'Object Repository/Common/Sign In/button_Sign in' is clicked on

2018-06-12 17:06:05 - [MESSAGE][WARNING] - com.kms.katalon.core.webui.exception.WebElementNotFoundException: Web element with id: 'Object Repository/Common/Sign In/div_Login_Popup' located by 'By.xpath: //div[@id = 'tutorial-borrower' and (text() = concat('

Application portal tutorial overlay





✕

Now, for some homework!



This space provides a secure way to:

  Complete critical tasks, like signing and providing documents
  Get updates about your loan’s progress
  
Communicate with your mortgage team and other folks you invite to participate


Together with your team, you’ll be moving your loan closer to the finish line.
Don’t worry, you’ll be notified by email of activity while you’re away.





Next







✕

Add Your Documents Online




The Tasks tab tells you what information or action we still need from you.
This is where you' , "'" , 'll provide the documents we need to process your loan, and sign important documents from us.


Click on a task to get started, and follow the directions to upload your documents.





Next







✕

Stay Up-to-Date




As your loan progresses through the key stages, you' , "'" , 'll see the latest activity posted in your Stream.


You can comment on activities, post a question or add another person like your Realtor to the transaction.
To add people, just click Invite a Collaborator.





Next







✕

We' , "'" , 're Here to Help




Your mortgage team can help answer questions you have along the way.
Use the Stream and the Chat to get in touch with us at any time.
We' , "'" , 're looking forward to working with you!





Done





') or . = concat('

Application portal tutorial overlay





✕

Now, for some homework!



This space provides a secure way to:

  Complete critical tasks, like signing and providing documents
  Get updates about your loan’s progress
  
Communicate with your mortgage team and other folks you invite to participate


Together with your team, you’ll be moving your loan closer to the finish line.
Don’t worry, you’ll be notified by email of activity while you’re away.





Next







✕

Add Your Documents Online




The Tasks tab tells you what information or action we still need from you.
This is where you' , "'" , 'll provide the documents we need to process your loan, and sign important documents from us.


Click on a task to get started, and follow the directions to upload your documents.





Next







✕

Stay Up-to-Date




As your loan progresses through the key stages, you' , "'" , 'll see the latest activity posted in your Stream.


You can comment on activities, post a question or add another person like your Realtor to the transaction.
To add people, just click Invite a Collaborator.





Next







✕

We' , "'" , 're Here to Help




Your mortgage team can help answer questions you have along the way.
Use the Stream and the Chat to get in touch with us at any time.
We' , "'" , 're looking forward to working with you!





Done





'))]' not found
[[ATTACHMENT|D:\\1_Roostify\\Automation\\Roo_Core\\Reports\\Create Loan Manually Test Suite\\20180612_170525\\1528803365523.png]]

2018-06-12 17:06:05 - [MESSAGE][PASSED] - Object 'Object Repository/Common/Sign In/text_Dashboard Name' is present

2018-06-12 17:06:05 - [MESSAGE][PASSED] - Text of object 'Object Repository/Common/Sign In/text_Dashboard Name' is: 'Kalyani Admin'

2018-06-12 17:06:05 - [MESSAGE][PASSED] - Concatenated string array: '['Kalyani',' ','Admin']' into 'Kalyani Admin'

2018-06-12 17:06:05 - [MESSAGE][PASSED] - Actual text 'Kalyani Admin' and expected text 'Kalyani Admin' are matched  using regular expression

2018-06-12 17:06:05 - [MESSAGE][PASSED] - com.common.util.LoginHelper.LoginWithAdmin is PASSED

2018-06-12 17:06:05 - [TEST_STEP][PASSED] - waitForElementClickable: Object 'Object Repository/Admin Dashboard/Invite Borrower/tab_Invite Borrower' is clickable

2018-06-12 17:06:05 - [MESSAGE][PASSED] - Object 'Object Repository/Admin Dashboard/Invite Borrower/tab_Invite Borrower' is clickable

2018-06-12 17:06:05 - [TEST_STEP][PASSED] - click: Object: 'Object Repository/Admin Dashboard/Invite Borrower/tab_Invite Borrower' is clicked on

2018-06-12 17:06:05 - [MESSAGE][PASSED] - Object: 'Object Repository/Admin Dashboard/Invite Borrower/tab_Invite Borrower' is clicked on

2018-06-12 17:06:05 - [TEST_STEP][PASSED] - waitForElementVisible: Object 'Object Repository/Admin Dashboard/Invite Borrower/input_User Email' is visible

2018-06-12 17:06:06 - [MESSAGE][PASSED] - Object 'Object Repository/Admin Dashboard/Invite Borrower/input_User Email' is visible

2018-06-12 17:06:06 - [TEST_STEP][PASSED] - setText: Text 'kkachhi+test1@roostify.com' is set on object 'Object Repository/Admin Dashboard/Invite Borrower/input_User Email'

2018-06-12 17:06:06 - [MESSAGE][PASSED] - Text 'kkachhi+test1@roostify.com' is set on object 'Object Repository/Admin Dashboard/Invite Borrower/input_User Email'

2018-06-12 17:06:06 - [TEST_STEP][PASSED] - click: Object: 'Object Repository/Admin Dashboard/Invite Borrower/button_Invite' is clicked on

2018-06-12 17:06:08 - [MESSAGE][PASSED] - Object: 'Object Repository/Admin Dashboard/Invite Borrower/button_Invite' is clicked on

2018-06-12 17:06:08 - [TEST_STEP][PASSED] - callTestCase: Call Test Case 'Test Cases/Common/Gmail Login' successfully

2018-06-12 17:06:08 - [TEST_CASE][PASSED] - Test Cases/Common/Gmail Login: Test Cases/Common/Gmail Login

2018-06-12 17:06:08 - [TEST_STEP][PASSED] - openBrowser: Browser is opened with url: 'gmail.com'

2018-06-12 17:06:08 - [MESSAGE][WARNING] - A browser is already opened. Closing browser and opening a new one

2018-06-12 17:06:14 - [MESSAGE][PASSED] - Browser is opened with url: 'gmail.com'

2018-06-12 17:06:14 - [TEST_STEP][PASSED] - setText: Text 'kkachhi@roostify.com' is set on object 'Object Repository/Common/Page_Gmail/input_email'

2018-06-12 17:06:19 - [MESSAGE][PASSED] - Text 'kkachhi@roostify.com' is set on object 'Object Repository/Common/Page_Gmail/input_email'

2018-06-12 17:06:19 - [TEST_STEP][PASSED] - click: Object: 'Object Repository/Common/Page_Gmail/Next button email' is clicked on

2018-06-12 17:06:19 - [MESSAGE][PASSED] - Object: 'Object Repository/Common/Page_Gmail/Next button email' is clicked on

2018-06-12 17:06:19 - [TEST_STEP][PASSED] - waitForElementClickable: Object 'Object Repository/Common/Page_Gmail/input_password' is clickable

2018-06-12 17:06:20 - [MESSAGE][PASSED] - Object 'Object Repository/Common/Page_Gmail/input_password' is clickable

2018-06-12 17:06:20 - [TEST_STEP][PASSED] - setText: Text 'kaly@33333' is set on object 'Object Repository/Common/Page_Gmail/input_password'

2018-06-12 17:06:20 - [MESSAGE][PASSED] - Text 'kaly@33333' is set on object 'Object Repository/Common/Page_Gmail/input_password'

2018-06-12 17:06:20 - [TEST_STEP][PASSED] - waitForElementClickable: Object 'Object Repository/Common/Page_Gmail/Next button pwd' is clickable

2018-06-12 17:06:20 - [MESSAGE][PASSED] - Object 'Object Repository/Common/Page_Gmail/Next button pwd' is clickable

2018-06-12 17:06:20 - [TEST_STEP][PASSED] - click: Object: 'Object Repository/Common/Page_Gmail/Next button pwd' is clicked on

2018-06-12 17:06:20 - [MESSAGE][PASSED] - Object: 'Object Repository/Common/Page_Gmail/Next button pwd' is clicked on

2018-06-12 17:06:20 - [TEST_STEP][PASSED] - waitForPageLoad: Wait for page load successfully

2018-06-12 17:06:20 - [MESSAGE][PASSED] - Wait for page load successfully

2018-06-12 17:06:20 - [MESSAGE][PASSED] - Call Test Case 'Test Cases/Common/Gmail Login' successfully

2018-06-12 17:06:20 - [TEST_STEP][PASSED] - waitForElementPresent: Object 'Object Repository/Common/Page_Gmail/Search input box' is present

2018-06-12 17:06:29 - [MESSAGE][PASSED] - Object 'Object Repository/Common/Page_Gmail/Search input box' is present

2018-06-12 17:06:29 - [TEST_STEP][PASSED] - setText: Text 'invites you to start a home loan application' is set on object 'Object Repository/Common/Page_Gmail/Search input box'

2018-06-12 17:06:29 - [MESSAGE][PASSED] - Text 'invites you to start a home loan application' is set on object 'Object Repository/Common/Page_Gmail/Search input box'

2018-06-12 17:06:29 - [TEST_STEP][PASSED] - click: Object: 'Object Repository/Common/Page_Gmail/Search icon' is clicked on

2018-06-12 17:06:29 - [MESSAGE][PASSED] - Object: 'Object Repository/Common/Page_Gmail/Search icon' is clicked on

2018-06-12 17:06:29 - [TEST_STEP][PASSED] - takeScreenshot: Taking screenshot successfully

2018-06-12 17:06:30 - [MESSAGE][PASSED] - Taking screenshot successfully
[[ATTACHMENT|D:\\1_Roostify\\Automation\\Roo_Core\\Reports\\Create Loan Manually Test Suite\\20180612_170525\\1528803389933.png]]

2018-06-12 17:06:30 - [TEST_STEP][PASSED] - waitForElementPresent: Object 'Object Repository/Common/Page_Gmail/Mail' is present

2018-06-12 17:06:30 - [MESSAGE][PASSED] - Object 'Object Repository/Common/Page_Gmail/Mail' is present

2018-06-12 17:06:30 - [TEST_STEP][PASSED] - click: Object: 'Object Repository/Common/Page_Gmail/Mail' is clicked on

2018-06-12 17:06:30 - [MESSAGE][PASSED] - Object: 'Object Repository/Common/Page_Gmail/Mail' is clicked on

2018-06-12 17:06:30 - [TEST_STEP][PASSED] - click: Object: 'Object Repository/Common/Page_Gmail/Start Application' is clicked on

2018-06-12 17:06:30 - [MESSAGE][PASSED] - Object: 'Object Repository/Common/Page_Gmail/Start Application' is clicked on

2018-06-12 17:06:30 - [TEST_STEP][PASSED] - switchToWindowIndex: Switched to window with index: '1'

2018-06-12 17:06:30 - [MESSAGE][PASSED] - Switched to window with index: '1'

2018-06-12 17:06:30 - [TEST_STEP][PASSED] - refresh: Refresh successfully

2018-06-12 17:06:33 - [MESSAGE][PASSED] - Refresh successfully

2018-06-12 17:06:33 - [TEST_STEP][PASSED] - waitForPageLoad: Wait for page load successfully

2018-06-12 17:06:33 - [MESSAGE][PASSED] - Wait for page load successfully

2018-06-12 17:06:33 - [TEST_STEP][PASSED] - callTestCase: Call Test Case 'Test Cases/Common/Sign Up' successfully

2018-06-12 17:06:33 - [TEST_CASE][PASSED] - Test Cases/Common/Sign Up: Test Cases/Common/Sign Up

2018-06-12 17:06:33 - [TEST_STEP][PASSED] - waitForPageLoad: Wait for page load successfully

2018-06-12 17:06:33 - [MESSAGE][PASSED] - Wait for page load successfully

2018-06-12 17:06:33 - [TEST_STEP][PASSED] - setText: Text 'Kaly1' is set on object 'Object Repository/Common/Sign Up/input_userfirst_name'

2018-06-12 17:06:45 - [MESSAGE][PASSED] - Text 'Kaly1' is set on object 'Object Repository/Common/Sign Up/input_userfirst_name'

2018-06-12 17:06:45 - [TEST_STEP][PASSED] - setText: Text 'Kachhi' is set on object 'Object Repository/Common/Sign Up/input_userlast_name'

2018-06-12 17:06:45 - [MESSAGE][PASSED] - Text 'Kachhi' is set on object 'Object Repository/Common/Sign Up/input_userlast_name'

2018-06-12 17:06:45 - [TEST_STEP][PASSED] - setText: Text 'kkachhi+test1@roostify.com' is set on object 'Object Repository/Common/Sign Up/input_User email'

2018-06-12 17:06:45 - [MESSAGE][PASSED] - Text 'kkachhi+test1@roostify.com' is set on object 'Object Repository/Common/Sign Up/input_User email'

2018-06-12 17:06:45 - [TEST_STEP][PASSED] - setText: Text 'Kal@3333' is set on object 'Object Repository/Common/Sign Up/input_userpassword'

2018-06-12 17:06:45 - [MESSAGE][PASSED] - Text 'Kal@3333' is set on object 'Object Repository/Common/Sign Up/input_userpassword'

2018-06-12 17:06:45 - [TEST_STEP][PASSED] - click: Object: 'Object Repository/Common/Sign Up/input_TermsnConditions_check' is clicked on

2018-06-12 17:06:45 - [MESSAGE][PASSED] - Object: 'Object Repository/Common/Sign Up/input_TermsnConditions_check' is clicked on

2018-06-12 17:06:45 - [TEST_STEP][PASSED] - click: Object: 'Object Repository/Common/Sign Up/button_Start Application' is clicked on

2018-06-12 17:06:50 - [MESSAGE][PASSED] - Object: 'Object Repository/Common/Sign Up/button_Start Application' is clicked on

2018-06-12 17:06:50 - [TEST_STEP][PASSED] - Statement - dashboardName = com.kms.katalon.core.webui.keyword.WebUiBuiltInKeywords.getText(com.kms.katalon.core.testobject.ObjectRepository.findTestObject(Common/Sign In/text_Dashboard Name)): Text of object 'Object Repository/Common/Sign In/text_Dashboard Name' is: 'Kaly1 Kachhi'

2018-06-12 17:06:50 - [MESSAGE][PASSED] - Text of object 'Object Repository/Common/Sign In/text_Dashboard Name' is: 'Kaly1 Kachhi'

2018-06-12 17:06:50 - [TEST_STEP][PASSED] - Statement - fullName = com.kms.katalon.core.webui.keyword.WebUiBuiltInKeywords.concatenate([firstName, " ", lastName], STOP_ON_FAILURE): Concatenated string array: '['Kaly1',' ','Kachhi']' into 'Kaly1 Kachhi'

2018-06-12 17:06:50 - [MESSAGE][PASSED] - Concatenated string array: '['Kaly1',' ','Kachhi']' into 'Kaly1 Kachhi'

2018-06-12 17:06:50 - [TEST_STEP][PASSED] - verifyMatch: Actual text 'Kaly1 Kachhi' and expected text 'Kaly1 Kachhi' are matched  using regular expression

2018-06-12 17:06:50 - [MESSAGE][PASSED] - Actual text 'Kaly1 Kachhi' and expected text 'Kaly1 Kachhi' are matched  using regular expression

2018-06-12 17:06:50 - [MESSAGE][PASSED] - Call Test Case 'Test Cases/Common/Sign Up' successfully

2018-06-12 17:06:50 - [TEST_STEP][PASSED] - waitForPageLoad: Wait for page load successfully

2018-06-12 17:06:50 - [MESSAGE][PASSED] - Wait for page load successfully

2018-06-12 17:06:50 - [TEST_STEP][FAILED] - callTestCase: Unable to call Test Case with id 'Test Cases/Loan Submission/Verify Borrower is able to Submit Loan Application' (Root cause: Call Test Case 'Test Cases/Loan Submission/Verify Borrower is able to Submit Loan Application' failed)

2018-06-12 17:06:50 - [TEST_CASE][FAILED] - Test Cases/Loan Submission/Verify Borrower is able to Submit Loan Application: Test Cases/Loan Submission/Verify Borrower is able to Submit Loan Application FAILED because (of) Unable to click on object 'Object Repository/Complete Loan Details/Declarations/button_Save and return to review' (Root cause: com.kms.katalon.core.webui.exception.WebElementNotFoundException: Web element with id: 'Object Repository/Complete Loan Details/Declarations/button_Save and return to review' located by 'By.xpath: .//*[@id='loan_application_form']/div[10]/div[5]/div[4]/button[2]' not found)

2018-06-12 17:06:51 - [TEST_STEP][NOT_RUN] - com.common.util.LoginHelper.loginWith: NOT_RUN: com.common.util.LoginHelper.loginWith

2018-06-12 17:06:51 - [MESSAGE][NOT_RUN] - NOT_RUN: com.common.util.LoginHelper.loginWith

2018-06-12 17:06:51 - [TEST_STEP][PASSED] - click: Object: 'Object Repository/Complete Loan Details/Borrower Details/button_Continue' is clicked on

2018-06-12 17:06:51 - [MESSAGE][PASSED] - Object: 'Object Repository/Complete Loan Details/Borrower Details/button_Continue' is clicked on

2018-06-12 17:06:51 - [TEST_STEP][PASSED] - click: Object: 'Object Repository/Complete Loan Details/Borrower Details/button_Next' is clicked on

2018-06-12 17:06:52 - [MESSAGE][PASSED] - Object: 'Object Repository/Complete Loan Details/Borrower Details/button_Next' is clicked on

2018-06-12 17:06:52 - [TEST_STEP][PASSED] - setText: Text '3456789324' is set on object 'Object Repository/Complete Loan Details/Borrower Details/input_Primary_Phone'

2018-06-12 17:06:54 - [MESSAGE][PASSED] - Text '3456789324' is set on object 'Object Repository/Complete Loan Details/Borrower Details/input_Primary_Phone'

2018-06-12 17:06:54 - [TEST_STEP][PASSED] - click: Object: 'Object Repository/Complete Loan Details/Borrower Details/button_Next' is clicked on

2018-06-12 17:06:54 - [MESSAGE][PASSED] - Object: 'Object Repository/Complete Loan Details/Borrower Details/button_Next' is clicked on

2018-06-12 17:06:54 - [TEST_STEP][PASSED] - selectOptionByValue: All options with value '10' are selected in object 'Object Repository/Complete Loan Details/Borrower Details/select_Birth_Month'  using regular expression

2018-06-12 17:06:56 - [MESSAGE][PASSED] - All options with value '10' are selected in object 'Object Repository/Complete Loan Details/Borrower Details/select_Birth_Month'  using regular expression

2018-06-12 17:06:56 - [TEST_STEP][PASSED] - selectOptionByValue: All options with value '6' are selected in object 'Object Repository/Complete Loan Details/Borrower Details/select_Birth_Date'  using regular expression

2018-06-12 17:06:56 - [MESSAGE][PASSED] - All options with value '6' are selected in object 'Object Repository/Complete Loan Details/Borrower Details/select_Birth_Date'  using regular expression

2018-06-12 17:06:56 - [TEST_STEP][PASSED] - selectOptionByValue: All options with value '1990' are selected in object 'Object Repository/Complete Loan Details/Borrower Details/select_Birth_Year'  using regular expression

2018-06-12 17:06:57 - [MESSAGE][PASSED] - All options with value '1990' are selected in object 'Object Repository/Complete Loan Details/Borrower Details/select_Birth_Year'  using regular expression

2018-06-12 17:06:57 - [TEST_STEP][PASSED] - click: Object: 'Object Repository/Complete Loan Details/Borrower Details/button_Next' is clicked on

2018-06-12 17:06:57 - [MESSAGE][PASSED] - Object: 'Object Repository/Complete Loan Details/Borrower Details/button_Next' is clicked on

2018-06-12 17:06:57 - [TEST_STEP][PASSED] - waitForPageLoad: Wait for page load successfully

2018-06-12 17:06:57 - [MESSAGE][PASSED] - Wait for page load successfully

2018-06-12 17:06:57 - [TEST_STEP][PASSED] - setText: Text '452 Holly Lane  Hopewell' is set on object 'Object Repository/Complete Loan Details/Borrower Details/input_Address1'

2018-06-12 17:06:59 - [MESSAGE][PASSED] - Text '452 Holly Lane  Hopewell' is set on object 'Object Repository/Complete Loan Details/Borrower Details/input_Address1'

2018-06-12 17:06:59 - [TEST_STEP][PASSED] - setText: Text 'Hopewell' is set on object 'Object Repository/Complete Loan Details/Borrower Details/input_Address2'

2018-06-12 17:06:59 - [MESSAGE][PASSED] - Text 'Hopewell' is set on object 'Object Repository/Complete Loan Details/Borrower Details/input_Address2'

2018-06-12 17:06:59 - [TEST_STEP][PASSED] - selectOptionByValue: All options with value 'VT' are selected in object 'Object Repository/Complete Loan Details/Borrower Details/select_State'  using regular expression

2018-06-12 17:07:00 - [MESSAGE][PASSED] - All options with value 'VT' are selected in object 'Object Repository/Complete Loan Details/Borrower Details/select_State'  using regular expression

2018-06-12 17:07:00 - [TEST_STEP][PASSED] - setText: Text '23860' is set on object 'Object Repository/Complete Loan Details/Borrower Details/input_Zipcode'

2018-06-12 17:07:00 - [MESSAGE][PASSED] - Text '23860' is set on object 'Object Repository/Complete Loan Details/Borrower Details/input_Zipcode'

2018-06-12 17:07:00 - [TEST_STEP][PASSED] - selectOptionByValue: All options with value '9' are selected in object 'Object Repository/Complete Loan Details/Borrower Details/select_Month_Starting_from'  using regular expression

2018-06-12 17:07:00 - [MESSAGE][PASSED] - All options with value '9' are selected in object 'Object Repository/Complete Loan Details/Borrower Details/select_Month_Starting_from'  using regular expression

2018-06-12 17:07:00 - [TEST_STEP][PASSED] - selectOptionByValue: All options with value '2016' are selected in object 'Object Repository/Complete Loan Details/Borrower Details/select_Year_Starting_from'  using regular expression

2018-06-12 17:07:01 - [MESSAGE][PASSED] - All options with value '2016' are selected in object 'Object Repository/Complete Loan Details/Borrower Details/select_Year_Starting_from'  using regular expression

2018-06-12 17:07:01 - [TEST_STEP][PASSED] - click: Object: 'Object Repository/Complete Loan Details/Borrower Details/button_Yes' is clicked on

2018-06-12 17:07:01 - [MESSAGE][PASSED] - Object: 'Object Repository/Complete Loan Details/Borrower Details/button_Yes' is clicked on

2018-06-12 17:07:01 - [TEST_STEP][PASSED] - click: Object: 'Object Repository/Complete Loan Details/Borrower Details/button_Next' is clicked on

2018-06-12 17:07:01 - [MESSAGE][PASSED] - Object: 'Object Repository/Complete Loan Details/Borrower Details/button_Next' is clicked on

2018-06-12 17:07:01 - [TEST_STEP][PASSED] - click: Object: 'Object Repository/Complete Loan Details/Borrower Details/checkbox_other_mailing_address' is clicked on

2018-06-12 17:07:03 - [MESSAGE][PASSED] - Object: 'Object Repository/Complete Loan Details/Borrower Details/checkbox_other_mailing_address' is clicked on

2018-06-12 17:07:03 - [TEST_STEP][PASSED] - click: Object: 'Object Repository/Complete Loan Details/Borrower Details/checkbox_other_mailing_address' is clicked on

2018-06-12 17:07:03 - [MESSAGE][PASSED] - Object: 'Object Repository/Complete Loan Details/Borrower Details/checkbox_other_mailing_address' is clicked on

2018-06-12 17:07:03 - [TEST_STEP][PASSED] - click: Object: 'Object Repository/Complete Loan Details/Borrower Details/button_Next' is clicked on

2018-06-12 17:07:03 - [MESSAGE][PASSED] - Object: 'Object Repository/Complete Loan Details/Borrower Details/button_Next' is clicked on

2018-06-12 17:07:03 - [TEST_STEP][PASSED] - click: Object: 'Object Repository/Complete Loan Details/Borrower Details/checkbox_has_coborrower' is clicked on

2018-06-12 17:07:04 - [MESSAGE][PASSED] - Object: 'Object Repository/Complete Loan Details/Borrower Details/checkbox_has_coborrower' is clicked on

2018-06-12 17:07:04 - [TEST_STEP][PASSED] - click: Object: 'Object Repository/Complete Loan Details/Borrower Details/checkbox_has_coborrower' is clicked on

2018-06-12 17:07:04 - [MESSAGE][PASSED] - Object: 'Object Repository/Complete Loan Details/Borrower Details/checkbox_has_coborrower' is clicked on

2018-06-12 17:07:04 - [TEST_STEP][PASSED] - waitForPageLoad: Wait for page load successfully

2018-06-12 17:07:04 - [MESSAGE][PASSED] - Wait for page load successfully

2018-06-12 17:07:04 - [TEST_STEP][PASSED] - click: Object: 'Object Repository/Complete Loan Details/Application Release/Application_Release_Tab' is clicked on

2018-06-12 17:07:05 - [MESSAGE][PASSED] - Object: 'Object Repository/Complete Loan Details/Application Release/Application_Release_Tab' is clicked on

2018-06-12 17:07:05 - [TEST_STEP][PASSED] - waitForPageLoad: Wait for page load successfully

2018-06-12 17:07:05 - [MESSAGE][PASSED] - Wait for page load successfully

2018-06-12 17:07:05 - [TEST_STEP][PASSED] - click: Object: 'Object Repository/Complete Loan Details/Application Release/button_Fix_Issues' is clicked on

2018-06-12 17:07:06 - [MESSAGE][PASSED] - Object: 'Object Repository/Complete Loan Details/Application Release/button_Fix_Issues' is clicked on

2018-06-12 17:07:06 - [TEST_STEP][PASSED] - waitForPageLoad: Wait for page load successfully

2018-06-12 17:07:06 - [MESSAGE][PASSED] - Wait for page load successfully

2018-06-12 17:07:06 - [TEST_STEP][PASSED] - setText: Text '333' is set on object 'Object Repository/Complete Loan Details/Declarations/input_SSN1'

2018-06-12 17:07:07 - [MESSAGE][PASSED] - Text '333' is set on object 'Object Repository/Complete Loan Details/Declarations/input_SSN1'

2018-06-12 17:07:07 - [TEST_STEP][PASSED] - setText: Text '33' is set on object 'Object Repository/Complete Loan Details/Declarations/input_SSN2'

2018-06-12 17:07:07 - [MESSAGE][PASSED] - Text '33' is set on object 'Object Repository/Complete Loan Details/Declarations/input_SSN2'

2018-06-12 17:07:07 - [TEST_STEP][PASSED] - setText: Text '3333' is set on object 'Object Repository/Complete Loan Details/Declarations/input_SSN3'

2018-06-12 17:07:07 - [MESSAGE][PASSED] - Text '3333' is set on object 'Object Repository/Complete Loan Details/Declarations/input_SSN3'

2018-06-12 17:07:07 - [TEST_STEP][FAILED] - click: Unable to click on object 'Object Repository/Complete Loan Details/Declarations/button_Save and return to review' (Root cause: com.kms.katalon.core.webui.exception.WebElementNotFoundException: Web element with id: 'Object Repository/Complete Loan Details/Declarations/button_Save and return to review' located by 'By.xpath: .//*[@id='loan_application_form']/div[10]/div[5]/div[4]/button[2]' not found)

2018-06-12 17:07:39 - [MESSAGE][FAILED] - Unable to click on object 'Object Repository/Complete Loan Details/Declarations/button_Save and return to review' (Root cause: com.kms.katalon.core.webui.exception.WebElementNotFoundException: Web element with id: 'Object Repository/Complete Loan Details/Declarations/button_Save and return to review' located by 'By.xpath: .//*[@id='loan_application_form']/div[10]/div[5]/div[4]/button[2]' not found)
[[ATTACHMENT|D:\\1_Roostify\\Automation\\Roo_Core\\Reports\\Create Loan Manually Test Suite\\20180612_170525\\1528803459097.png]]

2018-06-12 17:07:39 - [MESSAGE][FAILED] - Unable to call Test Case with id 'Test Cases/Loan Submission/Verify Borrower is able to Submit Loan Application' (Root cause: Call Test Case 'Test Cases/Loan Submission/Verify Borrower is able to Submit Loan Application' failed)

2018-06-12 17:07:39 - [TEST_STEP][PASSED] - Start listener action : sampleAfterTestCase: Invoke 'com.kms.katalon.core.annotation.AfterTestCase' method: 'TestListeners.sampleAfterTestCase(...)' completed.

2018-06-12 17:07:39 - [TEST_STEP][PASSED] - Statement - println(testCaseContext.getTestCaseId()): null

2018-06-12 17:07:39 - [TEST_STEP][PASSED] - Statement - println(testCaseContext.getTestCaseStatus()): Invoke 'com.kms.katalon.core.annotation.AfterTestCase' method: 'TestListeners.sampleAfterTestCase(...)' completed.]]></system-out>
         <system-err><![CDATA[2018-06-12 17:05:49 - [TEST_CASE][FAILED] - Test Cases/Admin Dashboard/Verify Admin is able to Invite Borrower: Test Cases/Admin Dashboard/Verify Admin is able to Invite Borrower FAILED because (of) Unable to click on object 'Object Repository/Complete Loan Details/Declarations/button_Save and return to review' (Root cause: com.kms.katalon.core.webui.exception.WebElementNotFoundException: Web element with id: 'Object Repository/Complete Loan Details/Declarations/button_Save and return to review' located by 'By.xpath: .//*[@id='loan_application_form']/div[10]/div[5]/div[4]/button[2]' not found)]]></system-err>
      </testcase>
      <system-out><![CDATA[2018-06-12 17:05:27 - [TEST_SUITE][FAILED] - Create Loan Manually Test Suite: Test Cases/Admin Dashboard/Verify Admin is able to Invite Borrower FAILED because (of) Unable to click on object 'Object Repository/Complete Loan Details/Declarations/button_Save and return to review' (Root cause: com.kms.katalon.core.webui.exception.WebElementNotFoundException: Web element with id: 'Object Repository/Complete Loan Details/Declarations/button_Save and return to review' located by 'By.xpath: .//*[@id='loan_application_form']/div[10]/div[5]/div[4]/button[2]' not found)]]></system-out>
      <system-err><![CDATA[2018-06-12 17:05:27 - [TEST_SUITE][FAILED] - Create Loan Manually Test Suite: Test Cases/Admin Dashboard/Verify Admin is able to Invite Borrower FAILED because (of) Unable to click on object 'Object Repository/Complete Loan Details/Declarations/button_Save and return to review' (Root cause: com.kms.katalon.core.webui.exception.WebElementNotFoundException: Web element with id: 'Object Repository/Complete Loan Details/Declarations/button_Save and return to review' located by 'By.xpath: .//*[@id='loan_application_form']/div[10]/div[5]/div[4]/button[2]' not found)]]></system-err>
   </testsuite>
</testsuites>
