{"devicePlatform":"","logFolder":"D:\\1_Roostify\\Automation\\Roo_Core\\Reports\\Invite Borrower Test Suite\\20180604_125256","runData":{"hostName":"KalyaniK - KALYANIK.talentica-all.com","os":"Windows 7 64bit","katalonVersion":"5.4.1.1","browser":"Chrome 66.0.3359.181","hostAddress":"172.19.19.84","sessionId":"def7549cc8e06cb10f7580ae1560d4fa","seleniumVersion":"3.7.1","proxyInformation":"ProxyInformation{proxyOption\u003dNO_PROXY, proxyServerType\u003dHTTP, password\u003d, proxyServerAddress\u003d, proxyServerPort\u003d0}","platform":"Windows 7"},"type":"TEST_SUITE","name":"Invite Borrower Test Suite","id":"Test Suites/Invite Borrower Test Suite","source":"","message":"Test Cases/Admin Dashboard/Verify Admin is able to Invite Borrower FAILED because (of) Unable to set text \u0027kaly1\u0027 of object \u0027Object Repository/Sign Up/input_userfirst_name\u0027 (Root cause: com.kms.katalon.core.webui.exception.WebElementNotFoundException: Web element with id: \u0027Object Repository/Sign Up/input_userfirst_name\u0027 located by \u0027By.xpath: //input[@placeholder \u003d \u0027First Name\u0027 and @type \u003d \u0027text\u0027 and @name \u003d \u0027user[first_name]\u0027 and @id \u003d \u0027user_first_name\u0027]\u0027 not found)","description":"","startTime":1528096977587,"endTime":1528097057558,"childRecords":[{"isOptional":false,"type":"TEST_CASE","name":"Test Cases/Admin Dashboard/Verify Admin is able to Invite Borrower","id":"Test Cases/Admin Dashboard/Verify Admin is able to Invite Borrower","source":"D:\\\\1_Roostify\\\\Automation\\\\Roo_Core\\\\Test Cases\\\\Admin Dashboard\\\\Verify Admin is able to Invite Borrower.tc","message":"Test Cases/Admin Dashboard/Verify Admin is able to Invite Borrower FAILED because (of) Unable to set text \u0027kaly1\u0027 of object \u0027Object Repository/Sign Up/input_userfirst_name\u0027 (Root cause: com.kms.katalon.core.webui.exception.WebElementNotFoundException: Web element with id: \u0027Object Repository/Sign Up/input_userfirst_name\u0027 located by \u0027By.xpath: //input[@placeholder \u003d \u0027First Name\u0027 and @type \u003d \u0027text\u0027 and @name \u003d \u0027user[first_name]\u0027 and @id \u003d \u0027user_first_name\u0027]\u0027 not found)","description":"","startTime":1528096977949,"endTime":1528097056738,"childRecords":[{"testStatus":{"stackTrace":"","statusValue":"INFO"},"type":"MESSAGE","name":"","message":"Evaluating variables for test case","startTime":1528096977975,"endTime":0,"childRecords":[],"interuppted":false},{"index":-1,"isIgnoredIfFailed":false,"type":"TEST_STEP","name":"Start listener action : sampleBeforeTestCase","message":"Current window maximized","description":"","startTime":1528096977977,"endTime":1528096989605,"childRecords":[{"index":1,"isIgnoredIfFailed":false,"type":"TEST_STEP","name":"Statement - println(testCaseContext.getTestCaseId())","description":"","startTime":1528096977979,"endTime":1528096977985,"childRecords":[],"interuppted":false},{"index":2,"isIgnoredIfFailed":false,"type":"TEST_STEP","name":"Statement - println(testCaseContext.getTestCaseVariables())","description":"","startTime":1528096977985,"endTime":1528096977990,"childRecords":[],"interuppted":false},{"index":3,"isIgnoredIfFailed":false,"type":"TEST_STEP","name":"openBrowser","message":"Browser is opened with url: \u0027https://roostify-navy-test.herokuapp.com/\u0027","description":"","startTime":1528096977990,"endTime":1528096989459,"childRecords":[{"testStatus":{"stackTrace":"","statusValue":"PASSED"},"type":"MESSAGE","name":"","message":"Browser is opened with url: \u0027https://roostify-navy-test.herokuapp.com/\u0027","startTime":1528096989457,"endTime":0,"childRecords":[],"interuppted":false}],"interuppted":false},{"index":4,"isIgnoredIfFailed":false,"type":"TEST_STEP","name":"maximizeWindow","message":"Current window maximized","description":"","startTime":1528096989460,"endTime":1528096989605,"childRecords":[{"testStatus":{"stackTrace":"","statusValue":"PASSED"},"type":"MESSAGE","name":"","message":"Current window maximized","startTime":1528096989604,"endTime":0,"childRecords":[],"interuppted":false}],"interuppted":false}],"interuppted":false},{"index":1,"isIgnoredIfFailed":false,"type":"TEST_STEP","name":"com.common.util.LoginHelper.LoginWithAdmin","message":"com.common.util.LoginHelper.LoginWithAdmin is PASSED","description":"","startTime":1528096989796,"endTime":1528096995916,"childRecords":[{"testStatus":{"stackTrace":"","statusValue":"PASSED"},"type":"MESSAGE","name":"","message":"Wait for page load successfully","startTime":1528096989895,"endTime":0,"childRecords":[],"interuppted":false},{"testStatus":{"stackTrace":"","statusValue":"PASSED"},"type":"MESSAGE","name":"","message":"Text \u0027kkachhi+admin@roostify.com\u0027 is set on object \u0027Object Repository/Sign In/input_useremail\u0027","startTime":1528096990220,"endTime":0,"childRecords":[],"interuppted":false},{"testStatus":{"stackTrace":"","statusValue":"PASSED"},"type":"MESSAGE","name":"","message":"Text \u0027Kal@3333\u0027 is set on object \u0027Object Repository/Sign In/input_userpassword\u0027","startTime":1528096990476,"endTime":0,"childRecords":[],"interuppted":false},{"testStatus":{"stackTrace":"","statusValue":"PASSED"},"type":"MESSAGE","name":"","message":"Object: \u0027Object Repository/Sign In/button_Sign in\u0027 is clicked on","startTime":1528096990639,"endTime":0,"childRecords":[],"interuppted":false},{"testStatus":{"stackTrace":"","statusValue":"PASSED"},"type":"MESSAGE","name":"","message":"Actual text and expected text of test object \u0027Object Repository/Admin Settings/Admin settings dropdown/Profile dropdown\u0027 are matched.","startTime":1528096995915,"endTime":0,"childRecords":[],"interuppted":false},{"testStatus":{"stackTrace":"","statusValue":"PASSED"},"type":"MESSAGE","name":"","message":"com.common.util.LoginHelper.LoginWithAdmin is PASSED","startTime":1528096995916,"endTime":0,"childRecords":[],"interuppted":false}],"interuppted":false},{"index":2,"isIgnoredIfFailed":false,"type":"TEST_STEP","name":"waitForElementClickable","message":"Object \u0027Object Repository/Admin Dashboard/Invite Borrower/tab_Invite Borrower\u0027 is clickable","description":"","startTime":1528096995917,"endTime":1528096995970,"childRecords":[{"testStatus":{"stackTrace":"","statusValue":"PASSED"},"type":"MESSAGE","name":"","message":"Object \u0027Object Repository/Admin Dashboard/Invite Borrower/tab_Invite Borrower\u0027 is clickable","startTime":1528096995969,"endTime":0,"childRecords":[],"interuppted":false}],"interuppted":false},{"index":3,"isIgnoredIfFailed":false,"type":"TEST_STEP","name":"click","message":"Object: \u0027Object Repository/Admin Dashboard/Invite Borrower/tab_Invite Borrower\u0027 is clicked on","description":"","startTime":1528096995970,"endTime":1528096996051,"childRecords":[{"testStatus":{"stackTrace":"","statusValue":"PASSED"},"type":"MESSAGE","name":"","message":"Object: \u0027Object Repository/Admin Dashboard/Invite Borrower/tab_Invite Borrower\u0027 is clicked on","startTime":1528096996050,"endTime":0,"childRecords":[],"interuppted":false}],"interuppted":false},{"index":4,"isIgnoredIfFailed":false,"type":"TEST_STEP","name":"waitForElementVisible","message":"Object \u0027Object Repository/Admin Dashboard/Invite Borrower/input_User Email\u0027 is visible","description":"","startTime":1528096996051,"endTime":1528096996634,"childRecords":[{"testStatus":{"stackTrace":"","statusValue":"PASSED"},"type":"MESSAGE","name":"","message":"Object \u0027Object Repository/Admin Dashboard/Invite Borrower/input_User Email\u0027 is visible","startTime":1528096996633,"endTime":0,"childRecords":[],"interuppted":false}],"interuppted":false},{"index":5,"isIgnoredIfFailed":false,"type":"TEST_STEP","name":"setText","message":"Text \u0027kkachhi+test2@roostify.com\u0027 is set on object \u0027Object Repository/Admin Dashboard/Invite Borrower/input_User Email\u0027","description":"","startTime":1528096996634,"endTime":1528096996889,"childRecords":[{"testStatus":{"stackTrace":"","statusValue":"PASSED"},"type":"MESSAGE","name":"","message":"Text \u0027kkachhi+test2@roostify.com\u0027 is set on object \u0027Object Repository/Admin Dashboard/Invite Borrower/input_User Email\u0027","startTime":1528096996888,"endTime":0,"childRecords":[],"interuppted":false}],"interuppted":false},{"index":6,"isIgnoredIfFailed":false,"type":"TEST_STEP","name":"click","message":"Object: \u0027Object Repository/Admin Dashboard/Invite Borrower/button_Invite\u0027 is clicked on","description":"","startTime":1528096996889,"endTime":1528096998550,"childRecords":[{"testStatus":{"stackTrace":"","statusValue":"PASSED"},"type":"MESSAGE","name":"","message":"Object: \u0027Object Repository/Admin Dashboard/Invite Borrower/button_Invite\u0027 is clicked on","startTime":1528096998549,"endTime":0,"childRecords":[],"interuppted":false}],"interuppted":false},{"index":7,"isIgnoredIfFailed":false,"type":"TEST_STEP","name":"callTestCase","message":"Call Test Case \u0027Test Cases/Common/Gmail Login\u0027 successfully","description":"","startTime":1528096998550,"endTime":1528097005835,"childRecords":[{"isOptional":false,"type":"TEST_CASE","name":"Test Cases/Common/Gmail Login","id":"Test Cases/Common/Gmail Login","source":"D:\\\\1_Roostify\\\\Automation\\\\Roo_Core\\\\Test Cases\\\\Common\\\\Gmail Login.tc","message":"Test Cases/Common/Gmail Login","description":"","startTime":1528096998628,"endTime":1528097005832,"childRecords":[{"testStatus":{"stackTrace":"","statusValue":"INFO"},"type":"MESSAGE","name":"","message":"Evaluating variables for test case","startTime":1528096998633,"endTime":0,"childRecords":[],"interuppted":false},{"index":1,"isIgnoredIfFailed":false,"type":"TEST_STEP","name":"openBrowser","message":"Browser is opened with url: \u0027gmail.com\u0027","description":"","startTime":1528096998712,"endTime":1528097003309,"childRecords":[{"testStatus":{"stackTrace":"","statusValue":"WARNING"},"type":"MESSAGE","name":"","message":"A browser is already opened. Closing browser and opening a new one","startTime":1528096998714,"endTime":0,"childRecords":[],"interuppted":false},{"testStatus":{"stackTrace":"","statusValue":"PASSED"},"type":"MESSAGE","name":"","message":"Browser is opened with url: \u0027gmail.com\u0027","startTime":1528097003308,"endTime":0,"childRecords":[],"interuppted":false}],"interuppted":false},{"index":2,"isIgnoredIfFailed":false,"type":"TEST_STEP","name":"setText","message":"Text \u0027kkachhi@roostify.com\u0027 is set on object \u0027Object Repository/Admin Dashboard/Page_Gmail/input_email\u0027","description":"","startTime":1528097003309,"endTime":1528097003697,"childRecords":[{"testStatus":{"stackTrace":"","statusValue":"PASSED"},"type":"MESSAGE","name":"","message":"Text \u0027kkachhi@roostify.com\u0027 is set on object \u0027Object Repository/Admin Dashboard/Page_Gmail/input_email\u0027","startTime":1528097003696,"endTime":0,"childRecords":[],"interuppted":false}],"interuppted":false},{"index":3,"isIgnoredIfFailed":false,"type":"TEST_STEP","name":"click","message":"Object: \u0027Object Repository/Admin Dashboard/Page_Gmail/Next button\u0027 is clicked on","description":"","startTime":1528097003697,"endTime":1528097003909,"childRecords":[{"testStatus":{"stackTrace":"","statusValue":"PASSED"},"type":"MESSAGE","name":"","message":"Object: \u0027Object Repository/Admin Dashboard/Page_Gmail/Next button\u0027 is clicked on","startTime":1528097003908,"endTime":0,"childRecords":[],"interuppted":false}],"interuppted":false},{"index":4,"isIgnoredIfFailed":false,"type":"TEST_STEP","name":"waitForElementClickable","message":"Object \u0027Object Repository/Admin Dashboard/Page_Gmail/input_password\u0027 is clickable","description":"","startTime":1528097003909,"endTime":1528097005479,"childRecords":[{"testStatus":{"stackTrace":"","statusValue":"PASSED"},"type":"MESSAGE","name":"","message":"Object \u0027Object Repository/Admin Dashboard/Page_Gmail/input_password\u0027 is clickable","startTime":1528097005479,"endTime":0,"childRecords":[],"interuppted":false}],"interuppted":false},{"index":5,"isIgnoredIfFailed":false,"type":"TEST_STEP","name":"setText","message":"Text \u0027kaly@33333\u0027 is set on object \u0027Object Repository/Admin Dashboard/Page_Gmail/input_password\u0027","description":"","startTime":1528097005480,"endTime":1528097005649,"childRecords":[{"testStatus":{"stackTrace":"","statusValue":"PASSED"},"type":"MESSAGE","name":"","message":"Text \u0027kaly@33333\u0027 is set on object \u0027Object Repository/Admin Dashboard/Page_Gmail/input_password\u0027","startTime":1528097005647,"endTime":0,"childRecords":[],"interuppted":false}],"interuppted":false},{"index":6,"isIgnoredIfFailed":false,"type":"TEST_STEP","name":"click","message":"Object: \u0027Object Repository/Admin Dashboard/Page_Gmail/Next button\u0027 is clicked on","description":"","startTime":1528097005651,"endTime":1528097005823,"childRecords":[{"testStatus":{"stackTrace":"","statusValue":"PASSED"},"type":"MESSAGE","name":"","message":"Object: \u0027Object Repository/Admin Dashboard/Page_Gmail/Next button\u0027 is clicked on","startTime":1528097005823,"endTime":0,"childRecords":[],"interuppted":false}],"interuppted":false},{"index":7,"isIgnoredIfFailed":false,"type":"TEST_STEP","name":"waitForPageLoad","message":"Wait for page load successfully","description":"","startTime":1528097005824,"endTime":1528097005831,"childRecords":[{"testStatus":{"stackTrace":"","statusValue":"PASSED"},"type":"MESSAGE","name":"","message":"Wait for page load successfully","startTime":1528097005831,"endTime":0,"childRecords":[],"interuppted":false}],"interuppted":false},{"testStatus":{"stackTrace":"","statusValue":"PASSED"},"type":"MESSAGE","name":"","message":"Test Cases/Common/Gmail Login","startTime":1528097005831,"endTime":0,"childRecords":[],"interuppted":false}],"interuppted":false},{"testStatus":{"stackTrace":"","statusValue":"PASSED"},"type":"MESSAGE","name":"","message":"Call Test Case \u0027Test Cases/Common/Gmail Login\u0027 successfully","startTime":1528097005834,"endTime":0,"childRecords":[],"interuppted":false}],"interuppted":false},{"index":8,"isIgnoredIfFailed":false,"type":"TEST_STEP","name":"waitForElementPresent","message":"Object \u0027Object Repository/Admin Dashboard/Page_Gmail/Search input box\u0027 is present","description":"","startTime":1528097005836,"endTime":1528097021920,"childRecords":[{"testStatus":{"stackTrace":"","statusValue":"PASSED"},"type":"MESSAGE","name":"","message":"Object \u0027Object Repository/Admin Dashboard/Page_Gmail/Search input box\u0027 is present","startTime":1528097021919,"endTime":0,"childRecords":[],"interuppted":false}],"interuppted":false},{"index":9,"isIgnoredIfFailed":false,"type":"TEST_STEP","name":"setText","message":"Text \u0027invites you to start a home loan application\u0027 is set on object \u0027Object Repository/Admin Dashboard/Page_Gmail/Search input box\u0027","description":"","startTime":1528097021920,"endTime":1528097022358,"childRecords":[{"testStatus":{"stackTrace":"","statusValue":"PASSED"},"type":"MESSAGE","name":"","message":"Text \u0027invites you to start a home loan application\u0027 is set on object \u0027Object Repository/Admin Dashboard/Page_Gmail/Search input box\u0027","startTime":1528097022357,"endTime":0,"childRecords":[],"interuppted":false}],"interuppted":false},{"index":10,"isIgnoredIfFailed":false,"type":"TEST_STEP","name":"click","message":"Object: \u0027Object Repository/Admin Dashboard/Page_Gmail/Search icon\u0027 is clicked on","description":"","startTime":1528097022358,"endTime":1528097022467,"childRecords":[{"testStatus":{"stackTrace":"","statusValue":"PASSED"},"type":"MESSAGE","name":"","message":"Object: \u0027Object Repository/Admin Dashboard/Page_Gmail/Search icon\u0027 is clicked on","startTime":1528097022466,"endTime":0,"childRecords":[],"interuppted":false}],"interuppted":false},{"attachment":"D:\\\\1_Roostify\\\\Automation\\\\Roo_Core\\\\Reports\\\\Invite Borrower Test Suite\\\\20180604_125256\\\\1528097022477.png","index":11,"isIgnoredIfFailed":false,"type":"TEST_STEP","name":"takeScreenshot","message":"Taking screenshot successfully","description":"","startTime":1528097022467,"endTime":1528097022822,"childRecords":[{"testStatus":{"stackTrace":"","statusValue":"PASSED"},"attachment":"D:\\\\1_Roostify\\\\Automation\\\\Roo_Core\\\\Reports\\\\Invite Borrower Test Suite\\\\20180604_125256\\\\1528097022477.png","type":"MESSAGE","name":"","message":"Taking screenshot successfully","startTime":1528097022821,"endTime":0,"childRecords":[],"interuppted":false}],"interuppted":false},{"index":12,"isIgnoredIfFailed":false,"type":"TEST_STEP","name":"waitForElementPresent","message":"Object \u0027Object Repository/Admin Dashboard/Page_Gmail/Mail\u0027 is present","description":"","startTime":1528097022822,"endTime":1528097022843,"childRecords":[{"testStatus":{"stackTrace":"","statusValue":"PASSED"},"type":"MESSAGE","name":"","message":"Object \u0027Object Repository/Admin Dashboard/Page_Gmail/Mail\u0027 is present","startTime":1528097022843,"endTime":0,"childRecords":[],"interuppted":false}],"interuppted":false},{"index":13,"isIgnoredIfFailed":false,"type":"TEST_STEP","name":"click","message":"Object: \u0027Object Repository/Admin Dashboard/Page_Gmail/Mail\u0027 is clicked on","description":"","startTime":1528097022843,"endTime":1528097023138,"childRecords":[{"testStatus":{"stackTrace":"","statusValue":"PASSED"},"type":"MESSAGE","name":"","message":"Object: \u0027Object Repository/Admin Dashboard/Page_Gmail/Mail\u0027 is clicked on","startTime":1528097023138,"endTime":0,"childRecords":[],"interuppted":false}],"interuppted":false},{"index":14,"isIgnoredIfFailed":false,"type":"TEST_STEP","name":"click","message":"Object: \u0027Object Repository/Admin Dashboard/Page_Gmail/Start Application\u0027 is clicked on","description":"","startTime":1528097023138,"endTime":1528097023343,"childRecords":[{"testStatus":{"stackTrace":"","statusValue":"PASSED"},"type":"MESSAGE","name":"","message":"Object: \u0027Object Repository/Admin Dashboard/Page_Gmail/Start Application\u0027 is clicked on","startTime":1528097023342,"endTime":0,"childRecords":[],"interuppted":false}],"interuppted":false},{"index":15,"isIgnoredIfFailed":false,"type":"TEST_STEP","name":"callTestCase","message":"Unable to call Test Case with id \u0027Test Cases/Common/Sign Up\u0027 (Root cause: Call Test Case \u0027Test Cases/Common/Sign Up\u0027 failed)","description":"","startTime":1528097023343,"endTime":1528097054627,"childRecords":[{"isOptional":false,"type":"TEST_CASE","name":"Test Cases/Common/Sign Up","id":"Test Cases/Common/Sign Up","source":"D:\\\\1_Roostify\\\\Automation\\\\Roo_Core\\\\Test Cases\\\\Common\\\\Sign Up.tc","message":"Test Cases/Common/Sign Up FAILED because (of) Unable to set text \u0027kaly1\u0027 of object \u0027Object Repository/Sign Up/input_userfirst_name\u0027 (Root cause: com.kms.katalon.core.webui.exception.WebElementNotFoundException: Web element with id: \u0027Object Repository/Sign Up/input_userfirst_name\u0027 located by \u0027By.xpath: //input[@placeholder \u003d \u0027First Name\u0027 and @type \u003d \u0027text\u0027 and @name \u003d \u0027user[first_name]\u0027 and @id \u003d \u0027user_first_name\u0027]\u0027 not found)","description":"","startTime":1528097023399,"endTime":1528097054627,"childRecords":[{"testStatus":{"stackTrace":"","statusValue":"INFO"},"type":"MESSAGE","name":"","message":"Evaluating variables for test case","startTime":1528097023428,"endTime":0,"childRecords":[],"interuppted":false},{"testStatus":{"stackTrace":"","statusValue":"INFO"},"type":"MESSAGE","name":"","message":"Variable \u0027email\u0027 is set to kkachhi+test2@roostify.com","startTime":1528097023429,"endTime":0,"childRecords":[],"interuppted":false},{"testStatus":{"stackTrace":"","statusValue":"INFO"},"type":"MESSAGE","name":"","message":"Variable \u0027password\u0027 is set to Kal@3333","startTime":1528097023429,"endTime":0,"childRecords":[],"interuppted":false},{"attachment":"1528097054317.png","index":1,"isIgnoredIfFailed":false,"type":"TEST_STEP","name":"setText","message":"Unable to set text \u0027kaly1\u0027 of object \u0027Object Repository/Sign Up/input_userfirst_name\u0027 (Root cause: com.kms.katalon.core.webui.exception.WebElementNotFoundException: Web element with id: \u0027Object Repository/Sign Up/input_userfirst_name\u0027 located by \u0027By.xpath: //input[@placeholder \u003d \u0027First Name\u0027 and @type \u003d \u0027text\u0027 and @name \u003d \u0027user[first_name]\u0027 and @id \u003d \u0027user_first_name\u0027]\u0027 not found)","description":"","startTime":1528097023538,"endTime":1528097054623,"childRecords":[{"testStatus":{"stackTrace":"","statusValue":"FAILED"},"attachment":"1528097054317.png","type":"MESSAGE","name":"","message":"Unable to set text \u0027kaly1\u0027 of object \u0027Object Repository/Sign Up/input_userfirst_name\u0027 (Root cause: com.kms.katalon.core.webui.exception.WebElementNotFoundException: Web element with id: \u0027Object Repository/Sign Up/input_userfirst_name\u0027 located by \u0027By.xpath: //input[@placeholder \u003d \u0027First Name\u0027 and @type \u003d \u0027text\u0027 and @name \u003d \u0027user[first_name]\u0027 and @id \u003d \u0027user_first_name\u0027]\u0027 not found)","startTime":1528097054623,"endTime":0,"childRecords":[],"interuppted":false}],"interuppted":false},{"testStatus":{"stackTrace":"","statusValue":"FAILED"},"type":"MESSAGE","name":"","message":"Test Cases/Common/Sign Up FAILED because (of) Unable to set text \u0027kaly1\u0027 of object \u0027Object Repository/Sign Up/input_userfirst_name\u0027 (Root cause: com.kms.katalon.core.webui.exception.WebElementNotFoundException: Web element with id: \u0027Object Repository/Sign Up/input_userfirst_name\u0027 located by \u0027By.xpath: //input[@placeholder \u003d \u0027First Name\u0027 and @type \u003d \u0027text\u0027 and @name \u003d \u0027user[first_name]\u0027 and @id \u003d \u0027user_first_name\u0027]\u0027 not found)","startTime":1528097054624,"endTime":0,"childRecords":[],"interuppted":false}],"interuppted":false},{"testStatus":{"stackTrace":"","statusValue":"FAILED"},"type":"MESSAGE","name":"","message":"Unable to call Test Case with id \u0027Test Cases/Common/Sign Up\u0027 (Root cause: Call Test Case \u0027Test Cases/Common/Sign Up\u0027 failed)","startTime":1528097054627,"endTime":0,"childRecords":[],"interuppted":false}],"interuppted":false},{"testStatus":{"stackTrace":"","statusValue":"FAILED"},"type":"MESSAGE","name":"","message":"Test Cases/Admin Dashboard/Verify Admin is able to Invite Borrower FAILED because (of) Unable to set text \u0027kaly1\u0027 of object \u0027Object Repository/Sign Up/input_userfirst_name\u0027 (Root cause: com.kms.katalon.core.webui.exception.WebElementNotFoundException: Web element with id: \u0027Object Repository/Sign Up/input_userfirst_name\u0027 located by \u0027By.xpath: //input[@placeholder \u003d \u0027First Name\u0027 and @type \u003d \u0027text\u0027 and @name \u003d \u0027user[first_name]\u0027 and @id \u003d \u0027user_first_name\u0027]\u0027 not found)","startTime":1528097054628,"endTime":0,"childRecords":[],"interuppted":false},{"index":-1,"isIgnoredIfFailed":false,"type":"TEST_STEP","name":"Start listener action : sampleAfterTestCase","message":"Invoke \u0027com.kms.katalon.core.annotation.AfterTestCase\u0027 method: \u0027TestListeners.sampleAfterTestCase(...)\u0027 completed.","description":"","startTime":1528097054655,"endTime":1528097054659,"childRecords":[{"index":1,"isIgnoredIfFailed":false,"type":"TEST_STEP","name":"Statement - println(testCaseContext.getTestCaseId())","description":"","startTime":1528097054656,"endTime":1528097054657,"childRecords":[],"interuppted":false},{"index":2,"isIgnoredIfFailed":false,"type":"TEST_STEP","name":"Statement - println(testCaseContext.getTestCaseStatus())","message":"Invoke \u0027com.kms.katalon.core.annotation.AfterTestCase\u0027 method: \u0027TestListeners.sampleAfterTestCase(...)\u0027 completed.","description":"","startTime":1528097054657,"endTime":1528097054659,"childRecords":[],"interuppted":false}],"interuppted":false}],"interuppted":false}],"interuppted":false}