<?xml version="1.0" encoding="UTF-8"?>
<testsuites name="Invite Borrower Test Suite" time="79" tests="0" failures="1" errors="0">
   <testsuite name="Invite Borrower Test Suite" tests="0" failures="1" errors="0" time="79" timestamp="2018-06-04 12:52:57" hostname="KalyaniK - KALYANIK.talentica-all.com" id="Test Suites/Invite Borrower Test Suite">
      <properties>
         <property name="deviceName" value=""/>
         <property name="devicePlatform" value=""/>
         <property name="logFolder" value="D:\\1_Roostify\\Automation\\Roo_Core\\Reports\\Invite Borrower Test Suite\\20180604_125256"/>
         <property name="logFiles" value="D:\\1_Roostify\\Automation\\Roo_Core\\Reports\\Invite Borrower Test Suite\\20180604_125256\\execution0.log"/>
         <property name="attachments" value="D:\\1_Roostify\\Automation\\Roo_Core\\Reports\\Invite Borrower Test Suite\\20180604_125256\\1528097022477.png, D:\\1_Roostify\\Automation\\Roo_Core\\Reports\\Invite Borrower Test Suite\\20180604_125256\\1528097054317.png"/>
         <property name="hostName" value="KalyaniK - KALYANIK.talentica-all.com"/>
         <property name="os" value="Windows 7 64bit"/>
         <property name="katalonVersion" value="5.4.1.1"/>
         <property name="browser" value="Chrome 66.0.3359.181"/>
         <property name="hostAddress" value="172.19.19.84"/>
         <property name="sessionId" value="def7549cc8e06cb10f7580ae1560d4fa"/>
         <property name="seleniumVersion" value="3.7.1"/>
         <property name="proxyInformation" value="ProxyInformation{proxyOption=NO_PROXY, proxyServerType=HTTP, password=, proxyServerAddress=, proxyServerPort=0}"/>
         <property name="platform" value="Windows 7"/>
      </properties>
      <testcase name="Test Cases/Admin Dashboard/Verify Admin is able to Invite Borrower" classname="Test Cases/Admin Dashboard/Verify Admin is able to Invite Borrower" status="FAILED">
         <failure type="FAILED" message="Unable to set text 'kaly1' of object 'Object Repository/Sign Up/input_userfirst_name' (Root cause: com.kms.katalon.core.webui.exception.WebElementNotFoundException: Web element with id: 'Object Repository/Sign Up/input_userfirst_name' located by 'By.xpath: //input[@placeholder = 'First Name' and @type = 'text' and @name = 'user[first_name]' and @id = 'user_first_name']' not found)"/>
         <system-out><![CDATA[2018-06-04 12:52:57 - [TEST_CASE][FAILED] - Test Cases/Admin Dashboard/Verify Admin is able to Invite Borrower: Test Cases/Admin Dashboard/Verify Admin is able to Invite Borrower FAILED because (of) Unable to set text 'kaly1' of object 'Object Repository/Sign Up/input_userfirst_name' (Root cause: com.kms.katalon.core.webui.exception.WebElementNotFoundException: Web element with id: 'Object Repository/Sign Up/input_userfirst_name' located by 'By.xpath: //input[@placeholder = 'First Name' and @type = 'text' and @name = 'user[first_name]' and @id = 'user_first_name']' not found)

2018-06-04 12:52:57 - [TEST_STEP][PASSED] - Start listener action : sampleBeforeTestCase: Current window maximized

2018-06-04 12:52:57 - [TEST_STEP][PASSED] - Statement - println(testCaseContext.getTestCaseId()): null

2018-06-04 12:52:57 - [TEST_STEP][PASSED] - Statement - println(testCaseContext.getTestCaseVariables()): null

2018-06-04 12:52:57 - [TEST_STEP][PASSED] - openBrowser: Browser is opened with url: 'https://roostify-navy-test.herokuapp.com/'

2018-06-04 12:53:09 - [MESSAGE][PASSED] - Browser is opened with url: 'https://roostify-navy-test.herokuapp.com/'

2018-06-04 12:53:09 - [TEST_STEP][PASSED] - maximizeWindow: Current window maximized

2018-06-04 12:53:09 - [MESSAGE][PASSED] - Current window maximized

2018-06-04 12:53:09 - [TEST_STEP][PASSED] - com.common.util.LoginHelper.LoginWithAdmin: com.common.util.LoginHelper.LoginWithAdmin is PASSED

2018-06-04 12:53:09 - [MESSAGE][PASSED] - Wait for page load successfully

2018-06-04 12:53:10 - [MESSAGE][PASSED] - Text 'kkachhi+admin@roostify.com' is set on object 'Object Repository/Sign In/input_useremail'

2018-06-04 12:53:10 - [MESSAGE][PASSED] - Text 'Kal@3333' is set on object 'Object Repository/Sign In/input_userpassword'

2018-06-04 12:53:10 - [MESSAGE][PASSED] - Object: 'Object Repository/Sign In/button_Sign in' is clicked on

2018-06-04 12:53:15 - [MESSAGE][PASSED] - Actual text and expected text of test object 'Object Repository/Admin Settings/Admin settings dropdown/Profile dropdown' are matched.

2018-06-04 12:53:15 - [MESSAGE][PASSED] - com.common.util.LoginHelper.LoginWithAdmin is PASSED

2018-06-04 12:53:15 - [TEST_STEP][PASSED] - waitForElementClickable: Object 'Object Repository/Admin Dashboard/Invite Borrower/tab_Invite Borrower' is clickable

2018-06-04 12:53:15 - [MESSAGE][PASSED] - Object 'Object Repository/Admin Dashboard/Invite Borrower/tab_Invite Borrower' is clickable

2018-06-04 12:53:15 - [TEST_STEP][PASSED] - click: Object: 'Object Repository/Admin Dashboard/Invite Borrower/tab_Invite Borrower' is clicked on

2018-06-04 12:53:16 - [MESSAGE][PASSED] - Object: 'Object Repository/Admin Dashboard/Invite Borrower/tab_Invite Borrower' is clicked on

2018-06-04 12:53:16 - [TEST_STEP][PASSED] - waitForElementVisible: Object 'Object Repository/Admin Dashboard/Invite Borrower/input_User Email' is visible

2018-06-04 12:53:16 - [MESSAGE][PASSED] - Object 'Object Repository/Admin Dashboard/Invite Borrower/input_User Email' is visible

2018-06-04 12:53:16 - [TEST_STEP][PASSED] - setText: Text 'kkachhi+test2@roostify.com' is set on object 'Object Repository/Admin Dashboard/Invite Borrower/input_User Email'

2018-06-04 12:53:16 - [MESSAGE][PASSED] - Text 'kkachhi+test2@roostify.com' is set on object 'Object Repository/Admin Dashboard/Invite Borrower/input_User Email'

2018-06-04 12:53:16 - [TEST_STEP][PASSED] - click: Object: 'Object Repository/Admin Dashboard/Invite Borrower/button_Invite' is clicked on

2018-06-04 12:53:18 - [MESSAGE][PASSED] - Object: 'Object Repository/Admin Dashboard/Invite Borrower/button_Invite' is clicked on

2018-06-04 12:53:18 - [TEST_STEP][PASSED] - callTestCase: Call Test Case 'Test Cases/Common/Gmail Login' successfully

2018-06-04 12:53:18 - [TEST_CASE][PASSED] - Test Cases/Common/Gmail Login: Test Cases/Common/Gmail Login

2018-06-04 12:53:18 - [TEST_STEP][PASSED] - openBrowser: Browser is opened with url: 'gmail.com'

2018-06-04 12:53:18 - [MESSAGE][WARNING] - A browser is already opened. Closing browser and opening a new one

2018-06-04 12:53:23 - [MESSAGE][PASSED] - Browser is opened with url: 'gmail.com'

2018-06-04 12:53:23 - [TEST_STEP][PASSED] - setText: Text 'kkachhi@roostify.com' is set on object 'Object Repository/Admin Dashboard/Page_Gmail/input_email'

2018-06-04 12:53:23 - [MESSAGE][PASSED] - Text 'kkachhi@roostify.com' is set on object 'Object Repository/Admin Dashboard/Page_Gmail/input_email'

2018-06-04 12:53:23 - [TEST_STEP][PASSED] - click: Object: 'Object Repository/Admin Dashboard/Page_Gmail/Next button' is clicked on

2018-06-04 12:53:23 - [MESSAGE][PASSED] - Object: 'Object Repository/Admin Dashboard/Page_Gmail/Next button' is clicked on

2018-06-04 12:53:23 - [TEST_STEP][PASSED] - waitForElementClickable: Object 'Object Repository/Admin Dashboard/Page_Gmail/input_password' is clickable

2018-06-04 12:53:25 - [MESSAGE][PASSED] - Object 'Object Repository/Admin Dashboard/Page_Gmail/input_password' is clickable

2018-06-04 12:53:25 - [TEST_STEP][PASSED] - setText: Text 'kaly@33333' is set on object 'Object Repository/Admin Dashboard/Page_Gmail/input_password'

2018-06-04 12:53:25 - [MESSAGE][PASSED] - Text 'kaly@33333' is set on object 'Object Repository/Admin Dashboard/Page_Gmail/input_password'

2018-06-04 12:53:25 - [TEST_STEP][PASSED] - click: Object: 'Object Repository/Admin Dashboard/Page_Gmail/Next button' is clicked on

2018-06-04 12:53:25 - [MESSAGE][PASSED] - Object: 'Object Repository/Admin Dashboard/Page_Gmail/Next button' is clicked on

2018-06-04 12:53:25 - [TEST_STEP][PASSED] - waitForPageLoad: Wait for page load successfully

2018-06-04 12:53:25 - [MESSAGE][PASSED] - Wait for page load successfully

2018-06-04 12:53:25 - [MESSAGE][PASSED] - Call Test Case 'Test Cases/Common/Gmail Login' successfully

2018-06-04 12:53:25 - [TEST_STEP][PASSED] - waitForElementPresent: Object 'Object Repository/Admin Dashboard/Page_Gmail/Search input box' is present

2018-06-04 12:53:41 - [MESSAGE][PASSED] - Object 'Object Repository/Admin Dashboard/Page_Gmail/Search input box' is present

2018-06-04 12:53:41 - [TEST_STEP][PASSED] - setText: Text 'invites you to start a home loan application' is set on object 'Object Repository/Admin Dashboard/Page_Gmail/Search input box'

2018-06-04 12:53:42 - [MESSAGE][PASSED] - Text 'invites you to start a home loan application' is set on object 'Object Repository/Admin Dashboard/Page_Gmail/Search input box'

2018-06-04 12:53:42 - [TEST_STEP][PASSED] - click: Object: 'Object Repository/Admin Dashboard/Page_Gmail/Search icon' is clicked on

2018-06-04 12:53:42 - [MESSAGE][PASSED] - Object: 'Object Repository/Admin Dashboard/Page_Gmail/Search icon' is clicked on

2018-06-04 12:53:42 - [TEST_STEP][PASSED] - takeScreenshot: Taking screenshot successfully

2018-06-04 12:53:42 - [MESSAGE][PASSED] - Taking screenshot successfully
[[ATTACHMENT|D:\\1_Roostify\\Automation\\Roo_Core\\Reports\\Invite Borrower Test Suite\\20180604_125256\\1528097022477.png]]

2018-06-04 12:53:42 - [TEST_STEP][PASSED] - waitForElementPresent: Object 'Object Repository/Admin Dashboard/Page_Gmail/Mail' is present

2018-06-04 12:53:42 - [MESSAGE][PASSED] - Object 'Object Repository/Admin Dashboard/Page_Gmail/Mail' is present

2018-06-04 12:53:42 - [TEST_STEP][PASSED] - click: Object: 'Object Repository/Admin Dashboard/Page_Gmail/Mail' is clicked on

2018-06-04 12:53:43 - [MESSAGE][PASSED] - Object: 'Object Repository/Admin Dashboard/Page_Gmail/Mail' is clicked on

2018-06-04 12:53:43 - [TEST_STEP][PASSED] - click: Object: 'Object Repository/Admin Dashboard/Page_Gmail/Start Application' is clicked on

2018-06-04 12:53:43 - [MESSAGE][PASSED] - Object: 'Object Repository/Admin Dashboard/Page_Gmail/Start Application' is clicked on

2018-06-04 12:53:43 - [TEST_STEP][FAILED] - callTestCase: Unable to call Test Case with id 'Test Cases/Common/Sign Up' (Root cause: Call Test Case 'Test Cases/Common/Sign Up' failed)

2018-06-04 12:53:43 - [TEST_CASE][FAILED] - Test Cases/Common/Sign Up: Test Cases/Common/Sign Up FAILED because (of) Unable to set text 'kaly1' of object 'Object Repository/Sign Up/input_userfirst_name' (Root cause: com.kms.katalon.core.webui.exception.WebElementNotFoundException: Web element with id: 'Object Repository/Sign Up/input_userfirst_name' located by 'By.xpath: //input[@placeholder = 'First Name' and @type = 'text' and @name = 'user[first_name]' and @id = 'user_first_name']' not found)

2018-06-04 12:53:43 - [TEST_STEP][FAILED] - setText: Unable to set text 'kaly1' of object 'Object Repository/Sign Up/input_userfirst_name' (Root cause: com.kms.katalon.core.webui.exception.WebElementNotFoundException: Web element with id: 'Object Repository/Sign Up/input_userfirst_name' located by 'By.xpath: //input[@placeholder = 'First Name' and @type = 'text' and @name = 'user[first_name]' and @id = 'user_first_name']' not found)

2018-06-04 12:54:14 - [MESSAGE][FAILED] - Unable to set text 'kaly1' of object 'Object Repository/Sign Up/input_userfirst_name' (Root cause: com.kms.katalon.core.webui.exception.WebElementNotFoundException: Web element with id: 'Object Repository/Sign Up/input_userfirst_name' located by 'By.xpath: //input[@placeholder = 'First Name' and @type = 'text' and @name = 'user[first_name]' and @id = 'user_first_name']' not found)
[[ATTACHMENT|D:\\1_Roostify\\Automation\\Roo_Core\\Reports\\Invite Borrower Test Suite\\20180604_125256\\1528097054317.png]]

2018-06-04 12:54:14 - [MESSAGE][FAILED] - Unable to call Test Case with id 'Test Cases/Common/Sign Up' (Root cause: Call Test Case 'Test Cases/Common/Sign Up' failed)

2018-06-04 12:54:14 - [TEST_STEP][PASSED] - Start listener action : sampleAfterTestCase: Invoke 'com.kms.katalon.core.annotation.AfterTestCase' method: 'TestListeners.sampleAfterTestCase(...)' completed.

2018-06-04 12:54:14 - [TEST_STEP][PASSED] - Statement - println(testCaseContext.getTestCaseId()): null

2018-06-04 12:54:14 - [TEST_STEP][PASSED] - Statement - println(testCaseContext.getTestCaseStatus()): Invoke 'com.kms.katalon.core.annotation.AfterTestCase' method: 'TestListeners.sampleAfterTestCase(...)' completed.]]></system-out>
         <system-err><![CDATA[2018-06-04 12:52:57 - [TEST_CASE][FAILED] - Test Cases/Admin Dashboard/Verify Admin is able to Invite Borrower: Test Cases/Admin Dashboard/Verify Admin is able to Invite Borrower FAILED because (of) Unable to set text 'kaly1' of object 'Object Repository/Sign Up/input_userfirst_name' (Root cause: com.kms.katalon.core.webui.exception.WebElementNotFoundException: Web element with id: 'Object Repository/Sign Up/input_userfirst_name' located by 'By.xpath: //input[@placeholder = 'First Name' and @type = 'text' and @name = 'user[first_name]' and @id = 'user_first_name']' not found)]]></system-err>
      </testcase>
      <system-out><![CDATA[2018-06-04 12:52:57 - [TEST_SUITE][FAILED] - Invite Borrower Test Suite: Test Cases/Admin Dashboard/Verify Admin is able to Invite Borrower FAILED because (of) Unable to set text 'kaly1' of object 'Object Repository/Sign Up/input_userfirst_name' (Root cause: com.kms.katalon.core.webui.exception.WebElementNotFoundException: Web element with id: 'Object Repository/Sign Up/input_userfirst_name' located by 'By.xpath: //input[@placeholder = 'First Name' and @type = 'text' and @name = 'user[first_name]' and @id = 'user_first_name']' not found)]]></system-out>
      <system-err><![CDATA[2018-06-04 12:52:57 - [TEST_SUITE][FAILED] - Invite Borrower Test Suite: Test Cases/Admin Dashboard/Verify Admin is able to Invite Borrower FAILED because (of) Unable to set text 'kaly1' of object 'Object Repository/Sign Up/input_userfirst_name' (Root cause: com.kms.katalon.core.webui.exception.WebElementNotFoundException: Web element with id: 'Object Repository/Sign Up/input_userfirst_name' located by 'By.xpath: //input[@placeholder = 'First Name' and @type = 'text' and @name = 'user[first_name]' and @id = 'user_first_name']' not found)]]></system-err>
   </testsuite>
</testsuites>
