<?xml version="1.0" encoding="UTF-8"?>
<testsuites name="Admin Settings Test Suite" time="56" tests="1" failures="1" errors="0">
   <testsuite name="Admin Settings Test Suite" tests="1" failures="1" errors="0" time="56" timestamp="2018-06-07 18:06:19" hostname="KalyaniK - KALYANIK.talentica-all.com" id="Test Suites/Admin Settings Test Suite">
      <properties>
         <property name="deviceName" value=""/>
         <property name="devicePlatform" value=""/>
         <property name="logFolder" value="D:\\1_Roostify\\Automation\\Roo_Core\\Reports\\Admin Settings Test Suite\\20180607_180615"/>
         <property name="logFiles" value="D:\\1_Roostify\\Automation\\Roo_Core\\Reports\\Admin Settings Test Suite\\20180607_180615\\execution0.log"/>
         <property name="attachments" value="D:\\1_Roostify\\Automation\\Roo_Core\\Reports\\Admin Settings Test Suite\\20180607_180615\\1528375025010.png, D:\\1_Roostify\\Automation\\Roo_Core\\Reports\\Admin Settings Test Suite\\20180607_180615\\1528375033756.png, D:\\1_Roostify\\Automation\\Roo_Core\\Reports\\Admin Settings Test Suite\\20180607_180615\\1528375033824.png"/>
         <property name="hostName" value="KalyaniK - KALYANIK.talentica-all.com"/>
         <property name="os" value="Windows 7 64bit"/>
         <property name="katalonVersion" value="5.4.1.1"/>
         <property name="browser" value="Firefox 47.0"/>
         <property name="hostAddress" value="172.19.19.84"/>
         <property name="sessionId" value="812dd763-dafe-4781-9d8a-f58982c53d3d"/>
         <property name="seleniumVersion" value="3.7.1"/>
         <property name="proxyInformation" value="ProxyInformation{proxyOption=NO_PROXY, proxyServerType=HTTP, password=, proxyServerAddress=, proxyServerPort=0}"/>
         <property name="platform" value="Windows 7"/>
      </properties>
      <testcase name="Test Cases/Admin Settings/Verify Admin is able to Change Password" classname="Test Cases/Admin Settings/Verify Admin is able to Change Password" status="PASSED">
         <system-out><![CDATA[2018-06-07 18:06:20 - [TEST_CASE][PASSED] - Test Cases/Admin Settings/Verify Admin is able to Change Password: Test Cases/Admin Settings/Verify Admin is able to Change Password

2018-06-07 18:06:20 - [TEST_STEP][PASSED] - Start listener action : sampleBeforeTestCase: Current window maximized

2018-06-07 18:06:20 - [TEST_STEP][PASSED] - Statement - println(testCaseContext.getTestCaseId()): null

2018-06-07 18:06:20 - [TEST_STEP][PASSED] - Statement - println(testCaseContext.getTestCaseVariables()): null

2018-06-07 18:06:20 - [TEST_STEP][PASSED] - openBrowser: Browser is opened with url: 'https://roostify-navy-test.herokuapp.com/'

2018-06-07 18:06:36 - [MESSAGE][PASSED] - Browser is opened with url: 'https://roostify-navy-test.herokuapp.com/'

2018-06-07 18:06:36 - [TEST_STEP][PASSED] - maximizeWindow: Current window maximized

2018-06-07 18:06:36 - [MESSAGE][PASSED] - Current window maximized

2018-06-07 18:06:36 - [TEST_STEP][PASSED] - Statement - driver = com.kms.katalon.core.webui.driver.DriverFactory.getWebDriver(): null

2018-06-07 18:06:36 - [TEST_STEP][PASSED] - Statement - baseUrl = "https://www.katalon.com/": null

2018-06-07 18:06:36 - [TEST_STEP][PASSED] - Statement - selenium = new com.thoughtworks.selenium.webdriven.WebDriverBackedSelenium(driver, baseUrl): null

2018-06-07 18:06:36 - [TEST_STEP][PASSED] - Statement - selenium.open("https://roostify-navy-test.herokuapp.com/"): null

2018-06-07 18:06:37 - [TEST_STEP][PASSED] - Statement - selenium.type("id=user_email", "kkachhi+admin@roostify.com"): null

2018-06-07 18:06:38 - [TEST_STEP][PASSED] - Statement - selenium.type("id=user_password", "Kal@3333"): null

2018-06-07 18:06:38 - [TEST_STEP][PASSED] - Statement - selenium.click("id=sign_in_button"): null

2018-06-07 18:06:38 - [TEST_STEP][PASSED] - Statement - selenium.waitForPageToLoad("5000"): null

2018-06-07 18:06:38 - [TEST_STEP][PASSED] - Statement - selenium.click("//body[@id='dashboard_controller']/div[6]/div/div/ul/li/a/span"): null

2018-06-07 18:06:44 - [TEST_STEP][PASSED] - Statement - selenium.click("//body[@id='dashboard_controller']/div[6]/div/div/ul/li/ul/li[2]/a/span"): null

2018-06-07 18:06:44 - [TEST_STEP][PASSED] - Statement - selenium.type("id=user_current_password", "Kal@3333"): null

2018-06-07 18:06:45 - [TEST_STEP][PASSED] - Statement - selenium.type("id=user_password", "Kal@3333"): null

2018-06-07 18:06:45 - [TEST_STEP][PASSED] - Statement - selenium.click("name=button"): null

2018-06-07 18:06:45 - [TEST_STEP][PASSED] - Statement - For ([second = 0, <not implemented yet for class: org.codehaus.groovy.ast.expr.EmptyExpression>, (second++)]): null

2018-06-07 18:06:45 - [TEST_STEP][PASSED] - Statement - If (second >= 60): null

2018-06-07 18:06:45 - [TEST_STEP][PASSED] - Statement - Try: null

2018-06-07 18:06:45 - [TEST_STEP][PASSED] - Statement - If (selenium.isElementPresent("//body[@id='users_controller']/div")): null

2018-06-07 18:06:45 - [TEST_STEP][PASSED] - Statement - out.println("Changes successfully saved!!!!"): null

2018-06-07 18:06:45 - [TEST_STEP][PASSED] - Start listener action : sampleAfterTestCase: Invoke 'com.kms.katalon.core.annotation.AfterTestCase' method: 'TestListeners.sampleAfterTestCase(...)' completed.

2018-06-07 18:06:45 - [TEST_STEP][PASSED] - Statement - println(testCaseContext.getTestCaseId()): null

2018-06-07 18:06:45 - [TEST_STEP][PASSED] - Statement - println(testCaseContext.getTestCaseStatus()): Invoke 'com.kms.katalon.core.annotation.AfterTestCase' method: 'TestListeners.sampleAfterTestCase(...)' completed.]]></system-out>
         <system-err><![CDATA[]]></system-err>
      </testcase>
      <testcase name="Test Cases/Admin Settings/Verify Admin is able to Update Profile" classname="Test Cases/Admin Settings/Verify Admin is able to Update Profile" status="FAILED">
         <failure type="FAILED" message="Unable to verify object 'Object Repository/Admin Settings/AdminProfile/msg_User photo upload successful' is present (Root cause: com.kms.katalon.core.webui.exception.WebElementNotFoundException: Web element with id: 'Object Repository/Admin Settings/AdminProfile/msg_User photo upload successful' located by 'By.xpath: //p[(text() = 'User photo successfully updated' or . = 'User photo successfully updated')]' not found)"/>
         <system-out><![CDATA[2018-06-07 18:06:47 - [TEST_CASE][FAILED] - Test Cases/Admin Settings/Verify Admin is able to Update Profile: Test Cases/Admin Settings/Verify Admin is able to Update Profile FAILED because (of) Unable to verify object 'Object Repository/Admin Settings/AdminProfile/msg_User photo upload successful' is present (Root cause: com.kms.katalon.core.webui.exception.WebElementNotFoundException: Web element with id: 'Object Repository/Admin Settings/AdminProfile/msg_User photo upload successful' located by 'By.xpath: //p[(text() = 'User photo successfully updated' or . = 'User photo successfully updated')]' not found)

2018-06-07 18:06:47 - [TEST_STEP][PASSED] - Start listener action : sampleBeforeTestCase: Current window maximized

2018-06-07 18:06:47 - [TEST_STEP][PASSED] - Statement - println(testCaseContext.getTestCaseId()): null

2018-06-07 18:06:47 - [TEST_STEP][PASSED] - Statement - println(testCaseContext.getTestCaseVariables()): null

2018-06-07 18:06:47 - [TEST_STEP][PASSED] - openBrowser: Browser is opened with url: 'https://roostify-navy-test.herokuapp.com/'

2018-06-07 18:06:47 - [MESSAGE][WARNING] - A browser is already opened. Closing browser and opening a new one

2018-06-07 18:06:58 - [MESSAGE][PASSED] - Browser is opened with url: 'https://roostify-navy-test.herokuapp.com/'

2018-06-07 18:06:58 - [TEST_STEP][PASSED] - maximizeWindow: Current window maximized

2018-06-07 18:06:58 - [MESSAGE][PASSED] - Current window maximized

2018-06-07 18:06:58 - [TEST_STEP][PASSED] - com.common.util.LoginHelper.LoginWithAdmin: com.common.util.LoginHelper.LoginWithAdmin is PASSED

2018-06-07 18:06:58 - [MESSAGE][PASSED] - Wait for page load successfully

2018-06-07 18:06:59 - [MESSAGE][PASSED] - Text 'kkachhi+admin@roostify.com' is set on object 'Object Repository/Common/Sign In/input_useremail'

2018-06-07 18:06:59 - [MESSAGE][PASSED] - Text 'Kal@3333' is set on object 'Object Repository/Common/Sign In/input_userpassword'

2018-06-07 18:06:59 - [MESSAGE][PASSED] - Object: 'Object Repository/Common/Sign In/button_Sign in' is clicked on

2018-06-07 18:07:05 - [MESSAGE][WARNING] - com.kms.katalon.core.webui.exception.WebElementNotFoundException: Web element with id: 'Object Repository/Common/Sign In/div_Login_Popup' located by 'By.xpath: //div[@id = 'tutorial-borrower' and (text() = concat('

Application portal tutorial overlay





✕

Now, for some homework!



This space provides a secure way to:

  Complete critical tasks, like signing and providing documents
  Get updates about your loan’s progress
  
Communicate with your mortgage team and other folks you invite to participate


Together with your team, you’ll be moving your loan closer to the finish line.
Don’t worry, you’ll be notified by email of activity while you’re away.





Next







✕

Add Your Documents Online




The Tasks tab tells you what information or action we still need from you.
This is where you' , "'" , 'll provide the documents we need to process your loan, and sign important documents from us.


Click on a task to get started, and follow the directions to upload your documents.





Next







✕

Stay Up-to-Date




As your loan progresses through the key stages, you' , "'" , 'll see the latest activity posted in your Stream.


You can comment on activities, post a question or add another person like your Realtor to the transaction.
To add people, just click Invite a Collaborator.





Next







✕

We' , "'" , 're Here to Help




Your mortgage team can help answer questions you have along the way.
Use the Stream and the Chat to get in touch with us at any time.
We' , "'" , 're looking forward to working with you!





Done





') or . = concat('

Application portal tutorial overlay





✕

Now, for some homework!



This space provides a secure way to:

  Complete critical tasks, like signing and providing documents
  Get updates about your loan’s progress
  
Communicate with your mortgage team and other folks you invite to participate


Together with your team, you’ll be moving your loan closer to the finish line.
Don’t worry, you’ll be notified by email of activity while you’re away.





Next







✕

Add Your Documents Online




The Tasks tab tells you what information or action we still need from you.
This is where you' , "'" , 'll provide the documents we need to process your loan, and sign important documents from us.


Click on a task to get started, and follow the directions to upload your documents.





Next







✕

Stay Up-to-Date




As your loan progresses through the key stages, you' , "'" , 'll see the latest activity posted in your Stream.


You can comment on activities, post a question or add another person like your Realtor to the transaction.
To add people, just click Invite a Collaborator.





Next







✕

We' , "'" , 're Here to Help




Your mortgage team can help answer questions you have along the way.
Use the Stream and the Chat to get in touch with us at any time.
We' , "'" , 're looking forward to working with you!





Done





'))]' not found
[[ATTACHMENT|D:\\1_Roostify\\Automation\\Roo_Core\\Reports\\Admin Settings Test Suite\\20180607_180615\\1528375025010.png]]

2018-06-07 18:07:05 - [MESSAGE][PASSED] - Object 'Object Repository/Common/Sign In/text_Dashboard Name' is present

2018-06-07 18:07:05 - [MESSAGE][PASSED] - Text of object 'Object Repository/Common/Sign In/text_Dashboard Name' is: 'Kalyani Admin'

2018-06-07 18:07:05 - [MESSAGE][PASSED] - Concatenated string array: '['Kalyani',' ','Admin']' into 'Kalyani Admin'

2018-06-07 18:07:05 - [MESSAGE][PASSED] - Actual text 'Kalyani Admin' and expected text 'Kalyani Admin' are matched  using regular expression

2018-06-07 18:07:05 - [MESSAGE][PASSED] - com.common.util.LoginHelper.LoginWithAdmin is PASSED

2018-06-07 18:07:05 - [TEST_STEP][PASSED] - waitForPageLoad: Wait for page load successfully

2018-06-07 18:07:05 - [MESSAGE][PASSED] - Wait for page load successfully

2018-06-07 18:07:05 - [TEST_STEP][PASSED] - click: Object: 'Object Repository/Admin Settings/Admin settings dropdown/span_Kalyani Admin' is clicked on

2018-06-07 18:07:05 - [MESSAGE][PASSED] - Object: 'Object Repository/Admin Settings/Admin settings dropdown/span_Kalyani Admin' is clicked on

2018-06-07 18:07:05 - [TEST_STEP][PASSED] - click: Object: 'Object Repository/Admin Settings/Admin settings dropdown/span_Profile' is clicked on

2018-06-07 18:07:05 - [MESSAGE][PASSED] - Object: 'Object Repository/Admin Settings/Admin settings dropdown/span_Profile' is clicked on

2018-06-07 18:07:05 - [TEST_STEP][PASSED] - setText: Text 'Kalyani' is set on object 'Object Repository/Admin Settings/AdminProfile/input_userfirst_name'

2018-06-07 18:07:07 - [MESSAGE][PASSED] - Text 'Kalyani' is set on object 'Object Repository/Admin Settings/AdminProfile/input_userfirst_name'

2018-06-07 18:07:07 - [TEST_STEP][PASSED] - setText: Text 'Admin' is set on object 'Object Repository/Admin Settings/AdminProfile/input_userlast_name'

2018-06-07 18:07:07 - [MESSAGE][PASSED] - Text 'Admin' is set on object 'Object Repository/Admin Settings/AdminProfile/input_userlast_name'

2018-06-07 18:07:07 - [TEST_STEP][PASSED] - setText: Text 'kkachhi+admin@roostify.com' is set on object 'Object Repository/Admin Settings/AdminProfile/input_useremail'

2018-06-07 18:07:07 - [MESSAGE][PASSED] - Text 'kkachhi+admin@roostify.com' is set on object 'Object Repository/Admin Settings/AdminProfile/input_useremail'

2018-06-07 18:07:07 - [TEST_STEP][PASSED] - setText: Text '4567890983' is set on object 'Object Repository/Admin Settings/AdminProfile/input_usermobile_phone'

2018-06-07 18:07:07 - [MESSAGE][PASSED] - Text '4567890983' is set on object 'Object Repository/Admin Settings/AdminProfile/input_usermobile_phone'

2018-06-07 18:07:07 - [TEST_STEP][PASSED] - setText: Text '5431234563' is set on object 'Object Repository/Admin Settings/AdminProfile/input_userhome_phone'

2018-06-07 18:07:07 - [MESSAGE][PASSED] - Text '5431234563' is set on object 'Object Repository/Admin Settings/AdminProfile/input_userhome_phone'

2018-06-07 18:07:07 - [TEST_STEP][PASSED] - click: Object: 'Object Repository/Admin Settings/AdminProfile/button_Save' is clicked on

2018-06-07 18:07:08 - [MESSAGE][PASSED] - Object: 'Object Repository/Admin Settings/AdminProfile/button_Save' is clicked on

2018-06-07 18:07:08 - [TEST_STEP][PASSED] - verifyElementPresent: Object 'Object Repository/Admin Settings/AdminProfile/msg_Changes successfully saved' is present

2018-06-07 18:07:08 - [MESSAGE][PASSED] - Object 'Object Repository/Admin Settings/AdminProfile/msg_Changes successfully saved' is present

2018-06-07 18:07:08 - [TEST_STEP][PASSED] - sendKeys: Keys 'D:/1_Roostify/images/pic2.jpg' sent to object: 'Object Repository/Admin Settings/AdminProfile/button_Upload Profile Photo'

2018-06-07 18:07:08 - [MESSAGE][PASSED] - Keys 'D:/1_Roostify/images/pic2.jpg' sent to object: 'Object Repository/Admin Settings/AdminProfile/button_Upload Profile Photo'

2018-06-07 18:07:08 - [TEST_STEP][FAILED] - verifyElementPresent: Unable to verify object 'Object Repository/Admin Settings/AdminProfile/msg_User photo upload successful' is present (Root cause: com.kms.katalon.core.webui.exception.WebElementNotFoundException: Web element with id: 'Object Repository/Admin Settings/AdminProfile/msg_User photo upload successful' located by 'By.xpath: //p[(text() = 'User photo successfully updated' or . = 'User photo successfully updated')]' not found)

2018-06-07 18:07:13 - [MESSAGE][FAILED] - com.kms.katalon.core.webui.exception.WebElementNotFoundException: Web element with id: 'Object Repository/Admin Settings/AdminProfile/msg_User photo upload successful' located by 'By.xpath: //p[(text() = 'User photo successfully updated' or . = 'User photo successfully updated')]' not found
[[ATTACHMENT|D:\\1_Roostify\\Automation\\Roo_Core\\Reports\\Admin Settings Test Suite\\20180607_180615\\1528375033756.png]]

2018-06-07 18:07:13 - [MESSAGE][FAILED] - Unable to verify object 'Object Repository/Admin Settings/AdminProfile/msg_User photo upload successful' is present (Root cause: com.kms.katalon.core.webui.exception.WebElementNotFoundException: Web element with id: 'Object Repository/Admin Settings/AdminProfile/msg_User photo upload successful' located by 'By.xpath: //p[(text() = 'User photo successfully updated' or . = 'User photo successfully updated')]' not found)
[[ATTACHMENT|D:\\1_Roostify\\Automation\\Roo_Core\\Reports\\Admin Settings Test Suite\\20180607_180615\\1528375033824.png]]

2018-06-07 18:07:13 - [TEST_STEP][PASSED] - Start listener action : sampleAfterTestCase: Invoke 'com.kms.katalon.core.annotation.AfterTestCase' method: 'TestListeners.sampleAfterTestCase(...)' completed.

2018-06-07 18:07:13 - [TEST_STEP][PASSED] - Statement - println(testCaseContext.getTestCaseId()): null

2018-06-07 18:07:13 - [TEST_STEP][PASSED] - Statement - println(testCaseContext.getTestCaseStatus()): Invoke 'com.kms.katalon.core.annotation.AfterTestCase' method: 'TestListeners.sampleAfterTestCase(...)' completed.]]></system-out>
         <system-err><![CDATA[2018-06-07 18:06:47 - [TEST_CASE][FAILED] - Test Cases/Admin Settings/Verify Admin is able to Update Profile: Test Cases/Admin Settings/Verify Admin is able to Update Profile FAILED because (of) Unable to verify object 'Object Repository/Admin Settings/AdminProfile/msg_User photo upload successful' is present (Root cause: com.kms.katalon.core.webui.exception.WebElementNotFoundException: Web element with id: 'Object Repository/Admin Settings/AdminProfile/msg_User photo upload successful' located by 'By.xpath: //p[(text() = 'User photo successfully updated' or . = 'User photo successfully updated')]' not found)]]></system-err>
      </testcase>
      <system-out><![CDATA[2018-06-07 18:06:19 - [TEST_SUITE][FAILED] - Admin Settings Test Suite: Test Cases/Admin Settings/Verify Admin is able to Update Profile FAILED because (of) Unable to verify object 'Object Repository/Admin Settings/AdminProfile/msg_User photo upload successful' is present (Root cause: com.kms.katalon.core.webui.exception.WebElementNotFoundException: Web element with id: 'Object Repository/Admin Settings/AdminProfile/msg_User photo upload successful' located by 'By.xpath: //p[(text() = 'User photo successfully updated' or . = 'User photo successfully updated')]' not found)]]></system-out>
      <system-err><![CDATA[2018-06-07 18:06:19 - [TEST_SUITE][FAILED] - Admin Settings Test Suite: Test Cases/Admin Settings/Verify Admin is able to Update Profile FAILED because (of) Unable to verify object 'Object Repository/Admin Settings/AdminProfile/msg_User photo upload successful' is present (Root cause: com.kms.katalon.core.webui.exception.WebElementNotFoundException: Web element with id: 'Object Repository/Admin Settings/AdminProfile/msg_User photo upload successful' located by 'By.xpath: //p[(text() = 'User photo successfully updated' or . = 'User photo successfully updated')]' not found)]]></system-err>
   </testsuite>
</testsuites>
