{"devicePlatform":"","logFolder":"D:\\1_Roostify\\Automation\\Roo_Core\\Reports\\Copy referral Link Test Suite\\20180531_121647","runData":{"hostName":"KalyaniK - KALYANIK.talentica-all.com","os":"Windows 7 64bit","katalonVersion":"5.4.1.1","browser":"Firefox 47.0","hostAddress":"172.19.19.84","sessionId":"2b102372-738a-4405-b915-aeb71f3bc262","seleniumVersion":"3.7.1","proxyInformation":"ProxyInformation{proxyOption\u003dNO_PROXY, proxyServerType\u003dHTTP, password\u003d, proxyServerAddress\u003d, proxyServerPort\u003d0}","platform":"Windows 7"},"type":"TEST_SUITE","name":"Copy referral Link Test Suite","id":"Test Suites/Copy referral Link Test Suite","source":"","message":"Test Cases/Admin Dashboard/Verify Admin is able to Copy Referral Link FAILED because (of) Unable to set text \u0027kkachhi+admin@roostify.com\u0027 of object \u0027Object Repository/Sign In/input_useremail\u0027 (Root cause: com.kms.katalon.core.webui.exception.WebElementNotFoundException: Web element with id: \u0027Object Repository/Sign In/input_useremail\u0027 located by \u0027By.xpath: //input[@placeholder \u003d \u0027Email\u0027 and @type \u003d \u0027text\u0027 and @name \u003d \u0027user[email]\u0027 and @id \u003d \u0027user_email\u0027]\u0027 not found)","description":"","startTime":1527749209330,"endTime":1527749267564,"childRecords":[{"isOptional":false,"type":"TEST_CASE","name":"Test Cases/Admin Dashboard/Verify Admin is able to Copy Referral Link","id":"Test Cases/Admin Dashboard/Verify Admin is able to Copy Referral Link","source":"D:\\\\1_Roostify\\\\Automation\\\\Roo_Core\\\\Test Cases\\\\Admin Dashboard\\\\Verify Admin is able to Copy Referral Link.tc","message":"Test Cases/Admin Dashboard/Verify Admin is able to Copy Referral Link FAILED because (of) Unable to set text \u0027kkachhi+admin@roostify.com\u0027 of object \u0027Object Repository/Sign In/input_useremail\u0027 (Root cause: com.kms.katalon.core.webui.exception.WebElementNotFoundException: Web element with id: \u0027Object Repository/Sign In/input_useremail\u0027 located by \u0027By.xpath: //input[@placeholder \u003d \u0027Email\u0027 and @type \u003d \u0027text\u0027 and @name \u003d \u0027user[email]\u0027 and @id \u003d \u0027user_email\u0027]\u0027 not found)","description":"","startTime":1527749222644,"endTime":1527749267538,"childRecords":[{"testStatus":{"stackTrace":"","statusValue":"INFO"},"type":"MESSAGE","name":"","message":"Evaluating variables for test case","startTime":1527749222677,"endTime":0,"childRecords":[],"interuppted":false},{"index":-1,"isIgnoredIfFailed":false,"type":"TEST_STEP","name":"Start listener action : sampleBeforeTestCase","message":"Current window maximized","description":"","startTime":1527749222678,"endTime":1527749233804,"childRecords":[{"index":1,"isIgnoredIfFailed":false,"type":"TEST_STEP","name":"Statement - println(testCaseContext.getTestCaseId())","description":"","startTime":1527749222680,"endTime":1527749222684,"childRecords":[],"interuppted":false},{"index":2,"isIgnoredIfFailed":false,"type":"TEST_STEP","name":"Statement - println(testCaseContext.getTestCaseVariables())","description":"","startTime":1527749222684,"endTime":1527749222686,"childRecords":[],"interuppted":false},{"index":3,"isIgnoredIfFailed":false,"type":"TEST_STEP","name":"openBrowser","message":"Browser is opened with url: \u0027https://roostify-dev-pr-6203.herokuapp.com/\u0027","description":"","startTime":1527749222686,"endTime":1527749233775,"childRecords":[{"testStatus":{"stackTrace":"","statusValue":"WARNING"},"type":"MESSAGE","name":"","message":"A browser is already opened. Closing browser and opening a new one","startTime":1527749222687,"endTime":0,"childRecords":[],"interuppted":false},{"testStatus":{"stackTrace":"","statusValue":"PASSED"},"type":"MESSAGE","name":"","message":"Browser is opened with url: \u0027https://roostify-dev-pr-6203.herokuapp.com/\u0027","startTime":1527749233774,"endTime":0,"childRecords":[],"interuppted":false}],"interuppted":false},{"index":4,"isIgnoredIfFailed":false,"type":"TEST_STEP","name":"maximizeWindow","message":"Current window maximized","description":"","startTime":1527749233776,"endTime":1527749233804,"childRecords":[{"testStatus":{"stackTrace":"","statusValue":"PASSED"},"type":"MESSAGE","name":"","message":"Current window maximized","startTime":1527749233802,"endTime":0,"childRecords":[],"interuppted":false}],"interuppted":false}],"interuppted":false},{"index":1,"isIgnoredIfFailed":false,"type":"TEST_STEP","name":"callTestCase","message":"Unable to call Test Case with id \u0027Test Cases/Common/Sign In\u0027 (Root cause: Call Test Case \u0027Test Cases/Common/Sign In\u0027 failed)","description":"","startTime":1527749233945,"endTime":1527749265081,"childRecords":[{"isOptional":false,"type":"TEST_CASE","name":"Test Cases/Common/Sign In","id":"Test Cases/Common/Sign In","source":"D:\\\\1_Roostify\\\\Automation\\\\Roo_Core\\\\Test Cases\\\\Common\\\\Sign In.tc","message":"Test Cases/Common/Sign In FAILED because (of) Unable to set text \u0027kkachhi+admin@roostify.com\u0027 of object \u0027Object Repository/Sign In/input_useremail\u0027 (Root cause: com.kms.katalon.core.webui.exception.WebElementNotFoundException: Web element with id: \u0027Object Repository/Sign In/input_useremail\u0027 located by \u0027By.xpath: //input[@placeholder \u003d \u0027Email\u0027 and @type \u003d \u0027text\u0027 and @name \u003d \u0027user[email]\u0027 and @id \u003d \u0027user_email\u0027]\u0027 not found)","description":"","startTime":1527749234046,"endTime":1527749265077,"childRecords":[{"testStatus":{"stackTrace":"","statusValue":"INFO"},"type":"MESSAGE","name":"","message":"Evaluating variables for test case","startTime":1527749234081,"endTime":0,"childRecords":[],"interuppted":false},{"testStatus":{"stackTrace":"","statusValue":"INFO"},"type":"MESSAGE","name":"","message":"Variable \u0027email\u0027 is set to kkachhi+admin@roostify.com","startTime":1527749234082,"endTime":0,"childRecords":[],"interuppted":false},{"testStatus":{"stackTrace":"","statusValue":"INFO"},"type":"MESSAGE","name":"","message":"Variable \u0027password\u0027 is set to Kal@3333","startTime":1527749234082,"endTime":0,"childRecords":[],"interuppted":false},{"attachment":"1527749264934.png","index":1,"isIgnoredIfFailed":false,"type":"TEST_STEP","name":"setText","message":"Unable to set text \u0027kkachhi+admin@roostify.com\u0027 of object \u0027Object Repository/Sign In/input_useremail\u0027 (Root cause: com.kms.katalon.core.webui.exception.WebElementNotFoundException: Web element with id: \u0027Object Repository/Sign In/input_useremail\u0027 located by \u0027By.xpath: //input[@placeholder \u003d \u0027Email\u0027 and @type \u003d \u0027text\u0027 and @name \u003d \u0027user[email]\u0027 and @id \u003d \u0027user_email\u0027]\u0027 not found)","description":"","startTime":1527749234167,"endTime":1527749265054,"childRecords":[{"testStatus":{"stackTrace":"","statusValue":"FAILED"},"attachment":"1527749264934.png","type":"MESSAGE","name":"","message":"Unable to set text \u0027kkachhi+admin@roostify.com\u0027 of object \u0027Object Repository/Sign In/input_useremail\u0027 (Root cause: com.kms.katalon.core.webui.exception.WebElementNotFoundException: Web element with id: \u0027Object Repository/Sign In/input_useremail\u0027 located by \u0027By.xpath: //input[@placeholder \u003d \u0027Email\u0027 and @type \u003d \u0027text\u0027 and @name \u003d \u0027user[email]\u0027 and @id \u003d \u0027user_email\u0027]\u0027 not found)","startTime":1527749265053,"endTime":0,"childRecords":[],"interuppted":false}],"interuppted":false},{"testStatus":{"stackTrace":"","statusValue":"FAILED"},"type":"MESSAGE","name":"","message":"Test Cases/Common/Sign In FAILED because (of) Unable to set text \u0027kkachhi+admin@roostify.com\u0027 of object \u0027Object Repository/Sign In/input_useremail\u0027 (Root cause: com.kms.katalon.core.webui.exception.WebElementNotFoundException: Web element with id: \u0027Object Repository/Sign In/input_useremail\u0027 located by \u0027By.xpath: //input[@placeholder \u003d \u0027Email\u0027 and @type \u003d \u0027text\u0027 and @name \u003d \u0027user[email]\u0027 and @id \u003d \u0027user_email\u0027]\u0027 not found)","startTime":1527749265054,"endTime":0,"childRecords":[],"interuppted":false}],"interuppted":false},{"testStatus":{"stackTrace":"","statusValue":"FAILED"},"type":"MESSAGE","name":"","message":"Unable to call Test Case with id \u0027Test Cases/Common/Sign In\u0027 (Root cause: Call Test Case \u0027Test Cases/Common/Sign In\u0027 failed)","startTime":1527749265081,"endTime":0,"childRecords":[],"interuppted":false}],"interuppted":false},{"testStatus":{"stackTrace":"","statusValue":"FAILED"},"type":"MESSAGE","name":"","message":"Test Cases/Admin Dashboard/Verify Admin is able to Copy Referral Link FAILED because (of) Unable to set text \u0027kkachhi+admin@roostify.com\u0027 of object \u0027Object Repository/Sign In/input_useremail\u0027 (Root cause: com.kms.katalon.core.webui.exception.WebElementNotFoundException: Web element with id: \u0027Object Repository/Sign In/input_useremail\u0027 located by \u0027By.xpath: //input[@placeholder \u003d \u0027Email\u0027 and @type \u003d \u0027text\u0027 and @name \u003d \u0027user[email]\u0027 and @id \u003d \u0027user_email\u0027]\u0027 not found)","startTime":1527749265081,"endTime":0,"childRecords":[],"interuppted":false},{"index":-1,"isIgnoredIfFailed":false,"type":"TEST_STEP","name":"Start listener action : sampleAfterTestCase","message":"Browser is closed","description":"","startTime":1527749265082,"endTime":1527749265455,"childRecords":[{"index":1,"isIgnoredIfFailed":false,"type":"TEST_STEP","name":"Statement - println(testCaseContext.getTestCaseId())","description":"","startTime":1527749265083,"endTime":1527749265085,"childRecords":[],"interuppted":false},{"index":2,"isIgnoredIfFailed":false,"type":"TEST_STEP","name":"Statement - println(testCaseContext.getTestCaseStatus())","description":"","startTime":1527749265085,"endTime":1527749265087,"childRecords":[],"interuppted":false},{"index":3,"isIgnoredIfFailed":false,"type":"TEST_STEP","name":"closeBrowser","message":"Browser is closed","description":"","startTime":1527749265087,"endTime":1527749265454,"childRecords":[{"testStatus":{"stackTrace":"","statusValue":"PASSED"},"type":"MESSAGE","name":"","message":"Browser is closed","startTime":1527749265454,"endTime":0,"childRecords":[],"interuppted":false}],"interuppted":false}],"interuppted":false}],"interuppted":false}],"interuppted":false}