<?xml version="1.0" encoding="UTF-8"?>
<testsuites name="Copy referral Link Test Suite" time="58" tests="0" failures="1" errors="0">
   <testsuite name="Copy referral Link Test Suite" tests="0" failures="1" errors="0" time="58" timestamp="2018-05-31 12:16:49" hostname="KalyaniK - KALYANIK.talentica-all.com" id="Test Suites/Copy referral Link Test Suite">
      <properties>
         <property name="deviceName" value=""/>
         <property name="devicePlatform" value=""/>
         <property name="logFolder" value="D:\\1_Roostify\\Automation\\Roo_Core\\Reports\\Copy referral Link Test Suite\\20180531_121647"/>
         <property name="logFiles" value="D:\\1_Roostify\\Automation\\Roo_Core\\Reports\\Copy referral Link Test Suite\\20180531_121647\\execution0.log"/>
         <property name="attachments" value="D:\\1_Roostify\\Automation\\Roo_Core\\Reports\\Copy referral Link Test Suite\\20180531_121647\\1527749264934.png"/>
         <property name="hostName" value="KalyaniK - KALYANIK.talentica-all.com"/>
         <property name="os" value="Windows 7 64bit"/>
         <property name="katalonVersion" value="5.4.1.1"/>
         <property name="browser" value="Firefox 47.0"/>
         <property name="hostAddress" value="172.19.19.84"/>
         <property name="sessionId" value="2b102372-738a-4405-b915-aeb71f3bc262"/>
         <property name="seleniumVersion" value="3.7.1"/>
         <property name="proxyInformation" value="ProxyInformation{proxyOption=NO_PROXY, proxyServerType=HTTP, password=, proxyServerAddress=, proxyServerPort=0}"/>
         <property name="platform" value="Windows 7"/>
      </properties>
      <testcase name="Test Cases/Admin Dashboard/Verify Admin is able to Copy Referral Link" classname="Test Cases/Admin Dashboard/Verify Admin is able to Copy Referral Link" status="FAILED">
         <failure type="FAILED" message="Unable to set text 'kkachhi+admin@roostify.com' of object 'Object Repository/Sign In/input_useremail' (Root cause: com.kms.katalon.core.webui.exception.WebElementNotFoundException: Web element with id: 'Object Repository/Sign In/input_useremail' located by 'By.xpath: //input[@placeholder = 'Email' and @type = 'text' and @name = 'user[email]' and @id = 'user_email']' not found)"/>
         <system-out><![CDATA[2018-05-31 12:17:02 - [TEST_CASE][FAILED] - Test Cases/Admin Dashboard/Verify Admin is able to Copy Referral Link: Test Cases/Admin Dashboard/Verify Admin is able to Copy Referral Link FAILED because (of) Unable to set text 'kkachhi+admin@roostify.com' of object 'Object Repository/Sign In/input_useremail' (Root cause: com.kms.katalon.core.webui.exception.WebElementNotFoundException: Web element with id: 'Object Repository/Sign In/input_useremail' located by 'By.xpath: //input[@placeholder = 'Email' and @type = 'text' and @name = 'user[email]' and @id = 'user_email']' not found)

2018-05-31 12:17:02 - [TEST_STEP][PASSED] - Start listener action : sampleBeforeTestCase: Current window maximized

2018-05-31 12:17:02 - [TEST_STEP][PASSED] - Statement - println(testCaseContext.getTestCaseId()): null

2018-05-31 12:17:02 - [TEST_STEP][PASSED] - Statement - println(testCaseContext.getTestCaseVariables()): null

2018-05-31 12:17:02 - [TEST_STEP][PASSED] - openBrowser: Browser is opened with url: 'https://roostify-dev-pr-6203.herokuapp.com/'

2018-05-31 12:17:02 - [MESSAGE][WARNING] - A browser is already opened. Closing browser and opening a new one

2018-05-31 12:17:13 - [MESSAGE][PASSED] - Browser is opened with url: 'https://roostify-dev-pr-6203.herokuapp.com/'

2018-05-31 12:17:13 - [TEST_STEP][PASSED] - maximizeWindow: Current window maximized

2018-05-31 12:17:13 - [MESSAGE][PASSED] - Current window maximized

2018-05-31 12:17:13 - [TEST_STEP][FAILED] - callTestCase: Unable to call Test Case with id 'Test Cases/Common/Sign In' (Root cause: Call Test Case 'Test Cases/Common/Sign In' failed)

2018-05-31 12:17:14 - [TEST_CASE][FAILED] - Test Cases/Common/Sign In: Test Cases/Common/Sign In FAILED because (of) Unable to set text 'kkachhi+admin@roostify.com' of object 'Object Repository/Sign In/input_useremail' (Root cause: com.kms.katalon.core.webui.exception.WebElementNotFoundException: Web element with id: 'Object Repository/Sign In/input_useremail' located by 'By.xpath: //input[@placeholder = 'Email' and @type = 'text' and @name = 'user[email]' and @id = 'user_email']' not found)

2018-05-31 12:17:14 - [TEST_STEP][FAILED] - setText: Unable to set text 'kkachhi+admin@roostify.com' of object 'Object Repository/Sign In/input_useremail' (Root cause: com.kms.katalon.core.webui.exception.WebElementNotFoundException: Web element with id: 'Object Repository/Sign In/input_useremail' located by 'By.xpath: //input[@placeholder = 'Email' and @type = 'text' and @name = 'user[email]' and @id = 'user_email']' not found)

2018-05-31 12:17:45 - [MESSAGE][FAILED] - Unable to set text 'kkachhi+admin@roostify.com' of object 'Object Repository/Sign In/input_useremail' (Root cause: com.kms.katalon.core.webui.exception.WebElementNotFoundException: Web element with id: 'Object Repository/Sign In/input_useremail' located by 'By.xpath: //input[@placeholder = 'Email' and @type = 'text' and @name = 'user[email]' and @id = 'user_email']' not found)
[[ATTACHMENT|D:\\1_Roostify\\Automation\\Roo_Core\\Reports\\Copy referral Link Test Suite\\20180531_121647\\1527749264934.png]]

2018-05-31 12:17:45 - [MESSAGE][FAILED] - Unable to call Test Case with id 'Test Cases/Common/Sign In' (Root cause: Call Test Case 'Test Cases/Common/Sign In' failed)

2018-05-31 12:17:45 - [TEST_STEP][PASSED] - Start listener action : sampleAfterTestCase: Browser is closed

2018-05-31 12:17:45 - [TEST_STEP][PASSED] - Statement - println(testCaseContext.getTestCaseId()): null

2018-05-31 12:17:45 - [TEST_STEP][PASSED] - Statement - println(testCaseContext.getTestCaseStatus()): null

2018-05-31 12:17:45 - [TEST_STEP][PASSED] - closeBrowser: Browser is closed

2018-05-31 12:17:45 - [MESSAGE][PASSED] - Browser is closed]]></system-out>
         <system-err><![CDATA[2018-05-31 12:17:02 - [TEST_CASE][FAILED] - Test Cases/Admin Dashboard/Verify Admin is able to Copy Referral Link: Test Cases/Admin Dashboard/Verify Admin is able to Copy Referral Link FAILED because (of) Unable to set text 'kkachhi+admin@roostify.com' of object 'Object Repository/Sign In/input_useremail' (Root cause: com.kms.katalon.core.webui.exception.WebElementNotFoundException: Web element with id: 'Object Repository/Sign In/input_useremail' located by 'By.xpath: //input[@placeholder = 'Email' and @type = 'text' and @name = 'user[email]' and @id = 'user_email']' not found)]]></system-err>
      </testcase>
      <system-out><![CDATA[2018-05-31 12:16:49 - [TEST_SUITE][FAILED] - Copy referral Link Test Suite: Test Cases/Admin Dashboard/Verify Admin is able to Copy Referral Link FAILED because (of) Unable to set text 'kkachhi+admin@roostify.com' of object 'Object Repository/Sign In/input_useremail' (Root cause: com.kms.katalon.core.webui.exception.WebElementNotFoundException: Web element with id: 'Object Repository/Sign In/input_useremail' located by 'By.xpath: //input[@placeholder = 'Email' and @type = 'text' and @name = 'user[email]' and @id = 'user_email']' not found)]]></system-out>
      <system-err><![CDATA[2018-05-31 12:16:49 - [TEST_SUITE][FAILED] - Copy referral Link Test Suite: Test Cases/Admin Dashboard/Verify Admin is able to Copy Referral Link FAILED because (of) Unable to set text 'kkachhi+admin@roostify.com' of object 'Object Repository/Sign In/input_useremail' (Root cause: com.kms.katalon.core.webui.exception.WebElementNotFoundException: Web element with id: 'Object Repository/Sign In/input_useremail' located by 'By.xpath: //input[@placeholder = 'Email' and @type = 'text' and @name = 'user[email]' and @id = 'user_email']' not found)]]></system-err>
   </testsuite>
</testsuites>
