<?xml version="1.0" encoding="UTF-8"?>
<testsuites name="Copy referral Link Test Suite" time="16" tests="1" failures="0" errors="0">
   <testsuite name="Copy referral Link Test Suite" tests="1" failures="0" errors="0" time="16" timestamp="2018-05-30 18:38:01" hostname="KalyaniK - KALYANIK.talentica-all.com" id="Test Suites/Copy referral Link Test Suite">
      <properties>
         <property name="deviceName" value=""/>
         <property name="devicePlatform" value=""/>
         <property name="logFolder" value="D:\\1_Roostify\\Automation\\Roo_Core\\Reports\\Copy referral Link Test Suite\\20180530_183800"/>
         <property name="logFiles" value="D:\\1_Roostify\\Automation\\Roo_Core\\Reports\\Copy referral Link Test Suite\\20180530_183800\\execution0.log"/>
         <property name="attachments" value="D:\\1_Roostify\\Automation\\Roo_Core\\Reports\\Copy referral Link Test Suite\\20180530_183800\\1527685694327.png, D:\\copylinkscreenshot1.png"/>
         <property name="hostName" value="KalyaniK - KALYANIK.talentica-all.com"/>
         <property name="os" value="Windows 7 64bit"/>
         <property name="katalonVersion" value="5.4.1.1"/>
         <property name="browser" value="Chrome 66.0.3359.181"/>
         <property name="hostAddress" value="172.19.19.84"/>
         <property name="sessionId" value="2ff1965433450d44d22e1c633019705f"/>
         <property name="seleniumVersion" value="3.7.1"/>
         <property name="proxyInformation" value="ProxyInformation{proxyOption=NO_PROXY, proxyServerType=HTTP, password=, proxyServerAddress=, proxyServerPort=0}"/>
         <property name="platform" value="Windows 7"/>
      </properties>
      <testcase name="Test Cases/Admin Dashboard/Copy Referral Link" classname="Test Cases/Admin Dashboard/Copy Referral Link" status="PASSED">
         <system-out><![CDATA[2018-05-30 18:38:09 - [TEST_CASE][PASSED] - Test Cases/Admin Dashboard/Copy Referral Link: Test Cases/Admin Dashboard/Copy Referral Link

2018-05-30 18:38:09 - [TEST_STEP][PASSED] - Start listener action : sampleBeforeTestCase: Invoke 'com.kms.katalon.core.annotation.BeforeTestCase' method: 'TestListeners.sampleBeforeTestCase(...)' completed.

2018-05-30 18:38:09 - [TEST_STEP][PASSED] - Statement - println(testCaseContext.getTestCaseId()): null

2018-05-30 18:38:09 - [TEST_STEP][PASSED] - Statement - println(testCaseContext.getTestCaseVariables()): Invoke 'com.kms.katalon.core.annotation.BeforeTestCase' method: 'TestListeners.sampleBeforeTestCase(...)' completed.

2018-05-30 18:38:09 - [TEST_STEP][PASSED] - callTestCase: Call Test Case 'Test Cases/Common/Sign In' successfully

2018-05-30 18:38:09 - [TEST_CASE][PASSED] - Test Cases/Common/Sign In: Test Cases/Common/Sign In

2018-05-30 18:38:09 - [TEST_STEP][PASSED] - setText: Text 'kkachhi+admin@roostify.com' is set on object 'Object Repository/Sign In/input_useremail'

2018-05-30 18:38:09 - [MESSAGE][PASSED] - Text 'kkachhi+admin@roostify.com' is set on object 'Object Repository/Sign In/input_useremail'

2018-05-30 18:38:09 - [TEST_STEP][PASSED] - setText: Text 'Kal@3333' is set on object 'Object Repository/Sign In/input_userpassword'

2018-05-30 18:38:09 - [MESSAGE][PASSED] - Text 'Kal@3333' is set on object 'Object Repository/Sign In/input_userpassword'

2018-05-30 18:38:09 - [TEST_STEP][PASSED] - click: Object: 'Object Repository/Sign In/button_Sign in' is clicked on

2018-05-30 18:38:14 - [MESSAGE][PASSED] - Object: 'Object Repository/Sign In/button_Sign in' is clicked on

2018-05-30 18:38:14 - [TEST_STEP][NOT_RUN] - Statement - fullName = com.kms.katalon.core.webui.keyword.WebUiBuiltInKeywords.concatenate([AdminFirstName, " ", AdminLastName], STOP_ON_FAILURE): NOT_RUN: Statement - fullName = com.kms.katalon.core.webui.keyword.WebUiBuiltInKeywords.concatenate([AdminFirstName, " ", AdminLastName], STOP_ON_FAILURE)

2018-05-30 18:38:14 - [MESSAGE][NOT_RUN] - NOT_RUN: Statement - fullName = com.kms.katalon.core.webui.keyword.WebUiBuiltInKeywords.concatenate([AdminFirstName, " ", AdminLastName], STOP_ON_FAILURE)

2018-05-30 18:38:14 - [TEST_STEP][PASSED] - verifyElementText: Actual text and expected text of test object 'Object Repository/Admin Settings/Admin settings dropdown/Profile dropdown' are matched.

2018-05-30 18:38:14 - [MESSAGE][PASSED] - Actual text and expected text of test object 'Object Repository/Admin Settings/Admin settings dropdown/Profile dropdown' are matched.

2018-05-30 18:38:14 - [MESSAGE][PASSED] - Call Test Case 'Test Cases/Common/Sign In' successfully

2018-05-30 18:38:14 - [TEST_STEP][PASSED] - click: Object: 'Object Repository/Admin Dashboard/Copy Referral Link/Copy Referral Link Tab' is clicked on

2018-05-30 18:38:14 - [MESSAGE][PASSED] - Object: 'Object Repository/Admin Dashboard/Copy Referral Link/Copy Referral Link Tab' is clicked on

2018-05-30 18:38:14 - [TEST_STEP][PASSED] - takeScreenshot: Taking screenshot successfully

2018-05-30 18:38:14 - [MESSAGE][PASSED] - Taking screenshot successfully
[[ATTACHMENT|D:\\1_Roostify\\Automation\\Roo_Core\\Reports\\Copy referral Link Test Suite\\20180530_183800\\1527685694327.png]]

2018-05-30 18:38:14 - [TEST_STEP][PASSED] - takeScreenshot: Taking screenshot successfully

2018-05-30 18:38:15 - [MESSAGE][PASSED] - Taking screenshot successfully
[[ATTACHMENT|D:\\copylinkscreenshot1.png]]

2018-05-30 18:38:15 - [TEST_STEP][PASSED] - waitForElementVisible: Object 'Object Repository/Admin Dashboard/Copy Referral Link/button_Close' is visible

2018-05-30 18:38:15 - [MESSAGE][PASSED] - Object 'Object Repository/Admin Dashboard/Copy Referral Link/button_Close' is visible

2018-05-30 18:38:15 - [TEST_STEP][PASSED] - waitForElementClickable: Object 'Object Repository/Admin Dashboard/Copy Referral Link/button_Close' is clickable

2018-05-30 18:38:15 - [MESSAGE][PASSED] - Object 'Object Repository/Admin Dashboard/Copy Referral Link/button_Close' is clickable

2018-05-30 18:38:15 - [TEST_STEP][PASSED] - click: Object: 'Object Repository/Admin Dashboard/Copy Referral Link/button_Close' is clicked on

2018-05-30 18:38:15 - [MESSAGE][PASSED] - Object: 'Object Repository/Admin Dashboard/Copy Referral Link/button_Close' is clicked on

2018-05-30 18:38:15 - [TEST_STEP][PASSED] - closeBrowser: Browser is closed

2018-05-30 18:38:15 - [MESSAGE][PASSED] - Browser is closed

2018-05-30 18:38:15 - [TEST_STEP][PASSED] - Start listener action : sampleAfterTestCase: Invoke 'com.kms.katalon.core.annotation.AfterTestCase' method: 'TestListeners.sampleAfterTestCase(...)' completed.

2018-05-30 18:38:15 - [TEST_STEP][PASSED] - Statement - println(testCaseContext.getTestCaseId()): null

2018-05-30 18:38:15 - [TEST_STEP][PASSED] - Statement - println(testCaseContext.getTestCaseStatus()): Invoke 'com.kms.katalon.core.annotation.AfterTestCase' method: 'TestListeners.sampleAfterTestCase(...)' completed.]]></system-out>
         <system-err><![CDATA[]]></system-err>
      </testcase>
      <system-out><![CDATA[2018-05-30 18:38:01 - [TEST_SUITE][PASSED] - Copy referral Link Test Suite: Test Cases/Admin Dashboard/Copy Referral Link]]></system-out>
      <system-err><![CDATA[]]></system-err>
   </testsuite>
</testsuites>
