<?xml version="1.0" encoding="UTF-8"?>
<testsuites name="Invite Borrower Test Suite" time="24" tests="0" failures="1" errors="0">
   <testsuite name="Invite Borrower Test Suite" tests="0" failures="1" errors="0" time="24" timestamp="2018-06-12 16:43:05" hostname="KalyaniK - KALYANIK.talentica-all.com" id="Test Suites/Invite Borrower Test Suite">
      <properties>
         <property name="deviceName" value=""/>
         <property name="devicePlatform" value=""/>
         <property name="logFolder" value="D:\\1_Roostify\\Automation\\Roo_Core\\Reports\\Invite Borrower Test Suite\\20180612_164302"/>
         <property name="logFiles" value="D:\\1_Roostify\\Automation\\Roo_Core\\Reports\\Invite Borrower Test Suite\\20180612_164302\\execution0.log"/>
         <property name="attachments" value="D:\\1_Roostify\\Automation\\Roo_Core\\Reports\\Invite Borrower Test Suite\\20180612_164302\\1528802007868.png"/>
         <property name="hostName" value="KalyaniK - KALYANIK.talentica-all.com"/>
         <property name="os" value="Windows 7 64bit"/>
         <property name="katalonVersion" value="5.4.1.1"/>
         <property name="browser" value="Firefox 47.0"/>
         <property name="hostAddress" value="172.19.19.84"/>
         <property name="sessionId" value="8ce10b17-2729-4b4e-9723-f216648a26b3"/>
         <property name="seleniumVersion" value="3.7.1"/>
         <property name="proxyInformation" value="ProxyInformation{proxyOption=NO_PROXY, proxyServerType=HTTP, password=, proxyServerAddress=, proxyServerPort=0}"/>
         <property name="platform" value="Windows 7"/>
      </properties>
      <testcase name="Test Cases/Admin Dashboard/Verify Admin is able to Invite Borrower" classname="Test Cases/Admin Dashboard/Verify Admin is able to Invite Borrower" status="FAILED">
         <failure type="FAILED" message="Unable to verify match between actual text 'Kalyani Admin' and expected text 'null null' using regular expression (Root cause: Actual text 'Kalyani Admin' and expected text 'null null' are not matched using regular expression)"/>
         <system-out><![CDATA[2018-06-12 16:43:06 - [TEST_CASE][FAILED] - Test Cases/Admin Dashboard/Verify Admin is able to Invite Borrower: Test Cases/Admin Dashboard/Verify Admin is able to Invite Borrower FAILED because (of) Unable to verify match between actual text 'Kalyani Admin' and expected text 'null null' using regular expression (Root cause: Actual text 'Kalyani Admin' and expected text 'null null' are not matched using regular expression)

2018-06-12 16:43:06 - [TEST_STEP][PASSED] - Start listener action : sampleBeforeTestCase: Current window maximized

2018-06-12 16:43:06 - [TEST_STEP][PASSED] - Statement - println(testCaseContext.getTestCaseId()): null

2018-06-12 16:43:06 - [TEST_STEP][PASSED] - Statement - println(testCaseContext.getTestCaseVariables()): null

2018-06-12 16:43:06 - [TEST_STEP][PASSED] - openBrowser: Browser is opened with url: 'https://dev.roostify.com'

2018-06-12 16:43:21 - [MESSAGE][PASSED] - Browser is opened with url: 'https://dev.roostify.com'

2018-06-12 16:43:21 - [TEST_STEP][PASSED] - maximizeWindow: Current window maximized

2018-06-12 16:43:21 - [MESSAGE][PASSED] - Current window maximized

2018-06-12 16:43:21 - [TEST_STEP][FAILED] - com.common.util.LoginHelper.LoginWithAdmin: Unable to verify match between actual text 'Kalyani Admin' and expected text 'null null' using regular expression (Root cause: Actual text 'Kalyani Admin' and expected text 'null null' are not matched using regular expression)

2018-06-12 16:43:22 - [MESSAGE][PASSED] - Wait for page load successfully

2018-06-12 16:43:22 - [MESSAGE][PASSED] - Text 'kkachhi+admin1@roostify.com' is set on object 'Object Repository/Common/Sign In/input_useremail'

2018-06-12 16:43:22 - [MESSAGE][PASSED] - Text 'Kal@3333' is set on object 'Object Repository/Common/Sign In/input_userpassword'

2018-06-12 16:43:22 - [MESSAGE][PASSED] - Object: 'Object Repository/Common/Sign In/button_Sign in' is clicked on

2018-06-12 16:43:28 - [MESSAGE][WARNING] - com.kms.katalon.core.webui.exception.WebElementNotFoundException: Web element with id: 'Object Repository/Common/Sign In/div_Login_Popup' located by 'By.xpath: //div[@id = 'tutorial-borrower' and (text() = concat('

Application portal tutorial overlay





✕

Now, for some homework!



This space provides a secure way to:

  Complete critical tasks, like signing and providing documents
  Get updates about your loan’s progress
  
Communicate with your mortgage team and other folks you invite to participate


Together with your team, you’ll be moving your loan closer to the finish line.
Don’t worry, you’ll be notified by email of activity while you’re away.





Next







✕

Add Your Documents Online




The Tasks tab tells you what information or action we still need from you.
This is where you' , "'" , 'll provide the documents we need to process your loan, and sign important documents from us.


Click on a task to get started, and follow the directions to upload your documents.





Next







✕

Stay Up-to-Date




As your loan progresses through the key stages, you' , "'" , 'll see the latest activity posted in your Stream.


You can comment on activities, post a question or add another person like your Realtor to the transaction.
To add people, just click Invite a Collaborator.





Next







✕

We' , "'" , 're Here to Help




Your mortgage team can help answer questions you have along the way.
Use the Stream and the Chat to get in touch with us at any time.
We' , "'" , 're looking forward to working with you!





Done





') or . = concat('

Application portal tutorial overlay





✕

Now, for some homework!



This space provides a secure way to:

  Complete critical tasks, like signing and providing documents
  Get updates about your loan’s progress
  
Communicate with your mortgage team and other folks you invite to participate


Together with your team, you’ll be moving your loan closer to the finish line.
Don’t worry, you’ll be notified by email of activity while you’re away.





Next







✕

Add Your Documents Online




The Tasks tab tells you what information or action we still need from you.
This is where you' , "'" , 'll provide the documents we need to process your loan, and sign important documents from us.


Click on a task to get started, and follow the directions to upload your documents.





Next







✕

Stay Up-to-Date




As your loan progresses through the key stages, you' , "'" , 'll see the latest activity posted in your Stream.


You can comment on activities, post a question or add another person like your Realtor to the transaction.
To add people, just click Invite a Collaborator.





Next







✕

We' , "'" , 're Here to Help




Your mortgage team can help answer questions you have along the way.
Use the Stream and the Chat to get in touch with us at any time.
We' , "'" , 're looking forward to working with you!





Done





'))]' not found
[[ATTACHMENT|D:\\1_Roostify\\Automation\\Roo_Core\\Reports\\Invite Borrower Test Suite\\20180612_164302\\1528802007868.png]]

2018-06-12 16:43:28 - [MESSAGE][PASSED] - Object 'Object Repository/Common/Sign In/text_Dashboard Name' is present

2018-06-12 16:43:28 - [MESSAGE][PASSED] - Text of object 'Object Repository/Common/Sign In/text_Dashboard Name' is: 'Kalyani Admin'

2018-06-12 16:43:28 - [MESSAGE][PASSED] - Concatenated string array: '['null',' ','null']' into 'null null'

2018-06-12 16:43:28 - [MESSAGE][FAILED] - Unable to verify match between actual text 'Kalyani Admin' and expected text 'null null' using regular expression (Root cause: Actual text 'Kalyani Admin' and expected text 'null null' are not matched using regular expression)

2018-06-12 16:43:28 - [MESSAGE][FAILED] - Unable to verify match between actual text 'Kalyani Admin' and expected text 'null null' using regular expression (Root cause: Actual text 'Kalyani Admin' and expected text 'null null' are not matched using regular expression)

2018-06-12 16:43:28 - [TEST_STEP][PASSED] - Start listener action : sampleAfterTestCase: Invoke 'com.kms.katalon.core.annotation.AfterTestCase' method: 'TestListeners.sampleAfterTestCase(...)' completed.

2018-06-12 16:43:28 - [TEST_STEP][PASSED] - Statement - println(testCaseContext.getTestCaseId()): null

2018-06-12 16:43:28 - [TEST_STEP][PASSED] - Statement - println(testCaseContext.getTestCaseStatus()): Invoke 'com.kms.katalon.core.annotation.AfterTestCase' method: 'TestListeners.sampleAfterTestCase(...)' completed.]]></system-out>
         <system-err><![CDATA[2018-06-12 16:43:06 - [TEST_CASE][FAILED] - Test Cases/Admin Dashboard/Verify Admin is able to Invite Borrower: Test Cases/Admin Dashboard/Verify Admin is able to Invite Borrower FAILED because (of) Unable to verify match between actual text 'Kalyani Admin' and expected text 'null null' using regular expression (Root cause: Actual text 'Kalyani Admin' and expected text 'null null' are not matched using regular expression)]]></system-err>
      </testcase>
      <system-out><![CDATA[2018-06-12 16:43:05 - [TEST_SUITE][FAILED] - Invite Borrower Test Suite: Test Cases/Admin Dashboard/Verify Admin is able to Invite Borrower FAILED because (of) Unable to verify match between actual text 'Kalyani Admin' and expected text 'null null' using regular expression (Root cause: Actual text 'Kalyani Admin' and expected text 'null null' are not matched using regular expression)]]></system-out>
      <system-err><![CDATA[2018-06-12 16:43:05 - [TEST_SUITE][FAILED] - Invite Borrower Test Suite: Test Cases/Admin Dashboard/Verify Admin is able to Invite Borrower FAILED because (of) Unable to verify match between actual text 'Kalyani Admin' and expected text 'null null' using regular expression (Root cause: Actual text 'Kalyani Admin' and expected text 'null null' are not matched using regular expression)]]></system-err>
   </testsuite>
</testsuites>
