<?xml version="1.0" encoding="UTF-8"?>
<testsuites name="Test Suite-Lender Submit Loan Application onbehalf of Borrower" time="54" tests="0" failures="1" errors="0">
   <testsuite name="Test Suite-Lender Submit Loan Application onbehalf of Borrower" tests="0" failures="1" errors="0" time="54" timestamp="2018-07-16 12:15:24" hostname="KalyaniK - KALYANIK.talentica-all.com" id="Test Suites/Test Suite-Lender Submit Loan Application onbehalf of Borrower">
      <properties>
         <property name="deviceName" value=""/>
         <property name="devicePlatform" value=""/>
         <property name="logFolder" value="D:\\1_Roostify\\Automation\\Roo_Core\\Reports\\Test Suite-Lender Submit Loan Application onbehalf of Borrower\\20180716_121522"/>
         <property name="logFiles" value="D:\\1_Roostify\\Automation\\Roo_Core\\Reports\\Test Suite-Lender Submit Loan Application onbehalf of Borrower\\20180716_121522\\execution0.log"/>
         <property name="attachments" value="D:\\1_Roostify\\Automation\\Roo_Core\\Reports\\Test Suite-Lender Submit Loan Application onbehalf of Borrower\\20180716_121522\\1531723539685.png, D:\\1_Roostify\\Automation\\Roo_Core\\Reports\\Test Suite-Lender Submit Loan Application onbehalf of Borrower\\20180716_121522\\1531723575653.png"/>
         <property name="hostName" value="KalyaniK - KALYANIK.talentica-all.com"/>
         <property name="os" value="Windows 7 64bit"/>
         <property name="katalonVersion" value="5.4.1.1"/>
         <property name="browser" value="Chrome 67.0.3396.99"/>
         <property name="hostAddress" value="172.19.19.84"/>
         <property name="sessionId" value="c37bd5eda4982449aeb872e0fa40d5ef"/>
         <property name="seleniumVersion" value="3.7.1"/>
         <property name="proxyInformation" value="ProxyInformation{proxyOption=NO_PROXY, proxyServerType=HTTP, password=, proxyServerAddress=, proxyServerPort=0}"/>
         <property name="platform" value="Windows 7"/>
      </properties>
      <testcase name="Test Cases/Loan Submission/Lender Submit Loan Application on behalf of Borrower" classname="Test Cases/Loan Submission/Lender Submit Loan Application on behalf of Borrower" status="FAILED">
         <failure type="FAILED" message="Unable to click on object 'Object Repository/Admin Dashboard/icon-ContinueOnBehalfOfBorrower' (Root cause: com.kms.katalon.core.webui.exception.WebElementNotFoundException: Web element with id: 'Object Repository/Admin Dashboard/icon-ContinueOnBehalfOfBorrower' located by 'By.xpath: html/body/div[9]/div/div[2]/div/div[2]/div/div[8]/form/table/tbody/tr[1]/td[5]/a[2]/i' not found)"/>
         <system-out><![CDATA[2018-07-16 12:15:24 - [TEST_CASE][FAILED] - Test Cases/Loan Submission/Lender Submit Loan Application on behalf of Borrower: Test Cases/Loan Submission/Lender Submit Loan Application on behalf of Borrower FAILED because (of) Unable to click on object 'Object Repository/Admin Dashboard/icon-ContinueOnBehalfOfBorrower' (Root cause: com.kms.katalon.core.webui.exception.WebElementNotFoundException: Web element with id: 'Object Repository/Admin Dashboard/icon-ContinueOnBehalfOfBorrower' located by 'By.xpath: html/body/div[9]/div/div[2]/div/div[2]/div/div[8]/form/table/tbody/tr[1]/td[5]/a[2]/i' not found)

2018-07-16 12:15:24 - [TEST_STEP][PASSED] - Start listener action : sampleBeforeTestCase: Invoke 'com.kms.katalon.core.annotation.BeforeTestCase' method: 'TestListeners.sampleBeforeTestCase(...)' completed.

2018-07-16 12:15:24 - [TEST_STEP][PASSED] - Statement - println(testCaseContext.getTestCaseId()): null

2018-07-16 12:15:24 - [TEST_STEP][PASSED] - Statement - println(testCaseContext.getTestCaseVariables()): Invoke 'com.kms.katalon.core.annotation.BeforeTestCase' method: 'TestListeners.sampleBeforeTestCase(...)' completed.

2018-07-16 12:15:24 - [TEST_STEP][PASSED] - callTestCase: Call Test Case 'Test Cases/Admin Dashboard/Verify Admin is able to Create Loan Manually' successfully

2018-07-16 12:15:25 - [TEST_CASE][PASSED] - Test Cases/Admin Dashboard/Verify Admin is able to Create Loan Manually: Test Cases/Admin Dashboard/Verify Admin is able to Create Loan Manually

2018-07-16 12:15:25 - [TEST_STEP][PASSED] - com.common.util.LoginHelper.LoginWithAdmin: com.common.util.LoginHelper.LoginWithAdmin is PASSED

2018-07-16 12:15:32 - [MESSAGE][PASSED] - Browser is opened with url: 'https://roostify-blueprint-dev.herokuapp.com/users/sign_in?a=blueprintdev'

2018-07-16 12:15:32 - [MESSAGE][PASSED] - Current window maximized

2018-07-16 12:15:32 - [MESSAGE][PASSED] - Wait for page load successfully

2018-07-16 12:15:33 - [MESSAGE][PASSED] - Text 'kkachhi+admin@roostify.com' is set on object 'Object Repository/Common/Sign In/input_useremail'

2018-07-16 12:15:33 - [MESSAGE][PASSED] - Text 'Kal@3333' is set on object 'Object Repository/Common/Sign In/input_userpassword'

2018-07-16 12:15:33 - [MESSAGE][PASSED] - Object: 'Object Repository/Common/Sign In/button_Sign in' is clicked on

2018-07-16 12:15:39 - [MESSAGE][WARNING] - com.kms.katalon.core.webui.exception.WebElementNotFoundException: Web element with id: 'Object Repository/Common/Sign In/div_Login_Popup' located by 'By.xpath: //div[@id = 'tutorial-borrower' and (text() = concat('

Application portal tutorial overlay





✕

Now, for some homework!



This space provides a secure way to:

  Complete critical tasks, like signing and providing documents
  Get updates about your loan’s progress
  
Communicate with your mortgage team and other folks you invite to participate


Together with your team, you’ll be moving your loan closer to the finish line.
Don’t worry, you’ll be notified by email of activity while you’re away.





Next







✕

Add Your Documents Online




The Tasks tab tells you what information or action we still need from you.
This is where you' , "'" , 'll provide the documents we need to process your loan, and sign important documents from us.


Click on a task to get started, and follow the directions to upload your documents.





Next







✕

Stay Up-to-Date




As your loan progresses through the key stages, you' , "'" , 'll see the latest activity posted in your Stream.


You can comment on activities, post a question or add another person like your Realtor to the transaction.
To add people, just click Invite a Collaborator.





Next







✕

We' , "'" , 're Here to Help




Your mortgage team can help answer questions you have along the way.
Use the Stream and the Chat to get in touch with us at any time.
We' , "'" , 're looking forward to working with you!





Done





') or . = concat('

Application portal tutorial overlay





✕

Now, for some homework!



This space provides a secure way to:

  Complete critical tasks, like signing and providing documents
  Get updates about your loan’s progress
  
Communicate with your mortgage team and other folks you invite to participate


Together with your team, you’ll be moving your loan closer to the finish line.
Don’t worry, you’ll be notified by email of activity while you’re away.





Next







✕

Add Your Documents Online




The Tasks tab tells you what information or action we still need from you.
This is where you' , "'" , 'll provide the documents we need to process your loan, and sign important documents from us.


Click on a task to get started, and follow the directions to upload your documents.





Next







✕

Stay Up-to-Date




As your loan progresses through the key stages, you' , "'" , 'll see the latest activity posted in your Stream.


You can comment on activities, post a question or add another person like your Realtor to the transaction.
To add people, just click Invite a Collaborator.





Next







✕

We' , "'" , 're Here to Help




Your mortgage team can help answer questions you have along the way.
Use the Stream and the Chat to get in touch with us at any time.
We' , "'" , 're looking forward to working with you!





Done





'))]' not found
[[ATTACHMENT|D:\\1_Roostify\\Automation\\Roo_Core\\Reports\\Test Suite-Lender Submit Loan Application onbehalf of Borrower\\20180716_121522\\1531723539685.png]]

2018-07-16 12:15:40 - [MESSAGE][PASSED] - Object 'Object Repository/Common/Sign In/text_Dashboard Name' is present

2018-07-16 12:15:40 - [MESSAGE][PASSED] - Object 'Object Repository/Common/Sign In/text_Dashboard Name' is present

2018-07-16 12:15:40 - [MESSAGE][PASSED] - com.common.util.LoginHelper.LoginWithAdmin is PASSED

2018-07-16 12:15:40 - [MESSAGE][PASSED] - Call Test Case 'Test Cases/Admin Dashboard/Verify Admin is able to Create Loan Manually' successfully

2018-07-16 12:15:40 - [TEST_STEP][PASSED] - refresh: Refresh successfully

2018-07-16 12:15:41 - [MESSAGE][PASSED] - Refresh successfully

2018-07-16 12:15:41 - [TEST_STEP][PASSED] - waitForPageLoad: Wait for page load successfully

2018-07-16 12:15:41 - [MESSAGE][PASSED] - Wait for page load successfully

2018-07-16 12:15:41 - [TEST_STEP][PASSED] - waitForElementClickable: Web element with id: 'Object Repository/Admin Dashboard/icon-ContinueOnBehalfOfBorrower' located by 'By.xpath: html/body/div[9]/div/div[2]/div/div[2]/div/div[8]/form/table/tbody/tr[1]/td[5]/a[2]/i' not found

2018-07-16 12:15:45 - [MESSAGE][WARNING] - Web element with id: 'Object Repository/Admin Dashboard/icon-ContinueOnBehalfOfBorrower' located by 'By.xpath: html/body/div[9]/div/div[2]/div/div[2]/div/div[8]/form/table/tbody/tr[1]/td[5]/a[2]/i' not found

2018-07-16 12:15:45 - [TEST_STEP][FAILED] - click: Unable to click on object 'Object Repository/Admin Dashboard/icon-ContinueOnBehalfOfBorrower' (Root cause: com.kms.katalon.core.webui.exception.WebElementNotFoundException: Web element with id: 'Object Repository/Admin Dashboard/icon-ContinueOnBehalfOfBorrower' located by 'By.xpath: html/body/div[9]/div/div[2]/div/div[2]/div/div[8]/form/table/tbody/tr[1]/td[5]/a[2]/i' not found)

2018-07-16 12:16:15 - [MESSAGE][FAILED] - Unable to click on object 'Object Repository/Admin Dashboard/icon-ContinueOnBehalfOfBorrower' (Root cause: com.kms.katalon.core.webui.exception.WebElementNotFoundException: Web element with id: 'Object Repository/Admin Dashboard/icon-ContinueOnBehalfOfBorrower' located by 'By.xpath: html/body/div[9]/div/div[2]/div/div[2]/div/div[8]/form/table/tbody/tr[1]/td[5]/a[2]/i' not found)
[[ATTACHMENT|D:\\1_Roostify\\Automation\\Roo_Core\\Reports\\Test Suite-Lender Submit Loan Application onbehalf of Borrower\\20180716_121522\\1531723575653.png]]

2018-07-16 12:16:15 - [TEST_STEP][PASSED] - Start listener action : sampleAfterTestCase: Invoke 'com.kms.katalon.core.annotation.AfterTestCase' method: 'TestListeners.sampleAfterTestCase(...)' completed.

2018-07-16 12:16:15 - [TEST_STEP][PASSED] - Statement - println(testCaseContext.getTestCaseId()): null

2018-07-16 12:16:15 - [TEST_STEP][PASSED] - Statement - println(testCaseContext.getTestCaseStatus()): Invoke 'com.kms.katalon.core.annotation.AfterTestCase' method: 'TestListeners.sampleAfterTestCase(...)' completed.]]></system-out>
         <system-err><![CDATA[2018-07-16 12:15:24 - [TEST_CASE][FAILED] - Test Cases/Loan Submission/Lender Submit Loan Application on behalf of Borrower: Test Cases/Loan Submission/Lender Submit Loan Application on behalf of Borrower FAILED because (of) Unable to click on object 'Object Repository/Admin Dashboard/icon-ContinueOnBehalfOfBorrower' (Root cause: com.kms.katalon.core.webui.exception.WebElementNotFoundException: Web element with id: 'Object Repository/Admin Dashboard/icon-ContinueOnBehalfOfBorrower' located by 'By.xpath: html/body/div[9]/div/div[2]/div/div[2]/div/div[8]/form/table/tbody/tr[1]/td[5]/a[2]/i' not found)]]></system-err>
      </testcase>
      <system-out><![CDATA[2018-07-16 12:15:24 - [TEST_SUITE][FAILED] - Test Suite-Lender Submit Loan Application onbehalf of Borrower: Test Cases/Loan Submission/Lender Submit Loan Application on behalf of Borrower FAILED because (of) Unable to click on object 'Object Repository/Admin Dashboard/icon-ContinueOnBehalfOfBorrower' (Root cause: com.kms.katalon.core.webui.exception.WebElementNotFoundException: Web element with id: 'Object Repository/Admin Dashboard/icon-ContinueOnBehalfOfBorrower' located by 'By.xpath: html/body/div[9]/div/div[2]/div/div[2]/div/div[8]/form/table/tbody/tr[1]/td[5]/a[2]/i' not found)]]></system-out>
      <system-err><![CDATA[2018-07-16 12:15:24 - [TEST_SUITE][FAILED] - Test Suite-Lender Submit Loan Application onbehalf of Borrower: Test Cases/Loan Submission/Lender Submit Loan Application on behalf of Borrower FAILED because (of) Unable to click on object 'Object Repository/Admin Dashboard/icon-ContinueOnBehalfOfBorrower' (Root cause: com.kms.katalon.core.webui.exception.WebElementNotFoundException: Web element with id: 'Object Repository/Admin Dashboard/icon-ContinueOnBehalfOfBorrower' located by 'By.xpath: html/body/div[9]/div/div[2]/div/div[2]/div/div[8]/form/table/tbody/tr[1]/td[5]/a[2]/i' not found)]]></system-err>
   </testsuite>
</testsuites>
