{"devicePlatform":"","logFolder":"D:\\1_Roostify\\Automation\\Roo_Core\\Reports\\Invite Borrower Test Suite\\20180605_155403","runData":{"hostName":"KalyaniK - KALYANIK.talentica-all.com","os":"Windows 7 64bit","katalonVersion":"5.4.1.1","browser":"Chrome 66.0.3359.181","hostAddress":"172.19.19.84","sessionId":"e22d2d62fbb7b1433de00cefc7e7c9b0","seleniumVersion":"3.7.1","proxyInformation":"ProxyInformation{proxyOption\u003dNO_PROXY, proxyServerType\u003dHTTP, password\u003d, proxyServerAddress\u003d, proxyServerPort\u003d0}","platform":"Windows 7"},"type":"TEST_SUITE","name":"Invite Borrower Test Suite","id":"Test Suites/Invite Borrower Test Suite","source":"","message":"Test Cases/Admin Dashboard/Verify Admin is able to Invite Borrower FAILED because (of) Unable to get text of object \u0027Object Repository/Common/Sign Up/text_User_Name\u0027 (Root cause: com.kms.katalon.core.webui.exception.WebElementNotFoundException: Web element with id: \u0027Object Repository/Common/Sign Up/text_User_Name\u0027 located by \u0027By.xpath: .//*[@id\u003d\u0027loan_applications_controller\u0027]/div[6]/div/div/ul/li/a/span\u0027 not found)","description":"","startTime":1528194245469,"endTime":1528194295205,"childRecords":[{"isOptional":false,"type":"TEST_CASE","name":"Test Cases/Admin Dashboard/Verify Admin is able to Invite Borrower","id":"Test Cases/Admin Dashboard/Verify Admin is able to Invite Borrower","source":"D:\\\\1_Roostify\\\\Automation\\\\Roo_Core\\\\Test Cases\\\\Admin Dashboard\\\\Verify Admin is able to Invite Borrower.tc","message":"Test Cases/Admin Dashboard/Verify Admin is able to Invite Borrower FAILED because (of) Unable to get text of object \u0027Object Repository/Common/Sign Up/text_User_Name\u0027 (Root cause: com.kms.katalon.core.webui.exception.WebElementNotFoundException: Web element with id: \u0027Object Repository/Common/Sign Up/text_User_Name\u0027 located by \u0027By.xpath: .//*[@id\u003d\u0027loan_applications_controller\u0027]/div[6]/div/div/ul/li/a/span\u0027 not found)","description":"","startTime":1528194245877,"endTime":1528194294207,"childRecords":[{"testStatus":{"stackTrace":"","statusValue":"INFO"},"type":"MESSAGE","name":"","message":"Evaluating variables for test case","startTime":1528194245898,"endTime":0,"childRecords":[],"interuppted":false},{"index":-1,"isIgnoredIfFailed":false,"type":"TEST_STEP","name":"Start listener action : sampleBeforeTestCase","message":"Current window maximized","description":"","startTime":1528194245901,"endTime":1528194253715,"childRecords":[{"index":1,"isIgnoredIfFailed":false,"type":"TEST_STEP","name":"Statement - println(testCaseContext.getTestCaseId())","description":"","startTime":1528194245902,"endTime":1528194245909,"childRecords":[],"interuppted":false},{"index":2,"isIgnoredIfFailed":false,"type":"TEST_STEP","name":"Statement - println(testCaseContext.getTestCaseVariables())","description":"","startTime":1528194245909,"endTime":1528194245913,"childRecords":[],"interuppted":false},{"index":3,"isIgnoredIfFailed":false,"type":"TEST_STEP","name":"openBrowser","message":"Browser is opened with url: \u0027https://roostify-navy-test.herokuapp.com/\u0027","description":"","startTime":1528194245914,"endTime":1528194253290,"childRecords":[{"testStatus":{"stackTrace":"","statusValue":"PASSED"},"type":"MESSAGE","name":"","message":"Browser is opened with url: \u0027https://roostify-navy-test.herokuapp.com/\u0027","startTime":1528194253290,"endTime":0,"childRecords":[],"interuppted":false}],"interuppted":false},{"index":4,"isIgnoredIfFailed":false,"type":"TEST_STEP","name":"maximizeWindow","message":"Current window maximized","description":"","startTime":1528194253291,"endTime":1528194253714,"childRecords":[{"testStatus":{"stackTrace":"","statusValue":"PASSED"},"type":"MESSAGE","name":"","message":"Current window maximized","startTime":1528194253714,"endTime":0,"childRecords":[],"interuppted":false}],"interuppted":false}],"interuppted":false},{"attachment":"1528194291816.png","index":1,"isIgnoredIfFailed":false,"type":"TEST_STEP","name":"com.common.util.LoginHelper.LoginWithAdmin","message":"Unable to get text of object \u0027Object Repository/Common/Sign Up/text_User_Name\u0027 (Root cause: com.kms.katalon.core.webui.exception.WebElementNotFoundException: Web element with id: \u0027Object Repository/Common/Sign Up/text_User_Name\u0027 located by \u0027By.xpath: .//*[@id\u003d\u0027loan_applications_controller\u0027]/div[6]/div/div/ul/li/a/span\u0027 not found)","description":"","startTime":1528194253861,"endTime":1528194292111,"childRecords":[{"testStatus":{"stackTrace":"","statusValue":"PASSED"},"type":"MESSAGE","name":"","message":"Wait for page load successfully","startTime":1528194253923,"endTime":0,"childRecords":[],"interuppted":false},{"testStatus":{"stackTrace":"","statusValue":"PASSED"},"type":"MESSAGE","name":"","message":"Text \u0027kkachhi+admin@roostify.com\u0027 is set on object \u0027Object Repository/Common/Sign In/input_useremail\u0027","startTime":1528194254349,"endTime":0,"childRecords":[],"interuppted":false},{"testStatus":{"stackTrace":"","statusValue":"PASSED"},"type":"MESSAGE","name":"","message":"Text \u0027Kal@3333\u0027 is set on object \u0027Object Repository/Common/Sign In/input_userpassword\u0027","startTime":1528194254708,"endTime":0,"childRecords":[],"interuppted":false},{"testStatus":{"stackTrace":"","statusValue":"PASSED"},"type":"MESSAGE","name":"","message":"Object: \u0027Object Repository/Common/Sign In/button_Sign in\u0027 is clicked on","startTime":1528194254837,"endTime":0,"childRecords":[],"interuppted":false},{"testStatus":{"stackTrace":"","statusValue":"WARNING"},"type":"MESSAGE","name":"","message":"Object \u0027Object Repository/Common/Sign Up/text_User_Name\u0027 is not present after 5 second(s)","startTime":1528194260973,"endTime":0,"childRecords":[],"interuppted":false},{"testStatus":{"stackTrace":"","statusValue":"FAILED"},"attachment":"1528194291816.png","type":"MESSAGE","name":"","message":"Unable to get text of object \u0027Object Repository/Common/Sign Up/text_User_Name\u0027 (Root cause: com.kms.katalon.core.webui.exception.WebElementNotFoundException: Web element with id: \u0027Object Repository/Common/Sign Up/text_User_Name\u0027 located by \u0027By.xpath: .//*[@id\u003d\u0027loan_applications_controller\u0027]/div[6]/div/div/ul/li/a/span\u0027 not found)","startTime":1528194292109,"endTime":0,"childRecords":[],"interuppted":false},{"testStatus":{"stackTrace":"","statusValue":"FAILED"},"type":"MESSAGE","name":"","message":"Unable to get text of object \u0027Object Repository/Common/Sign Up/text_User_Name\u0027 (Root cause: com.kms.katalon.core.webui.exception.WebElementNotFoundException: Web element with id: \u0027Object Repository/Common/Sign Up/text_User_Name\u0027 located by \u0027By.xpath: .//*[@id\u003d\u0027loan_applications_controller\u0027]/div[6]/div/div/ul/li/a/span\u0027 not found)","startTime":1528194292110,"endTime":0,"childRecords":[],"interuppted":false}],"interuppted":false},{"testStatus":{"stackTrace":"","statusValue":"FAILED"},"type":"MESSAGE","name":"","message":"Test Cases/Admin Dashboard/Verify Admin is able to Invite Borrower FAILED because (of) Unable to get text of object \u0027Object Repository/Common/Sign Up/text_User_Name\u0027 (Root cause: com.kms.katalon.core.webui.exception.WebElementNotFoundException: Web element with id: \u0027Object Repository/Common/Sign Up/text_User_Name\u0027 located by \u0027By.xpath: .//*[@id\u003d\u0027loan_applications_controller\u0027]/div[6]/div/div/ul/li/a/span\u0027 not found)","startTime":1528194292112,"endTime":0,"childRecords":[],"interuppted":false},{"index":-1,"isIgnoredIfFailed":false,"type":"TEST_STEP","name":"Start listener action : sampleAfterTestCase","message":"Invoke \u0027com.kms.katalon.core.annotation.AfterTestCase\u0027 method: \u0027TestListeners.sampleAfterTestCase(...)\u0027 completed.","description":"","startTime":1528194292113,"endTime":1528194292142,"childRecords":[{"index":1,"isIgnoredIfFailed":false,"type":"TEST_STEP","name":"Statement - println(testCaseContext.getTestCaseId())","description":"","startTime":1528194292137,"endTime":1528194292139,"childRecords":[],"interuppted":false},{"index":2,"isIgnoredIfFailed":false,"type":"TEST_STEP","name":"Statement - println(testCaseContext.getTestCaseStatus())","message":"Invoke \u0027com.kms.katalon.core.annotation.AfterTestCase\u0027 method: \u0027TestListeners.sampleAfterTestCase(...)\u0027 completed.","description":"","startTime":1528194292139,"endTime":1528194292142,"childRecords":[],"interuppted":false}],"interuppted":false}],"interuppted":false}],"interuppted":false}