<?xml version="1.0" encoding="UTF-8"?>
<testsuites name="Invite Borrower Test Suite" time="49" tests="0" failures="1" errors="0">
   <testsuite name="Invite Borrower Test Suite" tests="0" failures="1" errors="0" time="49" timestamp="2018-06-05 15:54:05" hostname="KalyaniK - KALYANIK.talentica-all.com" id="Test Suites/Invite Borrower Test Suite">
      <properties>
         <property name="deviceName" value=""/>
         <property name="devicePlatform" value=""/>
         <property name="logFolder" value="D:\\1_Roostify\\Automation\\Roo_Core\\Reports\\Invite Borrower Test Suite\\20180605_155403"/>
         <property name="logFiles" value="D:\\1_Roostify\\Automation\\Roo_Core\\Reports\\Invite Borrower Test Suite\\20180605_155403\\execution0.log"/>
         <property name="attachments" value="D:\\1_Roostify\\Automation\\Roo_Core\\Reports\\Invite Borrower Test Suite\\20180605_155403\\1528194291816.png"/>
         <property name="hostName" value="KalyaniK - KALYANIK.talentica-all.com"/>
         <property name="os" value="Windows 7 64bit"/>
         <property name="katalonVersion" value="5.4.1.1"/>
         <property name="browser" value="Chrome 66.0.3359.181"/>
         <property name="hostAddress" value="172.19.19.84"/>
         <property name="sessionId" value="e22d2d62fbb7b1433de00cefc7e7c9b0"/>
         <property name="seleniumVersion" value="3.7.1"/>
         <property name="proxyInformation" value="ProxyInformation{proxyOption=NO_PROXY, proxyServerType=HTTP, password=, proxyServerAddress=, proxyServerPort=0}"/>
         <property name="platform" value="Windows 7"/>
      </properties>
      <testcase name="Test Cases/Admin Dashboard/Verify Admin is able to Invite Borrower" classname="Test Cases/Admin Dashboard/Verify Admin is able to Invite Borrower" status="FAILED">
         <failure type="FAILED" message="Unable to get text of object 'Object Repository/Common/Sign Up/text_User_Name' (Root cause: com.kms.katalon.core.webui.exception.WebElementNotFoundException: Web element with id: 'Object Repository/Common/Sign Up/text_User_Name' located by 'By.xpath: .//*[@id='loan_applications_controller']/div[6]/div/div/ul/li/a/span' not found)"/>
         <system-out><![CDATA[2018-06-05 15:54:05 - [TEST_CASE][FAILED] - Test Cases/Admin Dashboard/Verify Admin is able to Invite Borrower: Test Cases/Admin Dashboard/Verify Admin is able to Invite Borrower FAILED because (of) Unable to get text of object 'Object Repository/Common/Sign Up/text_User_Name' (Root cause: com.kms.katalon.core.webui.exception.WebElementNotFoundException: Web element with id: 'Object Repository/Common/Sign Up/text_User_Name' located by 'By.xpath: .//*[@id='loan_applications_controller']/div[6]/div/div/ul/li/a/span' not found)

2018-06-05 15:54:05 - [TEST_STEP][PASSED] - Start listener action : sampleBeforeTestCase: Current window maximized

2018-06-05 15:54:05 - [TEST_STEP][PASSED] - Statement - println(testCaseContext.getTestCaseId()): null

2018-06-05 15:54:05 - [TEST_STEP][PASSED] - Statement - println(testCaseContext.getTestCaseVariables()): null

2018-06-05 15:54:05 - [TEST_STEP][PASSED] - openBrowser: Browser is opened with url: 'https://roostify-navy-test.herokuapp.com/'

2018-06-05 15:54:13 - [MESSAGE][PASSED] - Browser is opened with url: 'https://roostify-navy-test.herokuapp.com/'

2018-06-05 15:54:13 - [TEST_STEP][PASSED] - maximizeWindow: Current window maximized

2018-06-05 15:54:13 - [MESSAGE][PASSED] - Current window maximized

2018-06-05 15:54:13 - [TEST_STEP][FAILED] - com.common.util.LoginHelper.LoginWithAdmin: Unable to get text of object 'Object Repository/Common/Sign Up/text_User_Name' (Root cause: com.kms.katalon.core.webui.exception.WebElementNotFoundException: Web element with id: 'Object Repository/Common/Sign Up/text_User_Name' located by 'By.xpath: .//*[@id='loan_applications_controller']/div[6]/div/div/ul/li/a/span' not found)

2018-06-05 15:54:13 - [MESSAGE][PASSED] - Wait for page load successfully

2018-06-05 15:54:14 - [MESSAGE][PASSED] - Text 'kkachhi+admin@roostify.com' is set on object 'Object Repository/Common/Sign In/input_useremail'

2018-06-05 15:54:14 - [MESSAGE][PASSED] - Text 'Kal@3333' is set on object 'Object Repository/Common/Sign In/input_userpassword'

2018-06-05 15:54:14 - [MESSAGE][PASSED] - Object: 'Object Repository/Common/Sign In/button_Sign in' is clicked on

2018-06-05 15:54:20 - [MESSAGE][WARNING] - Object 'Object Repository/Common/Sign Up/text_User_Name' is not present after 5 second(s)

2018-06-05 15:54:52 - [MESSAGE][FAILED] - Unable to get text of object 'Object Repository/Common/Sign Up/text_User_Name' (Root cause: com.kms.katalon.core.webui.exception.WebElementNotFoundException: Web element with id: 'Object Repository/Common/Sign Up/text_User_Name' located by 'By.xpath: .//*[@id='loan_applications_controller']/div[6]/div/div/ul/li/a/span' not found)
[[ATTACHMENT|D:\\1_Roostify\\Automation\\Roo_Core\\Reports\\Invite Borrower Test Suite\\20180605_155403\\1528194291816.png]]

2018-06-05 15:54:52 - [MESSAGE][FAILED] - Unable to get text of object 'Object Repository/Common/Sign Up/text_User_Name' (Root cause: com.kms.katalon.core.webui.exception.WebElementNotFoundException: Web element with id: 'Object Repository/Common/Sign Up/text_User_Name' located by 'By.xpath: .//*[@id='loan_applications_controller']/div[6]/div/div/ul/li/a/span' not found)

2018-06-05 15:54:52 - [TEST_STEP][PASSED] - Start listener action : sampleAfterTestCase: Invoke 'com.kms.katalon.core.annotation.AfterTestCase' method: 'TestListeners.sampleAfterTestCase(...)' completed.

2018-06-05 15:54:52 - [TEST_STEP][PASSED] - Statement - println(testCaseContext.getTestCaseId()): null

2018-06-05 15:54:52 - [TEST_STEP][PASSED] - Statement - println(testCaseContext.getTestCaseStatus()): Invoke 'com.kms.katalon.core.annotation.AfterTestCase' method: 'TestListeners.sampleAfterTestCase(...)' completed.]]></system-out>
         <system-err><![CDATA[2018-06-05 15:54:05 - [TEST_CASE][FAILED] - Test Cases/Admin Dashboard/Verify Admin is able to Invite Borrower: Test Cases/Admin Dashboard/Verify Admin is able to Invite Borrower FAILED because (of) Unable to get text of object 'Object Repository/Common/Sign Up/text_User_Name' (Root cause: com.kms.katalon.core.webui.exception.WebElementNotFoundException: Web element with id: 'Object Repository/Common/Sign Up/text_User_Name' located by 'By.xpath: .//*[@id='loan_applications_controller']/div[6]/div/div/ul/li/a/span' not found)]]></system-err>
      </testcase>
      <system-out><![CDATA[2018-06-05 15:54:05 - [TEST_SUITE][FAILED] - Invite Borrower Test Suite: Test Cases/Admin Dashboard/Verify Admin is able to Invite Borrower FAILED because (of) Unable to get text of object 'Object Repository/Common/Sign Up/text_User_Name' (Root cause: com.kms.katalon.core.webui.exception.WebElementNotFoundException: Web element with id: 'Object Repository/Common/Sign Up/text_User_Name' located by 'By.xpath: .//*[@id='loan_applications_controller']/div[6]/div/div/ul/li/a/span' not found)]]></system-out>
      <system-err><![CDATA[2018-06-05 15:54:05 - [TEST_SUITE][FAILED] - Invite Borrower Test Suite: Test Cases/Admin Dashboard/Verify Admin is able to Invite Borrower FAILED because (of) Unable to get text of object 'Object Repository/Common/Sign Up/text_User_Name' (Root cause: com.kms.katalon.core.webui.exception.WebElementNotFoundException: Web element with id: 'Object Repository/Common/Sign Up/text_User_Name' located by 'By.xpath: .//*[@id='loan_applications_controller']/div[6]/div/div/ul/li/a/span' not found)]]></system-err>
   </testsuite>
</testsuites>
