<?xml version="1.0" encoding="UTF-8"?>
<testsuites name="Invite Borrower Test Suite" time="56" tests="0" failures="1" errors="0">
   <testsuite name="Invite Borrower Test Suite" tests="0" failures="1" errors="0" time="56" timestamp="2018-06-07 18:06:18" hostname="KalyaniK - KALYANIK.talentica-all.com" id="Test Suites/Invite Borrower Test Suite">
      <properties>
         <property name="deviceName" value=""/>
         <property name="devicePlatform" value=""/>
         <property name="logFolder" value="D:\\1_Roostify\\Automation\\Roo_Core\\Reports\\Invite Borrower Test Suite\\20180607_180615"/>
         <property name="logFiles" value="D:\\1_Roostify\\Automation\\Roo_Core\\Reports\\Invite Borrower Test Suite\\20180607_180615\\execution0.log"/>
         <property name="attachments" value="D:\\1_Roostify\\Automation\\Roo_Core\\Reports\\Invite Borrower Test Suite\\20180607_180615\\1528375032003.png"/>
         <property name="hostName" value="KalyaniK - KALYANIK.talentica-all.com"/>
         <property name="os" value="Windows 7 64bit"/>
         <property name="katalonVersion" value="5.4.1.1"/>
         <property name="browser" value="Chrome 66.0.3359.181"/>
         <property name="hostAddress" value="172.19.19.84"/>
         <property name="sessionId" value="81217f1b9e15b5351abeb484aa25a797"/>
         <property name="seleniumVersion" value="3.7.1"/>
         <property name="proxyInformation" value="ProxyInformation{proxyOption=NO_PROXY, proxyServerType=HTTP, password=, proxyServerAddress=, proxyServerPort=0}"/>
         <property name="platform" value="Windows 7"/>
      </properties>
      <testcase name="Test Cases/Admin Dashboard/Verify Admin is able to Invite Borrower" classname="Test Cases/Admin Dashboard/Verify Admin is able to Invite Borrower" status="FAILED">
         <failure type="FAILED" message="Unable to click on object 'Object Repository/Admin Dashboard/Invite Borrower/tab_Invite Borrower' (Root cause: com.kms.katalon.core.webui.exception.WebElementNotFoundException: Web element with id: 'Object Repository/Admin Dashboard/Invite Borrower/tab_Invite Borrower' located by 'By.xpath: //img[@src = 'https://s3-us-west-1.amazonaws.com/roostifystatic/static/misc_icons/envelope_icon_white.png' and @alt = 'Envelope icon white']' not found)"/>
         <system-out><![CDATA[2018-06-07 18:06:19 - [TEST_CASE][FAILED] - Test Cases/Admin Dashboard/Verify Admin is able to Invite Borrower: Test Cases/Admin Dashboard/Verify Admin is able to Invite Borrower FAILED because (of) Unable to click on object 'Object Repository/Admin Dashboard/Invite Borrower/tab_Invite Borrower' (Root cause: com.kms.katalon.core.webui.exception.WebElementNotFoundException: Web element with id: 'Object Repository/Admin Dashboard/Invite Borrower/tab_Invite Borrower' located by 'By.xpath: //img[@src = 'https://s3-us-west-1.amazonaws.com/roostifystatic/static/misc_icons/envelope_icon_white.png' and @alt = 'Envelope icon white']' not found)

2018-06-07 18:06:19 - [TEST_STEP][PASSED] - Start listener action : sampleBeforeTestCase: Current window maximized

2018-06-07 18:06:19 - [TEST_STEP][PASSED] - Statement - println(testCaseContext.getTestCaseId()): null

2018-06-07 18:06:19 - [TEST_STEP][PASSED] - Statement - println(testCaseContext.getTestCaseVariables()): null

2018-06-07 18:06:19 - [TEST_STEP][PASSED] - openBrowser: Browser is opened with url: 'https://roostify-navy-test.herokuapp.com/'

2018-06-07 18:06:29 - [MESSAGE][PASSED] - Browser is opened with url: 'https://roostify-navy-test.herokuapp.com/'

2018-06-07 18:06:29 - [TEST_STEP][PASSED] - maximizeWindow: Current window maximized

2018-06-07 18:06:30 - [MESSAGE][PASSED] - Current window maximized

2018-06-07 18:06:30 - [TEST_STEP][NOT_RUN] - com.common.util.LoginHelper.LoginWithAdmin: NOT_RUN: com.common.util.LoginHelper.LoginWithAdmin

2018-06-07 18:06:30 - [MESSAGE][NOT_RUN] - NOT_RUN: com.common.util.LoginHelper.LoginWithAdmin

2018-06-07 18:06:30 - [TEST_STEP][PASSED] - waitForElementClickable: Web element with id: 'Object Repository/Admin Dashboard/Invite Borrower/tab_Invite Borrower' located by 'By.xpath: //img[@src = 'https://s3-us-west-1.amazonaws.com/roostifystatic/static/misc_icons/envelope_icon_white.png' and @alt = 'Envelope icon white']' not found

2018-06-07 18:06:41 - [MESSAGE][WARNING] - Web element with id: 'Object Repository/Admin Dashboard/Invite Borrower/tab_Invite Borrower' located by 'By.xpath: //img[@src = 'https://s3-us-west-1.amazonaws.com/roostifystatic/static/misc_icons/envelope_icon_white.png' and @alt = 'Envelope icon white']' not found

2018-06-07 18:06:41 - [TEST_STEP][FAILED] - click: Unable to click on object 'Object Repository/Admin Dashboard/Invite Borrower/tab_Invite Borrower' (Root cause: com.kms.katalon.core.webui.exception.WebElementNotFoundException: Web element with id: 'Object Repository/Admin Dashboard/Invite Borrower/tab_Invite Borrower' located by 'By.xpath: //img[@src = 'https://s3-us-west-1.amazonaws.com/roostifystatic/static/misc_icons/envelope_icon_white.png' and @alt = 'Envelope icon white']' not found)

2018-06-07 18:07:12 - [MESSAGE][FAILED] - Unable to click on object 'Object Repository/Admin Dashboard/Invite Borrower/tab_Invite Borrower' (Root cause: com.kms.katalon.core.webui.exception.WebElementNotFoundException: Web element with id: 'Object Repository/Admin Dashboard/Invite Borrower/tab_Invite Borrower' located by 'By.xpath: //img[@src = 'https://s3-us-west-1.amazonaws.com/roostifystatic/static/misc_icons/envelope_icon_white.png' and @alt = 'Envelope icon white']' not found)
[[ATTACHMENT|D:\\1_Roostify\\Automation\\Roo_Core\\Reports\\Invite Borrower Test Suite\\20180607_180615\\1528375032003.png]]

2018-06-07 18:07:12 - [TEST_STEP][PASSED] - Start listener action : sampleAfterTestCase: Invoke 'com.kms.katalon.core.annotation.AfterTestCase' method: 'TestListeners.sampleAfterTestCase(...)' completed.

2018-06-07 18:07:12 - [TEST_STEP][PASSED] - Statement - println(testCaseContext.getTestCaseId()): null

2018-06-07 18:07:12 - [TEST_STEP][PASSED] - Statement - println(testCaseContext.getTestCaseStatus()): Invoke 'com.kms.katalon.core.annotation.AfterTestCase' method: 'TestListeners.sampleAfterTestCase(...)' completed.]]></system-out>
         <system-err><![CDATA[2018-06-07 18:06:19 - [TEST_CASE][FAILED] - Test Cases/Admin Dashboard/Verify Admin is able to Invite Borrower: Test Cases/Admin Dashboard/Verify Admin is able to Invite Borrower FAILED because (of) Unable to click on object 'Object Repository/Admin Dashboard/Invite Borrower/tab_Invite Borrower' (Root cause: com.kms.katalon.core.webui.exception.WebElementNotFoundException: Web element with id: 'Object Repository/Admin Dashboard/Invite Borrower/tab_Invite Borrower' located by 'By.xpath: //img[@src = 'https://s3-us-west-1.amazonaws.com/roostifystatic/static/misc_icons/envelope_icon_white.png' and @alt = 'Envelope icon white']' not found)]]></system-err>
      </testcase>
      <system-out><![CDATA[2018-06-07 18:06:18 - [TEST_SUITE][FAILED] - Invite Borrower Test Suite: Test Cases/Admin Dashboard/Verify Admin is able to Invite Borrower FAILED because (of) Unable to click on object 'Object Repository/Admin Dashboard/Invite Borrower/tab_Invite Borrower' (Root cause: com.kms.katalon.core.webui.exception.WebElementNotFoundException: Web element with id: 'Object Repository/Admin Dashboard/Invite Borrower/tab_Invite Borrower' located by 'By.xpath: //img[@src = 'https://s3-us-west-1.amazonaws.com/roostifystatic/static/misc_icons/envelope_icon_white.png' and @alt = 'Envelope icon white']' not found)]]></system-out>
      <system-err><![CDATA[2018-06-07 18:06:18 - [TEST_SUITE][FAILED] - Invite Borrower Test Suite: Test Cases/Admin Dashboard/Verify Admin is able to Invite Borrower FAILED because (of) Unable to click on object 'Object Repository/Admin Dashboard/Invite Borrower/tab_Invite Borrower' (Root cause: com.kms.katalon.core.webui.exception.WebElementNotFoundException: Web element with id: 'Object Repository/Admin Dashboard/Invite Borrower/tab_Invite Borrower' located by 'By.xpath: //img[@src = 'https://s3-us-west-1.amazonaws.com/roostifystatic/static/misc_icons/envelope_icon_white.png' and @alt = 'Envelope icon white']' not found)]]></system-err>
   </testsuite>
</testsuites>
