{"devicePlatform":"","logFolder":"D:\\1_Roostify\\Automation\\RoostifyCore\\Reports\\Admin Dashboard Test Suite\\20180522_191936","runData":{"hostName":"KalyaniK - KALYANIK.talentica-all.com","hostAddress":"172.19.19.84","os":"Windows 7 64bit","katalonVersion":"5.4.1.1"},"type":"TEST_SUITE","name":"Admin Dashboard Test Suite","id":"Test Suites/Admin Dashboard Test Suite","source":"","message":"Test Cases/Admin Dashboard/Copy Referral Link FAILED because (of) Unable to open browser with url: \u0027https://roostify-dev-pr-6203.herokuapp.com/\u0027 (Root cause: org.openqa.selenium.WebDriverException: org.apache.http.conn.HttpHostConnectException: Connect to localhost:37922 [localhost/127.0.0.1] failed: Connection refused: connect\nBuild info: version: \u00273.7.1\u0027, revision: \u00278a0099a\u0027, time: \u00272017-11-06T21:07:36.161Z\u0027\nSystem info: host: \u0027KALYANIK\u0027, ip: \u0027172.19.19.84\u0027, os.name: \u0027Windows 7\u0027, os.arch: \u0027amd64\u0027, os.version: \u00276.1\u0027, java.version: \u00271.8.0_102\u0027\nDriver info: driver.version: CFirefoxDriver)","description":"","startTime":1526996977794,"endTime":1526997051867,"childRecords":[{"isOptional":false,"type":"TEST_CASE","name":"Test Cases/Admin Dashboard/Copy Referral Link","id":"Test Cases/Admin Dashboard/Copy Referral Link","source":"D:\\\\1_Roostify\\\\Automation\\\\RoostifyCore\\\\Test Cases\\\\Admin Dashboard\\\\Copy Referral Link.tc","message":"Test Cases/Admin Dashboard/Copy Referral Link FAILED because (of) Unable to open browser with url: \u0027https://roostify-dev-pr-6203.herokuapp.com/\u0027 (Root cause: org.openqa.selenium.WebDriverException: org.apache.http.conn.HttpHostConnectException: Connect to localhost:37922 [localhost/127.0.0.1] failed: Connection refused: connect\nBuild info: version: \u00273.7.1\u0027, revision: \u00278a0099a\u0027, time: \u00272017-11-06T21:07:36.161Z\u0027\nSystem info: host: \u0027KALYANIK\u0027, ip: \u0027172.19.19.84\u0027, os.name: \u0027Windows 7\u0027, os.arch: \u0027amd64\u0027, os.version: \u00276.1\u0027, java.version: \u00271.8.0_102\u0027\nDriver info: driver.version: CFirefoxDriver)","description":"","startTime":1526996978032,"endTime":1526997004097,"childRecords":[{"testStatus":{"stackTrace":"","statusValue":"INFO"},"type":"MESSAGE","name":"","message":"Evaluating variables for test case","startTime":1526996978051,"endTime":0,"childRecords":[],"interuppted":false},{"index":1,"isIgnoredIfFailed":false,"type":"TEST_STEP","name":"callTestCase","message":"Unable to call Test Case with id \u0027Test Cases/Sign In\u0027 (Root cause: Call Test Case \u0027Test Cases/Sign In\u0027 failed)","description":"","startTime":1526996978643,"endTime":1526997002067,"childRecords":[{"isOptional":false,"type":"TEST_CASE","name":"Test Cases/Sign In","id":"Test Cases/Sign In","source":"D:\\\\1_Roostify\\\\Automation\\\\RoostifyCore\\\\Test Cases\\\\Sign In.tc","message":"Test Cases/Sign In FAILED because (of) Unable to open browser with url: \u0027https://roostify-dev-pr-6203.herokuapp.com/\u0027 (Root cause: org.openqa.selenium.WebDriverException: org.apache.http.conn.HttpHostConnectException: Connect to localhost:37922 [localhost/127.0.0.1] failed: Connection refused: connect\nBuild info: version: \u00273.7.1\u0027, revision: \u00278a0099a\u0027, time: \u00272017-11-06T21:07:36.161Z\u0027\nSystem info: host: \u0027KALYANIK\u0027, ip: \u0027172.19.19.84\u0027, os.name: \u0027Windows 7\u0027, os.arch: \u0027amd64\u0027, os.version: \u00276.1\u0027, java.version: \u00271.8.0_102\u0027\nDriver info: driver.version: CFirefoxDriver)","description":"","startTime":1526996978742,"endTime":1526997002064,"childRecords":[{"testStatus":{"stackTrace":"","statusValue":"INFO"},"type":"MESSAGE","name":"","message":"Evaluating variables for test case","startTime":1526996978750,"endTime":0,"childRecords":[],"interuppted":false},{"index":1,"isIgnoredIfFailed":false,"type":"TEST_STEP","name":"openBrowser","message":"Unable to open browser with url: \u0027https://roostify-dev-pr-6203.herokuapp.com/\u0027 (Root cause: org.openqa.selenium.WebDriverException: org.apache.http.conn.HttpHostConnectException: Connect to localhost:37922 [localhost/127.0.0.1] failed: Connection refused: connect\nBuild info: version: \u00273.7.1\u0027, revision: \u00278a0099a\u0027, time: \u00272017-11-06T21:07:36.161Z\u0027\nSystem info: host: \u0027KALYANIK\u0027, ip: \u0027172.19.19.84\u0027, os.name: \u0027Windows 7\u0027, os.arch: \u0027amd64\u0027, os.version: \u00276.1\u0027, java.version: \u00271.8.0_102\u0027\nDriver info: driver.version: CFirefoxDriver)","description":"","startTime":1526996978847,"endTime":1526997002049,"childRecords":[{"testStatus":{"stackTrace":"","statusValue":"FAILED"},"type":"MESSAGE","name":"","message":"Unable to open browser with url: \u0027https://roostify-dev-pr-6203.herokuapp.com/\u0027 (Root cause: org.openqa.selenium.WebDriverException: org.apache.http.conn.HttpHostConnectException: Connect to localhost:37922 [localhost/127.0.0.1] failed: Connection refused: connect\nBuild info: version: \u00273.7.1\u0027, revision: \u00278a0099a\u0027, time: \u00272017-11-06T21:07:36.161Z\u0027\nSystem info: host: \u0027KALYANIK\u0027, ip: \u0027172.19.19.84\u0027, os.name: \u0027Windows 7\u0027, os.arch: \u0027amd64\u0027, os.version: \u00276.1\u0027, java.version: \u00271.8.0_102\u0027\nDriver info: driver.version: CFirefoxDriver)","startTime":1526997002048,"endTime":0,"childRecords":[],"interuppted":false}],"interuppted":false},{"testStatus":{"stackTrace":"","statusValue":"FAILED"},"type":"MESSAGE","name":"","message":"Test Cases/Sign In FAILED because (of) Unable to open browser with url: \u0027https://roostify-dev-pr-6203.herokuapp.com/\u0027 (Root cause: org.openqa.selenium.WebDriverException: org.apache.http.conn.HttpHostConnectException: Connect to localhost:37922 [localhost/127.0.0.1] failed: Connection refused: connect\nBuild info: version: \u00273.7.1\u0027, revision: \u00278a0099a\u0027, time: \u00272017-11-06T21:07:36.161Z\u0027\nSystem info: host: \u0027KALYANIK\u0027, ip: \u0027172.19.19.84\u0027, os.name: \u0027Windows 7\u0027, os.arch: \u0027amd64\u0027, os.version: \u00276.1\u0027, java.version: \u00271.8.0_102\u0027\nDriver info: driver.version: CFirefoxDriver)","startTime":1526997002049,"endTime":0,"childRecords":[],"interuppted":false}],"interuppted":false},{"testStatus":{"stackTrace":"","statusValue":"FAILED"},"type":"MESSAGE","name":"","message":"Unable to call Test Case with id \u0027Test Cases/Sign In\u0027 (Root cause: Call Test Case \u0027Test Cases/Sign In\u0027 failed)","startTime":1526997002067,"endTime":0,"childRecords":[],"interuppted":false}],"interuppted":false},{"testStatus":{"stackTrace":"","statusValue":"FAILED"},"type":"MESSAGE","name":"","message":"Test Cases/Admin Dashboard/Copy Referral Link FAILED because (of) Unable to open browser with url: \u0027https://roostify-dev-pr-6203.herokuapp.com/\u0027 (Root cause: org.openqa.selenium.WebDriverException: org.apache.http.conn.HttpHostConnectException: Connect to localhost:37922 [localhost/127.0.0.1] failed: Connection refused: connect\nBuild info: version: \u00273.7.1\u0027, revision: \u00278a0099a\u0027, time: \u00272017-11-06T21:07:36.161Z\u0027\nSystem info: host: \u0027KALYANIK\u0027, ip: \u0027172.19.19.84\u0027, os.name: \u0027Windows 7\u0027, os.arch: \u0027amd64\u0027, os.version: \u00276.1\u0027, java.version: \u00271.8.0_102\u0027\nDriver info: driver.version: CFirefoxDriver)","startTime":1526997002068,"endTime":0,"childRecords":[],"interuppted":false}],"interuppted":false},{"isOptional":false,"type":"TEST_CASE","name":"Test Cases/Admin Dashboard/Create Loan Manually","id":"Test Cases/Admin Dashboard/Create Loan Manually","source":"D:\\\\1_Roostify\\\\Automation\\\\RoostifyCore\\\\Test Cases\\\\Admin Dashboard\\\\Create Loan Manually.tc","message":"Test Cases/Admin Dashboard/Create Loan Manually FAILED because (of) Unable to open browser with url: \u0027https://roostify-dev-pr-6203.herokuapp.com/\u0027 (Root cause: org.openqa.selenium.WebDriverException: org.apache.http.conn.HttpHostConnectException: Connect to localhost:42537 [localhost/127.0.0.1] failed: Connection refused: connect\nBuild info: version: \u00273.7.1\u0027, revision: \u00278a0099a\u0027, time: \u00272017-11-06T21:07:36.161Z\u0027\nSystem info: host: \u0027KALYANIK\u0027, ip: \u0027172.19.19.84\u0027, os.name: \u0027Windows 7\u0027, os.arch: \u0027amd64\u0027, os.version: \u00276.1\u0027, java.version: \u00271.8.0_102\u0027\nDriver info: driver.version: CFirefoxDriver)","description":"","startTime":1526997004102,"endTime":1526997028471,"childRecords":[{"testStatus":{"stackTrace":"","statusValue":"INFO"},"type":"MESSAGE","name":"","message":"Evaluating variables for test case","startTime":1526997004112,"endTime":0,"childRecords":[],"interuppted":false},{"index":1,"isIgnoredIfFailed":false,"type":"TEST_STEP","name":"Statement - FirstName \u003d \"kaly12\"","description":"","startTime":1526997004213,"endTime":1526997004214,"childRecords":[],"interuppted":false},{"index":2,"isIgnoredIfFailed":false,"type":"TEST_STEP","name":"Statement - LastName \u003d \"kachi\"","description":"","startTime":1526997004215,"endTime":1526997004216,"childRecords":[],"interuppted":false},{"index":3,"isIgnoredIfFailed":false,"type":"TEST_STEP","name":"callTestCase","message":"Unable to call Test Case with id \u0027Test Cases/Sign In\u0027 (Root cause: Call Test Case \u0027Test Cases/Sign In\u0027 failed)","description":"","startTime":1526997004216,"endTime":1526997026434,"childRecords":[{"isOptional":false,"type":"TEST_CASE","name":"Test Cases/Sign In","id":"Test Cases/Sign In","source":"D:\\\\1_Roostify\\\\Automation\\\\RoostifyCore\\\\Test Cases\\\\Sign In.tc","message":"Test Cases/Sign In FAILED because (of) Unable to open browser with url: \u0027https://roostify-dev-pr-6203.herokuapp.com/\u0027 (Root cause: org.openqa.selenium.WebDriverException: org.apache.http.conn.HttpHostConnectException: Connect to localhost:42537 [localhost/127.0.0.1] failed: Connection refused: connect\nBuild info: version: \u00273.7.1\u0027, revision: \u00278a0099a\u0027, time: \u00272017-11-06T21:07:36.161Z\u0027\nSystem info: host: \u0027KALYANIK\u0027, ip: \u0027172.19.19.84\u0027, os.name: \u0027Windows 7\u0027, os.arch: \u0027amd64\u0027, os.version: \u00276.1\u0027, java.version: \u00271.8.0_102\u0027\nDriver info: driver.version: CFirefoxDriver)","description":"","startTime":1526997004274,"endTime":1526997026433,"childRecords":[{"testStatus":{"stackTrace":"","statusValue":"INFO"},"type":"MESSAGE","name":"","message":"Evaluating variables for test case","startTime":1526997004280,"endTime":0,"childRecords":[],"interuppted":false},{"index":1,"isIgnoredIfFailed":false,"type":"TEST_STEP","name":"openBrowser","message":"Unable to open browser with url: \u0027https://roostify-dev-pr-6203.herokuapp.com/\u0027 (Root cause: org.openqa.selenium.WebDriverException: org.apache.http.conn.HttpHostConnectException: Connect to localhost:42537 [localhost/127.0.0.1] failed: Connection refused: connect\nBuild info: version: \u00273.7.1\u0027, revision: \u00278a0099a\u0027, time: \u00272017-11-06T21:07:36.161Z\u0027\nSystem info: host: \u0027KALYANIK\u0027, ip: \u0027172.19.19.84\u0027, os.name: \u0027Windows 7\u0027, os.arch: \u0027amd64\u0027, os.version: \u00276.1\u0027, java.version: \u00271.8.0_102\u0027\nDriver info: driver.version: CFirefoxDriver)","description":"","startTime":1526997004282,"endTime":1526997026412,"childRecords":[{"testStatus":{"stackTrace":"","statusValue":"FAILED"},"type":"MESSAGE","name":"","message":"Unable to open browser with url: \u0027https://roostify-dev-pr-6203.herokuapp.com/\u0027 (Root cause: org.openqa.selenium.WebDriverException: org.apache.http.conn.HttpHostConnectException: Connect to localhost:42537 [localhost/127.0.0.1] failed: Connection refused: connect\nBuild info: version: \u00273.7.1\u0027, revision: \u00278a0099a\u0027, time: \u00272017-11-06T21:07:36.161Z\u0027\nSystem info: host: \u0027KALYANIK\u0027, ip: \u0027172.19.19.84\u0027, os.name: \u0027Windows 7\u0027, os.arch: \u0027amd64\u0027, os.version: \u00276.1\u0027, java.version: \u00271.8.0_102\u0027\nDriver info: driver.version: CFirefoxDriver)","startTime":1526997026411,"endTime":0,"childRecords":[],"interuppted":false}],"interuppted":false},{"testStatus":{"stackTrace":"","statusValue":"FAILED"},"type":"MESSAGE","name":"","message":"Test Cases/Sign In FAILED because (of) Unable to open browser with url: \u0027https://roostify-dev-pr-6203.herokuapp.com/\u0027 (Root cause: org.openqa.selenium.WebDriverException: org.apache.http.conn.HttpHostConnectException: Connect to localhost:42537 [localhost/127.0.0.1] failed: Connection refused: connect\nBuild info: version: \u00273.7.1\u0027, revision: \u00278a0099a\u0027, time: \u00272017-11-06T21:07:36.161Z\u0027\nSystem info: host: \u0027KALYANIK\u0027, ip: \u0027172.19.19.84\u0027, os.name: \u0027Windows 7\u0027, os.arch: \u0027amd64\u0027, os.version: \u00276.1\u0027, java.version: \u00271.8.0_102\u0027\nDriver info: driver.version: CFirefoxDriver)","startTime":1526997026412,"endTime":0,"childRecords":[],"interuppted":false}],"interuppted":false},{"testStatus":{"stackTrace":"","statusValue":"FAILED"},"type":"MESSAGE","name":"","message":"Unable to call Test Case with id \u0027Test Cases/Sign In\u0027 (Root cause: Call Test Case \u0027Test Cases/Sign In\u0027 failed)","startTime":1526997026433,"endTime":0,"childRecords":[],"interuppted":false}],"interuppted":false},{"testStatus":{"stackTrace":"","statusValue":"FAILED"},"type":"MESSAGE","name":"","message":"Test Cases/Admin Dashboard/Create Loan Manually FAILED because (of) Unable to open browser with url: \u0027https://roostify-dev-pr-6203.herokuapp.com/\u0027 (Root cause: org.openqa.selenium.WebDriverException: org.apache.http.conn.HttpHostConnectException: Connect to localhost:42537 [localhost/127.0.0.1] failed: Connection refused: connect\nBuild info: version: \u00273.7.1\u0027, revision: \u00278a0099a\u0027, time: \u00272017-11-06T21:07:36.161Z\u0027\nSystem info: host: \u0027KALYANIK\u0027, ip: \u0027172.19.19.84\u0027, os.name: \u0027Windows 7\u0027, os.arch: \u0027amd64\u0027, os.version: \u00276.1\u0027, java.version: \u00271.8.0_102\u0027\nDriver info: driver.version: CFirefoxDriver)","startTime":1526997026434,"endTime":0,"childRecords":[],"interuppted":false}],"interuppted":false},{"isOptional":false,"type":"TEST_CASE","name":"Test Cases/Admin Dashboard/Invite Borrower","id":"Test Cases/Admin Dashboard/Invite Borrower","source":"D:\\\\1_Roostify\\\\Automation\\\\RoostifyCore\\\\Test Cases\\\\Admin Dashboard\\\\Invite Borrower.tc","message":"Test Cases/Admin Dashboard/Invite Borrower FAILED because (of) Unable to open browser with url: \u0027https://roostify-dev-pr-6203.herokuapp.com/\u0027 (Root cause: org.openqa.selenium.WebDriverException: org.apache.http.conn.HttpHostConnectException: Connect to localhost:37592 [localhost/127.0.0.1] failed: Connection refused: connect\nBuild info: version: \u00273.7.1\u0027, revision: \u00278a0099a\u0027, time: \u00272017-11-06T21:07:36.161Z\u0027\nSystem info: host: \u0027KALYANIK\u0027, ip: \u0027172.19.19.84\u0027, os.name: \u0027Windows 7\u0027, os.arch: \u0027amd64\u0027, os.version: \u00276.1\u0027, java.version: \u00271.8.0_102\u0027\nDriver info: driver.version: CFirefoxDriver)","description":"","startTime":1526997028474,"endTime":1526997051850,"childRecords":[{"testStatus":{"stackTrace":"","statusValue":"INFO"},"type":"MESSAGE","name":"","message":"Evaluating variables for test case","startTime":1526997028481,"endTime":0,"childRecords":[],"interuppted":false},{"index":1,"isIgnoredIfFailed":false,"type":"TEST_STEP","name":"callTestCase","message":"Unable to call Test Case with id \u0027Test Cases/Sign In\u0027 (Root cause: Call Test Case \u0027Test Cases/Sign In\u0027 failed)","description":"","startTime":1526997028591,"endTime":1526997049821,"childRecords":[{"isOptional":false,"type":"TEST_CASE","name":"Test Cases/Sign In","id":"Test Cases/Sign In","source":"D:\\\\1_Roostify\\\\Automation\\\\RoostifyCore\\\\Test Cases\\\\Sign In.tc","message":"Test Cases/Sign In FAILED because (of) Unable to open browser with url: \u0027https://roostify-dev-pr-6203.herokuapp.com/\u0027 (Root cause: org.openqa.selenium.WebDriverException: org.apache.http.conn.HttpHostConnectException: Connect to localhost:37592 [localhost/127.0.0.1] failed: Connection refused: connect\nBuild info: version: \u00273.7.1\u0027, revision: \u00278a0099a\u0027, time: \u00272017-11-06T21:07:36.161Z\u0027\nSystem info: host: \u0027KALYANIK\u0027, ip: \u0027172.19.19.84\u0027, os.name: \u0027Windows 7\u0027, os.arch: \u0027amd64\u0027, os.version: \u00276.1\u0027, java.version: \u00271.8.0_102\u0027\nDriver info: driver.version: CFirefoxDriver)","description":"","startTime":1526997028649,"endTime":1526997049819,"childRecords":[{"testStatus":{"stackTrace":"","statusValue":"INFO"},"type":"MESSAGE","name":"","message":"Evaluating variables for test case","startTime":1526997028654,"endTime":0,"childRecords":[],"interuppted":false},{"index":1,"isIgnoredIfFailed":false,"type":"TEST_STEP","name":"openBrowser","message":"Unable to open browser with url: \u0027https://roostify-dev-pr-6203.herokuapp.com/\u0027 (Root cause: org.openqa.selenium.WebDriverException: org.apache.http.conn.HttpHostConnectException: Connect to localhost:37592 [localhost/127.0.0.1] failed: Connection refused: connect\nBuild info: version: \u00273.7.1\u0027, revision: \u00278a0099a\u0027, time: \u00272017-11-06T21:07:36.161Z\u0027\nSystem info: host: \u0027KALYANIK\u0027, ip: \u0027172.19.19.84\u0027, os.name: \u0027Windows 7\u0027, os.arch: \u0027amd64\u0027, os.version: \u00276.1\u0027, java.version: \u00271.8.0_102\u0027\nDriver info: driver.version: CFirefoxDriver)","description":"","startTime":1526997028655,"endTime":1526997049817,"childRecords":[{"testStatus":{"stackTrace":"","statusValue":"FAILED"},"type":"MESSAGE","name":"","message":"Unable to open browser with url: \u0027https://roostify-dev-pr-6203.herokuapp.com/\u0027 (Root cause: org.openqa.selenium.WebDriverException: org.apache.http.conn.HttpHostConnectException: Connect to localhost:37592 [localhost/127.0.0.1] failed: Connection refused: connect\nBuild info: version: \u00273.7.1\u0027, revision: \u00278a0099a\u0027, time: \u00272017-11-06T21:07:36.161Z\u0027\nSystem info: host: \u0027KALYANIK\u0027, ip: \u0027172.19.19.84\u0027, os.name: \u0027Windows 7\u0027, os.arch: \u0027amd64\u0027, os.version: \u00276.1\u0027, java.version: \u00271.8.0_102\u0027\nDriver info: driver.version: CFirefoxDriver)","startTime":1526997049816,"endTime":0,"childRecords":[],"interuppted":false}],"interuppted":false},{"testStatus":{"stackTrace":"","statusValue":"FAILED"},"type":"MESSAGE","name":"","message":"Test Cases/Sign In FAILED because (of) Unable to open browser with url: \u0027https://roostify-dev-pr-6203.herokuapp.com/\u0027 (Root cause: org.openqa.selenium.WebDriverException: org.apache.http.conn.HttpHostConnectException: Connect to localhost:37592 [localhost/127.0.0.1] failed: Connection refused: connect\nBuild info: version: \u00273.7.1\u0027, revision: \u00278a0099a\u0027, time: \u00272017-11-06T21:07:36.161Z\u0027\nSystem info: host: \u0027KALYANIK\u0027, ip: \u0027172.19.19.84\u0027, os.name: \u0027Windows 7\u0027, os.arch: \u0027amd64\u0027, os.version: \u00276.1\u0027, java.version: \u00271.8.0_102\u0027\nDriver info: driver.version: CFirefoxDriver)","startTime":1526997049818,"endTime":0,"childRecords":[],"interuppted":false}],"interuppted":false},{"testStatus":{"stackTrace":"","statusValue":"FAILED"},"type":"MESSAGE","name":"","message":"Unable to call Test Case with id \u0027Test Cases/Sign In\u0027 (Root cause: Call Test Case \u0027Test Cases/Sign In\u0027 failed)","startTime":1526997049820,"endTime":0,"childRecords":[],"interuppted":false}],"interuppted":false},{"testStatus":{"stackTrace":"","statusValue":"FAILED"},"type":"MESSAGE","name":"","message":"Test Cases/Admin Dashboard/Invite Borrower FAILED because (of) Unable to open browser with url: \u0027https://roostify-dev-pr-6203.herokuapp.com/\u0027 (Root cause: org.openqa.selenium.WebDriverException: org.apache.http.conn.HttpHostConnectException: Connect to localhost:37592 [localhost/127.0.0.1] failed: Connection refused: connect\nBuild info: version: \u00273.7.1\u0027, revision: \u00278a0099a\u0027, time: \u00272017-11-06T21:07:36.161Z\u0027\nSystem info: host: \u0027KALYANIK\u0027, ip: \u0027172.19.19.84\u0027, os.name: \u0027Windows 7\u0027, os.arch: \u0027amd64\u0027, os.version: \u00276.1\u0027, java.version: \u00271.8.0_102\u0027\nDriver info: driver.version: CFirefoxDriver)","startTime":1526997049821,"endTime":0,"childRecords":[],"interuppted":false}],"interuppted":false}],"interuppted":false}