<?xml version="1.0" encoding="UTF-8"?>
<testsuites name="Test Suite-Borrower Submit Loan Application (Invite Borrower)" time="55" tests="0" failures="1" errors="0">
   <testsuite name="Test Suite-Borrower Submit Loan Application (Invite Borrower)" tests="0" failures="1" errors="0" time="55" timestamp="2018-07-20 15:15:27" hostname="KalyaniK - KALYANIK.talentica-all.com" id="Test Suites/Test Suite-Borrower Submit Loan Application (Invite Borrower)">
      <properties>
         <property name="deviceName" value=""/>
         <property name="devicePlatform" value=""/>
         <property name="logFolder" value="D:\\1_Roostify\\Automation\\Roo_Core\\Reports\\Test Suite-Borrower Submit Loan Application (Invite Borrower)\\20180720_151226"/>
         <property name="logFiles" value="D:\\1_Roostify\\Automation\\Roo_Core\\Reports\\Test Suite-Borrower Submit Loan Application (Invite Borrower)\\20180720_151226\\execution0.log, D:\\1_Roostify\\Automation\\Roo_Core\\Reports\\Test Suite-Borrower Submit Loan Application (Invite Borrower)\\20180720_151226\\IEDriverServer.log"/>
         <property name="attachments" value="D:\\1_Roostify\\Automation\\Roo_Core\\Reports\\Test Suite-Borrower Submit Loan Application (Invite Borrower)\\20180720_151226\\1532079952322.png"/>
         <property name="hostName" value="KalyaniK - KALYANIK.talentica-all.com"/>
         <property name="os" value="Windows 7 64bit"/>
         <property name="katalonVersion" value="5.4.1.1"/>
         <property name="browser" value="IE 11"/>
         <property name="hostAddress" value="172.19.19.84"/>
         <property name="sessionId" value="75e7b182-a7b6-4fdb-9230-df90fc317cdf"/>
         <property name="seleniumVersion" value="3.7.1"/>
         <property name="proxyInformation" value="ProxyInformation{proxyOption=NO_PROXY, proxyServerType=HTTP, password=, proxyServerAddress=, proxyServerPort=0}"/>
         <property name="platform" value="Windows 7"/>
      </properties>
      <testcase name="Test Cases/Loan Submission/Borrower Submit Loan Application (Invite Borrower)" classname="Test Cases/Loan Submission/Borrower Submit Loan Application (Invite Borrower)" status="FAILED">
         <failure type="FAILED" message="Unable to wait for object 'Object Repository/Common/Page_Gmail/Search input box' to be present (Root cause: org.openqa.selenium.NoSuchWindowException: Unable to find elements on closed window
Build info: version: '3.7.1', revision: '8a0099a', time: '2017-11-06T21:07:36.161Z'
System info: host: 'KALYANIK', ip: '172.19.19.84', os.name: 'Windows 7', os.arch: 'amd64', os.version: '6.1', java.version: '1.8.0_102'
Driver info: com.kms.katalon.selenium.driver.CInternetExplorerDriver
Capabilities {acceptInsecureCerts: false, browserName: internet explorer, browserVersion: 11, javascriptEnabled: true, pageLoadStrategy: normal, platform: WINDOWS, platformName: WINDOWS, se:ieOptions: {browserAttachTimeout: 0, elementScrollBehavior: 0, enablePersistentHover: true, ie.browserCommandLineSwitches: , ie.ensureCleanSession: false, ie.fileUploadDialogTimeout: 3000, ie.forceCreateProcessApi: false, ignoreProtectedModeSettings: false, ignoreZoomSetting: false, initialBrowserUrl: http://localhost:19376/, nativeEvents: true, requireWindowFocus: false}, setWindowRect: true}
Session ID: 75e7b182-a7b6-4fdb-9230-df90fc317cdf
*** Element info: {Using=xpath, value=//input[@id = 'gbqfq' and @name = 'q' and @type = 'text']})"/>
         <system-out><![CDATA[2018-07-20 15:15:27 - [TEST_CASE][FAILED] - Test Cases/Loan Submission/Borrower Submit Loan Application (Invite Borrower): Test Cases/Loan Submission/Borrower Submit Loan Application (Invite Borrower) FAILED because (of) Unable to wait for object 'Object Repository/Common/Page_Gmail/Search input box' to be present (Root cause: org.openqa.selenium.NoSuchWindowException: Unable to find elements on closed window
Build info: version: '3.7.1', revision: '8a0099a', time: '2017-11-06T21:07:36.161Z'
System info: host: 'KALYANIK', ip: '172.19.19.84', os.name: 'Windows 7', os.arch: 'amd64', os.version: '6.1', java.version: '1.8.0_102'
Driver info: com.kms.katalon.selenium.driver.CInternetExplorerDriver
Capabilities {acceptInsecureCerts: false, browserName: internet explorer, browserVersion: 11, javascriptEnabled: true, pageLoadStrategy: normal, platform: WINDOWS, platformName: WINDOWS, se:ieOptions: {browserAttachTimeout: 0, elementScrollBehavior: 0, enablePersistentHover: true, ie.browserCommandLineSwitches: , ie.ensureCleanSession: false, ie.fileUploadDialogTimeout: 3000, ie.forceCreateProcessApi: false, ignoreProtectedModeSettings: false, ignoreZoomSetting: false, initialBrowserUrl: http://localhost:19376/, nativeEvents: true, requireWindowFocus: false}, setWindowRect: true}
Session ID: 75e7b182-a7b6-4fdb-9230-df90fc317cdf
*** Element info: {Using=xpath, value=//input[@id = 'gbqfq' and @name = 'q' and @type = 'text']})

2018-07-20 15:15:27 - [TEST_STEP][PASSED] - Start listener action : sampleBeforeTestCase: Invoke 'com.kms.katalon.core.annotation.BeforeTestCase' method: 'TestListeners.sampleBeforeTestCase(...)' completed.

2018-07-20 15:15:27 - [TEST_STEP][PASSED] - Statement - println(testCaseContext.getTestCaseId()): null

2018-07-20 15:15:27 - [TEST_STEP][PASSED] - Statement - println(testCaseContext.getTestCaseVariables()): Invoke 'com.kms.katalon.core.annotation.BeforeTestCase' method: 'TestListeners.sampleBeforeTestCase(...)' completed.

2018-07-20 15:15:28 - [TEST_STEP][PASSED] - callTestCase: Call Test Case 'Test Cases/Admin Dashboard/Verify Admin is able to Invite Borrower' successfully

2018-07-20 15:15:28 - [TEST_CASE][PASSED] - Test Cases/Admin Dashboard/Verify Admin is able to Invite Borrower: Test Cases/Admin Dashboard/Verify Admin is able to Invite Borrower

2018-07-20 15:15:28 - [TEST_STEP][PASSED] - com.common.util.LoginHelper.LoginWithAdmin: com.common.util.LoginHelper.LoginWithAdmin is PASSED

2018-07-20 15:15:40 - [MESSAGE][PASSED] - Browser is opened with url: 'https://roostify-blueprint-dev.herokuapp.com/users/sign_in?a=blueprintdev'

2018-07-20 15:15:40 - [MESSAGE][PASSED] - Current window maximized

2018-07-20 15:15:41 - [MESSAGE][PASSED] - Wait for page load successfully

2018-07-20 15:15:41 - [MESSAGE][PASSED] - Text 'kkachhi+admin@roostify.com' is set on object 'Object Repository/Common/Sign In/input_useremail'

2018-07-20 15:15:42 - [MESSAGE][PASSED] - Text 'Kal@3333' is set on object 'Object Repository/Common/Sign In/input_userpassword'

2018-07-20 15:15:43 - [MESSAGE][PASSED] - Object: 'Object Repository/Common/Sign In/button_Sign in' is clicked on

2018-07-20 15:15:52 - [MESSAGE][WARNING] - com.kms.katalon.core.webui.exception.WebElementNotFoundException: Web element with id: 'Object Repository/Common/Sign In/div_Login_Popup' located by 'By.xpath: //div[@id = 'tutorial-borrower' and (text() = concat('

Application portal tutorial overlay





✕

Now, for some homework!



This space provides a secure way to:

  Complete critical tasks, like signing and providing documents
  Get updates about your loan’s progress
  
Communicate with your mortgage team and other folks you invite to participate


Together with your team, you’ll be moving your loan closer to the finish line.
Don’t worry, you’ll be notified by email of activity while you’re away.





Next







✕

Add Your Documents Online




The Tasks tab tells you what information or action we still need from you.
This is where you' , "'" , 'll provide the documents we need to process your loan, and sign important documents from us.


Click on a task to get started, and follow the directions to upload your documents.





Next







✕

Stay Up-to-Date




As your loan progresses through the key stages, you' , "'" , 'll see the latest activity posted in your Stream.


You can comment on activities, post a question or add another person like your Realtor to the transaction.
To add people, just click Invite a Collaborator.





Next







✕

We' , "'" , 're Here to Help




Your mortgage team can help answer questions you have along the way.
Use the Stream and the Chat to get in touch with us at any time.
We' , "'" , 're looking forward to working with you!





Done





') or . = concat('

Application portal tutorial overlay





✕

Now, for some homework!



This space provides a secure way to:

  Complete critical tasks, like signing and providing documents
  Get updates about your loan’s progress
  
Communicate with your mortgage team and other folks you invite to participate


Together with your team, you’ll be moving your loan closer to the finish line.
Don’t worry, you’ll be notified by email of activity while you’re away.





Next







✕

Add Your Documents Online




The Tasks tab tells you what information or action we still need from you.
This is where you' , "'" , 'll provide the documents we need to process your loan, and sign important documents from us.


Click on a task to get started, and follow the directions to upload your documents.





Next







✕

Stay Up-to-Date




As your loan progresses through the key stages, you' , "'" , 'll see the latest activity posted in your Stream.


You can comment on activities, post a question or add another person like your Realtor to the transaction.
To add people, just click Invite a Collaborator.





Next







✕

We' , "'" , 're Here to Help




Your mortgage team can help answer questions you have along the way.
Use the Stream and the Chat to get in touch with us at any time.
We' , "'" , 're looking forward to working with you!





Done





'))]' not found
[[ATTACHMENT|D:\\1_Roostify\\Automation\\Roo_Core\\Reports\\Test Suite-Borrower Submit Loan Application (Invite Borrower)\\20180720_151226\\1532079952322.png]]

2018-07-20 15:15:52 - [MESSAGE][PASSED] - Object 'Object Repository/Common/Sign In/text_Dashboard Name' is present

2018-07-20 15:15:52 - [MESSAGE][PASSED] - Object 'Object Repository/Common/Sign In/text_Dashboard Name' is present

2018-07-20 15:15:52 - [MESSAGE][PASSED] - com.common.util.LoginHelper.LoginWithAdmin is PASSED

2018-07-20 15:15:52 - [TEST_STEP][PASSED] - waitForElementClickable: Object 'Object Repository/Admin Dashboard/Invite Borrower/tab_Invite Borrower' is clickable

2018-07-20 15:15:52 - [MESSAGE][PASSED] - Object 'Object Repository/Admin Dashboard/Invite Borrower/tab_Invite Borrower' is clickable

2018-07-20 15:15:52 - [TEST_STEP][PASSED] - click: Object: 'Object Repository/Admin Dashboard/Invite Borrower/tab_Invite Borrower' is clicked on

2018-07-20 15:15:54 - [MESSAGE][PASSED] - Object: 'Object Repository/Admin Dashboard/Invite Borrower/tab_Invite Borrower' is clicked on

2018-07-20 15:15:54 - [TEST_STEP][PASSED] - waitForElementVisible: Object 'Object Repository/Admin Dashboard/Invite Borrower/input_User Email' is visible

2018-07-20 15:15:54 - [MESSAGE][PASSED] - Object 'Object Repository/Admin Dashboard/Invite Borrower/input_User Email' is visible

2018-07-20 15:15:54 - [TEST_STEP][PASSED] - setText: Text 'kkachhi+test31@roostify.com' is set on object 'Object Repository/Admin Dashboard/Invite Borrower/input_User Email'

2018-07-20 15:15:55 - [MESSAGE][PASSED] - Text 'kkachhi+test31@roostify.com' is set on object 'Object Repository/Admin Dashboard/Invite Borrower/input_User Email'

2018-07-20 15:15:55 - [TEST_STEP][PASSED] - click: Object: 'Object Repository/Admin Dashboard/Invite Borrower/button_Invite' is clicked on

2018-07-20 15:15:56 - [MESSAGE][PASSED] - Object: 'Object Repository/Admin Dashboard/Invite Borrower/button_Invite' is clicked on

2018-07-20 15:15:56 - [MESSAGE][PASSED] - Call Test Case 'Test Cases/Admin Dashboard/Verify Admin is able to Invite Borrower' successfully

2018-07-20 15:15:56 - [TEST_STEP][PASSED] - callTestCase: Call Test Case 'Test Cases/Common/Gmail Login' successfully

2018-07-20 15:15:56 - [TEST_CASE][PASSED] - Test Cases/Common/Gmail Login: Test Cases/Common/Gmail Login

2018-07-20 15:15:56 - [TEST_STEP][PASSED] - openBrowser: Browser is opened with url: 'gmail.com'

2018-07-20 15:15:56 - [MESSAGE][WARNING] - A browser is already opened. Closing browser and opening a new one

2018-07-20 15:16:12 - [MESSAGE][PASSED] - Browser is opened with url: 'gmail.com'

2018-07-20 15:16:12 - [TEST_STEP][PASSED] - setText: Text 'kkachhi@roostify.com' is set on object 'Object Repository/Common/Page_Gmail/input_email'

2018-07-20 15:16:13 - [MESSAGE][PASSED] - Text 'kkachhi@roostify.com' is set on object 'Object Repository/Common/Page_Gmail/input_email'

2018-07-20 15:16:13 - [TEST_STEP][PASSED] - click: Object: 'Object Repository/Common/Page_Gmail/Next button email' is clicked on

2018-07-20 15:16:14 - [MESSAGE][PASSED] - Object: 'Object Repository/Common/Page_Gmail/Next button email' is clicked on

2018-07-20 15:16:14 - [TEST_STEP][PASSED] - waitForPageLoad: Wait for page load successfully

2018-07-20 15:16:14 - [MESSAGE][PASSED] - Wait for page load successfully

2018-07-20 15:16:14 - [TEST_STEP][PASSED] - waitForElementClickable: Object 'Object Repository/Common/Page_Gmail/input_password' is clickable

2018-07-20 15:16:14 - [MESSAGE][PASSED] - Object 'Object Repository/Common/Page_Gmail/input_password' is clickable

2018-07-20 15:16:14 - [TEST_STEP][PASSED] - setText: Text 'gmail pwd' is set on object 'Object Repository/Common/Page_Gmail/input_password'

2018-07-20 15:16:15 - [MESSAGE][PASSED] - Text 'gmail pwd' is set on object 'Object Repository/Common/Page_Gmail/input_password'

2018-07-20 15:16:15 - [TEST_STEP][PASSED] - waitForElementClickable: Object 'Object Repository/Common/Page_Gmail/Next button pwd' is clickable

2018-07-20 15:16:15 - [MESSAGE][PASSED] - Object 'Object Repository/Common/Page_Gmail/Next button pwd' is clickable

2018-07-20 15:16:15 - [TEST_STEP][PASSED] - click: Object: 'Object Repository/Common/Page_Gmail/Next button pwd' is clicked on

2018-07-20 15:16:16 - [MESSAGE][PASSED] - Object: 'Object Repository/Common/Page_Gmail/Next button pwd' is clicked on

2018-07-20 15:16:16 - [TEST_STEP][PASSED] - waitForPageLoad: Wait for page load successfully

2018-07-20 15:16:16 - [MESSAGE][PASSED] - Wait for page load successfully

2018-07-20 15:16:16 - [MESSAGE][PASSED] - Call Test Case 'Test Cases/Common/Gmail Login' successfully

2018-07-20 15:16:16 - [TEST_STEP][FAILED] - waitForElementPresent: Unable to wait for object 'Object Repository/Common/Page_Gmail/Search input box' to be present (Root cause: org.openqa.selenium.NoSuchWindowException: Unable to find elements on closed window
Build info: version: '3.7.1', revision: '8a0099a', time: '2017-11-06T21:07:36.161Z'
System info: host: 'KALYANIK', ip: '172.19.19.84', os.name: 'Windows 7', os.arch: 'amd64', os.version: '6.1', java.version: '1.8.0_102'
Driver info: com.kms.katalon.selenium.driver.CInternetExplorerDriver
Capabilities {acceptInsecureCerts: false, browserName: internet explorer, browserVersion: 11, javascriptEnabled: true, pageLoadStrategy: normal, platform: WINDOWS, platformName: WINDOWS, se:ieOptions: {browserAttachTimeout: 0, elementScrollBehavior: 0, enablePersistentHover: true, ie.browserCommandLineSwitches: , ie.ensureCleanSession: false, ie.fileUploadDialogTimeout: 3000, ie.forceCreateProcessApi: false, ignoreProtectedModeSettings: false, ignoreZoomSetting: false, initialBrowserUrl: http://localhost:19376/, nativeEvents: true, requireWindowFocus: false}, setWindowRect: true}
Session ID: 75e7b182-a7b6-4fdb-9230-df90fc317cdf
*** Element info: {Using=xpath, value=//input[@id = 'gbqfq' and @name = 'q' and @type = 'text']})

2018-07-20 15:16:19 - [MESSAGE][WARNING] - Cannot take screenshot

2018-07-20 15:16:19 - [MESSAGE][FAILED] - Unable to wait for object 'Object Repository/Common/Page_Gmail/Search input box' to be present (Root cause: org.openqa.selenium.NoSuchWindowException: Unable to find elements on closed window
Build info: version: '3.7.1', revision: '8a0099a', time: '2017-11-06T21:07:36.161Z'
System info: host: 'KALYANIK', ip: '172.19.19.84', os.name: 'Windows 7', os.arch: 'amd64', os.version: '6.1', java.version: '1.8.0_102'
Driver info: com.kms.katalon.selenium.driver.CInternetExplorerDriver
Capabilities {acceptInsecureCerts: false, browserName: internet explorer, browserVersion: 11, javascriptEnabled: true, pageLoadStrategy: normal, platform: WINDOWS, platformName: WINDOWS, se:ieOptions: {browserAttachTimeout: 0, elementScrollBehavior: 0, enablePersistentHover: true, ie.browserCommandLineSwitches: , ie.ensureCleanSession: false, ie.fileUploadDialogTimeout: 3000, ie.forceCreateProcessApi: false, ignoreProtectedModeSettings: false, ignoreZoomSetting: false, initialBrowserUrl: http://localhost:19376/, nativeEvents: true, requireWindowFocus: false}, setWindowRect: true}
Session ID: 75e7b182-a7b6-4fdb-9230-df90fc317cdf
*** Element info: {Using=xpath, value=//input[@id = 'gbqfq' and @name = 'q' and @type = 'text']})

2018-07-20 15:16:19 - [TEST_STEP][PASSED] - Start listener action : sampleAfterTestCase: Invoke 'com.kms.katalon.core.annotation.AfterTestCase' method: 'TestListeners.sampleAfterTestCase(...)' completed.

2018-07-20 15:16:19 - [TEST_STEP][PASSED] - Statement - println(testCaseContext.getTestCaseId()): null

2018-07-20 15:16:19 - [TEST_STEP][PASSED] - Statement - println(testCaseContext.getTestCaseStatus()): Invoke 'com.kms.katalon.core.annotation.AfterTestCase' method: 'TestListeners.sampleAfterTestCase(...)' completed.]]></system-out>
         <system-err><![CDATA[2018-07-20 15:15:27 - [TEST_CASE][FAILED] - Test Cases/Loan Submission/Borrower Submit Loan Application (Invite Borrower): Test Cases/Loan Submission/Borrower Submit Loan Application (Invite Borrower) FAILED because (of) Unable to wait for object 'Object Repository/Common/Page_Gmail/Search input box' to be present (Root cause: org.openqa.selenium.NoSuchWindowException: Unable to find elements on closed window
Build info: version: '3.7.1', revision: '8a0099a', time: '2017-11-06T21:07:36.161Z'
System info: host: 'KALYANIK', ip: '172.19.19.84', os.name: 'Windows 7', os.arch: 'amd64', os.version: '6.1', java.version: '1.8.0_102'
Driver info: com.kms.katalon.selenium.driver.CInternetExplorerDriver
Capabilities {acceptInsecureCerts: false, browserName: internet explorer, browserVersion: 11, javascriptEnabled: true, pageLoadStrategy: normal, platform: WINDOWS, platformName: WINDOWS, se:ieOptions: {browserAttachTimeout: 0, elementScrollBehavior: 0, enablePersistentHover: true, ie.browserCommandLineSwitches: , ie.ensureCleanSession: false, ie.fileUploadDialogTimeout: 3000, ie.forceCreateProcessApi: false, ignoreProtectedModeSettings: false, ignoreZoomSetting: false, initialBrowserUrl: http://localhost:19376/, nativeEvents: true, requireWindowFocus: false}, setWindowRect: true}
Session ID: 75e7b182-a7b6-4fdb-9230-df90fc317cdf
*** Element info: {Using=xpath, value=//input[@id = 'gbqfq' and @name = 'q' and @type = 'text']})]]></system-err>
      </testcase>
      <system-out><![CDATA[2018-07-20 15:15:27 - [TEST_SUITE][FAILED] - Test Suite-Borrower Submit Loan Application (Invite Borrower): Test Cases/Loan Submission/Borrower Submit Loan Application (Invite Borrower) FAILED because (of) Unable to wait for object 'Object Repository/Common/Page_Gmail/Search input box' to be present (Root cause: org.openqa.selenium.NoSuchWindowException: Unable to find elements on closed window
Build info: version: '3.7.1', revision: '8a0099a', time: '2017-11-06T21:07:36.161Z'
System info: host: 'KALYANIK', ip: '172.19.19.84', os.name: 'Windows 7', os.arch: 'amd64', os.version: '6.1', java.version: '1.8.0_102'
Driver info: com.kms.katalon.selenium.driver.CInternetExplorerDriver
Capabilities {acceptInsecureCerts: false, browserName: internet explorer, browserVersion: 11, javascriptEnabled: true, pageLoadStrategy: normal, platform: WINDOWS, platformName: WINDOWS, se:ieOptions: {browserAttachTimeout: 0, elementScrollBehavior: 0, enablePersistentHover: true, ie.browserCommandLineSwitches: , ie.ensureCleanSession: false, ie.fileUploadDialogTimeout: 3000, ie.forceCreateProcessApi: false, ignoreProtectedModeSettings: false, ignoreZoomSetting: false, initialBrowserUrl: http://localhost:19376/, nativeEvents: true, requireWindowFocus: false}, setWindowRect: true}
Session ID: 75e7b182-a7b6-4fdb-9230-df90fc317cdf
*** Element info: {Using=xpath, value=//input[@id = 'gbqfq' and @name = 'q' and @type = 'text']})]]></system-out>
      <system-err><![CDATA[2018-07-20 15:15:27 - [TEST_SUITE][FAILED] - Test Suite-Borrower Submit Loan Application (Invite Borrower): Test Cases/Loan Submission/Borrower Submit Loan Application (Invite Borrower) FAILED because (of) Unable to wait for object 'Object Repository/Common/Page_Gmail/Search input box' to be present (Root cause: org.openqa.selenium.NoSuchWindowException: Unable to find elements on closed window
Build info: version: '3.7.1', revision: '8a0099a', time: '2017-11-06T21:07:36.161Z'
System info: host: 'KALYANIK', ip: '172.19.19.84', os.name: 'Windows 7', os.arch: 'amd64', os.version: '6.1', java.version: '1.8.0_102'
Driver info: com.kms.katalon.selenium.driver.CInternetExplorerDriver
Capabilities {acceptInsecureCerts: false, browserName: internet explorer, browserVersion: 11, javascriptEnabled: true, pageLoadStrategy: normal, platform: WINDOWS, platformName: WINDOWS, se:ieOptions: {browserAttachTimeout: 0, elementScrollBehavior: 0, enablePersistentHover: true, ie.browserCommandLineSwitches: , ie.ensureCleanSession: false, ie.fileUploadDialogTimeout: 3000, ie.forceCreateProcessApi: false, ignoreProtectedModeSettings: false, ignoreZoomSetting: false, initialBrowserUrl: http://localhost:19376/, nativeEvents: true, requireWindowFocus: false}, setWindowRect: true}
Session ID: 75e7b182-a7b6-4fdb-9230-df90fc317cdf
*** Element info: {Using=xpath, value=//input[@id = 'gbqfq' and @name = 'q' and @type = 'text']})]]></system-err>
   </testsuite>
</testsuites>
