<?xml version="1.0" encoding="UTF-8"?>
<testsuites name="Copy referral Link Test Suite" time="60" tests="0" failures="1" errors="0">
   <testsuite name="Copy referral Link Test Suite" tests="0" failures="1" errors="0" time="60" timestamp="2018-05-31 10:51:41" hostname="KalyaniK - KALYANIK.talentica-all.com" id="Test Suites/Copy referral Link Test Suite">
      <properties>
         <property name="deviceName" value=""/>
         <property name="devicePlatform" value=""/>
         <property name="logFolder" value="D:\\1_Roostify\\Automation\\Roo_Core\\Reports\\Copy referral Link Test Suite\\20180531_105138"/>
         <property name="logFiles" value="D:\\1_Roostify\\Automation\\Roo_Core\\Reports\\Copy referral Link Test Suite\\20180531_105138\\execution0.log, D:\\1_Roostify\\Automation\\Roo_Core\\Reports\\Copy referral Link Test Suite\\20180531_105138\\IEDriverServer.log"/>
         <property name="attachments" value="D:\\1_Roostify\\Automation\\Roo_Core\\Reports\\Copy referral Link Test Suite\\20180531_105138\\1527744159637.png"/>
         <property name="hostName" value="KalyaniK - KALYANIK.talentica-all.com"/>
         <property name="os" value="Windows 7 64bit"/>
         <property name="katalonVersion" value="5.4.1.1"/>
         <property name="browser" value="IE 11"/>
         <property name="hostAddress" value="172.19.19.84"/>
         <property name="sessionId" value="9ab3fc85-f9d3-4975-b104-f4531b4f684f"/>
         <property name="seleniumVersion" value="3.7.1"/>
         <property name="proxyInformation" value="ProxyInformation{proxyOption=NO_PROXY, proxyServerType=HTTP, password=, proxyServerAddress=, proxyServerPort=0}"/>
         <property name="platform" value="Windows 7"/>
      </properties>
      <testcase name="Test Cases/Admin Dashboard/Copy Referral Link" classname="Test Cases/Admin Dashboard/Copy Referral Link" status="FAILED">
         <failure type="FAILED" message="Unable to set text 'kkachhi+admin@roostify.com' of object 'Object Repository/Sign In/input_useremail' (Root cause: com.kms.katalon.core.webui.exception.WebElementNotFoundException: Web element with id: 'Object Repository/Sign In/input_useremail' located by 'By.xpath: //input[@placeholder = 'Email' and @type = 'text' and @name = 'user[email]' and @id = 'user_email']' not found)"/>
         <system-out><![CDATA[2018-05-31 10:51:51 - [TEST_CASE][FAILED] - Test Cases/Admin Dashboard/Copy Referral Link: Test Cases/Admin Dashboard/Copy Referral Link FAILED because (of) Unable to set text 'kkachhi+admin@roostify.com' of object 'Object Repository/Sign In/input_useremail' (Root cause: com.kms.katalon.core.webui.exception.WebElementNotFoundException: Web element with id: 'Object Repository/Sign In/input_useremail' located by 'By.xpath: //input[@placeholder = 'Email' and @type = 'text' and @name = 'user[email]' and @id = 'user_email']' not found)

2018-05-31 10:51:51 - [TEST_STEP][PASSED] - Start listener action : sampleBeforeTestCase: Invoke 'com.kms.katalon.core.annotation.BeforeTestCase' method: 'TestListeners.sampleBeforeTestCase(...)' completed.

2018-05-31 10:51:51 - [TEST_STEP][PASSED] - Statement - println(testCaseContext.getTestCaseId()): null

2018-05-31 10:51:51 - [TEST_STEP][PASSED] - Statement - println(testCaseContext.getTestCaseVariables()): Invoke 'com.kms.katalon.core.annotation.BeforeTestCase' method: 'TestListeners.sampleBeforeTestCase(...)' completed.

2018-05-31 10:51:51 - [TEST_STEP][FAILED] - callTestCase: Unable to call Test Case with id 'Test Cases/Common/Sign In' (Root cause: Call Test Case 'Test Cases/Common/Sign In' failed)

2018-05-31 10:51:51 - [TEST_CASE][FAILED] - Test Cases/Common/Sign In: Test Cases/Common/Sign In FAILED because (of) Unable to set text 'kkachhi+admin@roostify.com' of object 'Object Repository/Sign In/input_useremail' (Root cause: com.kms.katalon.core.webui.exception.WebElementNotFoundException: Web element with id: 'Object Repository/Sign In/input_useremail' located by 'By.xpath: //input[@placeholder = 'Email' and @type = 'text' and @name = 'user[email]' and @id = 'user_email']' not found)

2018-05-31 10:51:51 - [TEST_STEP][FAILED] - setText: Unable to set text 'kkachhi+admin@roostify.com' of object 'Object Repository/Sign In/input_useremail' (Root cause: com.kms.katalon.core.webui.exception.WebElementNotFoundException: Web element with id: 'Object Repository/Sign In/input_useremail' located by 'By.xpath: //input[@placeholder = 'Email' and @type = 'text' and @name = 'user[email]' and @id = 'user_email']' not found)

2018-05-31 10:52:39 - [MESSAGE][FAILED] - Unable to set text 'kkachhi+admin@roostify.com' of object 'Object Repository/Sign In/input_useremail' (Root cause: com.kms.katalon.core.webui.exception.WebElementNotFoundException: Web element with id: 'Object Repository/Sign In/input_useremail' located by 'By.xpath: //input[@placeholder = 'Email' and @type = 'text' and @name = 'user[email]' and @id = 'user_email']' not found)
[[ATTACHMENT|D:\\1_Roostify\\Automation\\Roo_Core\\Reports\\Copy referral Link Test Suite\\20180531_105138\\1527744159637.png]]

2018-05-31 10:52:39 - [MESSAGE][FAILED] - Unable to call Test Case with id 'Test Cases/Common/Sign In' (Root cause: Call Test Case 'Test Cases/Common/Sign In' failed)

2018-05-31 10:52:39 - [TEST_STEP][PASSED] - Start listener action : sampleAfterTestCase: Invoke 'com.kms.katalon.core.annotation.AfterTestCase' method: 'TestListeners.sampleAfterTestCase(...)' completed.

2018-05-31 10:52:39 - [TEST_STEP][PASSED] - Statement - println(testCaseContext.getTestCaseId()): null

2018-05-31 10:52:39 - [TEST_STEP][PASSED] - Statement - println(testCaseContext.getTestCaseStatus()): Invoke 'com.kms.katalon.core.annotation.AfterTestCase' method: 'TestListeners.sampleAfterTestCase(...)' completed.]]></system-out>
         <system-err><![CDATA[2018-05-31 10:51:51 - [TEST_CASE][FAILED] - Test Cases/Admin Dashboard/Copy Referral Link: Test Cases/Admin Dashboard/Copy Referral Link FAILED because (of) Unable to set text 'kkachhi+admin@roostify.com' of object 'Object Repository/Sign In/input_useremail' (Root cause: com.kms.katalon.core.webui.exception.WebElementNotFoundException: Web element with id: 'Object Repository/Sign In/input_useremail' located by 'By.xpath: //input[@placeholder = 'Email' and @type = 'text' and @name = 'user[email]' and @id = 'user_email']' not found)]]></system-err>
      </testcase>
      <system-out><![CDATA[2018-05-31 10:51:41 - [TEST_SUITE][FAILED] - Copy referral Link Test Suite: Test Cases/Admin Dashboard/Copy Referral Link FAILED because (of) Unable to set text 'kkachhi+admin@roostify.com' of object 'Object Repository/Sign In/input_useremail' (Root cause: com.kms.katalon.core.webui.exception.WebElementNotFoundException: Web element with id: 'Object Repository/Sign In/input_useremail' located by 'By.xpath: //input[@placeholder = 'Email' and @type = 'text' and @name = 'user[email]' and @id = 'user_email']' not found)]]></system-out>
      <system-err><![CDATA[2018-05-31 10:51:41 - [TEST_SUITE][FAILED] - Copy referral Link Test Suite: Test Cases/Admin Dashboard/Copy Referral Link FAILED because (of) Unable to set text 'kkachhi+admin@roostify.com' of object 'Object Repository/Sign In/input_useremail' (Root cause: com.kms.katalon.core.webui.exception.WebElementNotFoundException: Web element with id: 'Object Repository/Sign In/input_useremail' located by 'By.xpath: //input[@placeholder = 'Email' and @type = 'text' and @name = 'user[email]' and @id = 'user_email']' not found)]]></system-err>
   </testsuite>
</testsuites>
