{"devicePlatform":"","logFolder":"D:\\1_Roostify\\Automation\\RoostifyCore\\Reports\\Admin Dashboard Test Suite\\20180522_182411","runData":{"hostName":"KalyaniK - KALYANIK.talentica-all.com","hostAddress":"172.19.19.84","os":"Windows 7 64bit","katalonVersion":"5.4.1.1"},"type":"TEST_SUITE","name":"Admin Dashboard Test Suite","id":"Test Suites/Admin Dashboard Test Suite","source":"","message":"Test Cases/Admin Dashboard/Copy Referral Link FAILED because (of) Unable to open browser with url: \u0027https://roostify-dev-pr-6203.herokuapp.com/\u0027 (Root cause: org.openqa.selenium.WebDriverException: org.apache.http.conn.HttpHostConnectException: Connect to localhost:10495 [localhost/127.0.0.1] failed: Connection refused: connect\nBuild info: version: \u00273.7.1\u0027, revision: \u00278a0099a\u0027, time: \u00272017-11-06T21:07:36.161Z\u0027\nSystem info: host: \u0027KALYANIK\u0027, ip: \u0027172.19.19.84\u0027, os.name: \u0027Windows 7\u0027, os.arch: \u0027amd64\u0027, os.version: \u00276.1\u0027, java.version: \u00271.8.0_102\u0027\nDriver info: driver.version: CFirefoxDriver)","description":"","startTime":1526993661254,"endTime":1526993733701,"childRecords":[{"isOptional":false,"type":"TEST_CASE","name":"Test Cases/Admin Dashboard/Copy Referral Link","id":"Test Cases/Admin Dashboard/Copy Referral Link","source":"D:\\\\1_Roostify\\\\Automation\\\\RoostifyCore\\\\Test Cases\\\\Admin Dashboard\\\\Copy Referral Link.tc","message":"Test Cases/Admin Dashboard/Copy Referral Link FAILED because (of) Unable to open browser with url: \u0027https://roostify-dev-pr-6203.herokuapp.com/\u0027 (Root cause: org.openqa.selenium.WebDriverException: org.apache.http.conn.HttpHostConnectException: Connect to localhost:10495 [localhost/127.0.0.1] failed: Connection refused: connect\nBuild info: version: \u00273.7.1\u0027, revision: \u00278a0099a\u0027, time: \u00272017-11-06T21:07:36.161Z\u0027\nSystem info: host: \u0027KALYANIK\u0027, ip: \u0027172.19.19.84\u0027, os.name: \u0027Windows 7\u0027, os.arch: \u0027amd64\u0027, os.version: \u00276.1\u0027, java.version: \u00271.8.0_102\u0027\nDriver info: driver.version: CFirefoxDriver)","description":"","startTime":1526993661735,"endTime":1526993688763,"childRecords":[{"testStatus":{"stackTrace":"","statusValue":"INFO"},"type":"MESSAGE","name":"","message":"Evaluating variables for test case","startTime":1526993661773,"endTime":0,"childRecords":[],"interuppted":false},{"index":1,"isIgnoredIfFailed":false,"type":"TEST_STEP","name":"callTestCase","message":"Unable to call Test Case with id \u0027Test Cases/Sign In\u0027 (Root cause: Call Test Case \u0027Test Cases/Sign In\u0027 failed)","description":"","startTime":1526993662084,"endTime":1526993688757,"childRecords":[{"isOptional":false,"type":"TEST_CASE","name":"Test Cases/Sign In","id":"Test Cases/Sign In","source":"D:\\\\1_Roostify\\\\Automation\\\\RoostifyCore\\\\Test Cases\\\\Sign In.tc","message":"Test Cases/Sign In FAILED because (of) Unable to open browser with url: \u0027https://roostify-dev-pr-6203.herokuapp.com/\u0027 (Root cause: org.openqa.selenium.WebDriverException: org.apache.http.conn.HttpHostConnectException: Connect to localhost:10495 [localhost/127.0.0.1] failed: Connection refused: connect\nBuild info: version: \u00273.7.1\u0027, revision: \u00278a0099a\u0027, time: \u00272017-11-06T21:07:36.161Z\u0027\nSystem info: host: \u0027KALYANIK\u0027, ip: \u0027172.19.19.84\u0027, os.name: \u0027Windows 7\u0027, os.arch: \u0027amd64\u0027, os.version: \u00276.1\u0027, java.version: \u00271.8.0_102\u0027\nDriver info: driver.version: CFirefoxDriver)","description":"","startTime":1526993662185,"endTime":1526993688740,"childRecords":[{"testStatus":{"stackTrace":"","statusValue":"INFO"},"type":"MESSAGE","name":"","message":"Evaluating variables for test case","startTime":1526993662192,"endTime":0,"childRecords":[],"interuppted":false},{"index":1,"isIgnoredIfFailed":false,"type":"TEST_STEP","name":"openBrowser","message":"Unable to open browser with url: \u0027https://roostify-dev-pr-6203.herokuapp.com/\u0027 (Root cause: org.openqa.selenium.WebDriverException: org.apache.http.conn.HttpHostConnectException: Connect to localhost:10495 [localhost/127.0.0.1] failed: Connection refused: connect\nBuild info: version: \u00273.7.1\u0027, revision: \u00278a0099a\u0027, time: \u00272017-11-06T21:07:36.161Z\u0027\nSystem info: host: \u0027KALYANIK\u0027, ip: \u0027172.19.19.84\u0027, os.name: \u0027Windows 7\u0027, os.arch: \u0027amd64\u0027, os.version: \u00276.1\u0027, java.version: \u00271.8.0_102\u0027\nDriver info: driver.version: CFirefoxDriver)","description":"","startTime":1526993662268,"endTime":1526993688735,"childRecords":[{"testStatus":{"stackTrace":"","statusValue":"FAILED"},"type":"MESSAGE","name":"","message":"Unable to open browser with url: \u0027https://roostify-dev-pr-6203.herokuapp.com/\u0027 (Root cause: org.openqa.selenium.WebDriverException: org.apache.http.conn.HttpHostConnectException: Connect to localhost:10495 [localhost/127.0.0.1] failed: Connection refused: connect\nBuild info: version: \u00273.7.1\u0027, revision: \u00278a0099a\u0027, time: \u00272017-11-06T21:07:36.161Z\u0027\nSystem info: host: \u0027KALYANIK\u0027, ip: \u0027172.19.19.84\u0027, os.name: \u0027Windows 7\u0027, os.arch: \u0027amd64\u0027, os.version: \u00276.1\u0027, java.version: \u00271.8.0_102\u0027\nDriver info: driver.version: CFirefoxDriver)","startTime":1526993688733,"endTime":0,"childRecords":[],"interuppted":false}],"interuppted":false},{"testStatus":{"stackTrace":"","statusValue":"FAILED"},"type":"MESSAGE","name":"","message":"Test Cases/Sign In FAILED because (of) Unable to open browser with url: \u0027https://roostify-dev-pr-6203.herokuapp.com/\u0027 (Root cause: org.openqa.selenium.WebDriverException: org.apache.http.conn.HttpHostConnectException: Connect to localhost:10495 [localhost/127.0.0.1] failed: Connection refused: connect\nBuild info: version: \u00273.7.1\u0027, revision: \u00278a0099a\u0027, time: \u00272017-11-06T21:07:36.161Z\u0027\nSystem info: host: \u0027KALYANIK\u0027, ip: \u0027172.19.19.84\u0027, os.name: \u0027Windows 7\u0027, os.arch: \u0027amd64\u0027, os.version: \u00276.1\u0027, java.version: \u00271.8.0_102\u0027\nDriver info: driver.version: CFirefoxDriver)","startTime":1526993688737,"endTime":0,"childRecords":[],"interuppted":false}],"interuppted":false},{"testStatus":{"stackTrace":"","statusValue":"FAILED"},"type":"MESSAGE","name":"","message":"Unable to call Test Case with id \u0027Test Cases/Sign In\u0027 (Root cause: Call Test Case \u0027Test Cases/Sign In\u0027 failed)","startTime":1526993688748,"endTime":0,"childRecords":[],"interuppted":false}],"interuppted":false},{"testStatus":{"stackTrace":"","statusValue":"FAILED"},"type":"MESSAGE","name":"","message":"Test Cases/Admin Dashboard/Copy Referral Link FAILED because (of) Unable to open browser with url: \u0027https://roostify-dev-pr-6203.herokuapp.com/\u0027 (Root cause: org.openqa.selenium.WebDriverException: org.apache.http.conn.HttpHostConnectException: Connect to localhost:10495 [localhost/127.0.0.1] failed: Connection refused: connect\nBuild info: version: \u00273.7.1\u0027, revision: \u00278a0099a\u0027, time: \u00272017-11-06T21:07:36.161Z\u0027\nSystem info: host: \u0027KALYANIK\u0027, ip: \u0027172.19.19.84\u0027, os.name: \u0027Windows 7\u0027, os.arch: \u0027amd64\u0027, os.version: \u00276.1\u0027, java.version: \u00271.8.0_102\u0027\nDriver info: driver.version: CFirefoxDriver)","startTime":1526993688757,"endTime":0,"childRecords":[],"interuppted":false}],"interuppted":false},{"isOptional":false,"type":"TEST_CASE","name":"Test Cases/Admin Dashboard/Create Loan Manually","id":"Test Cases/Admin Dashboard/Create Loan Manually","source":"D:\\\\1_Roostify\\\\Automation\\\\RoostifyCore\\\\Test Cases\\\\Admin Dashboard\\\\Create Loan Manually.tc","message":"Test Cases/Admin Dashboard/Create Loan Manually FAILED because (of) Unable to open browser with url: \u0027https://roostify-dev-pr-6203.herokuapp.com/\u0027 (Root cause: org.openqa.selenium.WebDriverException: org.apache.http.conn.HttpHostConnectException: Connect to localhost:15272 [localhost/127.0.0.1] failed: Connection refused: connect\nBuild info: version: \u00273.7.1\u0027, revision: \u00278a0099a\u0027, time: \u00272017-11-06T21:07:36.161Z\u0027\nSystem info: host: \u0027KALYANIK\u0027, ip: \u0027172.19.19.84\u0027, os.name: \u0027Windows 7\u0027, os.arch: \u0027amd64\u0027, os.version: \u00276.1\u0027, java.version: \u00271.8.0_102\u0027\nDriver info: driver.version: CFirefoxDriver)","description":"","startTime":1526993688771,"endTime":1526993711257,"childRecords":[{"testStatus":{"stackTrace":"","statusValue":"INFO"},"type":"MESSAGE","name":"","message":"Evaluating variables for test case","startTime":1526993688789,"endTime":0,"childRecords":[],"interuppted":false},{"index":1,"isIgnoredIfFailed":false,"type":"TEST_STEP","name":"Statement - FirstName \u003d \"kaly12\"","description":"","startTime":1526993688962,"endTime":1526993688963,"childRecords":[],"interuppted":false},{"index":2,"isIgnoredIfFailed":false,"type":"TEST_STEP","name":"Statement - LastName \u003d \"kachi\"","description":"","startTime":1526993688964,"endTime":1526993688965,"childRecords":[],"interuppted":false},{"index":3,"isIgnoredIfFailed":false,"type":"TEST_STEP","name":"callTestCase","message":"Unable to call Test Case with id \u0027Test Cases/Sign In\u0027 (Root cause: Call Test Case \u0027Test Cases/Sign In\u0027 failed)","description":"","startTime":1526993688965,"endTime":1526993711257,"childRecords":[{"isOptional":false,"type":"TEST_CASE","name":"Test Cases/Sign In","id":"Test Cases/Sign In","source":"D:\\\\1_Roostify\\\\Automation\\\\RoostifyCore\\\\Test Cases\\\\Sign In.tc","message":"Test Cases/Sign In FAILED because (of) Unable to open browser with url: \u0027https://roostify-dev-pr-6203.herokuapp.com/\u0027 (Root cause: org.openqa.selenium.WebDriverException: org.apache.http.conn.HttpHostConnectException: Connect to localhost:15272 [localhost/127.0.0.1] failed: Connection refused: connect\nBuild info: version: \u00273.7.1\u0027, revision: \u00278a0099a\u0027, time: \u00272017-11-06T21:07:36.161Z\u0027\nSystem info: host: \u0027KALYANIK\u0027, ip: \u0027172.19.19.84\u0027, os.name: \u0027Windows 7\u0027, os.arch: \u0027amd64\u0027, os.version: \u00276.1\u0027, java.version: \u00271.8.0_102\u0027\nDriver info: driver.version: CFirefoxDriver)","description":"","startTime":1526993689023,"endTime":1526993711256,"childRecords":[{"testStatus":{"stackTrace":"","statusValue":"INFO"},"type":"MESSAGE","name":"","message":"Evaluating variables for test case","startTime":1526993689028,"endTime":0,"childRecords":[],"interuppted":false},{"index":1,"isIgnoredIfFailed":false,"type":"TEST_STEP","name":"openBrowser","message":"Unable to open browser with url: \u0027https://roostify-dev-pr-6203.herokuapp.com/\u0027 (Root cause: org.openqa.selenium.WebDriverException: org.apache.http.conn.HttpHostConnectException: Connect to localhost:15272 [localhost/127.0.0.1] failed: Connection refused: connect\nBuild info: version: \u00273.7.1\u0027, revision: \u00278a0099a\u0027, time: \u00272017-11-06T21:07:36.161Z\u0027\nSystem info: host: \u0027KALYANIK\u0027, ip: \u0027172.19.19.84\u0027, os.name: \u0027Windows 7\u0027, os.arch: \u0027amd64\u0027, os.version: \u00276.1\u0027, java.version: \u00271.8.0_102\u0027\nDriver info: driver.version: CFirefoxDriver)","description":"","startTime":1526993689030,"endTime":1526993711241,"childRecords":[{"testStatus":{"stackTrace":"","statusValue":"FAILED"},"type":"MESSAGE","name":"","message":"Unable to open browser with url: \u0027https://roostify-dev-pr-6203.herokuapp.com/\u0027 (Root cause: org.openqa.selenium.WebDriverException: org.apache.http.conn.HttpHostConnectException: Connect to localhost:15272 [localhost/127.0.0.1] failed: Connection refused: connect\nBuild info: version: \u00273.7.1\u0027, revision: \u00278a0099a\u0027, time: \u00272017-11-06T21:07:36.161Z\u0027\nSystem info: host: \u0027KALYANIK\u0027, ip: \u0027172.19.19.84\u0027, os.name: \u0027Windows 7\u0027, os.arch: \u0027amd64\u0027, os.version: \u00276.1\u0027, java.version: \u00271.8.0_102\u0027\nDriver info: driver.version: CFirefoxDriver)","startTime":1526993711240,"endTime":0,"childRecords":[],"interuppted":false}],"interuppted":false},{"testStatus":{"stackTrace":"","statusValue":"FAILED"},"type":"MESSAGE","name":"","message":"Test Cases/Sign In FAILED because (of) Unable to open browser with url: \u0027https://roostify-dev-pr-6203.herokuapp.com/\u0027 (Root cause: org.openqa.selenium.WebDriverException: org.apache.http.conn.HttpHostConnectException: Connect to localhost:15272 [localhost/127.0.0.1] failed: Connection refused: connect\nBuild info: version: \u00273.7.1\u0027, revision: \u00278a0099a\u0027, time: \u00272017-11-06T21:07:36.161Z\u0027\nSystem info: host: \u0027KALYANIK\u0027, ip: \u0027172.19.19.84\u0027, os.name: \u0027Windows 7\u0027, os.arch: \u0027amd64\u0027, os.version: \u00276.1\u0027, java.version: \u00271.8.0_102\u0027\nDriver info: driver.version: CFirefoxDriver)","startTime":1526993711241,"endTime":0,"childRecords":[],"interuppted":false}],"interuppted":false},{"testStatus":{"stackTrace":"","statusValue":"FAILED"},"type":"MESSAGE","name":"","message":"Unable to call Test Case with id \u0027Test Cases/Sign In\u0027 (Root cause: Call Test Case \u0027Test Cases/Sign In\u0027 failed)","startTime":1526993711256,"endTime":0,"childRecords":[],"interuppted":false}],"interuppted":false},{"testStatus":{"stackTrace":"","statusValue":"FAILED"},"type":"MESSAGE","name":"","message":"Test Cases/Admin Dashboard/Create Loan Manually FAILED because (of) Unable to open browser with url: \u0027https://roostify-dev-pr-6203.herokuapp.com/\u0027 (Root cause: org.openqa.selenium.WebDriverException: org.apache.http.conn.HttpHostConnectException: Connect to localhost:15272 [localhost/127.0.0.1] failed: Connection refused: connect\nBuild info: version: \u00273.7.1\u0027, revision: \u00278a0099a\u0027, time: \u00272017-11-06T21:07:36.161Z\u0027\nSystem info: host: \u0027KALYANIK\u0027, ip: \u0027172.19.19.84\u0027, os.name: \u0027Windows 7\u0027, os.arch: \u0027amd64\u0027, os.version: \u00276.1\u0027, java.version: \u00271.8.0_102\u0027\nDriver info: driver.version: CFirefoxDriver)","startTime":1526993711257,"endTime":0,"childRecords":[],"interuppted":false}],"interuppted":false},{"isOptional":false,"type":"TEST_CASE","name":"Test Cases/Admin Dashboard/Invite Borrower","id":"Test Cases/Admin Dashboard/Invite Borrower","source":"D:\\\\1_Roostify\\\\Automation\\\\RoostifyCore\\\\Test Cases\\\\Admin Dashboard\\\\Invite Borrower.tc","message":"Test Cases/Admin Dashboard/Invite Borrower FAILED because (of) Unable to open browser with url: \u0027https://roostify-dev-pr-6203.herokuapp.com/\u0027 (Root cause: org.openqa.selenium.WebDriverException: org.apache.http.conn.HttpHostConnectException: Connect to localhost:22389 [localhost/127.0.0.1] failed: Connection refused: connect\nBuild info: version: \u00273.7.1\u0027, revision: \u00278a0099a\u0027, time: \u00272017-11-06T21:07:36.161Z\u0027\nSystem info: host: \u0027KALYANIK\u0027, ip: \u0027172.19.19.84\u0027, os.name: \u0027Windows 7\u0027, os.arch: \u0027amd64\u0027, os.version: \u00276.1\u0027, java.version: \u00271.8.0_102\u0027\nDriver info: driver.version: CFirefoxDriver)","description":"","startTime":1526993711265,"endTime":1526993733679,"childRecords":[{"testStatus":{"stackTrace":"","statusValue":"INFO"},"type":"MESSAGE","name":"","message":"Evaluating variables for test case","startTime":1526993711305,"endTime":0,"childRecords":[],"interuppted":false},{"index":1,"isIgnoredIfFailed":false,"type":"TEST_STEP","name":"callTestCase","message":"Unable to call Test Case with id \u0027Test Cases/Sign In\u0027 (Root cause: Call Test Case \u0027Test Cases/Sign In\u0027 failed)","description":"","startTime":1526993711420,"endTime":1526993733677,"childRecords":[{"isOptional":false,"type":"TEST_CASE","name":"Test Cases/Sign In","id":"Test Cases/Sign In","source":"D:\\\\1_Roostify\\\\Automation\\\\RoostifyCore\\\\Test Cases\\\\Sign In.tc","message":"Test Cases/Sign In FAILED because (of) Unable to open browser with url: \u0027https://roostify-dev-pr-6203.herokuapp.com/\u0027 (Root cause: org.openqa.selenium.WebDriverException: org.apache.http.conn.HttpHostConnectException: Connect to localhost:22389 [localhost/127.0.0.1] failed: Connection refused: connect\nBuild info: version: \u00273.7.1\u0027, revision: \u00278a0099a\u0027, time: \u00272017-11-06T21:07:36.161Z\u0027\nSystem info: host: \u0027KALYANIK\u0027, ip: \u0027172.19.19.84\u0027, os.name: \u0027Windows 7\u0027, os.arch: \u0027amd64\u0027, os.version: \u00276.1\u0027, java.version: \u00271.8.0_102\u0027\nDriver info: driver.version: CFirefoxDriver)","description":"","startTime":1526993711477,"endTime":1526993733660,"childRecords":[{"testStatus":{"stackTrace":"","statusValue":"INFO"},"type":"MESSAGE","name":"","message":"Evaluating variables for test case","startTime":1526993711482,"endTime":0,"childRecords":[],"interuppted":false},{"index":1,"isIgnoredIfFailed":false,"type":"TEST_STEP","name":"openBrowser","message":"Unable to open browser with url: \u0027https://roostify-dev-pr-6203.herokuapp.com/\u0027 (Root cause: org.openqa.selenium.WebDriverException: org.apache.http.conn.HttpHostConnectException: Connect to localhost:22389 [localhost/127.0.0.1] failed: Connection refused: connect\nBuild info: version: \u00273.7.1\u0027, revision: \u00278a0099a\u0027, time: \u00272017-11-06T21:07:36.161Z\u0027\nSystem info: host: \u0027KALYANIK\u0027, ip: \u0027172.19.19.84\u0027, os.name: \u0027Windows 7\u0027, os.arch: \u0027amd64\u0027, os.version: \u00276.1\u0027, java.version: \u00271.8.0_102\u0027\nDriver info: driver.version: CFirefoxDriver)","description":"","startTime":1526993711484,"endTime":1526993733631,"childRecords":[{"testStatus":{"stackTrace":"","statusValue":"FAILED"},"type":"MESSAGE","name":"","message":"Unable to open browser with url: \u0027https://roostify-dev-pr-6203.herokuapp.com/\u0027 (Root cause: org.openqa.selenium.WebDriverException: org.apache.http.conn.HttpHostConnectException: Connect to localhost:22389 [localhost/127.0.0.1] failed: Connection refused: connect\nBuild info: version: \u00273.7.1\u0027, revision: \u00278a0099a\u0027, time: \u00272017-11-06T21:07:36.161Z\u0027\nSystem info: host: \u0027KALYANIK\u0027, ip: \u0027172.19.19.84\u0027, os.name: \u0027Windows 7\u0027, os.arch: \u0027amd64\u0027, os.version: \u00276.1\u0027, java.version: \u00271.8.0_102\u0027\nDriver info: driver.version: CFirefoxDriver)","startTime":1526993733630,"endTime":0,"childRecords":[],"interuppted":false}],"interuppted":false},{"testStatus":{"stackTrace":"","statusValue":"FAILED"},"type":"MESSAGE","name":"","message":"Test Cases/Sign In FAILED because (of) Unable to open browser with url: \u0027https://roostify-dev-pr-6203.herokuapp.com/\u0027 (Root cause: org.openqa.selenium.WebDriverException: org.apache.http.conn.HttpHostConnectException: Connect to localhost:22389 [localhost/127.0.0.1] failed: Connection refused: connect\nBuild info: version: \u00273.7.1\u0027, revision: \u00278a0099a\u0027, time: \u00272017-11-06T21:07:36.161Z\u0027\nSystem info: host: \u0027KALYANIK\u0027, ip: \u0027172.19.19.84\u0027, os.name: \u0027Windows 7\u0027, os.arch: \u0027amd64\u0027, os.version: \u00276.1\u0027, java.version: \u00271.8.0_102\u0027\nDriver info: driver.version: CFirefoxDriver)","startTime":1526993733631,"endTime":0,"childRecords":[],"interuppted":false}],"interuppted":false},{"testStatus":{"stackTrace":"","statusValue":"FAILED"},"type":"MESSAGE","name":"","message":"Unable to call Test Case with id \u0027Test Cases/Sign In\u0027 (Root cause: Call Test Case \u0027Test Cases/Sign In\u0027 failed)","startTime":1526993733676,"endTime":0,"childRecords":[],"interuppted":false}],"interuppted":false},{"testStatus":{"stackTrace":"","statusValue":"FAILED"},"type":"MESSAGE","name":"","message":"Test Cases/Admin Dashboard/Invite Borrower FAILED because (of) Unable to open browser with url: \u0027https://roostify-dev-pr-6203.herokuapp.com/\u0027 (Root cause: org.openqa.selenium.WebDriverException: org.apache.http.conn.HttpHostConnectException: Connect to localhost:22389 [localhost/127.0.0.1] failed: Connection refused: connect\nBuild info: version: \u00273.7.1\u0027, revision: \u00278a0099a\u0027, time: \u00272017-11-06T21:07:36.161Z\u0027\nSystem info: host: \u0027KALYANIK\u0027, ip: \u0027172.19.19.84\u0027, os.name: \u0027Windows 7\u0027, os.arch: \u0027amd64\u0027, os.version: \u00276.1\u0027, java.version: \u00271.8.0_102\u0027\nDriver info: driver.version: CFirefoxDriver)","startTime":1526993733677,"endTime":0,"childRecords":[],"interuppted":false}],"interuppted":false}],"interuppted":false}