<?xml version="1.0" encoding="UTF-8"?>
<testsuites name="Test Suite-Borrower Submit Loan Application (Admin Invite)" time="99" tests="1" failures="0" errors="0">
   <testsuite name="Test Suite-Borrower Submit Loan Application (Admin Invite)" tests="1" failures="0" errors="0" time="99" timestamp="2018-07-16 13:03:26" hostname="KalyaniK - KALYANIK.talentica-all.com" id="Test Suites/Test Suite-Borrower Submit Loan Application (Admin Invite)">
      <properties>
         <property name="deviceName" value=""/>
         <property name="devicePlatform" value=""/>
         <property name="logFolder" value="D:\\1_Roostify\\Automation\\Roo_Core\\Reports\\Test Suite-Borrower Submit Loan Application (Admin Invite)\\20180716_130324"/>
         <property name="logFiles" value="D:\\1_Roostify\\Automation\\Roo_Core\\Reports\\Test Suite-Borrower Submit Loan Application (Admin Invite)\\20180716_130324\\execution0.log"/>
         <property name="attachments" value="D:\\1_Roostify\\Automation\\Roo_Core\\Reports\\Test Suite-Borrower Submit Loan Application (Admin Invite)\\20180716_130324\\1531726420251.png, D:\\1_Roostify\\Automation\\Roo_Core\\Reports\\Test Suite-Borrower Submit Loan Application (Admin Invite)\\20180716_130324\\1531726441839.png"/>
         <property name="hostName" value="KalyaniK - KALYANIK.talentica-all.com"/>
         <property name="os" value="Windows 7 64bit"/>
         <property name="katalonVersion" value="5.4.1.1"/>
         <property name="browser" value="Chrome 67.0.3396.99"/>
         <property name="hostAddress" value="172.19.19.84"/>
         <property name="sessionId" value="8cd118fcb8d09af89659fdc98d65e300"/>
         <property name="seleniumVersion" value="3.7.1"/>
         <property name="proxyInformation" value="ProxyInformation{proxyOption=NO_PROXY, proxyServerType=HTTP, password=, proxyServerAddress=, proxyServerPort=0}"/>
         <property name="platform" value="Windows 7"/>
      </properties>
      <testcase name="Test Cases/Loan Submission/Borrower Submit Loan Application (Admin Invite)" classname="Test Cases/Loan Submission/Borrower Submit Loan Application (Admin Invite)" status="PASSED">
         <system-out><![CDATA[2018-07-16 13:03:27 - [TEST_CASE][PASSED] - Test Cases/Loan Submission/Borrower Submit Loan Application (Admin Invite): Test Cases/Loan Submission/Borrower Submit Loan Application (Admin Invite)

2018-07-16 13:03:27 - [TEST_STEP][PASSED] - Start listener action : sampleBeforeTestCase: Invoke 'com.kms.katalon.core.annotation.BeforeTestCase' method: 'TestListeners.sampleBeforeTestCase(...)' completed.

2018-07-16 13:03:27 - [TEST_STEP][PASSED] - Statement - println(testCaseContext.getTestCaseId()): null

2018-07-16 13:03:27 - [TEST_STEP][PASSED] - Statement - println(testCaseContext.getTestCaseVariables()): Invoke 'com.kms.katalon.core.annotation.BeforeTestCase' method: 'TestListeners.sampleBeforeTestCase(...)' completed.

2018-07-16 13:03:27 - [TEST_STEP][PASSED] - callTestCase: Call Test Case 'Test Cases/Admin Dashboard/Verify Admin is able to Invite Borrower' successfully

2018-07-16 13:03:27 - [TEST_CASE][PASSED] - Test Cases/Admin Dashboard/Verify Admin is able to Invite Borrower: Test Cases/Admin Dashboard/Verify Admin is able to Invite Borrower

2018-07-16 13:03:27 - [TEST_STEP][PASSED] - com.common.util.LoginHelper.LoginWithAdmin: com.common.util.LoginHelper.LoginWithAdmin is PASSED

2018-07-16 13:03:33 - [MESSAGE][PASSED] - Browser is opened with url: 'https://roostify-blueprint-dev.herokuapp.com/users/sign_in?a=blueprintdev'

2018-07-16 13:03:34 - [MESSAGE][PASSED] - Current window maximized

2018-07-16 13:03:34 - [MESSAGE][PASSED] - Wait for page load successfully

2018-07-16 13:03:34 - [MESSAGE][PASSED] - Text 'kkachhi+admin@roostify.com' is set on object 'Object Repository/Common/Sign In/input_useremail'

2018-07-16 13:03:34 - [MESSAGE][PASSED] - Text 'Kal@3333' is set on object 'Object Repository/Common/Sign In/input_userpassword'

2018-07-16 13:03:34 - [MESSAGE][PASSED] - Object: 'Object Repository/Common/Sign In/button_Sign in' is clicked on

2018-07-16 13:03:40 - [MESSAGE][WARNING] - com.kms.katalon.core.webui.exception.WebElementNotFoundException: Web element with id: 'Object Repository/Common/Sign In/div_Login_Popup' located by 'By.xpath: //div[@id = 'tutorial-borrower' and (text() = concat('

Application portal tutorial overlay





✕

Now, for some homework!



This space provides a secure way to:

  Complete critical tasks, like signing and providing documents
  Get updates about your loan’s progress
  
Communicate with your mortgage team and other folks you invite to participate


Together with your team, you’ll be moving your loan closer to the finish line.
Don’t worry, you’ll be notified by email of activity while you’re away.





Next







✕

Add Your Documents Online




The Tasks tab tells you what information or action we still need from you.
This is where you' , "'" , 'll provide the documents we need to process your loan, and sign important documents from us.


Click on a task to get started, and follow the directions to upload your documents.





Next







✕

Stay Up-to-Date




As your loan progresses through the key stages, you' , "'" , 'll see the latest activity posted in your Stream.


You can comment on activities, post a question or add another person like your Realtor to the transaction.
To add people, just click Invite a Collaborator.





Next







✕

We' , "'" , 're Here to Help




Your mortgage team can help answer questions you have along the way.
Use the Stream and the Chat to get in touch with us at any time.
We' , "'" , 're looking forward to working with you!





Done





') or . = concat('

Application portal tutorial overlay





✕

Now, for some homework!



This space provides a secure way to:

  Complete critical tasks, like signing and providing documents
  Get updates about your loan’s progress
  
Communicate with your mortgage team and other folks you invite to participate


Together with your team, you’ll be moving your loan closer to the finish line.
Don’t worry, you’ll be notified by email of activity while you’re away.





Next







✕

Add Your Documents Online




The Tasks tab tells you what information or action we still need from you.
This is where you' , "'" , 'll provide the documents we need to process your loan, and sign important documents from us.


Click on a task to get started, and follow the directions to upload your documents.





Next







✕

Stay Up-to-Date




As your loan progresses through the key stages, you' , "'" , 'll see the latest activity posted in your Stream.


You can comment on activities, post a question or add another person like your Realtor to the transaction.
To add people, just click Invite a Collaborator.





Next







✕

We' , "'" , 're Here to Help




Your mortgage team can help answer questions you have along the way.
Use the Stream and the Chat to get in touch with us at any time.
We' , "'" , 're looking forward to working with you!





Done





'))]' not found
[[ATTACHMENT|D:\\1_Roostify\\Automation\\Roo_Core\\Reports\\Test Suite-Borrower Submit Loan Application (Admin Invite)\\20180716_130324\\1531726420251.png]]

2018-07-16 13:03:40 - [MESSAGE][PASSED] - Object 'Object Repository/Common/Sign In/text_Dashboard Name' is present

2018-07-16 13:03:40 - [MESSAGE][PASSED] - Object 'Object Repository/Common/Sign In/text_Dashboard Name' is present

2018-07-16 13:03:40 - [MESSAGE][PASSED] - com.common.util.LoginHelper.LoginWithAdmin is PASSED

2018-07-16 13:03:40 - [TEST_STEP][PASSED] - waitForElementClickable: Object 'Object Repository/Admin Dashboard/Invite Borrower/tab_Invite Borrower' is clickable

2018-07-16 13:03:40 - [MESSAGE][PASSED] - Object 'Object Repository/Admin Dashboard/Invite Borrower/tab_Invite Borrower' is clickable

2018-07-16 13:03:40 - [TEST_STEP][PASSED] - click: Object: 'Object Repository/Admin Dashboard/Invite Borrower/tab_Invite Borrower' is clicked on

2018-07-16 13:03:40 - [MESSAGE][PASSED] - Object: 'Object Repository/Admin Dashboard/Invite Borrower/tab_Invite Borrower' is clicked on

2018-07-16 13:03:40 - [TEST_STEP][PASSED] - waitForElementVisible: Object 'Object Repository/Admin Dashboard/Invite Borrower/input_User Email' is visible

2018-07-16 13:03:41 - [MESSAGE][PASSED] - Object 'Object Repository/Admin Dashboard/Invite Borrower/input_User Email' is visible

2018-07-16 13:03:41 - [TEST_STEP][PASSED] - setText: Text 'kkachhi+test9@roostify.com' is set on object 'Object Repository/Admin Dashboard/Invite Borrower/input_User Email'

2018-07-16 13:03:41 - [MESSAGE][PASSED] - Text 'kkachhi+test9@roostify.com' is set on object 'Object Repository/Admin Dashboard/Invite Borrower/input_User Email'

2018-07-16 13:03:41 - [TEST_STEP][PASSED] - click: Object: 'Object Repository/Admin Dashboard/Invite Borrower/button_Invite' is clicked on

2018-07-16 13:03:44 - [MESSAGE][PASSED] - Object: 'Object Repository/Admin Dashboard/Invite Borrower/button_Invite' is clicked on

2018-07-16 13:03:44 - [MESSAGE][PASSED] - Call Test Case 'Test Cases/Admin Dashboard/Verify Admin is able to Invite Borrower' successfully

2018-07-16 13:03:44 - [TEST_STEP][PASSED] - callTestCase: Call Test Case 'Test Cases/Common/Gmail Login' successfully

2018-07-16 13:03:45 - [TEST_CASE][PASSED] - Test Cases/Common/Gmail Login: Test Cases/Common/Gmail Login

2018-07-16 13:03:45 - [TEST_STEP][PASSED] - openBrowser: Browser is opened with url: 'gmail.com'

2018-07-16 13:03:45 - [MESSAGE][WARNING] - A browser is already opened. Closing browser and opening a new one

2018-07-16 13:03:49 - [MESSAGE][PASSED] - Browser is opened with url: 'gmail.com'

2018-07-16 13:03:49 - [TEST_STEP][PASSED] - setText: Text 'kkachhi@roostify.com' is set on object 'Object Repository/Common/Page_Gmail/input_email'

2018-07-16 13:03:50 - [MESSAGE][PASSED] - Text 'kkachhi@roostify.com' is set on object 'Object Repository/Common/Page_Gmail/input_email'

2018-07-16 13:03:50 - [TEST_STEP][PASSED] - click: Object: 'Object Repository/Common/Page_Gmail/Next button email' is clicked on

2018-07-16 13:03:50 - [MESSAGE][PASSED] - Object: 'Object Repository/Common/Page_Gmail/Next button email' is clicked on

2018-07-16 13:03:50 - [TEST_STEP][PASSED] - waitForElementClickable: Object 'Object Repository/Common/Page_Gmail/input_password' is clickable

2018-07-16 13:03:50 - [MESSAGE][PASSED] - Object 'Object Repository/Common/Page_Gmail/input_password' is clickable

2018-07-16 13:03:50 - [TEST_STEP][PASSED] - setText: Text 'kaly@33333' is set on object 'Object Repository/Common/Page_Gmail/input_password'

2018-07-16 13:03:50 - [MESSAGE][PASSED] - Text 'kaly@33333' is set on object 'Object Repository/Common/Page_Gmail/input_password'

2018-07-16 13:03:50 - [TEST_STEP][PASSED] - waitForElementClickable: Object 'Object Repository/Common/Page_Gmail/Next button pwd' is clickable

2018-07-16 13:03:50 - [MESSAGE][PASSED] - Object 'Object Repository/Common/Page_Gmail/Next button pwd' is clickable

2018-07-16 13:03:50 - [TEST_STEP][PASSED] - click: Object: 'Object Repository/Common/Page_Gmail/Next button pwd' is clicked on

2018-07-16 13:03:51 - [MESSAGE][PASSED] - Object: 'Object Repository/Common/Page_Gmail/Next button pwd' is clicked on

2018-07-16 13:03:51 - [TEST_STEP][PASSED] - waitForPageLoad: Wait for page load successfully

2018-07-16 13:03:51 - [MESSAGE][PASSED] - Wait for page load successfully

2018-07-16 13:03:51 - [MESSAGE][PASSED] - Call Test Case 'Test Cases/Common/Gmail Login' successfully

2018-07-16 13:03:51 - [TEST_STEP][PASSED] - waitForElementPresent: Object 'Object Repository/Common/Page_Gmail/Search input box' is not present after 3 second(s)

2018-07-16 13:03:54 - [MESSAGE][WARNING] - Object 'Object Repository/Common/Page_Gmail/Search input box' is not present after 3 second(s)

2018-07-16 13:03:54 - [TEST_STEP][PASSED] - setText: Text 'invites you to start a home loan application' is set on object 'Object Repository/Common/Page_Gmail/Search input box'

2018-07-16 13:04:01 - [MESSAGE][PASSED] - Text 'invites you to start a home loan application' is set on object 'Object Repository/Common/Page_Gmail/Search input box'

2018-07-16 13:04:01 - [TEST_STEP][PASSED] - click: Object: 'Object Repository/Common/Page_Gmail/Search icon' is clicked on

2018-07-16 13:04:01 - [MESSAGE][PASSED] - Object: 'Object Repository/Common/Page_Gmail/Search icon' is clicked on

2018-07-16 13:04:01 - [TEST_STEP][PASSED] - takeScreenshot: Taking screenshot successfully

2018-07-16 13:04:02 - [MESSAGE][PASSED] - Taking screenshot successfully
[[ATTACHMENT|D:\\1_Roostify\\Automation\\Roo_Core\\Reports\\Test Suite-Borrower Submit Loan Application (Admin Invite)\\20180716_130324\\1531726441839.png]]

2018-07-16 13:04:02 - [TEST_STEP][PASSED] - waitForElementPresent: Object 'Object Repository/Common/Page_Gmail/Mail' is present

2018-07-16 13:04:02 - [MESSAGE][PASSED] - Object 'Object Repository/Common/Page_Gmail/Mail' is present

2018-07-16 13:04:02 - [TEST_STEP][PASSED] - click: Object: 'Object Repository/Common/Page_Gmail/Mail' is clicked on

2018-07-16 13:04:02 - [MESSAGE][PASSED] - Object: 'Object Repository/Common/Page_Gmail/Mail' is clicked on

2018-07-16 13:04:02 - [TEST_STEP][PASSED] - click: Object: 'Object Repository/Common/Page_Gmail/Start Application' is clicked on

2018-07-16 13:04:02 - [MESSAGE][PASSED] - Object: 'Object Repository/Common/Page_Gmail/Start Application' is clicked on

2018-07-16 13:04:02 - [TEST_STEP][PASSED] - switchToWindowIndex: Switched to window with index: '1'

2018-07-16 13:04:02 - [MESSAGE][PASSED] - Switched to window with index: '1'

2018-07-16 13:04:02 - [TEST_STEP][PASSED] - refresh: Refresh successfully

2018-07-16 13:04:05 - [MESSAGE][PASSED] - Refresh successfully

2018-07-16 13:04:05 - [TEST_STEP][PASSED] - waitForPageLoad: Wait for page load successfully

2018-07-16 13:04:05 - [MESSAGE][PASSED] - Wait for page load successfully

2018-07-16 13:04:05 - [TEST_STEP][PASSED] - callTestCase: Call Test Case 'Test Cases/Common/Sign Up' successfully

2018-07-16 13:04:05 - [TEST_CASE][PASSED] - Test Cases/Common/Sign Up: Test Cases/Common/Sign Up

2018-07-16 13:04:05 - [TEST_STEP][PASSED] - openBrowser: Browser is opened with url: 'https://roostify-blueprint-dev.herokuapp.com/users/sign_up?a=blueprintdev'

2018-07-16 13:04:05 - [MESSAGE][WARNING] - A browser is already opened. Closing browser and opening a new one

2018-07-16 13:04:12 - [MESSAGE][PASSED] - Browser is opened with url: 'https://roostify-blueprint-dev.herokuapp.com/users/sign_up?a=blueprintdev'

2018-07-16 13:04:12 - [TEST_STEP][PASSED] - waitForPageLoad: Wait for page load successfully

2018-07-16 13:04:12 - [MESSAGE][PASSED] - Wait for page load successfully

2018-07-16 13:04:12 - [TEST_STEP][PASSED] - setText: Text 'Kaly2' is set on object 'Object Repository/Common/Sign Up/input_userfirst_name'

2018-07-16 13:04:12 - [MESSAGE][PASSED] - Text 'Kaly2' is set on object 'Object Repository/Common/Sign Up/input_userfirst_name'

2018-07-16 13:04:12 - [TEST_STEP][PASSED] - setText: Text 'Kachhi' is set on object 'Object Repository/Common/Sign Up/input_userlast_name'

2018-07-16 13:04:12 - [MESSAGE][PASSED] - Text 'Kachhi' is set on object 'Object Repository/Common/Sign Up/input_userlast_name'

2018-07-16 13:04:12 - [TEST_STEP][PASSED] - setText: Text 'kkachhi+test9@roostify.com' is set on object 'Object Repository/Common/Sign Up/input_User email'

2018-07-16 13:04:13 - [MESSAGE][PASSED] - Text 'kkachhi+test9@roostify.com' is set on object 'Object Repository/Common/Sign Up/input_User email'

2018-07-16 13:04:13 - [TEST_STEP][PASSED] - setText: Text 'Kal@3333' is set on object 'Object Repository/Common/Sign Up/input_userpassword'

2018-07-16 13:04:13 - [MESSAGE][PASSED] - Text 'Kal@3333' is set on object 'Object Repository/Common/Sign Up/input_userpassword'

2018-07-16 13:04:13 - [TEST_STEP][PASSED] - click: Object: 'Object Repository/Common/Sign Up/input_TermsnConditions_check' is clicked on

2018-07-16 13:04:13 - [MESSAGE][PASSED] - Object: 'Object Repository/Common/Sign Up/input_TermsnConditions_check' is clicked on

2018-07-16 13:04:13 - [TEST_STEP][PASSED] - click: Object: 'Object Repository/Common/Sign Up/button_Start Application' is clicked on

2018-07-16 13:04:17 - [MESSAGE][PASSED] - Object: 'Object Repository/Common/Sign Up/button_Start Application' is clicked on

2018-07-16 13:04:17 - [TEST_STEP][PASSED] - Statement - dashboardName = com.kms.katalon.core.webui.keyword.WebUiBuiltInKeywords.getText(com.kms.katalon.core.testobject.ObjectRepository.findTestObject(Common/Sign In/text_Dashboard Name)): Text of object 'Object Repository/Common/Sign In/text_Dashboard Name' is: 'Kaly2 Kachhi'

2018-07-16 13:04:17 - [MESSAGE][PASSED] - Text of object 'Object Repository/Common/Sign In/text_Dashboard Name' is: 'Kaly2 Kachhi'

2018-07-16 13:04:17 - [TEST_STEP][PASSED] - Statement - fullName = com.kms.katalon.core.webui.keyword.WebUiBuiltInKeywords.concatenate([FirstName, " ", LastName], STOP_ON_FAILURE): Concatenated string array: '['Kaly2',' ','Kachhi']' into 'Kaly2 Kachhi'

2018-07-16 13:04:17 - [MESSAGE][PASSED] - Concatenated string array: '['Kaly2',' ','Kachhi']' into 'Kaly2 Kachhi'

2018-07-16 13:04:17 - [TEST_STEP][PASSED] - verifyMatch: Actual text 'Kaly2 Kachhi' and expected text 'Kaly2 Kachhi' are matched  using regular expression

2018-07-16 13:04:17 - [MESSAGE][PASSED] - Actual text 'Kaly2 Kachhi' and expected text 'Kaly2 Kachhi' are matched  using regular expression

2018-07-16 13:04:17 - [MESSAGE][PASSED] - Call Test Case 'Test Cases/Common/Sign Up' successfully

2018-07-16 13:04:17 - [TEST_STEP][NOT_RUN] - com.common.util.LoginHelper.loginWith: NOT_RUN: com.common.util.LoginHelper.loginWith

2018-07-16 13:04:17 - [MESSAGE][NOT_RUN] - NOT_RUN: com.common.util.LoginHelper.loginWith

2018-07-16 13:04:17 - [TEST_STEP][PASSED] - callTestCase: Call Test Case 'Test Cases/Loan Pages/Borrower Details' successfully

2018-07-16 13:04:17 - [TEST_CASE][PASSED] - Test Cases/Loan Pages/Borrower Details: Test Cases/Loan Pages/Borrower Details

2018-07-16 13:04:17 - [TEST_STEP][PASSED] - click: Object: 'Object Repository/Loan Pages/Borrower Details/button_Continue' is clicked on

2018-07-16 13:04:17 - [MESSAGE][PASSED] - Object: 'Object Repository/Loan Pages/Borrower Details/button_Continue' is clicked on

2018-07-16 13:04:17 - [TEST_STEP][PASSED] - click: Object: 'Object Repository/Loan Pages/Borrower Details/button_Next' is clicked on

2018-07-16 13:04:19 - [MESSAGE][PASSED] - Object: 'Object Repository/Loan Pages/Borrower Details/button_Next' is clicked on

2018-07-16 13:04:19 - [TEST_STEP][PASSED] - setText: Text '3456789324' is set on object 'Object Repository/Loan Pages/Borrower Details/input_Primary_Phone'

2018-07-16 13:04:21 - [MESSAGE][PASSED] - Text '3456789324' is set on object 'Object Repository/Loan Pages/Borrower Details/input_Primary_Phone'

2018-07-16 13:04:21 - [TEST_STEP][PASSED] - click: Object: 'Object Repository/Loan Pages/Borrower Details/button_Next' is clicked on

2018-07-16 13:04:21 - [MESSAGE][PASSED] - Object: 'Object Repository/Loan Pages/Borrower Details/button_Next' is clicked on

2018-07-16 13:04:21 - [TEST_STEP][PASSED] - selectOptionByValue: All options with value '10' are selected in object 'Object Repository/Loan Pages/Borrower Details/select_Birth_Month'  using regular expression

2018-07-16 13:04:23 - [MESSAGE][PASSED] - All options with value '10' are selected in object 'Object Repository/Loan Pages/Borrower Details/select_Birth_Month'  using regular expression

2018-07-16 13:04:23 - [TEST_STEP][PASSED] - selectOptionByValue: All options with value '6' are selected in object 'Object Repository/Loan Pages/Borrower Details/select_Birth_Date'  using regular expression

2018-07-16 13:04:23 - [MESSAGE][PASSED] - All options with value '6' are selected in object 'Object Repository/Loan Pages/Borrower Details/select_Birth_Date'  using regular expression

2018-07-16 13:04:23 - [TEST_STEP][PASSED] - selectOptionByValue: All options with value '1990' are selected in object 'Object Repository/Loan Pages/Borrower Details/select_Birth_Year'  using regular expression

2018-07-16 13:04:24 - [MESSAGE][PASSED] - All options with value '1990' are selected in object 'Object Repository/Loan Pages/Borrower Details/select_Birth_Year'  using regular expression

2018-07-16 13:04:24 - [TEST_STEP][PASSED] - click: Object: 'Object Repository/Loan Pages/Borrower Details/button_Next' is clicked on

2018-07-16 13:04:24 - [MESSAGE][PASSED] - Object: 'Object Repository/Loan Pages/Borrower Details/button_Next' is clicked on

2018-07-16 13:04:24 - [TEST_STEP][PASSED] - waitForPageLoad: Wait for page load successfully

2018-07-16 13:04:24 - [MESSAGE][PASSED] - Wait for page load successfully

2018-07-16 13:04:24 - [TEST_STEP][PASSED] - setText: Text '452 Holly Lane  Hopewell' is set on object 'Object Repository/Loan Pages/Borrower Details/input_Address1'

2018-07-16 13:04:26 - [MESSAGE][PASSED] - Text '452 Holly Lane  Hopewell' is set on object 'Object Repository/Loan Pages/Borrower Details/input_Address1'

2018-07-16 13:04:26 - [TEST_STEP][PASSED] - setText: Text 'Hopewell' is set on object 'Object Repository/Loan Pages/Borrower Details/input_Address2'

2018-07-16 13:04:26 - [MESSAGE][PASSED] - Text 'Hopewell' is set on object 'Object Repository/Loan Pages/Borrower Details/input_Address2'

2018-07-16 13:04:26 - [TEST_STEP][PASSED] - selectOptionByValue: All options with value 'VT' are selected in object 'Object Repository/Loan Pages/Borrower Details/select_State'  using regular expression

2018-07-16 13:04:26 - [MESSAGE][PASSED] - All options with value 'VT' are selected in object 'Object Repository/Loan Pages/Borrower Details/select_State'  using regular expression

2018-07-16 13:04:26 - [TEST_STEP][PASSED] - setText: Text '23860' is set on object 'Object Repository/Loan Pages/Borrower Details/input_Zipcode'

2018-07-16 13:04:26 - [MESSAGE][PASSED] - Text '23860' is set on object 'Object Repository/Loan Pages/Borrower Details/input_Zipcode'

2018-07-16 13:04:26 - [TEST_STEP][PASSED] - selectOptionByValue: All options with value '9' are selected in object 'Object Repository/Loan Pages/Borrower Details/select_Month_Starting_from'  using regular expression

2018-07-16 13:04:27 - [MESSAGE][PASSED] - All options with value '9' are selected in object 'Object Repository/Loan Pages/Borrower Details/select_Month_Starting_from'  using regular expression

2018-07-16 13:04:27 - [TEST_STEP][PASSED] - selectOptionByValue: All options with value '2016' are selected in object 'Object Repository/Loan Pages/Borrower Details/select_Year_Starting_from'  using regular expression

2018-07-16 13:04:27 - [MESSAGE][PASSED] - All options with value '2016' are selected in object 'Object Repository/Loan Pages/Borrower Details/select_Year_Starting_from'  using regular expression

2018-07-16 13:04:27 - [TEST_STEP][PASSED] - click: Object: 'Object Repository/Loan Pages/Borrower Details/button_Yes' is clicked on

2018-07-16 13:04:27 - [MESSAGE][PASSED] - Object: 'Object Repository/Loan Pages/Borrower Details/button_Yes' is clicked on

2018-07-16 13:04:27 - [TEST_STEP][PASSED] - click: Object: 'Object Repository/Loan Pages/Borrower Details/button_Next' is clicked on

2018-07-16 13:04:27 - [MESSAGE][PASSED] - Object: 'Object Repository/Loan Pages/Borrower Details/button_Next' is clicked on

2018-07-16 13:04:27 - [TEST_STEP][PASSED] - click: Object: 'Object Repository/Loan Pages/Borrower Details/checkbox_other_mailing_address' is clicked on

2018-07-16 13:04:29 - [MESSAGE][PASSED] - Object: 'Object Repository/Loan Pages/Borrower Details/checkbox_other_mailing_address' is clicked on

2018-07-16 13:04:29 - [TEST_STEP][PASSED] - click: Object: 'Object Repository/Loan Pages/Borrower Details/button_Next' is clicked on

2018-07-16 13:04:29 - [MESSAGE][PASSED] - Object: 'Object Repository/Loan Pages/Borrower Details/button_Next' is clicked on

2018-07-16 13:04:29 - [TEST_STEP][PASSED] - click: Object: 'Object Repository/Loan Pages/Borrower Details/checkbox_has_coborrower' is clicked on

2018-07-16 13:04:30 - [MESSAGE][PASSED] - Object: 'Object Repository/Loan Pages/Borrower Details/checkbox_has_coborrower' is clicked on

2018-07-16 13:04:30 - [TEST_STEP][PASSED] - click: Object: 'Object Repository/Loan Pages/Borrower Details/button_Next' is clicked on

2018-07-16 13:04:30 - [MESSAGE][PASSED] - Object: 'Object Repository/Loan Pages/Borrower Details/button_Next' is clicked on

2018-07-16 13:04:30 - [TEST_STEP][PASSED] - waitForPageLoad: Wait for page load successfully

2018-07-16 13:04:30 - [MESSAGE][PASSED] - Wait for page load successfully

2018-07-16 13:04:30 - [TEST_STEP][PASSED] - waitForElementClickable: Object 'Object Repository/Loan Pages/Borrower Details/button_Back' is clickable

2018-07-16 13:04:31 - [MESSAGE][PASSED] - Object 'Object Repository/Loan Pages/Borrower Details/button_Back' is clickable

2018-07-16 13:04:31 - [MESSAGE][PASSED] - Call Test Case 'Test Cases/Loan Pages/Borrower Details' successfully

2018-07-16 13:04:31 - [TEST_STEP][PASSED] - callTestCase: Call Test Case 'Test Cases/Loan Pages/Declarations' successfully

2018-07-16 13:04:31 - [TEST_CASE][PASSED] - Test Cases/Loan Pages/Declarations: Test Cases/Loan Pages/Declarations

2018-07-16 13:04:31 - [TEST_STEP][PASSED] - click: Object: 'Object Repository/Loan Pages/Declaration/Declaration Tab' is clicked on

2018-07-16 13:04:32 - [MESSAGE][PASSED] - Object: 'Object Repository/Loan Pages/Declaration/Declaration Tab' is clicked on

2018-07-16 13:04:32 - [TEST_STEP][PASSED] - waitForPageLoad: Wait for page load successfully

2018-07-16 13:04:32 - [MESSAGE][PASSED] - Wait for page load successfully

2018-07-16 13:04:32 - [TEST_STEP][PASSED] - click: Object: 'Object Repository/Loan Pages/Declaration/button_Next' is clicked on

2018-07-16 13:04:33 - [MESSAGE][PASSED] - Object: 'Object Repository/Loan Pages/Declaration/button_Next' is clicked on

2018-07-16 13:04:33 - [TEST_STEP][PASSED] - click: Object: 'Object Repository/Loan Pages/Declaration/input_loan_application_b_citiz' is clicked on

2018-07-16 13:04:34 - [MESSAGE][PASSED] - Object: 'Object Repository/Loan Pages/Declaration/input_loan_application_b_citiz' is clicked on

2018-07-16 13:04:34 - [TEST_STEP][PASSED] - click: Object: 'Object Repository/Loan Pages/Declaration/button_Next' is clicked on

2018-07-16 13:04:34 - [MESSAGE][PASSED] - Object: 'Object Repository/Loan Pages/Declaration/button_Next' is clicked on

2018-07-16 13:04:34 - [TEST_STEP][PASSED] - click: Object: 'Object Repository/Loan Pages/Declaration/button_No' is clicked on

2018-07-16 13:04:36 - [MESSAGE][PASSED] - Object: 'Object Repository/Loan Pages/Declaration/button_No' is clicked on

2018-07-16 13:04:36 - [TEST_STEP][PASSED] - click: Object: 'Object Repository/Loan Pages/Declaration/button_No_1' is clicked on

2018-07-16 13:04:36 - [MESSAGE][PASSED] - Object: 'Object Repository/Loan Pages/Declaration/button_No_1' is clicked on

2018-07-16 13:04:36 - [TEST_STEP][PASSED] - click: Object: 'Object Repository/Loan Pages/Declaration/button_No_2' is clicked on

2018-07-16 13:04:36 - [MESSAGE][PASSED] - Object: 'Object Repository/Loan Pages/Declaration/button_No_2' is clicked on

2018-07-16 13:04:36 - [TEST_STEP][PASSED] - click: Object: 'Object Repository/Loan Pages/Declaration/button_No_3' is clicked on

2018-07-16 13:04:36 - [MESSAGE][PASSED] - Object: 'Object Repository/Loan Pages/Declaration/button_No_3' is clicked on

2018-07-16 13:04:36 - [TEST_STEP][PASSED] - click: Object: 'Object Repository/Loan Pages/Declaration/button_Next' is clicked on

2018-07-16 13:04:36 - [MESSAGE][PASSED] - Object: 'Object Repository/Loan Pages/Declaration/button_Next' is clicked on

2018-07-16 13:04:36 - [TEST_STEP][PASSED] - click: Object: 'Object Repository/Loan Pages/Declaration/button_No_4' is clicked on

2018-07-16 13:04:38 - [MESSAGE][PASSED] - Object: 'Object Repository/Loan Pages/Declaration/button_No_4' is clicked on

2018-07-16 13:04:38 - [TEST_STEP][PASSED] - click: Object: 'Object Repository/Loan Pages/Declaration/button_No_5' is clicked on

2018-07-16 13:04:38 - [MESSAGE][PASSED] - Object: 'Object Repository/Loan Pages/Declaration/button_No_5' is clicked on

2018-07-16 13:04:38 - [TEST_STEP][PASSED] - click: Object: 'Object Repository/Loan Pages/Declaration/button_No_6' is clicked on

2018-07-16 13:04:38 - [MESSAGE][PASSED] - Object: 'Object Repository/Loan Pages/Declaration/button_No_6' is clicked on

2018-07-16 13:04:38 - [TEST_STEP][PASSED] - click: Object: 'Object Repository/Loan Pages/Declaration/button_No_7' is clicked on

2018-07-16 13:04:38 - [MESSAGE][PASSED] - Object: 'Object Repository/Loan Pages/Declaration/button_No_7' is clicked on

2018-07-16 13:04:38 - [TEST_STEP][PASSED] - click: Object: 'Object Repository/Loan Pages/Declaration/button_Next' is clicked on

2018-07-16 13:04:38 - [MESSAGE][PASSED] - Object: 'Object Repository/Loan Pages/Declaration/button_Next' is clicked on

2018-07-16 13:04:38 - [TEST_STEP][PASSED] - click: Object: 'Object Repository/Loan Pages/Declaration/input_loan_application_b_hmda_' is clicked on

2018-07-16 13:04:40 - [MESSAGE][PASSED] - Object: 'Object Repository/Loan Pages/Declaration/input_loan_application_b_hmda_' is clicked on

2018-07-16 13:04:40 - [TEST_STEP][PASSED] - click: Object: 'Object Repository/Loan Pages/Declaration/input_loan_application_b_hmda__1' is clicked on

2018-07-16 13:04:40 - [MESSAGE][PASSED] - Object: 'Object Repository/Loan Pages/Declaration/input_loan_application_b_hmda__1' is clicked on

2018-07-16 13:04:40 - [TEST_STEP][PASSED] - click: Object: 'Object Repository/Loan Pages/Declaration/input_loan_application_b_hmda__2' is clicked on

2018-07-16 13:04:40 - [MESSAGE][PASSED] - Object: 'Object Repository/Loan Pages/Declaration/input_loan_application_b_hmda__2' is clicked on

2018-07-16 13:04:40 - [TEST_STEP][PASSED] - click: Object: 'Object Repository/Loan Pages/Declaration/button_Next' is clicked on

2018-07-16 13:04:40 - [MESSAGE][PASSED] - Object: 'Object Repository/Loan Pages/Declaration/button_Next' is clicked on

2018-07-16 13:04:40 - [TEST_STEP][PASSED] - click: Object: 'Object Repository/Loan Pages/Declaration/input_loan_applicationp1_b_ssn' is clicked on

2018-07-16 13:04:41 - [MESSAGE][PASSED] - Object: 'Object Repository/Loan Pages/Declaration/input_loan_applicationp1_b_ssn' is clicked on

2018-07-16 13:04:41 - [TEST_STEP][PASSED] - setText: Text '991' is set on object 'Object Repository/Loan Pages/Declaration/input_loan_applicationp1_b_ssn'

2018-07-16 13:04:41 - [MESSAGE][PASSED] - Text '991' is set on object 'Object Repository/Loan Pages/Declaration/input_loan_applicationp1_b_ssn'

2018-07-16 13:04:41 - [TEST_STEP][PASSED] - setText: Text '91' is set on object 'Object Repository/Loan Pages/Declaration/input_loan_applicationp2_b_ssn'

2018-07-16 13:04:41 - [MESSAGE][PASSED] - Text '91' is set on object 'Object Repository/Loan Pages/Declaration/input_loan_applicationp2_b_ssn'

2018-07-16 13:04:41 - [TEST_STEP][PASSED] - setText: Text '991' is set on object 'Object Repository/Loan Pages/Declaration/input_loan_applicationp3_b_ssn'

2018-07-16 13:04:42 - [MESSAGE][PASSED] - Text '991' is set on object 'Object Repository/Loan Pages/Declaration/input_loan_applicationp3_b_ssn'

2018-07-16 13:04:42 - [TEST_STEP][PASSED] - click: Object: 'Object Repository/Loan Pages/Declaration/button_Next' is clicked on

2018-07-16 13:04:42 - [MESSAGE][PASSED] - Object: 'Object Repository/Loan Pages/Declaration/button_Next' is clicked on

2018-07-16 13:04:42 - [TEST_STEP][PASSED] - click: Object: 'Object Repository/Loan Pages/Declaration/input_loan_application_b_allow' is clicked on

2018-07-16 13:04:43 - [MESSAGE][PASSED] - Object: 'Object Repository/Loan Pages/Declaration/input_loan_application_b_allow' is clicked on

2018-07-16 13:04:43 - [TEST_STEP][PASSED] - click: Object: 'Object Repository/Loan Pages/Declaration/button_Next' is clicked on

2018-07-16 13:04:43 - [MESSAGE][PASSED] - Object: 'Object Repository/Loan Pages/Declaration/button_Next' is clicked on

2018-07-16 13:04:43 - [TEST_STEP][PASSED] - click: Object: 'Object Repository/Loan Pages/Declaration/input_loan_application_b_estim' is clicked on

2018-07-16 13:04:44 - [MESSAGE][PASSED] - Object: 'Object Repository/Loan Pages/Declaration/input_loan_application_b_estim' is clicked on

2018-07-16 13:04:44 - [TEST_STEP][PASSED] - click: Object: 'Object Repository/Loan Pages/Declaration/button_Next' is clicked on

2018-07-16 13:04:44 - [MESSAGE][PASSED] - Object: 'Object Repository/Loan Pages/Declaration/button_Next' is clicked on

2018-07-16 13:04:44 - [TEST_STEP][PASSED] - waitForPageLoad: Wait for page load successfully

2018-07-16 13:04:44 - [MESSAGE][PASSED] - Wait for page load successfully

2018-07-16 13:04:44 - [TEST_STEP][PASSED] - waitForElementClickable: Object 'Object Repository/Loan Pages/Declaration/button_Back' is clickable

2018-07-16 13:04:46 - [MESSAGE][PASSED] - Object 'Object Repository/Loan Pages/Declaration/button_Back' is clickable

2018-07-16 13:04:46 - [MESSAGE][PASSED] - Call Test Case 'Test Cases/Loan Pages/Declarations' successfully

2018-07-16 13:04:46 - [TEST_STEP][PASSED] - callTestCase: Call Test Case 'Test Cases/Loan Pages/Application Release' successfully

2018-07-16 13:04:46 - [TEST_CASE][PASSED] - Test Cases/Loan Pages/Application Release: Test Cases/Loan Pages/Application Release

2018-07-16 13:04:46 - [TEST_STEP][PASSED] - click: Object: 'Object Repository/Loan Pages/Application Release/Application Release Tab' is clicked on

2018-07-16 13:04:46 - [MESSAGE][PASSED] - Object: 'Object Repository/Loan Pages/Application Release/Application Release Tab' is clicked on

2018-07-16 13:04:46 - [TEST_STEP][PASSED] - click: Object: 'Object Repository/Loan Pages/Application Release/button_Skip Warnings and Submit' is clicked on

2018-07-16 13:04:48 - [MESSAGE][PASSED] - Object: 'Object Repository/Loan Pages/Application Release/button_Skip Warnings and Submit' is clicked on

2018-07-16 13:04:48 - [MESSAGE][PASSED] - Call Test Case 'Test Cases/Loan Pages/Application Release' successfully

2018-07-16 13:04:48 - [TEST_STEP][PASSED] - callTestCase: Call Test Case 'Test Cases/Loan Pages/Econsent page' successfully

2018-07-16 13:04:48 - [TEST_CASE][PASSED] - Test Cases/Loan Pages/Econsent page: Test Cases/Loan Pages/Econsent page

2018-07-16 13:04:48 - [TEST_STEP][PASSED] - waitForElementPresent: Object 'Object Repository/Loan Pages/Econsent/header_EconsentTerms' is not present after 5 second(s)

2018-07-16 13:04:53 - [MESSAGE][WARNING] - Object 'Object Repository/Loan Pages/Econsent/header_EconsentTerms' is not present after 5 second(s)

2018-07-16 13:04:53 - [TEST_STEP][PASSED] - click: Object: 'Object Repository/Loan Pages/Econsent/checkbox_Terms' is clicked on

2018-07-16 13:04:58 - [MESSAGE][PASSED] - Object: 'Object Repository/Loan Pages/Econsent/checkbox_Terms' is clicked on

2018-07-16 13:04:58 - [TEST_STEP][PASSED] - click: Object: 'Object Repository/Loan Pages/Econsent/button_ConsentYes' is clicked on

2018-07-16 13:05:03 - [MESSAGE][PASSED] - Object: 'Object Repository/Loan Pages/Econsent/button_ConsentYes' is clicked on

2018-07-16 13:05:03 - [TEST_STEP][PASSED] - click: Object: 'Object Repository/Loan Pages/Econsent/frame_Tutorial-borrower' is clicked on

2018-07-16 13:05:03 - [MESSAGE][PASSED] - Object: 'Object Repository/Loan Pages/Econsent/frame_Tutorial-borrower' is clicked on

2018-07-16 13:05:03 - [TEST_STEP][PASSED] - click: Object: 'Object Repository/Loan Pages/Econsent/button_close' is clicked on

2018-07-16 13:05:03 - [MESSAGE][PASSED] - Object: 'Object Repository/Loan Pages/Econsent/button_close' is clicked on

2018-07-16 13:05:03 - [MESSAGE][PASSED] - Call Test Case 'Test Cases/Loan Pages/Econsent page' successfully

2018-07-16 13:05:03 - [TEST_STEP][PASSED] - Start listener action : sampleAfterTestCase: Invoke 'com.kms.katalon.core.annotation.AfterTestCase' method: 'TestListeners.sampleAfterTestCase(...)' completed.

2018-07-16 13:05:03 - [TEST_STEP][PASSED] - Statement - println(testCaseContext.getTestCaseId()): null

2018-07-16 13:05:03 - [TEST_STEP][PASSED] - Statement - println(testCaseContext.getTestCaseStatus()): Invoke 'com.kms.katalon.core.annotation.AfterTestCase' method: 'TestListeners.sampleAfterTestCase(...)' completed.]]></system-out>
         <system-err><![CDATA[]]></system-err>
      </testcase>
      <system-out><![CDATA[2018-07-16 13:03:26 - [TEST_SUITE][PASSED] - Test Suite-Borrower Submit Loan Application (Admin Invite): Test Cases/Loan Submission/Borrower Submit Loan Application (Admin Invite)]]></system-out>
      <system-err><![CDATA[]]></system-err>
   </testsuite>
</testsuites>
